[
  {
    "command": "python --version",
    "success": true,
    "stdout": "Python 3.10.12\n",
    "stderr": "",
    "execution_time": 0.001971721649169922
  },
  {
    "command": "pip --version",
    "success": true,
    "stdout": "pip 25.2 from /usr/local/lib/python3.10/dist-packages/pip (python 3.10)\n",
    "stderr": "",
    "execution_time": 0.16120147705078125
  },
  {
    "command": "ls -l requirements.txt pyproject.toml setup.py pdm.lock",
    "success": false,
    "stdout": "-rwxr-xr-x 1 root root 64621 Aug 10 13:11 pdm.lock\n-rwxr-xr-x 1 root root  4777 Aug 10 13:11 pyproject.toml\n-rwxr-xr-x 1 root root 31732 Aug 10 13:11 setup.py\n",
    "stderr": "ls: cannot access 'requirements.txt': No such file or directory\n",
    "execution_time": 0.0017764568328857422
  },
  {
    "command": "pip install -e .  # Most builds respect PEP 517/518 and will use pyproject.toml and setup.py",
    "success": false,
    "stdout": "Looking in indexes: https://repo.huaweicloud.com/repository/pypi/simple/\nObtaining file:///app/repo_to_process\n  Installing build dependencies: started\n  Installing build dependencies: finished with status 'done'\n  Checking if build backend supports build_editable: started\n  Checking if build backend supports build_editable: finished with status 'done'\n  Getting requirements to build editable: started\n  Getting requirements to build editable: finished with status 'done'\n  Preparing editable metadata (pyproject.toml): started\n  Preparing editable metadata (pyproject.toml): finished with status 'done'\nRequirement already satisfied: numpy>=1.20 in /usr/local/lib/python3.10/dist-packages (from pyFFTW==0.15.0+2.g9bbc6da.dirty) (2.2.6)\nBuilding wheels for collected packages: pyFFTW\n  Building editable for pyFFTW (pyproject.toml): started\n  Building editable for pyFFTW (pyproject.toml): finished with status 'error'\nFailed to build pyFFTW\n",
    "stderr": "  error: subprocess-exited-with-error\n  \n  × Building editable for pyFFTW (pyproject.toml) did not run successfully.\n  │ exit code: 1\n  ╰─> [115 lines of output]\n      /tmp/pip-build-env-v9rpnvo3/overlay/local/lib/python3.10/dist-packages/setuptools/config/_apply_pyprojecttoml.py:82: SetuptoolsDeprecationWarning: `project.license` as a TOML table is deprecated\n      !!\n      \n              ********************************************************************************\n              Please use a simple string containing a SPDX expression for `project.license`. You can also use `project.license-files`. (Both options available on setuptools>=77.0.0).\n      \n              By 2026-Feb-18, you need to update your project and remove deprecated calls\n              or your builds will no longer be supported.\n      \n              See https://packaging.python.org/en/latest/guides/writing-pyproject-toml/#license for details.\n              ********************************************************************************\n      \n      !!\n        corresp(dist, value, root_dir)\n      /tmp/pip-build-env-v9rpnvo3/overlay/local/lib/python3.10/dist-packages/setuptools/config/_apply_pyprojecttoml.py:61: SetuptoolsDeprecationWarning: License classifiers are deprecated.\n      !!\n      \n              ********************************************************************************\n              Please consider removing the following classifiers in favor of a SPDX license expression:\n      \n              License :: OSI Approved :: BSD License\n      \n              See https://packaging.python.org/en/latest/guides/writing-pyproject-toml/#license for details.\n              ********************************************************************************\n      \n      !!\n        dist._finalize_license_expression()\n      /tmp/pip-build-env-v9rpnvo3/overlay/local/lib/python3.10/dist-packages/setuptools/dist.py:759: SetuptoolsDeprecationWarning: License classifiers are deprecated.\n      !!\n      \n              ********************************************************************************\n              Please consider removing the following classifiers in favor of a SPDX license expression:\n      \n              License :: OSI Approved :: BSD License\n      \n              See https://packaging.python.org/en/latest/guides/writing-pyproject-toml/#license for details.\n              ********************************************************************************\n      \n      !!\n        self._finalize_license_expression()\n      INFO:root:running editable_wheel\n      INFO:root:creating /tmp/pip-wheel-ca9oz_qv/.tmp-zwrx932j/pyFFTW.egg-info\n      INFO:root:writing /tmp/pip-wheel-ca9oz_qv/.tmp-zwrx932j/pyFFTW.egg-info/PKG-INFO\n      INFO:root:writing dependency_links to /tmp/pip-wheel-ca9oz_qv/.tmp-zwrx932j/pyFFTW.egg-info/dependency_links.txt\n      INFO:root:writing requirements to /tmp/pip-wheel-ca9oz_qv/.tmp-zwrx932j/pyFFTW.egg-info/requires.txt\n      INFO:root:writing top-level names to /tmp/pip-wheel-ca9oz_qv/.tmp-zwrx932j/pyFFTW.egg-info/top_level.txt\n      INFO:root:writing manifest file '/tmp/pip-wheel-ca9oz_qv/.tmp-zwrx932j/pyFFTW.egg-info/SOURCES.txt'\n      WARNING:root:file pyfftw.py (for module pyfftw) not found\n      INFO:root:reading manifest file '/tmp/pip-wheel-ca9oz_qv/.tmp-zwrx932j/pyFFTW.egg-info/SOURCES.txt'\n      INFO:root:reading manifest template 'MANIFEST.in'\n      WARNING:root:warning: no files found matching 'CHANGELOG.md'\n      WARNING:root:warning: no files found matching 'requirements.txt'\n      WARNING:root:warning: no files found matching 'README.rst'\n      WARNING:root:warning: no files found matching 'test/*.py'\n      WARNING:root:no previously-included directories found matching 'docs/_build'\n      WARNING:root:no previously-included directories found matching 'build'\n      WARNING:root:no previously-included directories found matching '*/__pycache__'\n      WARNING:root:warning: no previously-included files matching '*.py[cod]' found anywhere in distribution\n      WARNING:root:warning: no previously-included files matching '*.so' found anywhere in distribution\n      WARNING:root:warning: no previously-included files matching '*.dll' found anywhere in distribution\n      WARNING:root:warning: no previously-included files matching '*.dylib' found anywhere in distribution\n      WARNING:root:warning: no previously-included files matching '*~' found anywhere in distribution\n      WARNING:root:warning: no previously-included files matching '*.bak' found anywhere in distribution\n      WARNING:root:warning: no previously-included files matching '*.swp' found anywhere in distribution\n      INFO:root:adding license file 'LICENSE.txt'\n      INFO:root:writing manifest file '/tmp/pip-wheel-ca9oz_qv/.tmp-zwrx932j/pyFFTW.egg-info/SOURCES.txt'\n      INFO:root:creating '/tmp/pip-wheel-ca9oz_qv/.tmp-zwrx932j/pyfftw-0.15.0+2.g9bbc6da.dirty.dist-info'\n      INFO:root:creating /tmp/pip-wheel-ca9oz_qv/.tmp-zwrx932j/pyfftw-0.15.0+2.g9bbc6da.dirty.dist-info/WHEEL\n      INFO:root:running build_py\n      /tmp/pip-build-env-v9rpnvo3/overlay/local/lib/python3.10/dist-packages/setuptools/command/editable_wheel.py:297: SetuptoolsDeprecationWarning: Customization incompatible with editable install\n      !!\n      \n              ********************************************************************************\n                              Traceback (most recent call last):\n                File \"/tmp/pip-build-env-v9rpnvo3/overlay/local/lib/python3.10/dist-packages/setuptools/command/editable_wheel.py\", line 303, in _safely_run\n                  return self.run_command(cmd_name)\n                File \"/tmp/pip-build-env-v9rpnvo3/overlay/local/lib/python3.10/dist-packages/setuptools/_distutils/cmd.py\", line 357, in run_command\n                  self.distribution.run_command(command)\n                File \"/tmp/pip-build-env-v9rpnvo3/overlay/local/lib/python3.10/dist-packages/setuptools/dist.py\", line 1102, in run_command\n                  super().run_command(command)\n                File \"/tmp/pip-build-env-v9rpnvo3/overlay/local/lib/python3.10/dist-packages/setuptools/_distutils/dist.py\", line 1021, in run_command\n                  cmd_obj.run()\n                File \"/app/repo_to_process/versioneer.py\", line 1559, in run\n                  write_to_version_file(target_versionfile, versions)\n                File \"/app/repo_to_process/versioneer.py\", line 1220, in write_to_version_file\n                  os.unlink(filename)\n              FileNotFoundError: [Errno 2] No such file or directory: '/tmp/tmpgw5nnffk.build-lib/pyfftw/_version.py'\n      \n      \n                              If you are seeing this warning it is very likely that a setuptools\n                              plugin or customization overrides the `build_py` command, without\n                              taking into consideration how editable installs run build steps\n                              starting from setuptools v64.0.0.\n      \n                              Plugin authors and developers relying on custom build steps are\n                              encouraged to update their `build_py` implementation considering the\n                              information about editable installs in\n                              https://setuptools.pypa.io/en/latest/userguide/extension.html.\n      \n                              For the time being `setuptools` will silence this error and ignore\n                              the faulty command, but this behavior will change in future versions.\n      \n              ********************************************************************************\n      \n      !!\n        self._safely_run(name)\n      INFO:root:running build_ext\n      INFO:root:x86_64-linux-gnu-gcc -Wno-unused-result -Wsign-compare -DNDEBUG -g -fwrapv -O2 -Wall -g -fstack-protector-strong -Wformat -Werror=format-security -g -fwrapv -O2 -fPIC -I/app/repo_to_process/include -I/app/repo_to_process/pyfftw -I/tmp/pip-build-env-v9rpnvo3/overlay/local/lib/python3.10/dist-packages/numpy/_core/include -I/usr/include -I/usr/include -I/usr/include/python3.10 -c /tmp/pyfftw-mvkhoe04/None.c -o /tmp/pyfftw-mvkhoe04/None.o\n      /tmp/pyfftw-mvkhoe04/None.c:1:10: fatal error: fftw3.h: No such file or directory\n          1 | #include <fftw3.h>\n            |          ^~~~~~~~~\n      compilation terminated.\n      WARNING:__main__:Compilation error: command '/usr/bin/x86_64-linux-gnu-gcc' failed with exit code 1\n      UPDATING /tmp/tmpgw5nnffk.build-lib/pyfftw/_version.py\n      error: Could not find the FFTW header 'fftw3.h'\n      [end of output]\n  \n  note: This error originates from a subprocess, and is likely not a problem with pip.\n  ERROR: Failed building editable for pyFFTW\nerror: failed-wheel-build-for-install\n\n× Failed to build installable wheels for some pyproject.toml based projects\n╰─> pyFFTW\n",
    "execution_time": 7.228195905685425
  },
  {
    "command": "if [ -f requirements.txt ]; then pip install -r requirements.txt; fi",
    "success": true,
    "stdout": "",
    "stderr": "",
    "execution_time": 0.0010862350463867188
  },
  {
    "command": "pytest",
    "success": false,
    "stdout": "============================= test session starts ==============================\nplatform linux -- Python 3.10.12, pytest-8.4.1, pluggy-1.6.0\nrootdir: /app/repo_to_process\nconfigfile: pyproject.toml\ncollected 0 items / 20 errors\n\n==================================== ERRORS ====================================\n__________________ ERROR collecting tests/test_pyfftw_base.py __________________\nImportError while importing test module '/app/repo_to_process/tests/test_pyfftw_base.py'.\nHint: make sure your test modules/packages have valid Python names.\nTraceback:\n/usr/lib/python3.10/importlib/__init__.py:126: in import_module\n    return _bootstrap._gcd_import(name[level:], package, level)\ntests/test_pyfftw_base.py:35: in <module>\n    from pyfftw import FFTW, _supported_types, _all_types_human_readable\npyfftw/__init__.py:19: in <module>\n    from .pyfftw import (\nE   ModuleNotFoundError: No module named 'pyfftw.pyfftw'\n________________ ERROR collecting tests/test_pyfftw_builders.py ________________\nImportError while importing test module '/app/repo_to_process/tests/test_pyfftw_builders.py'.\nHint: make sure your test modules/packages have valid Python names.\nTraceback:\n/usr/lib/python3.10/importlib/__init__.py:126: in import_module\n    return _bootstrap._gcd_import(name[level:], package, level)\ntests/test_pyfftw_builders.py:35: in <module>\n    from pyfftw import builders, empty_aligned, byte_align, FFTW\npyfftw/__init__.py:19: in <module>\n    from .pyfftw import (\nE   ModuleNotFoundError: No module named 'pyfftw.pyfftw'\n__________________ ERROR collecting tests/test_pyfftw_call.py __________________\nImportError while importing test module '/app/repo_to_process/tests/test_pyfftw_call.py'.\nHint: make sure your test modules/packages have valid Python names.\nTraceback:\n/usr/lib/python3.10/importlib/__init__.py:126: in import_module\n    return _bootstrap._gcd_import(name[level:], package, level)\ntests/test_pyfftw_call.py:36: in <module>\n    from pyfftw import (\npyfftw/__init__.py:19: in <module>\n    from .pyfftw import (\nE   ModuleNotFoundError: No module named 'pyfftw.pyfftw'\n_______________ ERROR collecting tests/test_pyfftw_class_misc.py _______________\nImportError while importing test module '/app/repo_to_process/tests/test_pyfftw_class_misc.py'.\nHint: make sure your test modules/packages have valid Python names.\nTraceback:\n/usr/lib/python3.10/importlib/__init__.py:126: in import_module\n    return _bootstrap._gcd_import(name[level:], package, level)\ntests/test_pyfftw_class_misc.py:35: in <module>\n    from pyfftw import (\npyfftw/__init__.py:19: in <module>\n    from .pyfftw import (\nE   ModuleNotFoundError: No module named 'pyfftw.pyfftw'\n________________ ERROR collecting tests/test_pyfftw_complex.py _________________\nImportError while importing test module '/app/repo_to_process/tests/test_pyfftw_complex.py'.\nHint: make sure your test modules/packages have valid Python names.\nTraceback:\n/usr/lib/python3.10/importlib/__init__.py:126: in import_module\n    return _bootstrap._gcd_import(name[level:], package, level)\ntests/test_pyfftw_complex.py:36: in <module>\n    from pyfftw import FFTW, byte_align, empty_aligned, forget_wisdom\npyfftw/__init__.py:19: in <module>\n    from .pyfftw import (\nE   ModuleNotFoundError: No module named 'pyfftw.pyfftw'\n_________________ ERROR collecting tests/test_pyfftw_config.py _________________\nImportError while importing test module '/app/repo_to_process/tests/test_pyfftw_config.py'.\nHint: make sure your test modules/packages have valid Python names.\nTraceback:\n/usr/lib/python3.10/importlib/__init__.py:126: in import_module\n    return _bootstrap._gcd_import(name[level:], package, level)\ntests/test_pyfftw_config.py:2: in <module>\n    from pyfftw import config, _threading_type\npyfftw/__init__.py:19: in <module>\n    from .pyfftw import (\nE   ModuleNotFoundError: No module named 'pyfftw.pyfftw'\n_____________ ERROR collecting tests/test_pyfftw_dask_interface.py _____________\nImportError while importing test module '/app/repo_to_process/tests/test_pyfftw_dask_interface.py'.\nHint: make sure your test modules/packages have valid Python names.\nTraceback:\n/usr/lib/python3.10/importlib/__init__.py:126: in import_module\n    return _bootstrap._gcd_import(name[level:], package, level)\ntests/test_pyfftw_dask_interface.py:35: in <module>\n    from pyfftw import interfaces\npyfftw/__init__.py:19: in <module>\n    from .pyfftw import (\nE   ModuleNotFoundError: No module named 'pyfftw.pyfftw'\n____________ ERROR collecting tests/test_pyfftw_interfaces_cache.py ____________\nImportError while importing test module '/app/repo_to_process/tests/test_pyfftw_interfaces_cache.py'.\nHint: make sure your test modules/packages have valid Python names.\nTraceback:\n/usr/lib/python3.10/importlib/__init__.py:126: in import_module\n    return _bootstrap._gcd_import(name[level:], package, level)\ntests/test_pyfftw_interfaces_cache.py:39: in <module>\n    from pyfftw import interfaces, builders\npyfftw/__init__.py:19: in <module>\n    from .pyfftw import (\nE   ModuleNotFoundError: No module named 'pyfftw.pyfftw'\n_____________ ERROR collecting tests/test_pyfftw_multithreaded.py ______________\nImportError while importing test module '/app/repo_to_process/tests/test_pyfftw_multithreaded.py'.\nHint: make sure your test modules/packages have valid Python names.\nTraceback:\n/usr/lib/python3.10/importlib/__init__.py:126: in import_module\n    return _bootstrap._gcd_import(name[level:], package, level)\ntests/test_pyfftw_multithreaded.py:35: in <module>\n    from pyfftw import FFTW\npyfftw/__init__.py:19: in <module>\n    from .pyfftw import (\nE   ModuleNotFoundError: No module named 'pyfftw.pyfftw'\n______________ ERROR collecting tests/test_pyfftw_nbyte_align.py _______________\nImportError while importing test module '/app/repo_to_process/tests/test_pyfftw_nbyte_align.py'.\nHint: make sure your test modules/packages have valid Python names.\nTraceback:\n/usr/lib/python3.10/importlib/__init__.py:126: in import_module\n    return _bootstrap._gcd_import(name[level:], package, level)\ntests/test_pyfftw_nbyte_align.py:38: in <module>\n    from pyfftw import (byte_align, is_byte_aligned, ones_aligned,\npyfftw/__init__.py:19: in <module>\n    from .pyfftw import (\nE   ModuleNotFoundError: No module named 'pyfftw.pyfftw'\n____________ ERROR collecting tests/test_pyfftw_numpy_interface.py _____________\nImportError while importing test module '/app/repo_to_process/tests/test_pyfftw_numpy_interface.py'.\nHint: make sure your test modules/packages have valid Python names.\nTraceback:\n/usr/lib/python3.10/importlib/__init__.py:126: in import_module\n    return _bootstrap._gcd_import(name[level:], package, level)\ntests/test_pyfftw_numpy_interface.py:35: in <module>\n    from pyfftw import interfaces, _supported_types, _all_types_np\npyfftw/__init__.py:19: in <module>\n    from .pyfftw import (\nE   ModuleNotFoundError: No module named 'pyfftw.pyfftw'\n________________ ERROR collecting tests/test_pyfftw_partial.py _________________\nImportError while importing test module '/app/repo_to_process/tests/test_pyfftw_partial.py'.\nHint: make sure your test modules/packages have valid Python names.\nTraceback:\n/usr/lib/python3.10/importlib/__init__.py:126: in import_module\n    return _bootstrap._gcd_import(name[level:], package, level)\ntests/test_pyfftw_partial.py:37: in <module>\n    from pyfftw import (\npyfftw/__init__.py:19: in <module>\n    from .pyfftw import (\nE   ModuleNotFoundError: No module named 'pyfftw.pyfftw'\n_____________ ERROR collecting tests/test_pyfftw_real_backward.py ______________\nImportError while importing test module '/app/repo_to_process/tests/test_pyfftw_real_backward.py'.\nHint: make sure your test modules/packages have valid Python names.\nTraceback:\n/usr/lib/python3.10/importlib/__init__.py:126: in import_module\n    return _bootstrap._gcd_import(name[level:], package, level)\ntests/test_pyfftw_real_backward.py:36: in <module>\n    from pyfftw import FFTW, forget_wisdom\npyfftw/__init__.py:19: in <module>\n    from .pyfftw import (\nE   ModuleNotFoundError: No module named 'pyfftw.pyfftw'\n______________ ERROR collecting tests/test_pyfftw_real_forward.py ______________\nImportError while importing test module '/app/repo_to_process/tests/test_pyfftw_real_forward.py'.\nHint: make sure your test modules/packages have valid Python names.\nTraceback:\n/usr/lib/python3.10/importlib/__init__.py:126: in import_module\n    return _bootstrap._gcd_import(name[level:], package, level)\ntests/test_pyfftw_real_forward.py:35: in <module>\n    from pyfftw import FFTW\npyfftw/__init__.py:19: in <module>\n    from .pyfftw import (\nE   ModuleNotFoundError: No module named 'pyfftw.pyfftw'\n_______________ ERROR collecting tests/test_pyfftw_scipy_fft.py ________________\nImportError while importing test module '/app/repo_to_process/tests/test_pyfftw_scipy_fft.py'.\nHint: make sure your test modules/packages have valid Python names.\nTraceback:\n/usr/lib/python3.10/importlib/__init__.py:126: in import_module\n    return _bootstrap._gcd_import(name[level:], package, level)\ntests/test_pyfftw_scipy_fft.py:32: in <module>\n    import pyfftw\npyfftw/__init__.py:19: in <module>\n    from .pyfftw import (\nE   ModuleNotFoundError: No module named 'pyfftw.pyfftw'\n____________ ERROR collecting tests/test_pyfftw_scipy_interface.py _____________\nImportError while importing test module '/app/repo_to_process/tests/test_pyfftw_scipy_interface.py'.\nHint: make sure your test modules/packages have valid Python names.\nTraceback:\n/usr/lib/python3.10/importlib/__init__.py:126: in import_module\n    return _bootstrap._gcd_import(name[level:], package, level)\ntests/test_pyfftw_scipy_interface.py:36: in <module>\n    from pyfftw.interfaces import scipy_fftpack\npyfftw/__init__.py:19: in <module>\n    from .pyfftw import (\nE   ModuleNotFoundError: No module named 'pyfftw.pyfftw'\n_________________ ERROR collecting tests/test_pyfftw_utils.py __________________\nImportError while importing test module '/app/repo_to_process/tests/test_pyfftw_utils.py'.\nHint: make sure your test modules/packages have valid Python names.\nTraceback:\n/usr/lib/python3.10/importlib/__init__.py:126: in import_module\n    return _bootstrap._gcd_import(name[level:], package, level)\ntests/test_pyfftw_utils.py:36: in <module>\n    from .test_pyfftw_base import run_test_suites\ntests/test_pyfftw_base.py:35: in <module>\n    from pyfftw import FFTW, _supported_types, _all_types_human_readable\npyfftw/__init__.py:19: in <module>\n    from .pyfftw import (\nE   ModuleNotFoundError: No module named 'pyfftw.pyfftw'\n________________ ERROR collecting tests/test_pyfftw_version.py _________________\nImportError while importing test module '/app/repo_to_process/tests/test_pyfftw_version.py'.\nHint: make sure your test modules/packages have valid Python names.\nTraceback:\n/usr/lib/python3.10/importlib/__init__.py:126: in import_module\n    return _bootstrap._gcd_import(name[level:], package, level)\ntests/test_pyfftw_version.py:3: in <module>\n    import pyfftw\npyfftw/__init__.py:19: in <module>\n    from .pyfftw import (\nE   ModuleNotFoundError: No module named 'pyfftw.pyfftw'\n_________________ ERROR collecting tests/test_pyfftw_wisdom.py _________________\nImportError while importing test module '/app/repo_to_process/tests/test_pyfftw_wisdom.py'.\nHint: make sure your test modules/packages have valid Python names.\nTraceback:\n/usr/lib/python3.10/importlib/__init__.py:126: in import_module\n    return _bootstrap._gcd_import(name[level:], package, level)\ntests/test_pyfftw_wisdom.py:35: in <module>\n    from pyfftw import (\npyfftw/__init__.py:19: in <module>\n    from .pyfftw import (\nE   ModuleNotFoundError: No module named 'pyfftw.pyfftw'\n______________________ ERROR collecting tests/test_r2r.py ______________________\nImportError while importing test module '/app/repo_to_process/tests/test_r2r.py'.\nHint: make sure your test modules/packages have valid Python names.\nTraceback:\n/usr/lib/python3.10/importlib/__init__.py:126: in import_module\n    return _bootstrap._gcd_import(name[level:], package, level)\ntests/test_r2r.py:44: in <module>\n    import pyfftw\npyfftw/__init__.py:19: in <module>\n    from .pyfftw import (\nE   ModuleNotFoundError: No module named 'pyfftw.pyfftw'\n=========================== short test summary info ============================\nERROR tests/test_pyfftw_base.py\nERROR tests/test_pyfftw_builders.py\nERROR tests/test_pyfftw_call.py\nERROR tests/test_pyfftw_class_misc.py\nERROR tests/test_pyfftw_complex.py\nERROR tests/test_pyfftw_config.py\nERROR tests/test_pyfftw_dask_interface.py\nERROR tests/test_pyfftw_interfaces_cache.py\nERROR tests/test_pyfftw_multithreaded.py\nERROR tests/test_pyfftw_nbyte_align.py\nERROR tests/test_pyfftw_numpy_interface.py\nERROR tests/test_pyfftw_partial.py\nERROR tests/test_pyfftw_real_backward.py\nERROR tests/test_pyfftw_real_forward.py\nERROR tests/test_pyfftw_scipy_fft.py\nERROR tests/test_pyfftw_scipy_interface.py\nERROR tests/test_pyfftw_utils.py\nERROR tests/test_pyfftw_version.py\nERROR tests/test_pyfftw_wisdom.py\nERROR tests/test_r2r.py\n!!!!!!!!!!!!!!!!!!! Interrupted: 20 errors during collection !!!!!!!!!!!!!!!!!!!\n============================== 20 errors in 0.52s ==============================\n",
    "stderr": "",
    "execution_time": 0.7192254066467285
  }
]