[
  {
    "command": "pip install --editable .",
    "success": false,
    "stdout": "Looking in indexes: https://repo.huaweicloud.com/repository/pypi/simple/\nObtaining file:///app/repo_to_process\n  Preparing metadata (setup.py): started\n  Preparing metadata (setup.py): finished with status 'done'\nRequirement already satisfied: numpy in /usr/local/lib/python3.10/dist-packages (from biopython==1.86.dev0) (2.2.6)\nInstalling collected packages: biopython\n  Running setup.py develop for biopython\n",
    "stderr": "  DEPRECATION: Legacy editable install of biopython==1.86.dev0 from file:///app/repo_to_process (setup.py develop) is deprecated. pip 25.3 will enforce this behaviour change. A possible replacement is to add a pyproject.toml or enable --use-pep517, and use setuptools >= 64. If the resulting installation is not behaving as expected, try using --config-settings editable_mode=compat. Please consult the setuptools documentation for more information. Discussion can be found at https://github.com/pypa/pip/issues/11457\n    error: subprocess-exited-with-error\n    \n    × python setup.py develop did not run successfully.\n    │ exit code: 1\n    ╰─> [35 lines of output]\n        running develop\n        /usr/lib/python3/dist-packages/setuptools/command/easy_install.py:158: EasyInstallDeprecationWarning: easy_install command is deprecated. Use build and pip and other standards-based tools.\n          warnings.warn(\n        /usr/lib/python3/dist-packages/setuptools/command/install.py:34: SetuptoolsDeprecationWarning: setup.py install is deprecated. Use build and pip and other standards-based tools.\n          warnings.warn(\n        running egg_info\n        writing biopython.egg-info/PKG-INFO\n        writing dependency_links to biopython.egg-info/dependency_links.txt\n        writing requirements to biopython.egg-info/requires.txt\n        writing top-level names to biopython.egg-info/top_level.txt\n        package init file 'Bio/Align/substitution_matrices/data/__init__.py' not found (or not a regular file)\n        package init file 'Bio/Entrez/DTDs/__init__.py' not found (or not a regular file)\n        package init file 'Bio/Entrez/XSDs/__init__.py' not found (or not a regular file)\n        reading manifest file 'biopython.egg-info/SOURCES.txt'\n        reading manifest template 'MANIFEST.in'\n        warning: no previously-included files found matching 'Doc/_build/'\n        warning: no previously-included files found matching 'Tests/Gck/DGVC_GCK.zip'\n        warning: no previously-included files matching '*.pyo' found anywhere in distribution\n        warning: no previously-included files matching '*.py{}' found anywhere in distribution\n        warning: no previously-included files matching '*.py-e' found anywhere in distribution\n        adding license file 'LICENSE'\n        adding license file 'LICENSE.rst'\n        writing manifest file 'biopython.egg-info/SOURCES.txt'\n        running build_ext\n        building 'Bio.Align._aligncore' extension\n        creating build\n        creating build/temp.linux-x86_64-3.10\n        creating build/temp.linux-x86_64-3.10/Bio\n        creating build/temp.linux-x86_64-3.10/Bio/Align\n        x86_64-linux-gnu-gcc -Wno-unused-result -Wsign-compare -DNDEBUG -g -fwrapv -O2 -Wall -g -fstack-protector-strong -Wformat -Werror=format-security -g -fwrapv -O2 -g -fstack-protector-strong -Wformat -Werror=format-security -Wdate-time -D_FORTIFY_SOURCE=2 -fPIC -I/usr/include/python3.10 -c Bio/Align/_aligncore.c -o build/temp.linux-x86_64-3.10/Bio/Align/_aligncore.o\n        Bio/Align/_aligncore.c:9:10: fatal error: Python.h: No such file or directory\n            9 | #include <Python.h>\n              |          ^~~~~~~~~~\n        compilation terminated.\n        error: command '/usr/bin/x86_64-linux-gnu-gcc' failed with exit code 1\n        [end of output]\n    \n    note: This error originates from a subprocess, and is likely not a problem with pip.\nerror: subprocess-exited-with-error\n\n× python setup.py develop did not run successfully.\n│ exit code: 1\n╰─> [35 lines of output]\n    running develop\n    /usr/lib/python3/dist-packages/setuptools/command/easy_install.py:158: EasyInstallDeprecationWarning: easy_install command is deprecated. Use build and pip and other standards-based tools.\n      warnings.warn(\n    /usr/lib/python3/dist-packages/setuptools/command/install.py:34: SetuptoolsDeprecationWarning: setup.py install is deprecated. Use build and pip and other standards-based tools.\n      warnings.warn(\n    running egg_info\n    writing biopython.egg-info/PKG-INFO\n    writing dependency_links to biopython.egg-info/dependency_links.txt\n    writing requirements to biopython.egg-info/requires.txt\n    writing top-level names to biopython.egg-info/top_level.txt\n    package init file 'Bio/Align/substitution_matrices/data/__init__.py' not found (or not a regular file)\n    package init file 'Bio/Entrez/DTDs/__init__.py' not found (or not a regular file)\n    package init file 'Bio/Entrez/XSDs/__init__.py' not found (or not a regular file)\n    reading manifest file 'biopython.egg-info/SOURCES.txt'\n    reading manifest template 'MANIFEST.in'\n    warning: no previously-included files found matching 'Doc/_build/'\n    warning: no previously-included files found matching 'Tests/Gck/DGVC_GCK.zip'\n    warning: no previously-included files matching '*.pyo' found anywhere in distribution\n    warning: no previously-included files matching '*.py{}' found anywhere in distribution\n    warning: no previously-included files matching '*.py-e' found anywhere in distribution\n    adding license file 'LICENSE'\n    adding license file 'LICENSE.rst'\n    writing manifest file 'biopython.egg-info/SOURCES.txt'\n    running build_ext\n    building 'Bio.Align._aligncore' extension\n    creating build\n    creating build/temp.linux-x86_64-3.10\n    creating build/temp.linux-x86_64-3.10/Bio\n    creating build/temp.linux-x86_64-3.10/Bio/Align\n    x86_64-linux-gnu-gcc -Wno-unused-result -Wsign-compare -DNDEBUG -g -fwrapv -O2 -Wall -g -fstack-protector-strong -Wformat -Werror=format-security -g -fwrapv -O2 -g -fstack-protector-strong -Wformat -Werror=format-security -Wdate-time -D_FORTIFY_SOURCE=2 -fPIC -I/usr/include/python3.10 -c Bio/Align/_aligncore.c -o build/temp.linux-x86_64-3.10/Bio/Align/_aligncore.o\n    Bio/Align/_aligncore.c:9:10: fatal error: Python.h: No such file or directory\n        9 | #include <Python.h>\n          |          ^~~~~~~~~~\n    compilation terminated.\n    error: command '/usr/bin/x86_64-linux-gnu-gcc' failed with exit code 1\n    [end of output]\n\nnote: This error originates from a subprocess, and is likely not a problem with pip.\n",
    "execution_time": 0.9992654323577881
  },
  {
    "command": "pytest",
    "success": false,
    "stdout": "============================= test session starts ==============================\nplatform linux -- Python 3.10.12, pytest-8.4.1, pluggy-1.6.0\nrootdir: /app/repo_to_process\ncollected 17 items / 208 errors\n\n==================================== ERRORS ====================================\n______________________ ERROR collecting Tests/test_Ace.py ______________________\nImportError while importing test module '/app/repo_to_process/Tests/test_Ace.py'.\nHint: make sure your test modules/packages have valid Python names.\nTraceback:\n/usr/lib/python3.10/importlib/__init__.py:126: in import_module\n    return _bootstrap._gcd_import(name[level:], package, level)\nTests/test_Ace.py:12: in <module>\n    from Bio.Sequencing import Ace\nE   ModuleNotFoundError: No module named 'Bio'\n_____________________ ERROR collecting Tests/test_Affy.py ______________________\nImportError while importing test module '/app/repo_to_process/Tests/test_Affy.py'.\nHint: make sure your test modules/packages have valid Python names.\nTraceback:\n/usr/lib/python3.10/importlib/__init__.py:126: in import_module\n    return _bootstrap._gcd_import(name[level:], package, level)\nTests/test_Affy.py:21: in <module>\n    from Bio.Affy import CelFile\nE   ModuleNotFoundError: No module named 'Bio'\n____________________ ERROR collecting Tests/test_AlignIO.py ____________________\nImportError while importing test module '/app/repo_to_process/Tests/test_AlignIO.py'.\nHint: make sure your test modules/packages have valid Python names.\nTraceback:\n/usr/lib/python3.10/importlib/__init__.py:126: in import_module\n    return _bootstrap._gcd_import(name[level:], package, level)\nTests/test_AlignIO.py:11: in <module>\n    from Bio import AlignIO\nE   ModuleNotFoundError: No module named 'Bio'\n_______________ ERROR collecting Tests/test_AlignIO_ClustalIO.py _______________\nImportError while importing test module '/app/repo_to_process/Tests/test_AlignIO_ClustalIO.py'.\nHint: make sure your test modules/packages have valid Python names.\nTraceback:\n/usr/lib/python3.10/importlib/__init__.py:126: in import_module\n    return _bootstrap._gcd_import(name[level:], package, level)\nTests/test_AlignIO_ClustalIO.py:9: in <module>\n    from Bio.AlignIO.ClustalIO import ClustalIterator\nE   ModuleNotFoundError: No module named 'Bio'\n_______________ ERROR collecting Tests/test_AlignIO_EmbossIO.py ________________\nImportError while importing test module '/app/repo_to_process/Tests/test_AlignIO_EmbossIO.py'.\nHint: make sure your test modules/packages have valid Python names.\nTraceback:\n/usr/lib/python3.10/importlib/__init__.py:126: in import_module\n    return _bootstrap._gcd_import(name[level:], package, level)\nTests/test_AlignIO_EmbossIO.py:10: in <module>\n    from Bio.AlignIO.EmbossIO import EmbossIterator\nE   ModuleNotFoundError: No module named 'Bio'\n________________ ERROR collecting Tests/test_AlignIO_FastaIO.py ________________\nImportError while importing test module '/app/repo_to_process/Tests/test_AlignIO_FastaIO.py'.\nHint: make sure your test modules/packages have valid Python names.\nTraceback:\n/usr/lib/python3.10/importlib/__init__.py:126: in import_module\n    return _bootstrap._gcd_import(name[level:], package, level)\nTests/test_AlignIO_FastaIO.py:8: in <module>\n    from Bio.AlignIO import FastaIO\nE   ModuleNotFoundError: No module named 'Bio'\n________________ ERROR collecting Tests/test_AlignIO_MauveIO.py ________________\nImportError while importing test module '/app/repo_to_process/Tests/test_AlignIO_MauveIO.py'.\nHint: make sure your test modules/packages have valid Python names.\nTraceback:\n/usr/lib/python3.10/importlib/__init__.py:126: in import_module\n    return _bootstrap._gcd_import(name[level:], package, level)\nTests/test_AlignIO_MauveIO.py:11: in <module>\n    from Bio import SeqIO\nE   ModuleNotFoundError: No module named 'Bio'\n_______________ ERROR collecting Tests/test_AlignIO_PhylipIO.py ________________\nImportError while importing test module '/app/repo_to_process/Tests/test_AlignIO_PhylipIO.py'.\nHint: make sure your test modules/packages have valid Python names.\nTraceback:\n/usr/lib/python3.10/importlib/__init__.py:126: in import_module\n    return _bootstrap._gcd_import(name[level:], package, level)\nTests/test_AlignIO_PhylipIO.py:10: in <module>\n    from Bio.AlignIO.PhylipIO import PhylipIterator\nE   ModuleNotFoundError: No module named 'Bio'\n________________ ERROR collecting Tests/test_AlignIO_convert.py ________________\nImportError while importing test module '/app/repo_to_process/Tests/test_AlignIO_convert.py'.\nHint: make sure your test modules/packages have valid Python names.\nTraceback:\n/usr/lib/python3.10/importlib/__init__.py:126: in import_module\n    return _bootstrap._gcd_import(name[level:], package, level)\nTests/test_AlignIO_convert.py:9: in <module>\n    from Bio import AlignIO\nE   ModuleNotFoundError: No module named 'Bio'\n________________ ERROR collecting Tests/test_Align_Alignment.py ________________\nImportError while importing test module '/app/repo_to_process/Tests/test_Align_Alignment.py'.\nHint: make sure your test modules/packages have valid Python names.\nTraceback:\n/usr/lib/python3.10/importlib/__init__.py:126: in import_module\n    return _bootstrap._gcd_import(name[level:], package, level)\nTests/test_Align_Alignment.py:21: in <module>\n    from Bio import Align\nE   ModuleNotFoundError: No module named 'Bio'\n___________________ ERROR collecting Tests/test_Align_a2m.py ___________________\nImportError while importing test module '/app/repo_to_process/Tests/test_Align_a2m.py'.\nHint: make sure your test modules/packages have valid Python names.\nTraceback:\n/usr/lib/python3.10/importlib/__init__.py:126: in import_module\n    return _bootstrap._gcd_import(name[level:], package, level)\nTests/test_Align_a2m.py:12: in <module>\n    from Bio import Align\nE   ModuleNotFoundError: No module named 'Bio'\n___________________ ERROR collecting Tests/test_Align_bed.py ___________________\nImportError while importing test module '/app/repo_to_process/Tests/test_Align_bed.py'.\nHint: make sure your test modules/packages have valid Python names.\nTraceback:\n/usr/lib/python3.10/importlib/__init__.py:126: in import_module\n    return _bootstrap._gcd_import(name[level:], package, level)\nTests/test_Align_bed.py:13: in <module>\n    from Bio import Align\nE   ModuleNotFoundError: No module named 'Bio'\n_________________ ERROR collecting Tests/test_Align_bigbed.py __________________\nImportError while importing test module '/app/repo_to_process/Tests/test_Align_bigbed.py'.\nHint: make sure your test modules/packages have valid Python names.\nTraceback:\n/usr/lib/python3.10/importlib/__init__.py:126: in import_module\n    return _bootstrap._gcd_import(name[level:], package, level)\nTests/test_Align_bigbed.py:12: in <module>\n    from Bio import Align\nE   ModuleNotFoundError: No module named 'Bio'\n_________________ ERROR collecting Tests/test_Align_bigmaf.py __________________\nImportError while importing test module '/app/repo_to_process/Tests/test_Align_bigmaf.py'.\nHint: make sure your test modules/packages have valid Python names.\nTraceback:\n/usr/lib/python3.10/importlib/__init__.py:126: in import_module\n    return _bootstrap._gcd_import(name[level:], package, level)\nTests/test_Align_bigmaf.py:12: in <module>\n    from Bio import Align\nE   ModuleNotFoundError: No module named 'Bio'\n_________________ ERROR collecting Tests/test_Align_bigpsl.py __________________\nImportError while importing test module '/app/repo_to_process/Tests/test_Align_bigpsl.py'.\nHint: make sure your test modules/packages have valid Python names.\nTraceback:\n/usr/lib/python3.10/importlib/__init__.py:126: in import_module\n    return _bootstrap._gcd_import(name[level:], package, level)\nTests/test_Align_bigpsl.py:9: in <module>\n    from Bio import Align\nE   ModuleNotFoundError: No module named 'Bio'\n__________________ ERROR collecting Tests/test_Align_chain.py __________________\nImportError while importing test module '/app/repo_to_process/Tests/test_Align_chain.py'.\nHint: make sure your test modules/packages have valid Python names.\nTraceback:\n/usr/lib/python3.10/importlib/__init__.py:126: in import_module\n    return _bootstrap._gcd_import(name[level:], package, level)\nTests/test_Align_chain.py:10: in <module>\n    from Bio import Align\nE   ModuleNotFoundError: No module named 'Bio'\n_________________ ERROR collecting Tests/test_Align_clustal.py _________________\nImportError while importing test module '/app/repo_to_process/Tests/test_Align_clustal.py'.\nHint: make sure your test modules/packages have valid Python names.\nTraceback:\n/usr/lib/python3.10/importlib/__init__.py:126: in import_module\n    return _bootstrap._gcd_import(name[level:], package, level)\nTests/test_Align_clustal.py:12: in <module>\n    from Bio import Align\nE   ModuleNotFoundError: No module named 'Bio'\n_______________ ERROR collecting Tests/test_Align_codonalign.py ________________\nImportError while importing test module '/app/repo_to_process/Tests/test_Align_codonalign.py'.\nHint: make sure your test modules/packages have valid Python names.\nTraceback:\n/usr/lib/python3.10/importlib/__init__.py:126: in import_module\n    return _bootstrap._gcd_import(name[level:], package, level)\nTests/test_Align_codonalign.py:20: in <module>\n    from Bio import Align\nE   ModuleNotFoundError: No module named 'Bio'\n_________________ ERROR collecting Tests/test_Align_emboss.py __________________\nImportError while importing test module '/app/repo_to_process/Tests/test_Align_emboss.py'.\nHint: make sure your test modules/packages have valid Python names.\nTraceback:\n/usr/lib/python3.10/importlib/__init__.py:126: in import_module\n    return _bootstrap._gcd_import(name[level:], package, level)\nTests/test_Align_emboss.py:11: in <module>\n    from Bio import Align\nE   ModuleNotFoundError: No module named 'Bio'\n________________ ERROR collecting Tests/test_Align_exonerate.py ________________\nImportError while importing test module '/app/repo_to_process/Tests/test_Align_exonerate.py'.\nHint: make sure your test modules/packages have valid Python names.\nTraceback:\n/usr/lib/python3.10/importlib/__init__.py:126: in import_module\n    return _bootstrap._gcd_import(name[level:], package, level)\nTests/test_Align_exonerate.py:13: in <module>\n    from Bio import Align\nE   ModuleNotFoundError: No module named 'Bio'\n__________________ ERROR collecting Tests/test_Align_fasta.py __________________\nImportError while importing test module '/app/repo_to_process/Tests/test_Align_fasta.py'.\nHint: make sure your test modules/packages have valid Python names.\nTraceback:\n/usr/lib/python3.10/importlib/__init__.py:126: in import_module\n    return _bootstrap._gcd_import(name[level:], package, level)\nTests/test_Align_fasta.py:12: in <module>\n    from Bio import Align\nE   ModuleNotFoundError: No module named 'Bio'\n___________________ ERROR collecting Tests/test_Align_hhr.py ___________________\nImportError while importing test module '/app/repo_to_process/Tests/test_Align_hhr.py'.\nHint: make sure your test modules/packages have valid Python names.\nTraceback:\n/usr/lib/python3.10/importlib/__init__.py:126: in import_module\n    return _bootstrap._gcd_import(name[level:], package, level)\nTests/test_Align_hhr.py:12: in <module>\n    from Bio import Align\nE   ModuleNotFoundError: No module named 'Bio'\n___________________ ERROR collecting Tests/test_Align_maf.py ___________________\nImportError while importing test module '/app/repo_to_process/Tests/test_Align_maf.py'.\nHint: make sure your test modules/packages have valid Python names.\nTraceback:\n/usr/lib/python3.10/importlib/__init__.py:126: in import_module\n    return _bootstrap._gcd_import(name[level:], package, level)\nTests/test_Align_maf.py:10: in <module>\n    from Bio import Align\nE   ModuleNotFoundError: No module named 'Bio'\n__________________ ERROR collecting Tests/test_Align_mauve.py __________________\nImportError while importing test module '/app/repo_to_process/Tests/test_Align_mauve.py'.\nHint: make sure your test modules/packages have valid Python names.\nTraceback:\n/usr/lib/python3.10/importlib/__init__.py:126: in import_module\n    return _bootstrap._gcd_import(name[level:], package, level)\nTests/test_Align_mauve.py:11: in <module>\n    from Bio import Align\nE   ModuleNotFoundError: No module named 'Bio'\n___________________ ERROR collecting Tests/test_Align_msf.py ___________________\nImportError while importing test module '/app/repo_to_process/Tests/test_Align_msf.py'.\nHint: make sure your test modules/packages have valid Python names.\nTraceback:\n/usr/lib/python3.10/importlib/__init__.py:126: in import_module\n    return _bootstrap._gcd_import(name[level:], package, level)\nTests/test_Align_msf.py:11: in <module>\n    from Bio import BiopythonParserWarning\nE   ModuleNotFoundError: No module named 'Bio'\n__________________ ERROR collecting Tests/test_Align_nexus.py __________________\nImportError while importing test module '/app/repo_to_process/Tests/test_Align_nexus.py'.\nHint: make sure your test modules/packages have valid Python names.\nTraceback:\n/usr/lib/python3.10/importlib/__init__.py:126: in import_module\n    return _bootstrap._gcd_import(name[level:], package, level)\nTests/test_Align_nexus.py:11: in <module>\n    from Bio import Align\nE   ModuleNotFoundError: No module named 'Bio'\n_________________ ERROR collecting Tests/test_Align_phylip.py __________________\nImportError while importing test module '/app/repo_to_process/Tests/test_Align_phylip.py'.\nHint: make sure your test modules/packages have valid Python names.\nTraceback:\n/usr/lib/python3.10/importlib/__init__.py:126: in import_module\n    return _bootstrap._gcd_import(name[level:], package, level)\nTests/test_Align_phylip.py:11: in <module>\n    from Bio import Align\nE   ModuleNotFoundError: No module named 'Bio'\n___________________ ERROR collecting Tests/test_Align_psl.py ___________________\nImportError while importing test module '/app/repo_to_process/Tests/test_Align_psl.py'.\nHint: make sure your test modules/packages have valid Python names.\nTraceback:\n/usr/lib/python3.10/importlib/__init__.py:126: in import_module\n    return _bootstrap._gcd_import(name[level:], package, level)\nTests/test_Align_psl.py:10: in <module>\n    from Bio import Align\nE   ModuleNotFoundError: No module named 'Bio'\n___________________ ERROR collecting Tests/test_Align_sam.py ___________________\nImportError while importing test module '/app/repo_to_process/Tests/test_Align_sam.py'.\nHint: make sure your test modules/packages have valid Python names.\nTraceback:\n/usr/lib/python3.10/importlib/__init__.py:126: in import_module\n    return _bootstrap._gcd_import(name[level:], package, level)\nTests/test_Align_sam.py:9: in <module>\n    from Bio import Align\nE   ModuleNotFoundError: No module named 'Bio'\n________________ ERROR collecting Tests/test_Align_stockholm.py ________________\nImportError while importing test module '/app/repo_to_process/Tests/test_Align_stockholm.py'.\nHint: make sure your test modules/packages have valid Python names.\nTraceback:\n/usr/lib/python3.10/importlib/__init__.py:126: in import_module\n    return _bootstrap._gcd_import(name[level:], package, level)\nTests/test_Align_stockholm.py:9: in <module>\n    from Bio import Align\nE   ModuleNotFoundError: No module named 'Bio'\n_________________ ERROR collecting Tests/test_Align_tabular.py _________________\nImportError while importing test module '/app/repo_to_process/Tests/test_Align_tabular.py'.\nHint: make sure your test modules/packages have valid Python names.\nTraceback:\n/usr/lib/python3.10/importlib/__init__.py:126: in import_module\n    return _bootstrap._gcd_import(name[level:], package, level)\nTests/test_Align_tabular.py:11: in <module>\n    from Bio import Align\nE   ModuleNotFoundError: No module named 'Bio'\n________________ ERROR collecting Tests/test_BioSQL_MySQLdb.py _________________\nImportError while importing test module '/app/repo_to_process/Tests/test_BioSQL_MySQLdb.py'.\nHint: make sure your test modules/packages have valid Python names.\nTraceback:\n/usr/lib/python3.10/importlib/__init__.py:126: in import_module\n    return _bootstrap._gcd_import(name[level:], package, level)\nTests/test_BioSQL_MySQLdb.py:10: in <module>\n    from common_BioSQL import *  # noqa: F403\nTests/common_BioSQL.py:18: in <module>\n    from seq_tests_common import SeqRecordTestBaseClass\nTests/seq_tests_common.py:10: in <module>\n    from test_SeqIO import SeqIOTestBaseClass\nTests/test_SeqIO.py:16: in <module>\n    from Bio import AlignIO\nE   ModuleNotFoundError: No module named 'Bio'\n_____________ ERROR collecting Tests/test_BioSQL_MySQLdb_online.py _____________\nImportError while importing test module '/app/repo_to_process/Tests/test_BioSQL_MySQLdb_online.py'.\nHint: make sure your test modules/packages have valid Python names.\nTraceback:\n/usr/lib/python3.10/importlib/__init__.py:126: in import_module\n    return _bootstrap._gcd_import(name[level:], package, level)\nTests/test_BioSQL_MySQLdb_online.py:9: in <module>\n    import requires_internet\nTests/requires_internet.py:14: in <module>\n    from Bio import MissingExternalDependencyError\nE   ModuleNotFoundError: No module named 'Bio'\n____________ ERROR collecting Tests/test_BioSQL_mysql_connector.py _____________\nImportError while importing test module '/app/repo_to_process/Tests/test_BioSQL_mysql_connector.py'.\nHint: make sure your test modules/packages have valid Python names.\nTraceback:\n/usr/lib/python3.10/importlib/__init__.py:126: in import_module\n    return _bootstrap._gcd_import(name[level:], package, level)\nTests/test_BioSQL_mysql_connector.py:10: in <module>\n    from common_BioSQL import *  # noqa: F403\nTests/common_BioSQL.py:18: in <module>\n    from seq_tests_common import SeqRecordTestBaseClass\nTests/seq_tests_common.py:10: in <module>\n    from test_SeqIO import SeqIOTestBaseClass\nTests/test_SeqIO.py:16: in <module>\n    from Bio import AlignIO\nE   ModuleNotFoundError: No module named 'Bio'\n_________ ERROR collecting Tests/test_BioSQL_mysql_connector_online.py _________\nImportError while importing test module '/app/repo_to_process/Tests/test_BioSQL_mysql_connector_online.py'.\nHint: make sure your test modules/packages have valid Python names.\nTraceback:\n/usr/lib/python3.10/importlib/__init__.py:126: in import_module\n    return _bootstrap._gcd_import(name[level:], package, level)\nTests/test_BioSQL_mysql_connector_online.py:9: in <module>\n    import requires_internet\nTests/requires_internet.py:14: in <module>\n    from Bio import MissingExternalDependencyError\nE   ModuleNotFoundError: No module named 'Bio'\n________________ ERROR collecting Tests/test_BioSQL_psycopg2.py ________________\nImportError while importing test module '/app/repo_to_process/Tests/test_BioSQL_psycopg2.py'.\nHint: make sure your test modules/packages have valid Python names.\nTraceback:\n/usr/lib/python3.10/importlib/__init__.py:126: in import_module\n    return _bootstrap._gcd_import(name[level:], package, level)\nTests/test_BioSQL_psycopg2.py:10: in <module>\n    from common_BioSQL import *  # noqa: F403\nTests/common_BioSQL.py:18: in <module>\n    from seq_tests_common import SeqRecordTestBaseClass\nTests/seq_tests_common.py:10: in <module>\n    from test_SeqIO import SeqIOTestBaseClass\nTests/test_SeqIO.py:16: in <module>\n    from Bio import AlignIO\nE   ModuleNotFoundError: No module named 'Bio'\n____________ ERROR collecting Tests/test_BioSQL_psycopg2_online.py _____________\nImportError while importing test module '/app/repo_to_process/Tests/test_BioSQL_psycopg2_online.py'.\nHint: make sure your test modules/packages have valid Python names.\nTraceback:\n/usr/lib/python3.10/importlib/__init__.py:126: in import_module\n    return _bootstrap._gcd_import(name[level:], package, level)\nTests/test_BioSQL_psycopg2_online.py:9: in <module>\n    import requires_internet\nTests/requires_internet.py:14: in <module>\n    from Bio import MissingExternalDependencyError\nE   ModuleNotFoundError: No module named 'Bio'\n________________ ERROR collecting Tests/test_BioSQL_sqlite3.py _________________\nImportError while importing test module '/app/repo_to_process/Tests/test_BioSQL_sqlite3.py'.\nHint: make sure your test modules/packages have valid Python names.\nTraceback:\n/usr/lib/python3.10/importlib/__init__.py:126: in import_module\n    return _bootstrap._gcd_import(name[level:], package, level)\nTests/test_BioSQL_sqlite3.py:11: in <module>\n    from common_BioSQL import *  # noqa: F403\nTests/common_BioSQL.py:18: in <module>\n    from seq_tests_common import SeqRecordTestBaseClass\nTests/seq_tests_common.py:10: in <module>\n    from test_SeqIO import SeqIOTestBaseClass\nTests/test_SeqIO.py:16: in <module>\n    from Bio import AlignIO\nE   ModuleNotFoundError: No module named 'Bio'\n_____________ ERROR collecting Tests/test_BioSQL_sqlite3_online.py _____________\nImportError while importing test module '/app/repo_to_process/Tests/test_BioSQL_sqlite3_online.py'.\nHint: make sure your test modules/packages have valid Python names.\nTraceback:\n/usr/lib/python3.10/importlib/__init__.py:126: in import_module\n    return _bootstrap._gcd_import(name[level:], package, level)\nTests/test_BioSQL_sqlite3_online.py:9: in <module>\n    import requires_internet\nTests/requires_internet.py:14: in <module>\n    from Bio import MissingExternalDependencyError\nE   ModuleNotFoundError: No module named 'Bio'\n_________________ ERROR collecting Tests/test_Blast_Record.py __________________\nImportError while importing test module '/app/repo_to_process/Tests/test_Blast_Record.py'.\nHint: make sure your test modules/packages have valid Python names.\nTraceback:\n/usr/lib/python3.10/importlib/__init__.py:126: in import_module\n    return _bootstrap._gcd_import(name[level:], package, level)\nTests/test_Blast_Record.py:9: in <module>\n    from Bio.Blast.NCBIXML import HSP\nE   ModuleNotFoundError: No module named 'Bio'\n_________________ ERROR collecting Tests/test_Blast_parser.py __________________\nImportError while importing test module '/app/repo_to_process/Tests/test_Blast_parser.py'.\nHint: make sure your test modules/packages have valid Python names.\nTraceback:\n/usr/lib/python3.10/importlib/__init__.py:126: in import_module\n    return _bootstrap._gcd_import(name[level:], package, level)\nTests/test_Blast_parser.py:13: in <module>\n    from Bio import Blast\nE   ModuleNotFoundError: No module named 'Bio'\n_____________________ ERROR collecting Tests/test_CAPS.py ______________________\nImportError while importing test module '/app/repo_to_process/Tests/test_CAPS.py'.\nHint: make sure your test modules/packages have valid Python names.\nTraceback:\n/usr/lib/python3.10/importlib/__init__.py:126: in import_module\n    return _bootstrap._gcd_import(name[level:], package, level)\nTests/test_CAPS.py:10: in <module>\n    from Bio import CAPS\nE   ModuleNotFoundError: No module named 'Bio'\n_____________________ ERROR collecting Tests/test_Chi2.py ______________________\nImportError while importing test module '/app/repo_to_process/Tests/test_Chi2.py'.\nHint: make sure your test modules/packages have valid Python names.\nTraceback:\n/usr/lib/python3.10/importlib/__init__.py:126: in import_module\n    return _bootstrap._gcd_import(name[level:], package, level)\nTests/test_Chi2.py:10: in <module>\n    from Bio.Phylo.PAML import chi2\nE   ModuleNotFoundError: No module named 'Bio'\n__________________ ERROR collecting Tests/test_CodonTable.py ___________________\nImportError while importing test module '/app/repo_to_process/Tests/test_CodonTable.py'.\nHint: make sure your test modules/packages have valid Python names.\nTraceback:\n/usr/lib/python3.10/importlib/__init__.py:126: in import_module\n    return _bootstrap._gcd_import(name[level:], package, level)\nTests/test_CodonTable.py:12: in <module>\n    from Bio.Data import IUPACData\nE   ModuleNotFoundError: No module named 'Bio'\n__________________ ERROR collecting Tests/test_ColorSpiral.py __________________\nImportError while importing test module '/app/repo_to_process/Tests/test_ColorSpiral.py'.\nHint: make sure your test modules/packages have valid Python names.\nTraceback:\n/usr/lib/python3.10/importlib/__init__.py:126: in import_module\n    return _bootstrap._gcd_import(name[level:], package, level)\nTests/test_ColorSpiral.py:16: in <module>\n    from Bio import MissingPythonDependencyError\nE   ModuleNotFoundError: No module named 'Bio'\n____________________ ERROR collecting Tests/test_Compass.py ____________________\nImportError while importing test module '/app/repo_to_process/Tests/test_Compass.py'.\nHint: make sure your test modules/packages have valid Python names.\nTraceback:\n/usr/lib/python3.10/importlib/__init__.py:126: in import_module\n    return _bootstrap._gcd_import(name[level:], package, level)\nTests/test_Compass.py:12: in <module>\n    from Bio import Compass\nE   ModuleNotFoundError: No module named 'Bio'\n___________________ ERROR collecting Tests/test_Consensus.py ___________________\nImportError while importing test module '/app/repo_to_process/Tests/test_Consensus.py'.\nHint: make sure your test modules/packages have valid Python names.\nTraceback:\n/usr/lib/python3.10/importlib/__init__.py:126: in import_module\n    return _bootstrap._gcd_import(name[level:], package, level)\nTests/test_Consensus.py:13: in <module>\n    from Bio import Align\nE   ModuleNotFoundError: No module named 'Bio'\n_________________ ERROR collecting Tests/test_EMBL_unittest.py _________________\nImportError while importing test module '/app/repo_to_process/Tests/test_EMBL_unittest.py'.\nHint: make sure your test modules/packages have valid Python names.\nTraceback:\n/usr/lib/python3.10/importlib/__init__.py:126: in import_module\n    return _bootstrap._gcd_import(name[level:], package, level)\nTests/test_EMBL_unittest.py:12: in <module>\n    from Bio import BiopythonParserWarning\nE   ModuleNotFoundError: No module named 'Bio'\n_________________ ERROR collecting Tests/test_EmbossPrimer.py __________________\nImportError while importing test module '/app/repo_to_process/Tests/test_EmbossPrimer.py'.\nHint: make sure your test modules/packages have valid Python names.\nTraceback:\n/usr/lib/python3.10/importlib/__init__.py:126: in import_module\n    return _bootstrap._gcd_import(name[level:], package, level)\nTests/test_EmbossPrimer.py:14: in <module>\n    from Bio.Emboss import Primer3\nE   ModuleNotFoundError: No module named 'Bio'\n____________________ ERROR collecting Tests/test_Entrez.py _____________________\nImportError while importing test module '/app/repo_to_process/Tests/test_Entrez.py'.\nHint: make sure your test modules/packages have valid Python names.\nTraceback:\n/usr/lib/python3.10/importlib/__init__.py:126: in import_module\n    return _bootstrap._gcd_import(name[level:], package, level)\nTests/test_Entrez.py:20: in <module>\n    from Bio import Entrez\nE   ModuleNotFoundError: No module named 'Bio'\n_________________ ERROR collecting Tests/test_Entrez_online.py _________________\nImportError while importing test module '/app/repo_to_process/Tests/test_Entrez_online.py'.\nHint: make sure your test modules/packages have valid Python names.\nTraceback:\n/usr/lib/python3.10/importlib/__init__.py:126: in import_module\n    return _bootstrap._gcd_import(name[level:], package, level)\nTests/test_Entrez_online.py:19: in <module>\n    import requires_internet\nTests/requires_internet.py:14: in <module>\n    from Bio import MissingExternalDependencyError\nE   ModuleNotFoundError: No module named 'Bio'\n_________________ ERROR collecting Tests/test_Entrez_parser.py _________________\nImportError while importing test module '/app/repo_to_process/Tests/test_Entrez_parser.py'.\nHint: make sure your test modules/packages have valid Python names.\nTraceback:\n/usr/lib/python3.10/importlib/__init__.py:126: in import_module\n    return _bootstrap._gcd_import(name[level:], package, level)\nTests/test_Entrez_parser.py:13: in <module>\n    from Bio import Entrez\nE   ModuleNotFoundError: No module named 'Bio'\n____________________ ERROR collecting Tests/test_Enzyme.py _____________________\nImportError while importing test module '/app/repo_to_process/Tests/test_Enzyme.py'.\nHint: make sure your test modules/packages have valid Python names.\nTraceback:\n/usr/lib/python3.10/importlib/__init__.py:126: in import_module\n    return _bootstrap._gcd_import(name[level:], package, level)\nTests/test_Enzyme.py:13: in <module>\n    from Bio.ExPASy import Enzyme\nE   ModuleNotFoundError: No module named 'Bio'\n____________________ ERROR collecting Tests/test_ExPASy.py _____________________\nImportError while importing test module '/app/repo_to_process/Tests/test_ExPASy.py'.\nHint: make sure your test modules/packages have valid Python names.\nTraceback:\n/usr/lib/python3.10/importlib/__init__.py:126: in import_module\n    return _bootstrap._gcd_import(name[level:], package, level)\nTests/test_ExPASy.py:10: in <module>\n    import requires_internet\nTests/requires_internet.py:14: in <module>\n    from Bio import MissingExternalDependencyError\nE   ModuleNotFoundError: No module named 'Bio'\n_____________________ ERROR collecting Tests/test_File.py ______________________\nImportError while importing test module '/app/repo_to_process/Tests/test_File.py'.\nHint: make sure your test modules/packages have valid Python names.\nTraceback:\n/usr/lib/python3.10/importlib/__init__.py:126: in import_module\n    return _bootstrap._gcd_import(name[level:], package, level)\nTests/test_File.py:13: in <module>\n    from Bio import bgzf\nE   ModuleNotFoundError: No module named 'Bio'\n____________________ ERROR collecting Tests/test_GenBank.py ____________________\nImportError while importing test module '/app/repo_to_process/Tests/test_GenBank.py'.\nHint: make sure your test modules/packages have valid Python names.\nTraceback:\n/usr/lib/python3.10/importlib/__init__.py:126: in import_module\n    return _bootstrap._gcd_import(name[level:], package, level)\nTests/test_GenBank.py:20: in <module>\n    from Bio import BiopythonParserWarning\nE   ModuleNotFoundError: No module named 'Bio'\n_________________ ERROR collecting Tests/test_GenomeDiagram.py _________________\nImportError while importing test module '/app/repo_to_process/Tests/test_GenomeDiagram.py'.\nHint: make sure your test modules/packages have valid Python names.\nTraceback:\n/usr/lib/python3.10/importlib/__init__.py:126: in import_module\n    return _bootstrap._gcd_import(name[level:], package, level)\nTests/test_GenomeDiagram.py:11: in <module>\n    from Bio import MissingPythonDependencyError\nE   ModuleNotFoundError: No module named 'Bio'\n________________ ERROR collecting Tests/test_GraphicsBitmaps.py ________________\nImportError while importing test module '/app/repo_to_process/Tests/test_GraphicsBitmaps.py'.\nHint: make sure your test modules/packages have valid Python names.\nTraceback:\n/usr/lib/python3.10/importlib/__init__.py:126: in import_module\n    return _bootstrap._gcd_import(name[level:], package, level)\nTests/test_GraphicsBitmaps.py:19: in <module>\n    from Bio import MissingExternalDependencyError\nE   ModuleNotFoundError: No module named 'Bio'\n______________ ERROR collecting Tests/test_GraphicsChromosome.py _______________\nImportError while importing test module '/app/repo_to_process/Tests/test_GraphicsChromosome.py'.\nHint: make sure your test modules/packages have valid Python names.\nTraceback:\n/usr/lib/python3.10/importlib/__init__.py:126: in import_module\n    return _bootstrap._gcd_import(name[level:], package, level)\nTests/test_GraphicsChromosome.py:21: in <module>\n    from Bio import BiopythonWarning\nE   ModuleNotFoundError: No module named 'Bio'\n_____________ ERROR collecting Tests/test_GraphicsDistribution.py ______________\nImportError while importing test module '/app/repo_to_process/Tests/test_GraphicsDistribution.py'.\nHint: make sure your test modules/packages have valid Python names.\nTraceback:\n/usr/lib/python3.10/importlib/__init__.py:126: in import_module\n    return _bootstrap._gcd_import(name[level:], package, level)\nTests/test_GraphicsDistribution.py:17: in <module>\n    from Bio import MissingExternalDependencyError\nE   ModuleNotFoundError: No module named 'Bio'\n________________ ERROR collecting Tests/test_GraphicsGeneral.py ________________\nImportError while importing test module '/app/repo_to_process/Tests/test_GraphicsGeneral.py'.\nHint: make sure your test modules/packages have valid Python names.\nTraceback:\n/usr/lib/python3.10/importlib/__init__.py:126: in import_module\n    return _bootstrap._gcd_import(name[level:], package, level)\nTests/test_GraphicsGeneral.py:11: in <module>\n    from Bio import MissingExternalDependencyError\nE   ModuleNotFoundError: No module named 'Bio'\n___________________ ERROR collecting Tests/test_HMMCasino.py ___________________\nImportError while importing test module '/app/repo_to_process/Tests/test_HMMCasino.py'.\nHint: make sure your test modules/packages have valid Python names.\nTraceback:\n/usr/lib/python3.10/importlib/__init__.py:126: in import_module\n    return _bootstrap._gcd_import(name[level:], package, level)\nTests/test_HMMCasino.py:26: in <module>\n    from Bio import BiopythonDeprecationWarning\nE   ModuleNotFoundError: No module named 'Bio'\n__________________ ERROR collecting Tests/test_HMMGeneral.py ___________________\nImportError while importing test module '/app/repo_to_process/Tests/test_HMMGeneral.py'.\nHint: make sure your test modules/packages have valid Python names.\nTraceback:\n/usr/lib/python3.10/importlib/__init__.py:126: in import_module\n    return _bootstrap._gcd_import(name[level:], package, level)\nTests/test_HMMGeneral.py:18: in <module>\n    from Bio import BiopythonDeprecationWarning\nE   ModuleNotFoundError: No module named 'Bio'\n_____________________ ERROR collecting Tests/test_KEGG.py ______________________\nImportError while importing test module '/app/repo_to_process/Tests/test_KEGG.py'.\nHint: make sure your test modules/packages have valid Python names.\nTraceback:\n/usr/lib/python3.10/importlib/__init__.py:126: in import_module\n    return _bootstrap._gcd_import(name[level:], package, level)\nTests/test_KEGG.py:11: in <module>\n    from Bio.KEGG import Compound\nE   ModuleNotFoundError: No module named 'Bio'\n__________________ ERROR collecting Tests/test_KEGG_online.py __________________\nImportError while importing test module '/app/repo_to_process/Tests/test_KEGG_online.py'.\nHint: make sure your test modules/packages have valid Python names.\nTraceback:\n/usr/lib/python3.10/importlib/__init__.py:126: in import_module\n    return _bootstrap._gcd_import(name[level:], package, level)\nTests/test_KEGG_online.py:14: in <module>\n    import requires_internet\nTests/requires_internet.py:14: in <module>\n    from Bio import MissingExternalDependencyError\nE   ModuleNotFoundError: No module named 'Bio'\n_________________ ERROR collecting Tests/test_KGML_graphics.py _________________\nImportError while importing test module '/app/repo_to_process/Tests/test_KGML_graphics.py'.\nHint: make sure your test modules/packages have valid Python names.\nTraceback:\n/usr/lib/python3.10/importlib/__init__.py:126: in import_module\n    return _bootstrap._gcd_import(name[level:], package, level)\nTests/test_KGML_graphics.py:13: in <module>\n    from Bio import MissingExternalDependencyError\nE   ModuleNotFoundError: No module named 'Bio'\n_____________ ERROR collecting Tests/test_KGML_graphics_online.py ______________\nImportError while importing test module '/app/repo_to_process/Tests/test_KGML_graphics_online.py'.\nHint: make sure your test modules/packages have valid Python names.\nTraceback:\n/usr/lib/python3.10/importlib/__init__.py:126: in import_module\n    return _bootstrap._gcd_import(name[level:], package, level)\nTests/test_KGML_graphics_online.py:15: in <module>\n    from Bio import MissingExternalDependencyError\nE   ModuleNotFoundError: No module named 'Bio'\n________________ ERROR collecting Tests/test_KGML_nographics.py ________________\nImportError while importing test module '/app/repo_to_process/Tests/test_KGML_nographics.py'.\nHint: make sure your test modules/packages have valid Python names.\nTraceback:\n/usr/lib/python3.10/importlib/__init__.py:126: in import_module\n    return _bootstrap._gcd_import(name[level:], package, level)\nTests/test_KGML_nographics.py:14: in <module>\n    from Bio.KEGG.KGML.KGML_parser import read\nE   ModuleNotFoundError: No module named 'Bio'\n___________________ ERROR collecting Tests/test_KeyWList.py ____________________\nImportError while importing test module '/app/repo_to_process/Tests/test_KeyWList.py'.\nHint: make sure your test modules/packages have valid Python names.\nTraceback:\n/usr/lib/python3.10/importlib/__init__.py:126: in import_module\n    return _bootstrap._gcd_import(name[level:], package, level)\nTests/test_KeyWList.py:10: in <module>\n    from Bio.SwissProt import KeyWList\nE   ModuleNotFoundError: No module named 'Bio'\n__________________ ERROR collecting Tests/test_MafIO_index.py __________________\nImportError while importing test module '/app/repo_to_process/Tests/test_MafIO_index.py'.\nHint: make sure your test modules/packages have valid Python names.\nTraceback:\n/usr/lib/python3.10/importlib/__init__.py:126: in import_module\n    return _bootstrap._gcd_import(name[level:], package, level)\nTests/test_MafIO_index.py:20: in <module>\n    from seq_tests_common import SeqRecordTestBaseClass\nTests/seq_tests_common.py:10: in <module>\n    from test_SeqIO import SeqIOTestBaseClass\nTests/test_SeqIO.py:16: in <module>\n    from Bio import AlignIO\nE   ModuleNotFoundError: No module named 'Bio'\n____________________ ERROR collecting Tests/test_Medline.py ____________________\nImportError while importing test module '/app/repo_to_process/Tests/test_Medline.py'.\nHint: make sure your test modules/packages have valid Python names.\nTraceback:\n/usr/lib/python3.10/importlib/__init__.py:126: in import_module\n    return _bootstrap._gcd_import(name[level:], package, level)\nTests/test_Medline.py:12: in <module>\n    from Bio import Medline\nE   ModuleNotFoundError: No module named 'Bio'\n____________________ ERROR collecting Tests/test_NCBIXML.py ____________________\nImportError while importing test module '/app/repo_to_process/Tests/test_NCBIXML.py'.\nHint: make sure your test modules/packages have valid Python names.\nTraceback:\n/usr/lib/python3.10/importlib/__init__.py:126: in import_module\n    return _bootstrap._gcd_import(name[level:], package, level)\nTests/test_NCBIXML.py:10: in <module>\n    from Bio.Blast import NCBIXML\nE   ModuleNotFoundError: No module named 'Bio'\n__________________ ERROR collecting Tests/test_NCBI_qblast.py __________________\nImportError while importing test module '/app/repo_to_process/Tests/test_NCBI_qblast.py'.\nHint: make sure your test modules/packages have valid Python names.\nTraceback:\n/usr/lib/python3.10/importlib/__init__.py:126: in import_module\n    return _bootstrap._gcd_import(name[level:], package, level)\nTests/test_NCBI_qblast.py:33: in <module>\n    import requires_internet\nTests/requires_internet.py:14: in <module>\n    from Bio import MissingExternalDependencyError\nE   ModuleNotFoundError: No module named 'Bio'\n______________________ ERROR collecting Tests/test_NMR.py ______________________\nImportError while importing test module '/app/repo_to_process/Tests/test_NMR.py'.\nHint: make sure your test modules/packages have valid Python names.\nTraceback:\n/usr/lib/python3.10/importlib/__init__.py:126: in import_module\n    return _bootstrap._gcd_import(name[level:], package, level)\nTests/test_NMR.py:13: in <module>\n    from Bio.NMR import NOEtools\nE   ModuleNotFoundError: No module named 'Bio'\n_____________________ ERROR collecting Tests/test_Nexus.py _____________________\nImportError while importing test module '/app/repo_to_process/Tests/test_Nexus.py'.\nHint: make sure your test modules/packages have valid Python names.\nTraceback:\n/usr/lib/python3.10/importlib/__init__.py:126: in import_module\n    return _bootstrap._gcd_import(name[level:], package, level)\nTests/test_Nexus.py:20: in <module>\n    from Bio import SeqIO\nE   ModuleNotFoundError: No module named 'Bio'\n__________________ ERROR collecting Tests/test_PAML_baseml.py __________________\nImportError while importing test module '/app/repo_to_process/Tests/test_PAML_baseml.py'.\nHint: make sure your test modules/packages have valid Python names.\nTraceback:\n/usr/lib/python3.10/importlib/__init__.py:126: in import_module\n    return _bootstrap._gcd_import(name[level:], package, level)\nTests/test_PAML_baseml.py:12: in <module>\n    from Bio.Phylo.PAML import baseml\nE   ModuleNotFoundError: No module named 'Bio'\n__________________ ERROR collecting Tests/test_PAML_codeml.py __________________\nImportError while importing test module '/app/repo_to_process/Tests/test_PAML_codeml.py'.\nHint: make sure your test modules/packages have valid Python names.\nTraceback:\n/usr/lib/python3.10/importlib/__init__.py:126: in import_module\n    return _bootstrap._gcd_import(name[level:], package, level)\nTests/test_PAML_codeml.py:13: in <module>\n    from Bio.Phylo.PAML import codeml\nE   ModuleNotFoundError: No module named 'Bio'\n__________________ ERROR collecting Tests/test_PAML_tools.py ___________________\nImportError while importing test module '/app/repo_to_process/Tests/test_PAML_tools.py'.\nHint: make sure your test modules/packages have valid Python names.\nTraceback:\n/usr/lib/python3.10/importlib/__init__.py:126: in import_module\n    return _bootstrap._gcd_import(name[level:], package, level)\nTests/test_PAML_tools.py:12: in <module>\n    from Bio import MissingExternalDependencyError\nE   ModuleNotFoundError: No module named 'Bio'\n___________________ ERROR collecting Tests/test_PAML_yn00.py ___________________\nImportError while importing test module '/app/repo_to_process/Tests/test_PAML_yn00.py'.\nHint: make sure your test modules/packages have valid Python names.\nTraceback:\n/usr/lib/python3.10/importlib/__init__.py:126: in import_module\n    return _bootstrap._gcd_import(name[level:], package, level)\nTests/test_PAML_yn00.py:13: in <module>\n    from Bio.Phylo.PAML import yn00\nE   ModuleNotFoundError: No module named 'Bio'\n_________________ ERROR collecting Tests/test_PDB_CEAligner.py _________________\nImportError while importing test module '/app/repo_to_process/Tests/test_PDB_CEAligner.py'.\nHint: make sure your test modules/packages have valid Python names.\nTraceback:\n/usr/lib/python3.10/importlib/__init__.py:126: in import_module\n    return _bootstrap._gcd_import(name[level:], package, level)\nTests/test_PDB_CEAligner.py:20: in <module>\n    from Bio.PDB import CEAligner\nE   ModuleNotFoundError: No module named 'Bio'\n___________________ ERROR collecting Tests/test_PDB_DSSP.py ____________________\nImportError while importing test module '/app/repo_to_process/Tests/test_PDB_DSSP.py'.\nHint: make sure your test modules/packages have valid Python names.\nTraceback:\n/usr/lib/python3.10/importlib/__init__.py:126: in import_module\n    return _bootstrap._gcd_import(name[level:], package, level)\nTests/test_PDB_DSSP.py:33: in <module>\n    from Bio.PDB import DSSP\nE   ModuleNotFoundError: No module named 'Bio'\n___________________ ERROR collecting Tests/test_PDB_Dice.py ____________________\nImportError while importing test module '/app/repo_to_process/Tests/test_PDB_Dice.py'.\nHint: make sure your test modules/packages have valid Python names.\nTraceback:\n/usr/lib/python3.10/importlib/__init__.py:126: in import_module\n    return _bootstrap._gcd_import(name[level:], package, level)\nTests/test_PDB_Dice.py:12: in <module>\n    from Bio.PDB import Dice\nE   ModuleNotFoundError: No module named 'Bio'\n________________ ERROR collecting Tests/test_PDB_Disordered.py _________________\nImportError while importing test module '/app/repo_to_process/Tests/test_PDB_Disordered.py'.\nHint: make sure your test modules/packages have valid Python names.\nTraceback:\n/usr/lib/python3.10/importlib/__init__.py:126: in import_module\n    return _bootstrap._gcd_import(name[level:], package, level)\nTests/test_PDB_Disordered.py:18: in <module>\n    from Bio.PDB import PDBIO\nE   ModuleNotFoundError: No module named 'Bio'\n_________________ ERROR collecting Tests/test_PDB_Exposure.py __________________\nImportError while importing test module '/app/repo_to_process/Tests/test_PDB_Exposure.py'.\nHint: make sure your test modules/packages have valid Python names.\nTraceback:\n/usr/lib/python3.10/importlib/__init__.py:126: in import_module\n    return _bootstrap._gcd_import(name[level:], package, level)\nTests/test_PDB_Exposure.py:29: in <module>\n    from Bio.PDB import ExposureCN\nE   ModuleNotFoundError: No module named 'Bio'\n______________ ERROR collecting Tests/test_PDB_FragmentMapper.py _______________\nImportError while importing test module '/app/repo_to_process/Tests/test_PDB_FragmentMapper.py'.\nHint: make sure your test modules/packages have valid Python names.\nTraceback:\n/usr/lib/python3.10/importlib/__init__.py:126: in import_module\n    return _bootstrap._gcd_import(name[level:], package, level)\nTests/test_PDB_FragmentMapper.py:22: in <module>\n    from Bio.PDB import FragmentMapper\nE   ModuleNotFoundError: No module named 'Bio'\n__________________ ERROR collecting Tests/test_PDB_KDTree.py ___________________\nImportError while importing test module '/app/repo_to_process/Tests/test_PDB_KDTree.py'.\nHint: make sure your test modules/packages have valid Python names.\nTraceback:\nTests/test_PDB_KDTree.py:30: in <module>\n    from Bio.PDB import kdtrees\nE   ModuleNotFoundError: No module named 'Bio'\n\nDuring handling of the above exception, another exception occurred:\n/usr/lib/python3.10/importlib/__init__.py:126: in import_module\n    return _bootstrap._gcd_import(name[level:], package, level)\nTests/test_PDB_KDTree.py:32: in <module>\n    from Bio import MissingExternalDependencyError\nE   ModuleNotFoundError: No module named 'Bio'\n________________ ERROR collecting Tests/test_PDB_MMCIF2Dict.py _________________\nImportError while importing test module '/app/repo_to_process/Tests/test_PDB_MMCIF2Dict.py'.\nHint: make sure your test modules/packages have valid Python names.\nTraceback:\n/usr/lib/python3.10/importlib/__init__.py:126: in import_module\n    return _bootstrap._gcd_import(name[level:], package, level)\nTests/test_PDB_MMCIF2Dict.py:27: in <module>\n    from Bio.PDB.MMCIF2Dict import MMCIF2Dict\nE   ModuleNotFoundError: No module named 'Bio'\n__________________ ERROR collecting Tests/test_PDB_MMCIFIO.py __________________\nImportError while importing test module '/app/repo_to_process/Tests/test_PDB_MMCIFIO.py'.\nHint: make sure your test modules/packages have valid Python names.\nTraceback:\n/usr/lib/python3.10/importlib/__init__.py:126: in import_module\n    return _bootstrap._gcd_import(name[level:], package, level)\nTests/test_PDB_MMCIFIO.py:21: in <module>\n    from Bio.PDB import Atom\nE   ModuleNotFoundError: No module named 'Bio'\n________________ ERROR collecting Tests/test_PDB_MMCIFParser.py ________________\nImportError while importing test module '/app/repo_to_process/Tests/test_PDB_MMCIFParser.py'.\nHint: make sure your test modules/packages have valid Python names.\nTraceback:\n/usr/lib/python3.10/importlib/__init__.py:126: in import_module\n    return _bootstrap._gcd_import(name[level:], package, level)\nTests/test_PDB_MMCIFParser.py:32: in <module>\n    from Bio.PDB import CaPPBuilder\nE   ModuleNotFoundError: No module named 'Bio'\n__________________ ERROR collecting Tests/test_PDB_NACCESS.py __________________\nImportError while importing test module '/app/repo_to_process/Tests/test_PDB_NACCESS.py'.\nHint: make sure your test modules/packages have valid Python names.\nTraceback:\n/usr/lib/python3.10/importlib/__init__.py:126: in import_module\n    return _bootstrap._gcd_import(name[level:], package, level)\nTests/test_PDB_NACCESS.py:32: in <module>\n    from Bio.PDB import PDBParser\nE   ModuleNotFoundError: No module named 'Bio'\n___________________ ERROR collecting Tests/test_PDB_PDBIO.py ___________________\nImportError while importing test module '/app/repo_to_process/Tests/test_PDB_PDBIO.py'.\nHint: make sure your test modules/packages have valid Python names.\nTraceback:\n/usr/lib/python3.10/importlib/__init__.py:126: in import_module\n    return _bootstrap._gcd_import(name[level:], package, level)\nTests/test_PDB_PDBIO.py:21: in <module>\n    from Bio import BiopythonWarning\nE   ModuleNotFoundError: No module named 'Bio'\n__________________ ERROR collecting Tests/test_PDB_PDBList.py __________________\nImportError while importing test module '/app/repo_to_process/Tests/test_PDB_PDBList.py'.\nHint: make sure your test modules/packages have valid Python names.\nTraceback:\n/usr/lib/python3.10/importlib/__init__.py:126: in import_module\n    return _bootstrap._gcd_import(name[level:], package, level)\nTests/test_PDB_PDBList.py:15: in <module>\n    import requires_internet\nTests/requires_internet.py:14: in <module>\n    from Bio import MissingExternalDependencyError\nE   ModuleNotFoundError: No module named 'Bio'\n________________ ERROR collecting Tests/test_PDB_PDBMLParser.py ________________\nImportError while importing test module '/app/repo_to_process/Tests/test_PDB_PDBMLParser.py'.\nHint: make sure your test modules/packages have valid Python names.\nTraceback:\n/usr/lib/python3.10/importlib/__init__.py:126: in import_module\n    return _bootstrap._gcd_import(name[level:], package, level)\nTests/test_PDB_PDBMLParser.py:11: in <module>\n    from Bio.PDB import MMCIFParser\nE   ModuleNotFoundError: No module named 'Bio'\n_________________ ERROR collecting Tests/test_PDB_PDBParser.py _________________\nImportError while importing test module '/app/repo_to_process/Tests/test_PDB_PDBParser.py'.\nHint: make sure your test modules/packages have valid Python names.\nTraceback:\n/usr/lib/python3.10/importlib/__init__.py:126: in import_module\n    return _bootstrap._gcd_import(name[level:], package, level)\nTests/test_PDB_PDBParser.py:29: in <module>\n    from Bio.PDB import PDBParser\nE   ModuleNotFoundError: No module named 'Bio'\n___________________ ERROR collecting Tests/test_PDB_PSEA.py ____________________\nImportError while importing test module '/app/repo_to_process/Tests/test_PDB_PSEA.py'.\nHint: make sure your test modules/packages have valid Python names.\nTraceback:\n/usr/lib/python3.10/importlib/__init__.py:126: in import_module\n    return _bootstrap._gcd_import(name[level:], package, level)\nTests/test_PDB_PSEA.py:14: in <module>\n    from Bio import MissingExternalDependencyError\nE   ModuleNotFoundError: No module named 'Bio'\n________________ ERROR collecting Tests/test_PDB_Polypeptide.py ________________\nImportError while importing test module '/app/repo_to_process/Tests/test_PDB_Polypeptide.py'.\nHint: make sure your test modules/packages have valid Python names.\nTraceback:\n/usr/lib/python3.10/importlib/__init__.py:126: in import_module\n    return _bootstrap._gcd_import(name[level:], package, level)\nTests/test_PDB_Polypeptide.py:16: in <module>\n    from Bio.PDB import CaPPBuilder\nE   ModuleNotFoundError: No module named 'Bio'\n______________ ERROR collecting Tests/test_PDB_QCPSuperimposer.py ______________\nImportError while importing test module '/app/repo_to_process/Tests/test_PDB_QCPSuperimposer.py'.\nHint: make sure your test modules/packages have valid Python names.\nTraceback:\n/usr/lib/python3.10/importlib/__init__.py:126: in import_module\n    return _bootstrap._gcd_import(name[level:], package, level)\nTests/test_PDB_QCPSuperimposer.py:20: in <module>\n    from Bio.PDB import PDBParser\nE   ModuleNotFoundError: No module named 'Bio'\n_______________ ERROR collecting Tests/test_PDB_ResidueDepth.py ________________\nImportError while importing test module '/app/repo_to_process/Tests/test_PDB_ResidueDepth.py'.\nHint: make sure your test modules/packages have valid Python names.\nTraceback:\n/usr/lib/python3.10/importlib/__init__.py:126: in import_module\n    return _bootstrap._gcd_import(name[level:], package, level)\nTests/test_PDB_ResidueDepth.py:18: in <module>\n    from Bio.PDB import MMCIFParser\nE   ModuleNotFoundError: No module named 'Bio'\n___________________ ERROR collecting Tests/test_PDB_SASA.py ____________________\nImportError while importing test module '/app/repo_to_process/Tests/test_PDB_SASA.py'.\nHint: make sure your test modules/packages have valid Python names.\nTraceback:\n/usr/lib/python3.10/importlib/__init__.py:126: in import_module\n    return _bootstrap._gcd_import(name[level:], package, level)\nTests/test_PDB_SASA.py:15: in <module>\n    from Bio.PDB import PDBParser\nE   ModuleNotFoundError: No module named 'Bio'\n___________________ ERROR collecting Tests/test_PDB_SMCRA.py ___________________\nImportError while importing test module '/app/repo_to_process/Tests/test_PDB_SMCRA.py'.\nHint: make sure your test modules/packages have valid Python names.\nTraceback:\n/usr/lib/python3.10/importlib/__init__.py:126: in import_module\n    return _bootstrap._gcd_import(name[level:], package, level)\nTests/test_PDB_SMCRA.py:36: in <module>\n    from Bio import BiopythonWarning\nE   ModuleNotFoundError: No module named 'Bio'\n_________________ ERROR collecting Tests/test_PDB_Selection.py _________________\nImportError while importing test module '/app/repo_to_process/Tests/test_PDB_Selection.py'.\nHint: make sure your test modules/packages have valid Python names.\nTraceback:\n/usr/lib/python3.10/importlib/__init__.py:126: in import_module\n    return _bootstrap._gcd_import(name[level:], package, level)\nTests/test_PDB_Selection.py:9: in <module>\n    from Bio.PDB import PDBParser\nE   ModuleNotFoundError: No module named 'Bio'\n____________ ERROR collecting Tests/test_PDB_StructureAlignment.py _____________\nImportError while importing test module '/app/repo_to_process/Tests/test_PDB_StructureAlignment.py'.\nHint: make sure your test modules/packages have valid Python names.\nTraceback:\n/usr/lib/python3.10/importlib/__init__.py:126: in import_module\n    return _bootstrap._gcd_import(name[level:], package, level)\nTests/test_PDB_StructureAlignment.py:15: in <module>\n    from Bio import Align\nE   ModuleNotFoundError: No module named 'Bio'\n_______________ ERROR collecting Tests/test_PDB_Superimposer.py ________________\nImportError while importing test module '/app/repo_to_process/Tests/test_PDB_Superimposer.py'.\nHint: make sure your test modules/packages have valid Python names.\nTraceback:\n/usr/lib/python3.10/importlib/__init__.py:126: in import_module\n    return _bootstrap._gcd_import(name[level:], package, level)\nTests/test_PDB_Superimposer.py:23: in <module>\n    from Bio.PDB import PDBParser\nE   ModuleNotFoundError: No module named 'Bio'\n_______________ ERROR collecting Tests/test_PDB_alphafold_db.py ________________\nImportError while importing test module '/app/repo_to_process/Tests/test_PDB_alphafold_db.py'.\nHint: make sure your test modules/packages have valid Python names.\nTraceback:\n/usr/lib/python3.10/importlib/__init__.py:126: in import_module\n    return _bootstrap._gcd_import(name[level:], package, level)\nTests/test_PDB_alphafold_db.py:5: in <module>\n    import requires_internet\nTests/requires_internet.py:14: in <module>\n    from Bio import MissingExternalDependencyError\nE   ModuleNotFoundError: No module named 'Bio'\n________________ ERROR collecting Tests/test_PDB_binary_cif.py _________________\nImportError while importing test module '/app/repo_to_process/Tests/test_PDB_binary_cif.py'.\nHint: make sure your test modules/packages have valid Python names.\nTraceback:\n/usr/lib/python3.10/importlib/__init__.py:126: in import_module\n    return _bootstrap._gcd_import(name[level:], package, level)\nTests/test_PDB_binary_cif.py:7: in <module>\n    from Bio.PDB import MMCIFParser\nE   ModuleNotFoundError: No module named 'Bio'\n______________ ERROR collecting Tests/test_PDB_internal_coords.py ______________\nImportError while importing test module '/app/repo_to_process/Tests/test_PDB_internal_coords.py'.\nHint: make sure your test modules/packages have valid Python names.\nTraceback:\n/usr/lib/python3.10/importlib/__init__.py:126: in import_module\n    return _bootstrap._gcd_import(name[level:], package, level)\nTests/test_PDB_internal_coords.py:25: in <module>\n    from Bio.File import as_handle\nE   ModuleNotFoundError: No module named 'Bio'\n_____________ ERROR collecting Tests/test_PDB_parse_pdb_header.py ______________\nImportError while importing test module '/app/repo_to_process/Tests/test_PDB_parse_pdb_header.py'.\nHint: make sure your test modules/packages have valid Python names.\nTraceback:\n/usr/lib/python3.10/importlib/__init__.py:126: in import_module\n    return _bootstrap._gcd_import(name[level:], package, level)\nTests/test_PDB_parse_pdb_header.py:22: in <module>\n    from Bio.PDB import PDBParser\nE   ModuleNotFoundError: No module named 'Bio'\n__________________ ERROR collecting Tests/test_PDB_vectors.py __________________\nImportError while importing test module '/app/repo_to_process/Tests/test_PDB_vectors.py'.\nHint: make sure your test modules/packages have valid Python names.\nTraceback:\n/usr/lib/python3.10/importlib/__init__.py:126: in import_module\n    return _bootstrap._gcd_import(name[level:], package, level)\nTests/test_PDB_vectors.py:21: in <module>\n    from Bio.PDB import calc_angle\nE   ModuleNotFoundError: No module named 'Bio'\n______________________ ERROR collecting Tests/test_PQR.py ______________________\nImportError while importing test module '/app/repo_to_process/Tests/test_PQR.py'.\nHint: make sure your test modules/packages have valid Python names.\nTraceback:\n/usr/lib/python3.10/importlib/__init__.py:126: in import_module\n    return _bootstrap._gcd_import(name[level:], package, level)\nTests/test_PQR.py:18: in <module>\n    from Bio.PDB.PDBExceptions import PDBConstructionException\nE   ModuleNotFoundError: No module named 'Bio'\n____________________ ERROR collecting Tests/test_Pathway.py ____________________\nImportError while importing test module '/app/repo_to_process/Tests/test_Pathway.py'.\nHint: make sure your test modules/packages have valid Python names.\nTraceback:\n/usr/lib/python3.10/importlib/__init__.py:126: in import_module\n    return _bootstrap._gcd_import(name[level:], package, level)\nTests/test_Pathway.py:13: in <module>\n    from Bio.Pathway import Reaction\nE   ModuleNotFoundError: No module named 'Bio'\n______________________ ERROR collecting Tests/test_Phd.py ______________________\nImportError while importing test module '/app/repo_to_process/Tests/test_Phd.py'.\nHint: make sure your test modules/packages have valid Python names.\nTraceback:\n/usr/lib/python3.10/importlib/__init__.py:126: in import_module\n    return _bootstrap._gcd_import(name[level:], package, level)\nTests/test_Phd.py:9: in <module>\n    from Bio import SeqIO\nE   ModuleNotFoundError: No module named 'Bio'\n_____________________ ERROR collecting Tests/test_Phylo.py _____________________\nImportError while importing test module '/app/repo_to_process/Tests/test_Phylo.py'.\nHint: make sure your test modules/packages have valid Python names.\nTraceback:\n/usr/lib/python3.10/importlib/__init__.py:126: in import_module\n    return _bootstrap._gcd_import(name[level:], package, level)\nTests/test_Phylo.py:13: in <module>\n    from Bio import Phylo\nE   ModuleNotFoundError: No module named 'Bio'\n___________________ ERROR collecting Tests/test_PhyloXML.py ____________________\nImportError while importing test module '/app/repo_to_process/Tests/test_PhyloXML.py'.\nHint: make sure your test modules/packages have valid Python names.\nTraceback:\n/usr/lib/python3.10/importlib/__init__.py:126: in import_module\n    return _bootstrap._gcd_import(name[level:], package, level)\nTests/test_PhyloXML.py:15: in <module>\n    from Bio.Align import Alignment\nE   ModuleNotFoundError: No module named 'Bio'\n__________________ ERROR collecting Tests/test_Phylo_CDAO.py ___________________\nImportError while importing test module '/app/repo_to_process/Tests/test_Phylo_CDAO.py'.\nHint: make sure your test modules/packages have valid Python names.\nTraceback:\n/usr/lib/python3.10/importlib/__init__.py:126: in import_module\n    return _bootstrap._gcd_import(name[level:], package, level)\nTests/test_Phylo_CDAO.py:13: in <module>\n    import Bio.Phylo as bp\nE   ModuleNotFoundError: No module named 'Bio'\n__________________ ERROR collecting Tests/test_Phylo_NeXML.py __________________\nImportError while importing test module '/app/repo_to_process/Tests/test_Phylo_NeXML.py'.\nHint: make sure your test modules/packages have valid Python names.\nTraceback:\n/usr/lib/python3.10/importlib/__init__.py:126: in import_module\n    return _bootstrap._gcd_import(name[level:], package, level)\nTests/test_Phylo_NeXML.py:14: in <module>\n    from Bio import Phylo\nE   ModuleNotFoundError: No module named 'Bio'\n_________________ ERROR collecting Tests/test_Phylo_igraph.py __________________\nImportError while importing test module '/app/repo_to_process/Tests/test_Phylo_igraph.py'.\nHint: make sure your test modules/packages have valid Python names.\nTraceback:\n/usr/lib/python3.10/importlib/__init__.py:126: in import_module\n    return _bootstrap._gcd_import(name[level:], package, level)\nTests/test_Phylo_igraph.py:12: in <module>\n    from Bio import MissingExternalDependencyError\nE   ModuleNotFoundError: No module named 'Bio'\n_______________ ERROR collecting Tests/test_Phylo_matplotlib.py ________________\nImportError while importing test module '/app/repo_to_process/Tests/test_Phylo_matplotlib.py'.\nHint: make sure your test modules/packages have valid Python names.\nTraceback:\n/usr/lib/python3.10/importlib/__init__.py:126: in import_module\n    return _bootstrap._gcd_import(name[level:], package, level)\nTests/test_Phylo_matplotlib.py:12: in <module>\n    from Bio import MissingExternalDependencyError\nE   ModuleNotFoundError: No module named 'Bio'\n________________ ERROR collecting Tests/test_Phylo_networkx.py _________________\nImportError while importing test module '/app/repo_to_process/Tests/test_Phylo_networkx.py'.\nHint: make sure your test modules/packages have valid Python names.\nTraceback:\n/usr/lib/python3.10/importlib/__init__.py:126: in import_module\n    return _bootstrap._gcd_import(name[level:], package, level)\nTests/test_Phylo_networkx.py:11: in <module>\n    from Bio import MissingExternalDependencyError\nE   ModuleNotFoundError: No module named 'Bio'\n____________ ERROR collecting Tests/test_PopGen_GenePop_nodepend.py ____________\nImportError while importing test module '/app/repo_to_process/Tests/test_PopGen_GenePop_nodepend.py'.\nHint: make sure your test modules/packages have valid Python names.\nTraceback:\n/usr/lib/python3.10/importlib/__init__.py:126: in import_module\n    return _bootstrap._gcd_import(name[level:], package, level)\nTests/test_PopGen_GenePop_nodepend.py:13: in <module>\n    from Bio.PopGen import GenePop\nE   ModuleNotFoundError: No module named 'Bio'\n___________________ ERROR collecting Tests/test_ProtParam.py ___________________\nImportError while importing test module '/app/repo_to_process/Tests/test_ProtParam.py'.\nHint: make sure your test modules/packages have valid Python names.\nTraceback:\n/usr/lib/python3.10/importlib/__init__.py:126: in import_module\n    return _bootstrap._gcd_import(name[level:], package, level)\nTests/test_ProtParam.py:12: in <module>\n    from Bio import BiopythonDeprecationWarning\nE   ModuleNotFoundError: No module named 'Bio'\n__________________ ERROR collecting Tests/test_RCSBFormats.py __________________\nImportError while importing test module '/app/repo_to_process/Tests/test_RCSBFormats.py'.\nHint: make sure your test modules/packages have valid Python names.\nTraceback:\n/usr/lib/python3.10/importlib/__init__.py:126: in import_module\n    return _bootstrap._gcd_import(name[level:], package, level)\nTests/test_RCSBFormats.py:28: in <module>\n    from Bio.PDB import PDBParser\nE   ModuleNotFoundError: No module named 'Bio'\n__________________ ERROR collecting Tests/test_Restriction.py __________________\nImportError while importing test module '/app/repo_to_process/Tests/test_Restriction.py'.\nHint: make sure your test modules/packages have valid Python names.\nTraceback:\n/usr/lib/python3.10/importlib/__init__.py:126: in import_module\n    return _bootstrap._gcd_import(name[level:], package, level)\nTests/test_Restriction.py:10: in <module>\n    from Bio import BiopythonWarning\nE   ModuleNotFoundError: No module named 'Bio'\n__________________ ERROR collecting Tests/test_SCOP_Astral.py __________________\nImportError while importing test module '/app/repo_to_process/Tests/test_SCOP_Astral.py'.\nHint: make sure your test modules/packages have valid Python names.\nTraceback:\n/usr/lib/python3.10/importlib/__init__.py:126: in import_module\n    return _bootstrap._gcd_import(name[level:], package, level)\nTests/test_SCOP_Astral.py:10: in <module>\n    from Bio.SCOP import Astral\nE   ModuleNotFoundError: No module named 'Bio'\n___________________ ERROR collecting Tests/test_SCOP_Cla.py ____________________\nImportError while importing test module '/app/repo_to_process/Tests/test_SCOP_Cla.py'.\nHint: make sure your test modules/packages have valid Python names.\nTraceback:\n/usr/lib/python3.10/importlib/__init__.py:126: in import_module\n    return _bootstrap._gcd_import(name[level:], package, level)\nTests/test_SCOP_Cla.py:12: in <module>\n    from Bio.SCOP import Cla\nE   ModuleNotFoundError: No module named 'Bio'\n___________________ ERROR collecting Tests/test_SCOP_Des.py ____________________\nImportError while importing test module '/app/repo_to_process/Tests/test_SCOP_Des.py'.\nHint: make sure your test modules/packages have valid Python names.\nTraceback:\n/usr/lib/python3.10/importlib/__init__.py:126: in import_module\n    return _bootstrap._gcd_import(name[level:], package, level)\nTests/test_SCOP_Des.py:10: in <module>\n    from Bio.SCOP import Des\nE   ModuleNotFoundError: No module named 'Bio'\n___________________ ERROR collecting Tests/test_SCOP_Dom.py ____________________\nImportError while importing test module '/app/repo_to_process/Tests/test_SCOP_Dom.py'.\nHint: make sure your test modules/packages have valid Python names.\nTraceback:\n/usr/lib/python3.10/importlib/__init__.py:126: in import_module\n    return _bootstrap._gcd_import(name[level:], package, level)\nTests/test_SCOP_Dom.py:13: in <module>\n    from Bio.SCOP import Dom\nE   ModuleNotFoundError: No module named 'Bio'\n___________________ ERROR collecting Tests/test_SCOP_Hie.py ____________________\nImportError while importing test module '/app/repo_to_process/Tests/test_SCOP_Hie.py'.\nHint: make sure your test modules/packages have valid Python names.\nTraceback:\n/usr/lib/python3.10/importlib/__init__.py:126: in import_module\n    return _bootstrap._gcd_import(name[level:], package, level)\nTests/test_SCOP_Hie.py:10: in <module>\n    from Bio.SCOP import Hie\nE   ModuleNotFoundError: No module named 'Bio'\n___________________ ERROR collecting Tests/test_SCOP_Raf.py ____________________\nImportError while importing test module '/app/repo_to_process/Tests/test_SCOP_Raf.py'.\nHint: make sure your test modules/packages have valid Python names.\nTraceback:\n/usr/lib/python3.10/importlib/__init__.py:126: in import_module\n    return _bootstrap._gcd_import(name[level:], package, level)\nTests/test_SCOP_Raf.py:11: in <module>\n    from Bio.SCOP import Raf\nE   ModuleNotFoundError: No module named 'Bio'\n_________________ ERROR collecting Tests/test_SCOP_Residues.py _________________\nImportError while importing test module '/app/repo_to_process/Tests/test_SCOP_Residues.py'.\nHint: make sure your test modules/packages have valid Python names.\nTraceback:\n/usr/lib/python3.10/importlib/__init__.py:126: in import_module\n    return _bootstrap._gcd_import(name[level:], package, level)\nTests/test_SCOP_Residues.py:10: in <module>\n    from Bio.SCOP.Residues import Residues\nE   ModuleNotFoundError: No module named 'Bio'\n___________________ ERROR collecting Tests/test_SCOP_Scop.py ___________________\nImportError while importing test module '/app/repo_to_process/Tests/test_SCOP_Scop.py'.\nHint: make sure your test modules/packages have valid Python names.\nTraceback:\n/usr/lib/python3.10/importlib/__init__.py:126: in import_module\n    return _bootstrap._gcd_import(name[level:], package, level)\nTests/test_SCOP_Scop.py:13: in <module>\n    from Bio.SCOP import cmp_sccs\nE   ModuleNotFoundError: No module named 'Bio'\n________________ ERROR collecting Tests/test_SVDSuperimposer.py ________________\nImportError while importing test module '/app/repo_to_process/Tests/test_SVDSuperimposer.py'.\nHint: make sure your test modules/packages have valid Python names.\nTraceback:\n/usr/lib/python3.10/importlib/__init__.py:126: in import_module\n    return _bootstrap._gcd_import(name[level:], package, level)\nTests/test_SVDSuperimposer.py:24: in <module>\n    from Bio.SVDSuperimposer import SVDSuperimposer\nE   ModuleNotFoundError: No module named 'Bio'\n______________ ERROR collecting Tests/test_SearchIO_blast_tab.py _______________\nImportError while importing test module '/app/repo_to_process/Tests/test_SearchIO_blast_tab.py'.\nHint: make sure your test modules/packages have valid Python names.\nTraceback:\n/usr/lib/python3.10/importlib/__init__.py:126: in import_module\n    return _bootstrap._gcd_import(name[level:], package, level)\nTests/test_SearchIO_blast_tab.py:11: in <module>\n    from Bio.SearchIO import parse\nE   ModuleNotFoundError: No module named 'Bio'\n___________ ERROR collecting Tests/test_SearchIO_blast_tab_index.py ____________\nImportError while importing test module '/app/repo_to_process/Tests/test_SearchIO_blast_tab_index.py'.\nHint: make sure your test modules/packages have valid Python names.\nTraceback:\n/usr/lib/python3.10/importlib/__init__.py:126: in import_module\n    return _bootstrap._gcd_import(name[level:], package, level)\nTests/test_SearchIO_blast_tab_index.py:10: in <module>\n    from search_tests_common import CheckIndex\nTests/search_tests_common.py:18: in <module>\n    from Bio import SearchIO\nE   ModuleNotFoundError: No module named 'Bio'\n______________ ERROR collecting Tests/test_SearchIO_blast_xml.py _______________\nImportError while importing test module '/app/repo_to_process/Tests/test_SearchIO_blast_xml.py'.\nHint: make sure your test modules/packages have valid Python names.\nTraceback:\n/usr/lib/python3.10/importlib/__init__.py:126: in import_module\n    return _bootstrap._gcd_import(name[level:], package, level)\nTests/test_SearchIO_blast_xml.py:12: in <module>\n    from Bio import BiopythonParserWarning\nE   ModuleNotFoundError: No module named 'Bio'\n___________ ERROR collecting Tests/test_SearchIO_blast_xml_index.py ____________\nImportError while importing test module '/app/repo_to_process/Tests/test_SearchIO_blast_xml_index.py'.\nHint: make sure your test modules/packages have valid Python names.\nTraceback:\n/usr/lib/python3.10/importlib/__init__.py:126: in import_module\n    return _bootstrap._gcd_import(name[level:], package, level)\nTests/test_SearchIO_blast_xml_index.py:10: in <module>\n    from search_tests_common import CheckIndex\nTests/search_tests_common.py:18: in <module>\n    from Bio import SearchIO\nE   ModuleNotFoundError: No module named 'Bio'\n_______________ ERROR collecting Tests/test_SearchIO_blat_psl.py _______________\nImportError while importing test module '/app/repo_to_process/Tests/test_SearchIO_blat_psl.py'.\nHint: make sure your test modules/packages have valid Python names.\nTraceback:\n/usr/lib/python3.10/importlib/__init__.py:126: in import_module\n    return _bootstrap._gcd_import(name[level:], package, level)\nTests/test_SearchIO_blat_psl.py:11: in <module>\n    from Bio.SearchIO import parse\nE   ModuleNotFoundError: No module named 'Bio'\n____________ ERROR collecting Tests/test_SearchIO_blat_psl_index.py ____________\nImportError while importing test module '/app/repo_to_process/Tests/test_SearchIO_blat_psl_index.py'.\nHint: make sure your test modules/packages have valid Python names.\nTraceback:\n/usr/lib/python3.10/importlib/__init__.py:126: in import_module\n    return _bootstrap._gcd_import(name[level:], package, level)\nTests/test_SearchIO_blat_psl_index.py:11: in <module>\n    from search_tests_common import CheckIndex\nTests/search_tests_common.py:18: in <module>\n    from Bio import SearchIO\nE   ModuleNotFoundError: No module named 'Bio'\n______________ ERROR collecting Tests/test_SearchIO_exonerate.py _______________\nImportError while importing test module '/app/repo_to_process/Tests/test_SearchIO_exonerate.py'.\nHint: make sure your test modules/packages have valid Python names.\nTraceback:\n/usr/lib/python3.10/importlib/__init__.py:126: in import_module\n    return _bootstrap._gcd_import(name[level:], package, level)\nTests/test_SearchIO_exonerate.py:11: in <module>\n    from Bio.SearchIO import parse\nE   ModuleNotFoundError: No module named 'Bio'\n_________ ERROR collecting Tests/test_SearchIO_exonerate_text_index.py _________\nImportError while importing test module '/app/repo_to_process/Tests/test_SearchIO_exonerate_text_index.py'.\nHint: make sure your test modules/packages have valid Python names.\nTraceback:\n/usr/lib/python3.10/importlib/__init__.py:126: in import_module\n    return _bootstrap._gcd_import(name[level:], package, level)\nTests/test_SearchIO_exonerate_text_index.py:11: in <module>\n    from search_tests_common import CheckIndex\nTests/search_tests_common.py:18: in <module>\n    from Bio import SearchIO\nE   ModuleNotFoundError: No module named 'Bio'\n________ ERROR collecting Tests/test_SearchIO_exonerate_vulgar_index.py ________\nImportError while importing test module '/app/repo_to_process/Tests/test_SearchIO_exonerate_vulgar_index.py'.\nHint: make sure your test modules/packages have valid Python names.\nTraceback:\n/usr/lib/python3.10/importlib/__init__.py:126: in import_module\n    return _bootstrap._gcd_import(name[level:], package, level)\nTests/test_SearchIO_exonerate_vulgar_index.py:11: in <module>\n    from search_tests_common import CheckIndex\nTests/search_tests_common.py:18: in <module>\n    from Bio import SearchIO\nE   ModuleNotFoundError: No module named 'Bio'\n______________ ERROR collecting Tests/test_SearchIO_fasta_m10.py _______________\nImportError while importing test module '/app/repo_to_process/Tests/test_SearchIO_fasta_m10.py'.\nHint: make sure your test modules/packages have valid Python names.\nTraceback:\n/usr/lib/python3.10/importlib/__init__.py:126: in import_module\n    return _bootstrap._gcd_import(name[level:], package, level)\nTests/test_SearchIO_fasta_m10.py:11: in <module>\n    from Bio.SearchIO import parse\nE   ModuleNotFoundError: No module named 'Bio'\n___________ ERROR collecting Tests/test_SearchIO_fasta_m10_index.py ____________\nImportError while importing test module '/app/repo_to_process/Tests/test_SearchIO_fasta_m10_index.py'.\nHint: make sure your test modules/packages have valid Python names.\nTraceback:\n/usr/lib/python3.10/importlib/__init__.py:126: in import_module\n    return _bootstrap._gcd_import(name[level:], package, level)\nTests/test_SearchIO_fasta_m10_index.py:11: in <module>\n    from search_tests_common import CheckIndex\nTests/search_tests_common.py:18: in <module>\n    from Bio import SearchIO\nE   ModuleNotFoundError: No module named 'Bio'\n____________ ERROR collecting Tests/test_SearchIO_hhsuite2_text.py _____________\nImportError while importing test module '/app/repo_to_process/Tests/test_SearchIO_hhsuite2_text.py'.\nHint: make sure your test modules/packages have valid Python names.\nTraceback:\n/usr/lib/python3.10/importlib/__init__.py:126: in import_module\n    return _bootstrap._gcd_import(name[level:], package, level)\nTests/test_SearchIO_hhsuite2_text.py:11: in <module>\n    from Bio.SearchIO import parse\nE   ModuleNotFoundError: No module named 'Bio'\n_____________ ERROR collecting Tests/test_SearchIO_hmmer2_text.py ______________\nImportError while importing test module '/app/repo_to_process/Tests/test_SearchIO_hmmer2_text.py'.\nHint: make sure your test modules/packages have valid Python names.\nTraceback:\n/usr/lib/python3.10/importlib/__init__.py:126: in import_module\n    return _bootstrap._gcd_import(name[level:], package, level)\nTests/test_SearchIO_hmmer2_text.py:12: in <module>\n    from Bio.SearchIO import parse\nE   ModuleNotFoundError: No module named 'Bio'\n__________ ERROR collecting Tests/test_SearchIO_hmmer2_text_index.py ___________\nImportError while importing test module '/app/repo_to_process/Tests/test_SearchIO_hmmer2_text_index.py'.\nHint: make sure your test modules/packages have valid Python names.\nTraceback:\n/usr/lib/python3.10/importlib/__init__.py:126: in import_module\n    return _bootstrap._gcd_import(name[level:], package, level)\nTests/test_SearchIO_hmmer2_text_index.py:11: in <module>\n    from search_tests_common import CheckIndex\nTests/search_tests_common.py:18: in <module>\n    from Bio import SearchIO\nE   ModuleNotFoundError: No module named 'Bio'\n____________ ERROR collecting Tests/test_SearchIO_hmmer3_domtab.py _____________\nImportError while importing test module '/app/repo_to_process/Tests/test_SearchIO_hmmer3_domtab.py'.\nHint: make sure your test modules/packages have valid Python names.\nTraceback:\n/usr/lib/python3.10/importlib/__init__.py:126: in import_module\n    return _bootstrap._gcd_import(name[level:], package, level)\nTests/test_SearchIO_hmmer3_domtab.py:11: in <module>\n    from Bio.SearchIO import parse\nE   ModuleNotFoundError: No module named 'Bio'\n_________ ERROR collecting Tests/test_SearchIO_hmmer3_domtab_index.py __________\nImportError while importing test module '/app/repo_to_process/Tests/test_SearchIO_hmmer3_domtab_index.py'.\nHint: make sure your test modules/packages have valid Python names.\nTraceback:\n/usr/lib/python3.10/importlib/__init__.py:126: in import_module\n    return _bootstrap._gcd_import(name[level:], package, level)\nTests/test_SearchIO_hmmer3_domtab_index.py:11: in <module>\n    from search_tests_common import CheckIndex\nTests/search_tests_common.py:18: in <module>\n    from Bio import SearchIO\nE   ModuleNotFoundError: No module named 'Bio'\n______________ ERROR collecting Tests/test_SearchIO_hmmer3_tab.py ______________\nImportError while importing test module '/app/repo_to_process/Tests/test_SearchIO_hmmer3_tab.py'.\nHint: make sure your test modules/packages have valid Python names.\nTraceback:\n/usr/lib/python3.10/importlib/__init__.py:126: in import_module\n    return _bootstrap._gcd_import(name[level:], package, level)\nTests/test_SearchIO_hmmer3_tab.py:11: in <module>\n    from Bio.SearchIO import parse\nE   ModuleNotFoundError: No module named 'Bio'\n___________ ERROR collecting Tests/test_SearchIO_hmmer3_tab_index.py ___________\nImportError while importing test module '/app/repo_to_process/Tests/test_SearchIO_hmmer3_tab_index.py'.\nHint: make sure your test modules/packages have valid Python names.\nTraceback:\n/usr/lib/python3.10/importlib/__init__.py:126: in import_module\n    return _bootstrap._gcd_import(name[level:], package, level)\nTests/test_SearchIO_hmmer3_tab_index.py:11: in <module>\n    from search_tests_common import CheckIndex\nTests/search_tests_common.py:18: in <module>\n    from Bio import SearchIO\nE   ModuleNotFoundError: No module named 'Bio'\n_____________ ERROR collecting Tests/test_SearchIO_hmmer3_text.py ______________\nImportError while importing test module '/app/repo_to_process/Tests/test_SearchIO_hmmer3_text.py'.\nHint: make sure your test modules/packages have valid Python names.\nTraceback:\n/usr/lib/python3.10/importlib/__init__.py:126: in import_module\n    return _bootstrap._gcd_import(name[level:], package, level)\nTests/test_SearchIO_hmmer3_text.py:11: in <module>\n    from Bio.SearchIO import parse\nE   ModuleNotFoundError: No module named 'Bio'\n__________ ERROR collecting Tests/test_SearchIO_hmmer3_text_index.py ___________\nImportError while importing test module '/app/repo_to_process/Tests/test_SearchIO_hmmer3_text_index.py'.\nHint: make sure your test modules/packages have valid Python names.\nTraceback:\n/usr/lib/python3.10/importlib/__init__.py:126: in import_module\n    return _bootstrap._gcd_import(name[level:], package, level)\nTests/test_SearchIO_hmmer3_text_index.py:10: in <module>\n    from search_tests_common import CheckIndex\nTests/search_tests_common.py:18: in <module>\n    from Bio import SearchIO\nE   ModuleNotFoundError: No module named 'Bio'\n_____________ ERROR collecting Tests/test_SearchIO_infernal_tab.py _____________\nImportError while importing test module '/app/repo_to_process/Tests/test_SearchIO_infernal_tab.py'.\nHint: make sure your test modules/packages have valid Python names.\nTraceback:\n/usr/lib/python3.10/importlib/__init__.py:126: in import_module\n    return _bootstrap._gcd_import(name[level:], package, level)\nTests/test_SearchIO_infernal_tab.py:15: in <module>\n    from Bio.SearchIO import parse\nE   ModuleNotFoundError: No module named 'Bio'\n__________ ERROR collecting Tests/test_SearchIO_infernal_tab_index.py __________\nImportError while importing test module '/app/repo_to_process/Tests/test_SearchIO_infernal_tab_index.py'.\nHint: make sure your test modules/packages have valid Python names.\nTraceback:\n/usr/lib/python3.10/importlib/__init__.py:126: in import_module\n    return _bootstrap._gcd_import(name[level:], package, level)\nTests/test_SearchIO_infernal_tab_index.py:14: in <module>\n    from search_tests_common import CheckIndex\nTests/search_tests_common.py:18: in <module>\n    from Bio import SearchIO\nE   ModuleNotFoundError: No module named 'Bio'\n____________ ERROR collecting Tests/test_SearchIO_infernal_text.py _____________\nImportError while importing test module '/app/repo_to_process/Tests/test_SearchIO_infernal_text.py'.\nHint: make sure your test modules/packages have valid Python names.\nTraceback:\n/usr/lib/python3.10/importlib/__init__.py:126: in import_module\n    return _bootstrap._gcd_import(name[level:], package, level)\nTests/test_SearchIO_infernal_text.py:14: in <module>\n    from Bio.SearchIO import parse\nE   ModuleNotFoundError: No module named 'Bio'\n_________ ERROR collecting Tests/test_SearchIO_infernal_text_index.py __________\nImportError while importing test module '/app/repo_to_process/Tests/test_SearchIO_infernal_text_index.py'.\nHint: make sure your test modules/packages have valid Python names.\nTraceback:\n/usr/lib/python3.10/importlib/__init__.py:126: in import_module\n    return _bootstrap._gcd_import(name[level:], package, level)\nTests/test_SearchIO_infernal_text_index.py:15: in <module>\n    from search_tests_common import CheckIndex\nTests/search_tests_common.py:18: in <module>\n    from Bio import SearchIO\nE   ModuleNotFoundError: No module named 'Bio'\n___________ ERROR collecting Tests/test_SearchIO_interproscan_xml.py ___________\nImportError while importing test module '/app/repo_to_process/Tests/test_SearchIO_interproscan_xml.py'.\nHint: make sure your test modules/packages have valid Python names.\nTraceback:\n/usr/lib/python3.10/importlib/__init__.py:126: in import_module\n    return _bootstrap._gcd_import(name[level:], package, level)\nTests/test_SearchIO_interproscan_xml.py:10: in <module>\n    from Bio.SearchIO import parse\nE   ModuleNotFoundError: No module named 'Bio'\n________________ ERROR collecting Tests/test_SearchIO_model.py _________________\nImportError while importing test module '/app/repo_to_process/Tests/test_SearchIO_model.py'.\nHint: make sure your test modules/packages have valid Python names.\nTraceback:\n/usr/lib/python3.10/importlib/__init__.py:126: in import_module\n    return _bootstrap._gcd_import(name[level:], package, level)\nTests/test_SearchIO_model.py:19: in <module>\n    from search_tests_common import SearchTestBaseClass\nTests/search_tests_common.py:18: in <module>\n    from Bio import SearchIO\nE   ModuleNotFoundError: No module named 'Bio'\n________________ ERROR collecting Tests/test_SearchIO_write.py _________________\nImportError while importing test module '/app/repo_to_process/Tests/test_SearchIO_write.py'.\nHint: make sure your test modules/packages have valid Python names.\nTraceback:\n/usr/lib/python3.10/importlib/__init__.py:126: in import_module\n    return _bootstrap._gcd_import(name[level:], package, level)\nTests/test_SearchIO_write.py:11: in <module>\n    from search_tests_common import SearchTestBaseClass\nTests/search_tests_common.py:18: in <module>\n    from Bio import SearchIO\nE   ModuleNotFoundError: No module named 'Bio'\n__________________ ERROR collecting Tests/test_SeqFeature.py ___________________\nImportError while importing test module '/app/repo_to_process/Tests/test_SeqFeature.py'.\nHint: make sure your test modules/packages have valid Python names.\nTraceback:\n/usr/lib/python3.10/importlib/__init__.py:126: in import_module\n    return _bootstrap._gcd_import(name[level:], package, level)\nTests/test_SeqFeature.py:14: in <module>\n    from Bio import BiopythonParserWarning\nE   ModuleNotFoundError: No module named 'Bio'\n_____________________ ERROR collecting Tests/test_SeqIO.py _____________________\nImportError while importing test module '/app/repo_to_process/Tests/test_SeqIO.py'.\nHint: make sure your test modules/packages have valid Python names.\nTraceback:\n/usr/lib/python3.10/importlib/__init__.py:126: in import_module\n    return _bootstrap._gcd_import(name[level:], package, level)\nTests/test_SeqIO.py:16: in <module>\n    from Bio import AlignIO\nE   ModuleNotFoundError: No module named 'Bio'\n__________________ ERROR collecting Tests/test_SeqIO_AbiIO.py __________________\nImportError while importing test module '/app/repo_to_process/Tests/test_SeqIO_AbiIO.py'.\nHint: make sure your test modules/packages have valid Python names.\nTraceback:\n/usr/lib/python3.10/importlib/__init__.py:126: in import_module\n    return _bootstrap._gcd_import(name[level:], package, level)\nTests/test_SeqIO_AbiIO.py:11: in <module>\n    from Bio import SeqIO\nE   ModuleNotFoundError: No module named 'Bio'\n_________________ ERROR collecting Tests/test_SeqIO_FastaIO.py _________________\nImportError while importing test module '/app/repo_to_process/Tests/test_SeqIO_FastaIO.py'.\nHint: make sure your test modules/packages have valid Python names.\nTraceback:\n/usr/lib/python3.10/importlib/__init__.py:126: in import_module\n    return _bootstrap._gcd_import(name[level:], package, level)\nTests/test_SeqIO_FastaIO.py:11: in <module>\n    from Bio import SeqIO\nE   ModuleNotFoundError: No module named 'Bio'\n___________________ ERROR collecting Tests/test_SeqIO_Gck.py ___________________\nImportError while importing test module '/app/repo_to_process/Tests/test_SeqIO_Gck.py'.\nHint: make sure your test modules/packages have valid Python names.\nTraceback:\n/usr/lib/python3.10/importlib/__init__.py:126: in import_module\n    return _bootstrap._gcd_import(name[level:], package, level)\nTests/test_SeqIO_Gck.py:12: in <module>\n    from Bio import SeqIO\nE   ModuleNotFoundError: No module named 'Bio'\n___________________ ERROR collecting Tests/test_SeqIO_Gfa.py ___________________\nImportError while importing test module '/app/repo_to_process/Tests/test_SeqIO_Gfa.py'.\nHint: make sure your test modules/packages have valid Python names.\nTraceback:\n/usr/lib/python3.10/importlib/__init__.py:126: in import_module\n    return _bootstrap._gcd_import(name[level:], package, level)\nTests/test_SeqIO_Gfa.py:5: in <module>\n    from Bio import BiopythonWarning\nE   ModuleNotFoundError: No module named 'Bio'\n__________________ ERROR collecting Tests/test_SeqIO_Insdc.py __________________\nImportError while importing test module '/app/repo_to_process/Tests/test_SeqIO_Insdc.py'.\nHint: make sure your test modules/packages have valid Python names.\nTraceback:\n/usr/lib/python3.10/importlib/__init__.py:126: in import_module\n    return _bootstrap._gcd_import(name[level:], package, level)\nTests/test_SeqIO_Insdc.py:11: in <module>\n    from seq_tests_common import SeqRecordTestBaseClass\nTests/seq_tests_common.py:10: in <module>\n    from test_SeqIO import SeqIOTestBaseClass\nTests/test_SeqIO.py:16: in <module>\n    from Bio import AlignIO\nE   ModuleNotFoundError: No module named 'Bio'\n__________________ ERROR collecting Tests/test_SeqIO_NibIO.py __________________\nImportError while importing test module '/app/repo_to_process/Tests/test_SeqIO_NibIO.py'.\nHint: make sure your test modules/packages have valid Python names.\nTraceback:\n/usr/lib/python3.10/importlib/__init__.py:126: in import_module\n    return _bootstrap._gcd_import(name[level:], package, level)\nTests/test_SeqIO_NibIO.py:6: in <module>\n    from Bio import SeqIO\nE   ModuleNotFoundError: No module named 'Bio'\n__________________ ERROR collecting Tests/test_SeqIO_PdbIO.py __________________\nImportError while importing test module '/app/repo_to_process/Tests/test_SeqIO_PdbIO.py'.\nHint: make sure your test modules/packages have valid Python names.\nTraceback:\n/usr/lib/python3.10/importlib/__init__.py:126: in import_module\n    return _bootstrap._gcd_import(name[level:], package, level)\nTests/test_SeqIO_PdbIO.py:25: in <module>\n    from Bio import BiopythonParserWarning\nE   ModuleNotFoundError: No module named 'Bio'\n________________ ERROR collecting Tests/test_SeqIO_QualityIO.py ________________\nImportError while importing test module '/app/repo_to_process/Tests/test_SeqIO_QualityIO.py'.\nHint: make sure your test modules/packages have valid Python names.\nTraceback:\n/usr/lib/python3.10/importlib/__init__.py:126: in import_module\n    return _bootstrap._gcd_import(name[level:], package, level)\nTests/test_SeqIO_QualityIO.py:13: in <module>\n    from test_SeqIO import SeqIOConverterTestBaseClass\nTests/test_SeqIO.py:16: in <module>\n    from Bio import AlignIO\nE   ModuleNotFoundError: No module named 'Bio'\n_________________ ERROR collecting Tests/test_SeqIO_SeqXML.py __________________\nImportError while importing test module '/app/repo_to_process/Tests/test_SeqIO_SeqXML.py'.\nHint: make sure your test modules/packages have valid Python names.\nTraceback:\n/usr/lib/python3.10/importlib/__init__.py:126: in import_module\n    return _bootstrap._gcd_import(name[level:], package, level)\nTests/test_SeqIO_SeqXML.py:10: in <module>\n    from Bio import SeqIO\nE   ModuleNotFoundError: No module named 'Bio'\n__________________ ERROR collecting Tests/test_SeqIO_SffIO.py __________________\nImportError while importing test module '/app/repo_to_process/Tests/test_SeqIO_SffIO.py'.\nHint: make sure your test modules/packages have valid Python names.\nTraceback:\n/usr/lib/python3.10/importlib/__init__.py:126: in import_module\n    return _bootstrap._gcd_import(name[level:], package, level)\nTests/test_SeqIO_SffIO.py:13: in <module>\n    from Bio import SeqIO\nE   ModuleNotFoundError: No module named 'Bio'\n________________ ERROR collecting Tests/test_SeqIO_SnapGene.py _________________\nImportError while importing test module '/app/repo_to_process/Tests/test_SeqIO_SnapGene.py'.\nHint: make sure your test modules/packages have valid Python names.\nTraceback:\n/usr/lib/python3.10/importlib/__init__.py:126: in import_module\n    return _bootstrap._gcd_import(name[level:], package, level)\nTests/test_SeqIO_SnapGene.py:13: in <module>\n    from Bio import SeqIO\nE   ModuleNotFoundError: No module named 'Bio'\n________________ ERROR collecting Tests/test_SeqIO_TwoBitIO.py _________________\nImportError while importing test module '/app/repo_to_process/Tests/test_SeqIO_TwoBitIO.py'.\nHint: make sure your test modules/packages have valid Python names.\nTraceback:\n/usr/lib/python3.10/importlib/__init__.py:126: in import_module\n    return _bootstrap._gcd_import(name[level:], package, level)\nTests/test_SeqIO_TwoBitIO.py:5: in <module>\n    from Bio import SeqIO\nE   ModuleNotFoundError: No module named 'Bio'\n________________ ERROR collecting Tests/test_SeqIO_UniprotIO.py ________________\nImportError while importing test module '/app/repo_to_process/Tests/test_SeqIO_UniprotIO.py'.\nHint: make sure your test modules/packages have valid Python names.\nTraceback:\n/usr/lib/python3.10/importlib/__init__.py:126: in import_module\n    return _bootstrap._gcd_import(name[level:], package, level)\nTests/test_SeqIO_UniprotIO.py:11: in <module>\n    from seq_tests_common import SeqRecordTestBaseClass\nTests/seq_tests_common.py:10: in <module>\n    from test_SeqIO import SeqIOTestBaseClass\nTests/test_SeqIO.py:16: in <module>\n    from Bio import AlignIO\nE   ModuleNotFoundError: No module named 'Bio'\n__________________ ERROR collecting Tests/test_SeqIO_Xdna.py ___________________\nImportError while importing test module '/app/repo_to_process/Tests/test_SeqIO_Xdna.py'.\nHint: make sure your test modules/packages have valid Python names.\nTraceback:\n/usr/lib/python3.10/importlib/__init__.py:126: in import_module\n    return _bootstrap._gcd_import(name[level:], package, level)\nTests/test_SeqIO_Xdna.py:12: in <module>\n    from Bio import BiopythonWarning\nE   ModuleNotFoundError: No module named 'Bio'\n________________ ERROR collecting Tests/test_SeqIO_features.py _________________\nImportError while importing test module '/app/repo_to_process/Tests/test_SeqIO_features.py'.\nHint: make sure your test modules/packages have valid Python names.\nTraceback:\n/usr/lib/python3.10/importlib/__init__.py:126: in import_module\n    return _bootstrap._gcd_import(name[level:], package, level)\nTests/test_SeqIO_features.py:17: in <module>\n    from test_SeqIO import SeqIOTestBaseClass\nTests/test_SeqIO.py:16: in <module>\n    from Bio import AlignIO\nE   ModuleNotFoundError: No module named 'Bio'\n__________________ ERROR collecting Tests/test_SeqIO_index.py __________________\nImportError while importing test module '/app/repo_to_process/Tests/test_SeqIO_index.py'.\nHint: make sure your test modules/packages have valid Python names.\nTraceback:\n/usr/lib/python3.10/importlib/__init__.py:126: in import_module\n    return _bootstrap._gcd_import(name[level:], package, level)\nTests/test_SeqIO_index.py:23: in <module>\n    from seq_tests_common import SeqRecordTestBaseClass\nTests/seq_tests_common.py:10: in <module>\n    from test_SeqIO import SeqIOTestBaseClass\nTests/test_SeqIO.py:16: in <module>\n    from Bio import AlignIO\nE   ModuleNotFoundError: No module named 'Bio'\n_________________ ERROR collecting Tests/test_SeqIO_online.py __________________\nImportError while importing test module '/app/repo_to_process/Tests/test_SeqIO_online.py'.\nHint: make sure your test modules/packages have valid Python names.\nTraceback:\n/usr/lib/python3.10/importlib/__init__.py:126: in import_module\n    return _bootstrap._gcd_import(name[level:], package, level)\nTests/test_SeqIO_online.py:19: in <module>\n    import requires_internet\nTests/requires_internet.py:14: in <module>\n    from Bio import MissingExternalDependencyError\nE   ModuleNotFoundError: No module named 'Bio'\n__________________ ERROR collecting Tests/test_SeqIO_write.py __________________\nImportError while importing test module '/app/repo_to_process/Tests/test_SeqIO_write.py'.\nHint: make sure your test modules/packages have valid Python names.\nTraceback:\n/usr/lib/python3.10/importlib/__init__.py:126: in import_module\n    return _bootstrap._gcd_import(name[level:], package, level)\nTests/test_SeqIO_write.py:13: in <module>\n    from test_SeqIO import SeqIOTestBaseClass\nTests/test_SeqIO.py:16: in <module>\n    from Bio import AlignIO\nE   ModuleNotFoundError: No module named 'Bio'\n___________________ ERROR collecting Tests/test_SeqRecord.py ___________________\nImportError while importing test module '/app/repo_to_process/Tests/test_SeqRecord.py'.\nHint: make sure your test modules/packages have valid Python names.\nTraceback:\n/usr/lib/python3.10/importlib/__init__.py:126: in import_module\n    return _bootstrap._gcd_import(name[level:], package, level)\nTests/test_SeqRecord.py:18: in <module>\n    from Bio import SeqIO\nE   ModuleNotFoundError: No module named 'Bio'\n___________________ ERROR collecting Tests/test_SeqUtils.py ____________________\nImportError while importing test module '/app/repo_to_process/Tests/test_SeqUtils.py'.\nHint: make sure your test modules/packages have valid Python names.\nTraceback:\n/usr/lib/python3.10/importlib/__init__.py:126: in import_module\n    return _bootstrap._gcd_import(name[level:], package, level)\nTests/test_SeqUtils.py:11: in <module>\n    from Bio import SeqIO\nE   ModuleNotFoundError: No module named 'Bio'\n___________________ ERROR collecting Tests/test_Seq_objs.py ____________________\nImportError while importing test module '/app/repo_to_process/Tests/test_Seq_objs.py'.\nHint: make sure your test modules/packages have valid Python names.\nTraceback:\n/usr/lib/python3.10/importlib/__init__.py:126: in import_module\n    return _bootstrap._gcd_import(name[level:], package, level)\nTests/test_Seq_objs.py:11: in <module>\n    from Bio import BiopythonWarning\nE   ModuleNotFoundError: No module named 'Bio'\n___________________ ERROR collecting Tests/test_SwissProt.py ___________________\nImportError while importing test module '/app/repo_to_process/Tests/test_SwissProt.py'.\nHint: make sure your test modules/packages have valid Python names.\nTraceback:\n/usr/lib/python3.10/importlib/__init__.py:126: in import_module\n    return _bootstrap._gcd_import(name[level:], package, level)\nTests/test_SwissProt.py:11: in <module>\n    from Bio import SeqIO\nE   ModuleNotFoundError: No module named 'Bio'\n____________________ ERROR collecting Tests/test_TogoWS.py _____________________\nImportError while importing test module '/app/repo_to_process/Tests/test_TogoWS.py'.\nHint: make sure your test modules/packages have valid Python names.\nTraceback:\n/usr/lib/python3.10/importlib/__init__.py:126: in import_module\n    return _bootstrap._gcd_import(name[level:], package, level)\nTests/test_TogoWS.py:13: in <module>\n    import requires_internet\nTests/requires_internet.py:14: in <module>\n    from Bio import MissingExternalDependencyError\nE   ModuleNotFoundError: No module named 'Bio'\n_______________ ERROR collecting Tests/test_TreeConstruction.py ________________\nImportError while importing test module '/app/repo_to_process/Tests/test_TreeConstruction.py'.\nHint: make sure your test modules/packages have valid Python names.\nTraceback:\n/usr/lib/python3.10/importlib/__init__.py:126: in import_module\n    return _bootstrap._gcd_import(name[level:], package, level)\nTests/test_TreeConstruction.py:14: in <module>\n    from Bio import Align\nE   ModuleNotFoundError: No module named 'Bio'\n___________________ ERROR collecting Tests/test_Tutorial.py ____________________\nImportError while importing test module '/app/repo_to_process/Tests/test_Tutorial.py'.\nHint: make sure your test modules/packages have valid Python names.\nTraceback:\n/usr/lib/python3.10/importlib/__init__.py:126: in import_module\n    return _bootstrap._gcd_import(name[level:], package, level)\nTests/test_Tutorial.py:64: in <module>\n    import requires_internet\nTests/requires_internet.py:14: in <module>\n    from Bio import MissingExternalDependencyError\nE   ModuleNotFoundError: No module named 'Bio'\n____________________ ERROR collecting Tests/test_UniGene.py ____________________\nImportError while importing test module '/app/repo_to_process/Tests/test_UniGene.py'.\nHint: make sure your test modules/packages have valid Python names.\nTraceback:\n/usr/lib/python3.10/importlib/__init__.py:126: in import_module\n    return _bootstrap._gcd_import(name[level:], package, level)\nTests/test_UniGene.py:9: in <module>\n    from Bio import UniGene\nE   ModuleNotFoundError: No module named 'Bio'\n____________________ ERROR collecting Tests/test_UniProt.py ____________________\nImportError while importing test module '/app/repo_to_process/Tests/test_UniProt.py'.\nHint: make sure your test modules/packages have valid Python names.\nTraceback:\n/usr/lib/python3.10/importlib/__init__.py:126: in import_module\n    return _bootstrap._gcd_import(name[level:], package, level)\nTests/test_UniProt.py:6: in <module>\n    import requires_internet\nTests/requires_internet.py:14: in <module>\n    from Bio import MissingExternalDependencyError\nE   ModuleNotFoundError: No module named 'Bio'\n__________________ ERROR collecting Tests/test_UniProt_GOA.py __________________\nImportError while importing test module '/app/repo_to_process/Tests/test_UniProt_GOA.py'.\nHint: make sure your test modules/packages have valid Python names.\nTraceback:\n/usr/lib/python3.10/importlib/__init__.py:126: in import_module\n    return _bootstrap._gcd_import(name[level:], package, level)\nTests/test_UniProt_GOA.py:16: in <module>\n    from Bio.UniProt import GOA\nE   ModuleNotFoundError: No module named 'Bio'\n_____________________ ERROR collecting Tests/test_align.py _____________________\nImportError while importing test module '/app/repo_to_process/Tests/test_align.py'.\nHint: make sure your test modules/packages have valid Python names.\nTraceback:\n/usr/lib/python3.10/importlib/__init__.py:126: in import_module\n    return _bootstrap._gcd_import(name[level:], package, level)\nTests/test_align.py:24: in <module>\n    from Bio import Align\nE   ModuleNotFoundError: No module named 'Bio'\n__________ ERROR collecting Tests/test_align_substitution_matrices.py __________\nImportError while importing test module '/app/repo_to_process/Tests/test_align_substitution_matrices.py'.\nHint: make sure your test modules/packages have valid Python names.\nTraceback:\n/usr/lib/python3.10/importlib/__init__.py:126: in import_module\n    return _bootstrap._gcd_import(name[level:], package, level)\nTests/test_align_substitution_matrices.py:22: in <module>\n    from Bio import SeqIO\nE   ModuleNotFoundError: No module named 'Bio'\n_____________________ ERROR collecting Tests/test_bgzf.py ______________________\nImportError while importing test module '/app/repo_to_process/Tests/test_bgzf.py'.\nHint: make sure your test modules/packages have valid Python names.\nTraceback:\n/usr/lib/python3.10/importlib/__init__.py:126: in import_module\n    return _bootstrap._gcd_import(name[level:], package, level)\nTests/test_bgzf.py:18: in <module>\n    from Bio import bgzf\nE   ModuleNotFoundError: No module named 'Bio'\n__________________ ERROR collecting Tests/test_cellosaurus.py __________________\nImportError while importing test module '/app/repo_to_process/Tests/test_cellosaurus.py'.\nHint: make sure your test modules/packages have valid Python names.\nTraceback:\n/usr/lib/python3.10/importlib/__init__.py:126: in import_module\n    return _bootstrap._gcd_import(name[level:], package, level)\nTests/test_cellosaurus.py:10: in <module>\n    from Bio.ExPASy import cellosaurus\nE   ModuleNotFoundError: No module named 'Bio'\n__________________ ERROR collecting Tests/test_codonalign.py ___________________\nImportError while importing test module '/app/repo_to_process/Tests/test_codonalign.py'.\nHint: make sure your test modules/packages have valid Python names.\nTraceback:\n/usr/lib/python3.10/importlib/__init__.py:126: in import_module\n    return _bootstrap._gcd_import(name[level:], package, level)\nTests/test_codonalign.py:12: in <module>\n    from Bio import AlignIO\nE   ModuleNotFoundError: No module named 'Bio'\n______________________ ERROR collecting Tests/test_geo.py ______________________\nImportError while importing test module '/app/repo_to_process/Tests/test_geo.py'.\nHint: make sure your test modules/packages have valid Python names.\nTraceback:\n/usr/lib/python3.10/importlib/__init__.py:126: in import_module\n    return _bootstrap._gcd_import(name[level:], package, level)\nTests/test_geo.py:10: in <module>\n    from Bio import Geo\nE   ModuleNotFoundError: No module named 'Bio'\n_____________________ ERROR collecting Tests/test_mmtf.py ______________________\nImportError while importing test module '/app/repo_to_process/Tests/test_mmtf.py'.\nHint: make sure your test modules/packages have valid Python names.\nTraceback:\n/usr/lib/python3.10/importlib/__init__.py:126: in import_module\n    return _bootstrap._gcd_import(name[level:], package, level)\nTests/test_mmtf.py:25: in <module>\n    from Bio.PDB import PDBParser\nE   ModuleNotFoundError: No module named 'Bio'\n__________________ ERROR collecting Tests/test_mmtf_online.py __________________\nImportError while importing test module '/app/repo_to_process/Tests/test_mmtf_online.py'.\nHint: make sure your test modules/packages have valid Python names.\nTraceback:\n/usr/lib/python3.10/importlib/__init__.py:126: in import_module\n    return _bootstrap._gcd_import(name[level:], package, level)\nTests/test_mmtf_online.py:12: in <module>\n    import requires_internet\nTests/requires_internet.py:14: in <module>\n    from Bio import MissingExternalDependencyError\nE   ModuleNotFoundError: No module named 'Bio'\n____________________ ERROR collecting Tests/test_motifs.py _____________________\nImportError while importing test module '/app/repo_to_process/Tests/test_motifs.py'.\nHint: make sure your test modules/packages have valid Python names.\nTraceback:\n/usr/lib/python3.10/importlib/__init__.py:126: in import_module\n    return _bootstrap._gcd_import(name[level:], package, level)\nTests/test_motifs.py:24: in <module>\n    from Bio import motifs\nE   ModuleNotFoundError: No module named 'Bio'\n_________________ ERROR collecting Tests/test_motifs_online.py _________________\nImportError while importing test module '/app/repo_to_process/Tests/test_motifs_online.py'.\nHint: make sure your test modules/packages have valid Python names.\nTraceback:\n/usr/lib/python3.10/importlib/__init__.py:126: in import_module\n    return _bootstrap._gcd_import(name[level:], package, level)\nTests/test_motifs_online.py:13: in <module>\n    import requires_internet\nTests/requires_internet.py:14: in <module>\n    from Bio import MissingExternalDependencyError\nE   ModuleNotFoundError: No module named 'Bio'\n___________________ ERROR collecting Tests/test_pairwise2.py ___________________\nImportError while importing test module '/app/repo_to_process/Tests/test_pairwise2.py'.\nHint: make sure your test modules/packages have valid Python names.\nTraceback:\n/usr/lib/python3.10/importlib/__init__.py:126: in import_module\n    return _bootstrap._gcd_import(name[level:], package, level)\nTests/test_pairwise2.py:15: in <module>\n    from pairwise2_testCases import *  # noqa: F401, F403\nTests/pairwise2_testCases.py:19: in <module>\n    from Bio import BiopythonWarning\nE   ModuleNotFoundError: No module named 'Bio'\n________________ ERROR collecting Tests/test_pairwise2_no_C.py _________________\nImportError while importing test module '/app/repo_to_process/Tests/test_pairwise2_no_C.py'.\nHint: make sure your test modules/packages have valid Python names.\nTraceback:\n/usr/lib/python3.10/importlib/__init__.py:126: in import_module\n    return _bootstrap._gcd_import(name[level:], package, level)\nTests/test_pairwise2_no_C.py:15: in <module>\n    from pairwise2_testCases import *  # noqa: F401, F403\nTests/pairwise2_testCases.py:19: in <module>\n    from Bio import BiopythonWarning\nE   ModuleNotFoundError: No module named 'Bio'\n_______________ ERROR collecting Tests/test_pairwise_aligner.py ________________\nImportError while importing test module '/app/repo_to_process/Tests/test_pairwise_aligner.py'.\nHint: make sure your test modules/packages have valid Python names.\nTraceback:\n/usr/lib/python3.10/importlib/__init__.py:126: in import_module\n    return _bootstrap._gcd_import(name[level:], package, level)\nTests/test_pairwise_aligner.py:22: in <module>\n    from Bio import BiopythonDeprecationWarning\nE   ModuleNotFoundError: No module named 'Bio'\n____________ ERROR collecting Tests/test_pairwise_alignment_map.py _____________\nImportError while importing test module '/app/repo_to_process/Tests/test_pairwise_alignment_map.py'.\nHint: make sure your test modules/packages have valid Python names.\nTraceback:\n/usr/lib/python3.10/importlib/__init__.py:126: in import_module\n    return _bootstrap._gcd_import(name[level:], package, level)\nTests/test_pairwise_alignment_map.py:21: in <module>\n    from Bio import Align\nE   ModuleNotFoundError: No module named 'Bio'\n___________________ ERROR collecting Tests/test_phenotype.py ___________________\nImportError while importing test module '/app/repo_to_process/Tests/test_phenotype.py'.\nHint: make sure your test modules/packages have valid Python names.\nTraceback:\n/usr/lib/python3.10/importlib/__init__.py:126: in import_module\n    return _bootstrap._gcd_import(name[level:], package, level)\nTests/test_phenotype.py:26: in <module>\n    from Bio import BiopythonExperimentalWarning\nE   ModuleNotFoundError: No module named 'Bio'\n_________________ ERROR collecting Tests/test_phenotype_fit.py _________________\nImportError while importing test module '/app/repo_to_process/Tests/test_phenotype_fit.py'.\nHint: make sure your test modules/packages have valid Python names.\nTraceback:\n/usr/lib/python3.10/importlib/__init__.py:126: in import_module\n    return _bootstrap._gcd_import(name[level:], package, level)\nTests/test_phenotype_fit.py:36: in <module>\n    from Bio import BiopythonExperimentalWarning\nE   ModuleNotFoundError: No module named 'Bio'\n____________________ ERROR collecting Tests/test_prodoc.py _____________________\nImportError while importing test module '/app/repo_to_process/Tests/test_prodoc.py'.\nHint: make sure your test modules/packages have valid Python names.\nTraceback:\n/usr/lib/python3.10/importlib/__init__.py:126: in import_module\n    return _bootstrap._gcd_import(name[level:], package, level)\nTests/test_prodoc.py:11: in <module>\n    from Bio.ExPASy import Prodoc\nE   ModuleNotFoundError: No module named 'Bio'\n____________________ ERROR collecting Tests/test_prosite.py ____________________\nImportError while importing test module '/app/repo_to_process/Tests/test_prosite.py'.\nHint: make sure your test modules/packages have valid Python names.\nTraceback:\n/usr/lib/python3.10/importlib/__init__.py:126: in import_module\n    return _bootstrap._gcd_import(name[level:], package, level)\nTests/test_prosite.py:11: in <module>\n    from Bio.ExPASy import Prosite\nE   ModuleNotFoundError: No module named 'Bio'\n______________________ ERROR collecting Tests/test_seq.py ______________________\nImportError while importing test module '/app/repo_to_process/Tests/test_seq.py'.\nHint: make sure your test modules/packages have valid Python names.\nTraceback:\n/usr/lib/python3.10/importlib/__init__.py:126: in import_module\n    return _bootstrap._gcd_import(name[level:], package, level)\nTests/test_seq.py:16: in <module>\n    from Bio import BiopythonWarning\nE   ModuleNotFoundError: No module named 'Bio'\n___________________ ERROR collecting Tests/test_translate.py ___________________\nImportError while importing test module '/app/repo_to_process/Tests/test_translate.py'.\nHint: make sure your test modules/packages have valid Python names.\nTraceback:\n/usr/lib/python3.10/importlib/__init__.py:126: in import_module\n    return _bootstrap._gcd_import(name[level:], package, level)\nTests/test_translate.py:10: in <module>\n    from Bio import Seq\nE   ModuleNotFoundError: No module named 'Bio'\n=========================== short test summary info ============================\nERROR Tests/test_Ace.py\nERROR Tests/test_Affy.py\nERROR Tests/test_AlignIO.py\nERROR Tests/test_AlignIO_ClustalIO.py\nERROR Tests/test_AlignIO_EmbossIO.py\nERROR Tests/test_AlignIO_FastaIO.py\nERROR Tests/test_AlignIO_MauveIO.py\nERROR Tests/test_AlignIO_PhylipIO.py\nERROR Tests/test_AlignIO_convert.py\nERROR Tests/test_Align_Alignment.py\nERROR Tests/test_Align_a2m.py\nERROR Tests/test_Align_bed.py\nERROR Tests/test_Align_bigbed.py\nERROR Tests/test_Align_bigmaf.py\nERROR Tests/test_Align_bigpsl.py\nERROR Tests/test_Align_chain.py\nERROR Tests/test_Align_clustal.py\nERROR Tests/test_Align_codonalign.py\nERROR Tests/test_Align_emboss.py\nERROR Tests/test_Align_exonerate.py\nERROR Tests/test_Align_fasta.py\nERROR Tests/test_Align_hhr.py\nERROR Tests/test_Align_maf.py\nERROR Tests/test_Align_mauve.py\nERROR Tests/test_Align_msf.py\nERROR Tests/test_Align_nexus.py\nERROR Tests/test_Align_phylip.py\nERROR Tests/test_Align_psl.py\nERROR Tests/test_Align_sam.py\nERROR Tests/test_Align_stockholm.py\nERROR Tests/test_Align_tabular.py\nERROR Tests/test_BioSQL_MySQLdb.py\nERROR Tests/test_BioSQL_MySQLdb_online.py\nERROR Tests/test_BioSQL_mysql_connector.py\nERROR Tests/test_BioSQL_mysql_connector_online.py\nERROR Tests/test_BioSQL_psycopg2.py\nERROR Tests/test_BioSQL_psycopg2_online.py\nERROR Tests/test_BioSQL_sqlite3.py\nERROR Tests/test_BioSQL_sqlite3_online.py\nERROR Tests/test_Blast_Record.py\nERROR Tests/test_Blast_parser.py\nERROR Tests/test_CAPS.py\nERROR Tests/test_Chi2.py\nERROR Tests/test_CodonTable.py\nERROR Tests/test_ColorSpiral.py\nERROR Tests/test_Compass.py\nERROR Tests/test_Consensus.py\nERROR Tests/test_EMBL_unittest.py\nERROR Tests/test_EmbossPrimer.py\nERROR Tests/test_Entrez.py\nERROR Tests/test_Entrez_online.py\nERROR Tests/test_Entrez_parser.py\nERROR Tests/test_Enzyme.py\nERROR Tests/test_ExPASy.py\nERROR Tests/test_File.py\nERROR Tests/test_GenBank.py\nERROR Tests/test_GenomeDiagram.py\nERROR Tests/test_GraphicsBitmaps.py\nERROR Tests/test_GraphicsChromosome.py\nERROR Tests/test_GraphicsDistribution.py\nERROR Tests/test_GraphicsGeneral.py\nERROR Tests/test_HMMCasino.py\nERROR Tests/test_HMMGeneral.py\nERROR Tests/test_KEGG.py\nERROR Tests/test_KEGG_online.py\nERROR Tests/test_KGML_graphics.py\nERROR Tests/test_KGML_graphics_online.py\nERROR Tests/test_KGML_nographics.py\nERROR Tests/test_KeyWList.py\nERROR Tests/test_MafIO_index.py\nERROR Tests/test_Medline.py\nERROR Tests/test_NCBIXML.py\nERROR Tests/test_NCBI_qblast.py\nERROR Tests/test_NMR.py\nERROR Tests/test_Nexus.py\nERROR Tests/test_PAML_baseml.py\nERROR Tests/test_PAML_codeml.py\nERROR Tests/test_PAML_tools.py\nERROR Tests/test_PAML_yn00.py\nERROR Tests/test_PDB_CEAligner.py\nERROR Tests/test_PDB_DSSP.py\nERROR Tests/test_PDB_Dice.py\nERROR Tests/test_PDB_Disordered.py\nERROR Tests/test_PDB_Exposure.py\nERROR Tests/test_PDB_FragmentMapper.py\nERROR Tests/test_PDB_KDTree.py\nERROR Tests/test_PDB_MMCIF2Dict.py\nERROR Tests/test_PDB_MMCIFIO.py\nERROR Tests/test_PDB_MMCIFParser.py\nERROR Tests/test_PDB_NACCESS.py\nERROR Tests/test_PDB_PDBIO.py\nERROR Tests/test_PDB_PDBList.py\nERROR Tests/test_PDB_PDBMLParser.py\nERROR Tests/test_PDB_PDBParser.py\nERROR Tests/test_PDB_PSEA.py\nERROR Tests/test_PDB_Polypeptide.py\nERROR Tests/test_PDB_QCPSuperimposer.py\nERROR Tests/test_PDB_ResidueDepth.py\nERROR Tests/test_PDB_SASA.py\nERROR Tests/test_PDB_SMCRA.py\nERROR Tests/test_PDB_Selection.py\nERROR Tests/test_PDB_StructureAlignment.py\nERROR Tests/test_PDB_Superimposer.py\nERROR Tests/test_PDB_alphafold_db.py\nERROR Tests/test_PDB_binary_cif.py\nERROR Tests/test_PDB_internal_coords.py\nERROR Tests/test_PDB_parse_pdb_header.py\nERROR Tests/test_PDB_vectors.py\nERROR Tests/test_PQR.py\nERROR Tests/test_Pathway.py\nERROR Tests/test_Phd.py\nERROR Tests/test_Phylo.py\nERROR Tests/test_PhyloXML.py\nERROR Tests/test_Phylo_CDAO.py\nERROR Tests/test_Phylo_NeXML.py\nERROR Tests/test_Phylo_igraph.py\nERROR Tests/test_Phylo_matplotlib.py\nERROR Tests/test_Phylo_networkx.py\nERROR Tests/test_PopGen_GenePop_nodepend.py\nERROR Tests/test_ProtParam.py\nERROR Tests/test_RCSBFormats.py\nERROR Tests/test_Restriction.py\nERROR Tests/test_SCOP_Astral.py\nERROR Tests/test_SCOP_Cla.py\nERROR Tests/test_SCOP_Des.py\nERROR Tests/test_SCOP_Dom.py\nERROR Tests/test_SCOP_Hie.py\nERROR Tests/test_SCOP_Raf.py\nERROR Tests/test_SCOP_Residues.py\nERROR Tests/test_SCOP_Scop.py\nERROR Tests/test_SVDSuperimposer.py\nERROR Tests/test_SearchIO_blast_tab.py\nERROR Tests/test_SearchIO_blast_tab_index.py\nERROR Tests/test_SearchIO_blast_xml.py\nERROR Tests/test_SearchIO_blast_xml_index.py\nERROR Tests/test_SearchIO_blat_psl.py\nERROR Tests/test_SearchIO_blat_psl_index.py\nERROR Tests/test_SearchIO_exonerate.py\nERROR Tests/test_SearchIO_exonerate_text_index.py\nERROR Tests/test_SearchIO_exonerate_vulgar_index.py\nERROR Tests/test_SearchIO_fasta_m10.py\nERROR Tests/test_SearchIO_fasta_m10_index.py\nERROR Tests/test_SearchIO_hhsuite2_text.py\nERROR Tests/test_SearchIO_hmmer2_text.py\nERROR Tests/test_SearchIO_hmmer2_text_index.py\nERROR Tests/test_SearchIO_hmmer3_domtab.py\nERROR Tests/test_SearchIO_hmmer3_domtab_index.py\nERROR Tests/test_SearchIO_hmmer3_tab.py\nERROR Tests/test_SearchIO_hmmer3_tab_index.py\nERROR Tests/test_SearchIO_hmmer3_text.py\nERROR Tests/test_SearchIO_hmmer3_text_index.py\nERROR Tests/test_SearchIO_infernal_tab.py\nERROR Tests/test_SearchIO_infernal_tab_index.py\nERROR Tests/test_SearchIO_infernal_text.py\nERROR Tests/test_SearchIO_infernal_text_index.py\nERROR Tests/test_SearchIO_interproscan_xml.py\nERROR Tests/test_SearchIO_model.py\nERROR Tests/test_SearchIO_write.py\nERROR Tests/test_SeqFeature.py\nERROR Tests/test_SeqIO.py\nERROR Tests/test_SeqIO_AbiIO.py\nERROR Tests/test_SeqIO_FastaIO.py\nERROR Tests/test_SeqIO_Gck.py\nERROR Tests/test_SeqIO_Gfa.py\nERROR Tests/test_SeqIO_Insdc.py\nERROR Tests/test_SeqIO_NibIO.py\nERROR Tests/test_SeqIO_PdbIO.py\nERROR Tests/test_SeqIO_QualityIO.py\nERROR Tests/test_SeqIO_SeqXML.py\nERROR Tests/test_SeqIO_SffIO.py\nERROR Tests/test_SeqIO_SnapGene.py\nERROR Tests/test_SeqIO_TwoBitIO.py\nERROR Tests/test_SeqIO_UniprotIO.py\nERROR Tests/test_SeqIO_Xdna.py\nERROR Tests/test_SeqIO_features.py\nERROR Tests/test_SeqIO_index.py\nERROR Tests/test_SeqIO_online.py\nERROR Tests/test_SeqIO_write.py\nERROR Tests/test_SeqRecord.py\nERROR Tests/test_SeqUtils.py\nERROR Tests/test_Seq_objs.py\nERROR Tests/test_SwissProt.py\nERROR Tests/test_TogoWS.py\nERROR Tests/test_TreeConstruction.py\nERROR Tests/test_Tutorial.py\nERROR Tests/test_UniGene.py\nERROR Tests/test_UniProt.py\nERROR Tests/test_UniProt_GOA.py\nERROR Tests/test_align.py\nERROR Tests/test_align_substitution_matrices.py\nERROR Tests/test_bgzf.py\nERROR Tests/test_cellosaurus.py\nERROR Tests/test_codonalign.py\nERROR Tests/test_geo.py\nERROR Tests/test_mmtf.py\nERROR Tests/test_mmtf_online.py\nERROR Tests/test_motifs.py\nERROR Tests/test_motifs_online.py\nERROR Tests/test_pairwise2.py\nERROR Tests/test_pairwise2_no_C.py\nERROR Tests/test_pairwise_aligner.py\nERROR Tests/test_pairwise_alignment_map.py\nERROR Tests/test_phenotype.py\nERROR Tests/test_phenotype_fit.py\nERROR Tests/test_prodoc.py\nERROR Tests/test_prosite.py\nERROR Tests/test_seq.py\nERROR Tests/test_translate.py\n!!!!!!!!!!!!!!!!!! Interrupted: 208 errors during collection !!!!!!!!!!!!!!!!!!!\n============================= 208 errors in 7.41s ==============================\n",
    "stderr": "",
    "execution_time": 7.707285642623901
  }
]