[
  {
    "command": "pip install fiona",
    "success": true,
    "stdout": "Looking in indexes: https://repo.huaweicloud.com/repository/pypi/simple/\nCollecting fiona\n  Downloading https://repo.huaweicloud.com/repository/pypi/packages/75/cb/73805030100447d40408c8a0f63ec146fb2b6e82692d0c194655c28b6783/fiona-1.10.1-cp310-cp310-manylinux_2_17_x86_64.manylinux2014_x86_64.whl (17.3 MB)\n     ━━━━━━━━━━━━━━━━━━━━━━━━━━━━━━━━━━━━━━━━ 17.3/17.3 MB 5.4 MB/s  0:00:03\nRequirement already satisfied: attrs>=19.2.0 in /usr/local/lib/python3.10/dist-packages (from fiona) (25.3.0)\nRequirement already satisfied: certifi in /usr/local/lib/python3.10/dist-packages (from fiona) (2025.8.3)\nRequirement already satisfied: click~=8.0 in /usr/local/lib/python3.10/dist-packages (from fiona) (8.2.2)\nRequirement already satisfied: click-plugins>=1.0 in /usr/local/lib/python3.10/dist-packages (from fiona) (1.1.1.2)\nRequirement already satisfied: cligj>=0.5 in /usr/local/lib/python3.10/dist-packages (from fiona) (0.7.2)\nInstalling collected packages: fiona\nSuccessfully installed fiona-1.10.1\n",
    "stderr": "WARNING: Running pip as the 'root' user can result in broken permissions and conflicting behaviour with the system package manager, possibly rendering your system unusable. It is recommended to use a virtual environment instead: https://pip.pypa.io/warnings/venv. Use the --root-user-action option if you know what you are doing and want to suppress this warning.\n",
    "execution_time": 4.710855007171631
  },
  {
    "command": "pytest",
    "success": false,
    "stdout": "============================= test session starts ==============================\nplatform linux -- Python 3.10.12, pytest-7.4.4, pluggy-1.6.0\nGDAL: 3.9.2 (3090200)\nSupported drivers: CSV, DGN, DXF, ESRI Shapefile, ESRIJSON, FlatGeobuf, GML, GPKG, GPX, GeoJSON, GeoJSONSeq, MapInfo File, OGR_GMT, OpenFileGDB, S57, SQLite, TopoJSON\nrootdir: /app/repo_to_process\nconfigfile: pytest.ini\ntestpaths: tests\nplugins: cov-4.1.0\ncollected 1878 items\n\ntests/test__env.py ...............                                       [  0%]\ntests/test__path.py .                                                    [  0%]\ntests/test_bigint.py ...                                                 [  1%]\ntests/test_binary_field.py .                                             [  1%]\ntests/test_bounds.py .....s.........s.                                   [  1%]\ntests/test_bytescollection.py ......................................s    [  4%]\ntests/test_collection.py ............................................... [  6%]\n................................................................         [  9%]\ntests/test_collection_crs.py ......                                      [ 10%]\ntests/test_collection_legacy.py ..................................       [ 12%]\ntests/test_compound_crs.py .                                             [ 12%]\ntests/test_crs.py ..................                                     [ 13%]\ntests/test_cursor_interruptions.py ................                      [ 13%]\ntests/test_curve_geometries.py ..                                        [ 14%]\ntests/test_data_paths.py .......                                         [ 14%]\ntests/test_datetime.py ...ssssssssssssssssssssssssssssssssssssssssssssss [ 17%]\nssssssssssssssssssssssssssssssssssssssssssss..                           [ 19%]\ntests/test_driver_options.py .                                           [ 19%]\ntests/test_drivers.py .                                                  [ 19%]\ntests/test_drvsupport.py ssssssssssssssssssssssssssssssssssssssssssssss. [ 22%]\n.                                                                        [ 22%]\ntests/test_encoding.py ...                                               [ 22%]\ntests/test_env.py ..........                                             [ 22%]\ntests/test_feature.py .........                                          [ 23%]\ntests/test_features.py .........................................         [ 25%]\ntests/test_fio_bounds.py .FFFFFFFFFF                                     [ 26%]\ntests/test_fio_calc.py .FFF                                              [ 26%]\ntests/test_fio_cat.py FFFFFFFFFF.F.FF                                    [ 27%]\ntests/test_fio_collect.py FFFFFF.F                                       [ 27%]\ntests/test_fio_distrib.py FF                                             [ 27%]\ntests/test_fio_dump.py ......                                            [ 27%]\ntests/test_fio_features.py FFFFFF..                                      [ 28%]\ntests/test_fio_filter.py .F                                              [ 28%]\ntests/test_fio_info.py F...FFF                                           [ 28%]\ntests/test_fio_load.py ...FFFFFFFFFFFFF                                  [ 29%]\ntests/test_fio_ls.py ....                                                [ 29%]\ntests/test_fio_rm.py ...                                                 [ 30%]\ntests/test_geojson.py ......                                             [ 30%]\ntests/test_geometry.py ................                                  [ 31%]\ntests/test_geopackage.py ...                                             [ 31%]\ntests/test_http_session.py ....................................          [ 33%]\ntests/test_integration.py .                                              [ 33%]\ntests/test_layer.py .................................................... [ 36%]\n.....................................................                    [ 38%]\ntests/test_listing.py ..................                                 [ 39%]\ntests/test_logutils.py ....                                              [ 40%]\ntests/test_memoryfile.py ..........................................s.... [ 42%]\n....                                                                     [ 42%]\ntests/test_meta.py ..................................................... [ 45%]\n..................................................                       [ 48%]\ntests/test_model.py ...........FFF................................       [ 50%]\ntests/test_multiconxn.py ........                                        [ 51%]\ntests/test_non_counting_layer.py ......                                  [ 51%]\ntests/test_open.py ...                                                   [ 51%]\ntests/test_profile.py ..                                                 [ 51%]\ntests/test_props.py ......                                               [ 52%]\ntests/test_pyopener.py ...s.......s.                                     [ 52%]\ntests/test_read_drivers.py ..                                            [ 52%]\ntests/test_remove.py ............                                        [ 53%]\ntests/test_revolvingdoor.py .                                            [ 53%]\ntests/test_rfc3339.py ..............                                     [ 54%]\ntests/test_rfc64_tin.py ..                                               [ 54%]\ntests/test_schema.py ................................................... [ 57%]\n...........sss..........                                                 [ 58%]\ntests/test_schema_geom.py ...........                                    [ 59%]\ntests/test_session.py .............s                                     [ 59%]\ntests/test_slice.py .................................................... [ 62%]\n........................................................................ [ 66%]\n........................................................................ [ 70%]\n........................................................................ [ 74%]\n........................................................................ [ 77%]\n........................................................................ [ 81%]\n...                                                                      [ 81%]\ntests/test_snuggs.py ...........                                         [ 82%]\ntests/test_subtypes.py ...                                               [ 82%]\ntests/test_topojson.py .                                                 [ 82%]\ntests/test_transactions.py .                                             [ 82%]\ntests/test_transform.py ..........................                       [ 84%]\ntests/test_unicode.py .....x.                                            [ 84%]\ntests/test_version.py ..s                                                [ 84%]\ntests/test_vfs.py ...................................................... [ 87%]\n............................X........................................... [ 91%]\n...........X...............................X............................ [ 95%]\n......X..................................X.................X............ [ 99%]\n.........ss...                                                           [ 99%]\ntests/test_write.py ....                                                 [100%]\n\n=================================== FAILURES ===================================\n___________________________________ test_seq ___________________________________\n\nfeature_seq = '{\"geometry\": {\"type\": \"Polygon\", \"coordinates\": [[[-111.73527526855469, 41.995094299316406], [-111.65931701660156, 41...ame=Wellsville%20Mountain\", \"AGBUR\": \"FS\", \"AREA\": 0.0104441, \"STATE_FIPS\": \"49\", \"WILDRNP020\": 336, \"STATE\": \"UT\"}}\\n'\nrunner = <click.testing.CliRunner object at 0x7ff5b1210070>\n\n    def test_seq(feature_seq, runner):\n        result = runner.invoke(main_group, ['bounds', ], feature_seq)\n>       assert result.exit_code == 0\nE       assert 1 == 0\nE        +  where 1 = <Result SystemExit(1)>.exit_code\n\ntests/test_fio_bounds.py:17: AssertionError\n------------------------------ Captured log call -------------------------------\nDEBUG    fiona._env:env.py:315 GDAL data found in package: path='/usr/local/lib/python3.10/dist-packages/fiona/gdal_data'.\nDEBUG    fiona._env:env.py:315 PROJ data found in package: path='/usr/local/lib/python3.10/dist-packages/fiona/proj_data'.\n_________________________________ test_seq_rs __________________________________\n\nfeature_seq_pp_rs = '\\x1e{\\n  \"geometry\": {\\n    \"type\": \"Polygon\", \\n    \"coordinates\": [\\n      [\\n        [\\n          -111.73527526855...GBUR\": \"FS\", \\n    \"AREA\": 0.0104441, \\n    \"STATE_FIPS\": \"49\", \\n    \"WILDRNP020\": 336, \\n    \"STATE\": \"UT\"\\n  }\\n}\\n'\nrunner = <click.testing.CliRunner object at 0x7ff5b1210070>\n\n    def test_seq_rs(feature_seq_pp_rs, runner):\n        result = runner.invoke(main_group, ['bounds', ], feature_seq_pp_rs)\n>       assert result.exit_code == 0\nE       assert 1 == 0\nE        +  where 1 = <Result SystemExit(1)>.exit_code\n\ntests/test_fio_bounds.py:24: AssertionError\n------------------------------ Captured log call -------------------------------\nDEBUG    fiona._env:env.py:315 GDAL data found in package: path='/usr/local/lib/python3.10/dist-packages/fiona/gdal_data'.\nDEBUG    fiona._env:env.py:315 PROJ data found in package: path='/usr/local/lib/python3.10/dist-packages/fiona/proj_data'.\n________________________________ test_precision ________________________________\n\nfeature_seq = '{\"geometry\": {\"type\": \"Polygon\", \"coordinates\": [[[-111.73527526855469, 41.995094299316406], [-111.65931701660156, 41...ame=Wellsville%20Mountain\", \"AGBUR\": \"FS\", \"AREA\": 0.0104441, \"STATE_FIPS\": \"49\", \"WILDRNP020\": 336, \"STATE\": \"UT\"}}\\n'\nrunner = <click.testing.CliRunner object at 0x7ff5b1210070>\n\n    def test_precision(feature_seq, runner):\n        result = runner.invoke(main_group, ['bounds', '--precision', 1], feature_seq)\n>       assert result.exit_code == 0\nE       assert 1 == 0\nE        +  where 1 = <Result SystemExit(1)>.exit_code\n\ntests/test_fio_bounds.py:31: AssertionError\n------------------------------ Captured log call -------------------------------\nDEBUG    fiona._env:env.py:315 GDAL data found in package: path='/usr/local/lib/python3.10/dist-packages/fiona/gdal_data'.\nDEBUG    fiona._env:env.py:315 PROJ data found in package: path='/usr/local/lib/python3.10/dist-packages/fiona/proj_data'.\n_________________________________ test_explode _________________________________\n\nfeature_collection = '{\"type\": \"FeatureCollection\", \"features\": [{\"geometry\": {\"type\": \"Polygon\", \"coordinates\": [[[-111.73527526855469, 41...ame=Wellsville%20Mountain\", \"AGBUR\": \"FS\", \"AREA\": 0.0104441, \"STATE_FIPS\": \"49\", \"WILDRNP020\": 336, \"STATE\": \"UT\"}}]}'\nrunner = <click.testing.CliRunner object at 0x7ff5b1210070>\n\n    def test_explode(feature_collection, runner):\n        result = runner.invoke(main_group, ['bounds', '--explode'], feature_collection)\n>       assert result.exit_code == 0\nE       assert 1 == 0\nE        +  where 1 = <Result SystemExit(1)>.exit_code\n\ntests/test_fio_bounds.py:38: AssertionError\n------------------------------ Captured log call -------------------------------\nDEBUG    fiona._env:env.py:315 GDAL data found in package: path='/usr/local/lib/python3.10/dist-packages/fiona/gdal_data'.\nDEBUG    fiona._env:env.py:315 PROJ data found in package: path='/usr/local/lib/python3.10/dist-packages/fiona/proj_data'.\n_______________________________ test_explode_pp ________________________________\n\nfeature_collection_pp = '\\x1e{\\n  \"type\": \"FeatureCollection\",\\n  \"features\": [\\n    {\\n      \"geometry\": {\\n        \"type\": \"Polygon\",\\n     ...: 0.0104441,\\n        \"STATE_FIPS\": \"49\",\\n        \"WILDRNP020\": 336,\\n        \"STATE\": \"UT\"\\n      }\\n    }\\n  ]\\n}\\n'\nrunner = <click.testing.CliRunner object at 0x7ff5b1210070>\n\n    def test_explode_pp(feature_collection_pp, runner):\n        result = runner.invoke(main_group, ['bounds', '--explode'], feature_collection_pp)\n>       assert result.exit_code == 0\nE       assert 1 == 0\nE        +  where 1 = <Result SystemExit(1)>.exit_code\n\ntests/test_fio_bounds.py:45: AssertionError\n------------------------------ Captured log call -------------------------------\nDEBUG    fiona._env:env.py:315 GDAL data found in package: path='/usr/local/lib/python3.10/dist-packages/fiona/gdal_data'.\nDEBUG    fiona._env:env.py:315 PROJ data found in package: path='/usr/local/lib/python3.10/dist-packages/fiona/proj_data'.\n_________________________________ test_with_id _________________________________\n\nfeature_seq = '{\"geometry\": {\"type\": \"Polygon\", \"coordinates\": [[[-111.73527526855469, 41.995094299316406], [-111.65931701660156, 41...ame=Wellsville%20Mountain\", \"AGBUR\": \"FS\", \"AREA\": 0.0104441, \"STATE_FIPS\": \"49\", \"WILDRNP020\": 336, \"STATE\": \"UT\"}}\\n'\nrunner = <click.testing.CliRunner object at 0x7ff5b1210070>\n\n    def test_with_id(feature_seq, runner):\n        result = runner.invoke(main_group, ['bounds', '--with-id'], feature_seq)\n>       assert result.exit_code == 0\nE       assert 1 == 0\nE        +  where 1 = <Result SystemExit(1)>.exit_code\n\ntests/test_fio_bounds.py:52: AssertionError\n------------------------------ Captured log call -------------------------------\nDEBUG    fiona._env:env.py:315 GDAL data found in package: path='/usr/local/lib/python3.10/dist-packages/fiona/gdal_data'.\nDEBUG    fiona._env:env.py:315 PROJ data found in package: path='/usr/local/lib/python3.10/dist-packages/fiona/proj_data'.\n_____________________________ test_explode_with_id _____________________________\n\nfeature_collection = '{\"type\": \"FeatureCollection\", \"features\": [{\"geometry\": {\"type\": \"Polygon\", \"coordinates\": [[[-111.73527526855469, 41...ame=Wellsville%20Mountain\", \"AGBUR\": \"FS\", \"AREA\": 0.0104441, \"STATE_FIPS\": \"49\", \"WILDRNP020\": 336, \"STATE\": \"UT\"}}]}'\nrunner = <click.testing.CliRunner object at 0x7ff5b1210070>\n\n    def test_explode_with_id(feature_collection, runner):\n        result = runner.invoke(\n            main_group, ['bounds', '--explode', '--with-id'], feature_collection)\n>       assert result.exit_code == 0\nE       assert 1 == 0\nE        +  where 1 = <Result SystemExit(1)>.exit_code\n\ntests/test_fio_bounds.py:59: AssertionError\n------------------------------ Captured log call -------------------------------\nDEBUG    fiona._env:env.py:315 GDAL data found in package: path='/usr/local/lib/python3.10/dist-packages/fiona/gdal_data'.\nDEBUG    fiona._env:env.py:315 PROJ data found in package: path='/usr/local/lib/python3.10/dist-packages/fiona/proj_data'.\n________________________________ test_with_obj _________________________________\n\nfeature_seq = '{\"geometry\": {\"type\": \"Polygon\", \"coordinates\": [[[-111.73527526855469, 41.995094299316406], [-111.65931701660156, 41...ame=Wellsville%20Mountain\", \"AGBUR\": \"FS\", \"AREA\": 0.0104441, \"STATE_FIPS\": \"49\", \"WILDRNP020\": 336, \"STATE\": \"UT\"}}\\n'\nrunner = <click.testing.CliRunner object at 0x7ff5b1210070>\n\n    def test_with_obj(feature_seq, runner):\n        result = runner.invoke(main_group, ['bounds', '--with-obj'], feature_seq)\n>       assert result.exit_code == 0\nE       assert 1 == 0\nE        +  where 1 = <Result SystemExit(1)>.exit_code\n\ntests/test_fio_bounds.py:65: AssertionError\n------------------------------ Captured log call -------------------------------\nDEBUG    fiona._env:env.py:315 GDAL data found in package: path='/usr/local/lib/python3.10/dist-packages/fiona/gdal_data'.\nDEBUG    fiona._env:env.py:315 PROJ data found in package: path='/usr/local/lib/python3.10/dist-packages/fiona/proj_data'.\n_________________________ test_bounds_explode_with_obj _________________________\n\nfeature_collection = '{\"type\": \"FeatureCollection\", \"features\": [{\"geometry\": {\"type\": \"Polygon\", \"coordinates\": [[[-111.73527526855469, 41...ame=Wellsville%20Mountain\", \"AGBUR\": \"FS\", \"AREA\": 0.0104441, \"STATE_FIPS\": \"49\", \"WILDRNP020\": 336, \"STATE\": \"UT\"}}]}'\nrunner = <click.testing.CliRunner object at 0x7ff5b1210070>\n\n    def test_bounds_explode_with_obj(feature_collection, runner):\n        result = runner.invoke(\n            main_group, ['bounds', '--explode', '--with-obj'], feature_collection)\n>       assert result.exit_code == 0\nE       assert 1 == 0\nE        +  where 1 = <Result SystemExit(1)>.exit_code\n\ntests/test_fio_bounds.py:72: AssertionError\n------------------------------ Captured log call -------------------------------\nDEBUG    fiona._env:env.py:315 GDAL data found in package: path='/usr/local/lib/python3.10/dist-packages/fiona/gdal_data'.\nDEBUG    fiona._env:env.py:315 PROJ data found in package: path='/usr/local/lib/python3.10/dist-packages/fiona/proj_data'.\n____________________________ test_explode_output_rs ____________________________\n\nfeature_collection = '{\"type\": \"FeatureCollection\", \"features\": [{\"geometry\": {\"type\": \"Polygon\", \"coordinates\": [[[-111.73527526855469, 41...ame=Wellsville%20Mountain\", \"AGBUR\": \"FS\", \"AREA\": 0.0104441, \"STATE_FIPS\": \"49\", \"WILDRNP020\": 336, \"STATE\": \"UT\"}}]}'\nrunner = <click.testing.CliRunner object at 0x7ff5b1210070>\n\n    def test_explode_output_rs(feature_collection, runner):\n        result = runner.invoke(main_group, ['bounds', '--explode', '--rs'], feature_collection)\n>       assert result.exit_code == 0\nE       assert 1 == 0\nE        +  where 1 = <Result SystemExit(1)>.exit_code\n\ntests/test_fio_bounds.py:78: AssertionError\n------------------------------ Captured log call -------------------------------\nDEBUG    fiona._env:env.py:315 GDAL data found in package: path='/usr/local/lib/python3.10/dist-packages/fiona/gdal_data'.\nDEBUG    fiona._env:env.py:315 PROJ data found in package: path='/usr/local/lib/python3.10/dist-packages/fiona/proj_data'.\n________________________________ test_calc_seq _________________________________\n\nfeature_seq = '{\"geometry\": {\"type\": \"Polygon\", \"coordinates\": [[[-111.73527526855469, 41.995094299316406], [-111.65931701660156, 41...ame=Wellsville%20Mountain\", \"AGBUR\": \"FS\", \"AREA\": 0.0104441, \"STATE_FIPS\": \"49\", \"WILDRNP020\": 336, \"STATE\": \"UT\"}}\\n'\nrunner = <click.testing.CliRunner object at 0x7ff5b1210070>\n\n    def test_calc_seq(feature_seq, runner):\n        result = runner.invoke(main_group, ['calc',\n            \"TEST\",\n            \"f.properties.AREA / f.properties.PERIMETER\"],\n            feature_seq)\n>       assert result.exit_code == 0\nE       assert 1 == 0\nE        +  where 1 = <Result SystemExit(1)>.exit_code\n\ntests/test_fio_calc.py:36: AssertionError\n------------------------------ Captured log call -------------------------------\nDEBUG    fiona._env:env.py:315 GDAL data found in package: path='/usr/local/lib/python3.10/dist-packages/fiona/gdal_data'.\nDEBUG    fiona._env:env.py:315 PROJ data found in package: path='/usr/local/lib/python3.10/dist-packages/fiona/proj_data'.\n________________________________ test_bool_seq _________________________________\n\nfeature_seq = '{\"geometry\": {\"type\": \"Polygon\", \"coordinates\": [[[-111.73527526855469, 41.995094299316406], [-111.65931701660156, 41...ame=Wellsville%20Mountain\", \"AGBUR\": \"FS\", \"AREA\": 0.0104441, \"STATE_FIPS\": \"49\", \"WILDRNP020\": 336, \"STATE\": \"UT\"}}\\n'\nrunner = <click.testing.CliRunner object at 0x7ff5b1210070>\n\n    def test_bool_seq(feature_seq, runner):\n        result = runner.invoke(main_group, ['calc', \"TEST\", \"f.properties.AREA > 0.015\"],\n                               feature_seq)\n>       assert result.exit_code == 0\nE       assert 1 == 0\nE        +  where 1 = <Result SystemExit(1)>.exit_code\n\ntests/test_fio_calc.py:48: AssertionError\n------------------------------ Captured log call -------------------------------\nDEBUG    fiona._env:env.py:315 GDAL data found in package: path='/usr/local/lib/python3.10/dist-packages/fiona/gdal_data'.\nDEBUG    fiona._env:env.py:315 PROJ data found in package: path='/usr/local/lib/python3.10/dist-packages/fiona/proj_data'.\n____________________________ test_existing_property ____________________________\n\nfeature_seq = '{\"geometry\": {\"type\": \"Polygon\", \"coordinates\": [[[-111.73527526855469, 41.995094299316406], [-111.65931701660156, 41...ame=Wellsville%20Mountain\", \"AGBUR\": \"FS\", \"AREA\": 0.0104441, \"STATE_FIPS\": \"49\", \"WILDRNP020\": 336, \"STATE\": \"UT\"}}\\n'\nrunner = <click.testing.CliRunner object at 0x7ff5b1210070>\n\n    def test_existing_property(feature_seq, runner):\n        result = runner.invoke(\n            main_group, [\"calc\", \"AREA\", \"f.properties.AREA * 2\"], feature_seq\n        )\n        assert result.exit_code == 2\n    \n        result = runner.invoke(main_group, ['calc', \"--overwrite\", \"AREA\", \"f.properties.AREA * 2\"],\n                               feature_seq)\n>       assert result.exit_code == 0\nE       assert 1 == 0\nE        +  where 1 = <Result SystemExit(1)>.exit_code\n\ntests/test_fio_calc.py:63: AssertionError\n------------------------------ Captured log call -------------------------------\nDEBUG    fiona._env:env.py:315 GDAL data found in package: path='/usr/local/lib/python3.10/dist-packages/fiona/gdal_data'.\nDEBUG    fiona._env:env.py:315 PROJ data found in package: path='/usr/local/lib/python3.10/dist-packages/fiona/proj_data'.\nDEBUG    fiona._env:env.py:315 GDAL data found in package: path='/usr/local/lib/python3.10/dist-packages/fiona/gdal_data'.\nDEBUG    fiona._env:env.py:315 PROJ data found in package: path='/usr/local/lib/python3.10/dist-packages/fiona/proj_data'.\n___________________________________ test_one ___________________________________\n\npath_coutwildrnp_shp = '/app/repo_to_process/tests/data/coutwildrnp.shp'\n\n    def test_one(path_coutwildrnp_shp):\n        runner = CliRunner()\n        result = runner.invoke(main_group, ['cat', path_coutwildrnp_shp])\n>       assert result.exit_code == 0\nE       AssertionError: assert 1 == 0\nE        +  where 1 = <Result UserWarning('The parameter --where is used more than once. Remove its duplicate as parameters should be unique.')>.exit_code\n\ntests/test_fio_cat.py:12: AssertionError\n___________________________________ test_two ___________________________________\n\npath_coutwildrnp_shp = '/app/repo_to_process/tests/data/coutwildrnp.shp'\n\n    def test_two(path_coutwildrnp_shp):\n        runner = CliRunner()\n        result = runner.invoke(main_group, ['cat', path_coutwildrnp_shp, path_coutwildrnp_shp])\n>       assert result.exit_code == 0\nE       AssertionError: assert 1 == 0\nE        +  where 1 = <Result UserWarning('The parameter --where is used more than once. Remove its duplicate as parameters should be unique.')>.exit_code\n\ntests/test_fio_cat.py:19: AssertionError\n_________________________________ test_bbox_no _________________________________\n\npath_coutwildrnp_shp = '/app/repo_to_process/tests/data/coutwildrnp.shp'\n\n    def test_bbox_no(path_coutwildrnp_shp):\n        runner = CliRunner()\n>       result = runner.invoke(\n            main_group,\n            ['cat', path_coutwildrnp_shp, '--bbox', '0,10,80,20'],\n            catch_exceptions=False)\n\ntests/test_fio_cat.py:25: \n_ _ _ _ _ _ _ _ _ _ _ _ _ _ _ _ _ _ _ _ _ _ _ _ _ _ _ _ _ _ _ _ _ _ _ _ _ _ _ _ \n/usr/local/lib/python3.10/dist-packages/click/testing.py:506: in invoke\n    return_value = cli.main(args=args or (), prog_name=prog_name, **extra)\n/usr/local/lib/python3.10/dist-packages/click/core.py:1363: in main\n    rv = self.invoke(ctx)\n/usr/local/lib/python3.10/dist-packages/click/core.py:1828: in invoke\n    sub_ctx = cmd.make_context(cmd_name, args, parent=ctx)\n/usr/local/lib/python3.10/dist-packages/click/core.py:1186: in make_context\n    self.parse_args(ctx, args)\n/usr/local/lib/python3.10/dist-packages/click/core.py:1193: in parse_args\n    parser = self.make_parser(ctx)\n/usr/local/lib/python3.10/dist-packages/click/core.py:1054: in make_parser\n    for param in self.get_params(ctx):\n_ _ _ _ _ _ _ _ _ _ _ _ _ _ _ _ _ _ _ _ _ _ _ _ _ _ _ _ _ _ _ _ _ _ _ _ _ _ _ _ \n\nself = <Command cat>, ctx = <click.core.Context object at 0x7ff5b12be590>\n\n    def get_params(self, ctx: Context) -> list[Parameter]:\n        params = self.params\n        help_option = self.get_help_option(ctx)\n    \n        if help_option is not None:\n            params = [*params, help_option]\n    \n        if __debug__:\n            import warnings\n    \n            opts = [opt for param in params for opt in param.opts]\n            opts_counter = Counter(opts)\n            duplicate_opts = (opt for opt, count in opts_counter.items() if count > 1)\n    \n            for duplicate_opt in duplicate_opts:\n>               warnings.warn(\n                    (\n                        f\"The parameter {duplicate_opt} is used more than once. \"\n                        \"Remove its duplicate as parameters should be unique.\"\n                    ),\n                    stacklevel=3,\n                )\nE               UserWarning: The parameter --where is used more than once. Remove its duplicate as parameters should be unique.\n\n/usr/local/lib/python3.10/dist-packages/click/core.py:987: UserWarning\n________________________________ test_bbox_yes _________________________________\n\npath_coutwildrnp_shp = '/app/repo_to_process/tests/data/coutwildrnp.shp'\n\n    def test_bbox_yes(path_coutwildrnp_shp):\n        runner = CliRunner()\n>       result = runner.invoke(\n            main_group,\n            ['cat', path_coutwildrnp_shp, '--bbox', '-109,37,-107,39'],\n            catch_exceptions=False)\n\ntests/test_fio_cat.py:35: \n_ _ _ _ _ _ _ _ _ _ _ _ _ _ _ _ _ _ _ _ _ _ _ _ _ _ _ _ _ _ _ _ _ _ _ _ _ _ _ _ \n/usr/local/lib/python3.10/dist-packages/click/testing.py:506: in invoke\n    return_value = cli.main(args=args or (), prog_name=prog_name, **extra)\n/usr/local/lib/python3.10/dist-packages/click/core.py:1363: in main\n    rv = self.invoke(ctx)\n/usr/local/lib/python3.10/dist-packages/click/core.py:1828: in invoke\n    sub_ctx = cmd.make_context(cmd_name, args, parent=ctx)\n/usr/local/lib/python3.10/dist-packages/click/core.py:1186: in make_context\n    self.parse_args(ctx, args)\n/usr/local/lib/python3.10/dist-packages/click/core.py:1193: in parse_args\n    parser = self.make_parser(ctx)\n/usr/local/lib/python3.10/dist-packages/click/core.py:1054: in make_parser\n    for param in self.get_params(ctx):\n_ _ _ _ _ _ _ _ _ _ _ _ _ _ _ _ _ _ _ _ _ _ _ _ _ _ _ _ _ _ _ _ _ _ _ _ _ _ _ _ \n\nself = <Command cat>, ctx = <click.core.Context object at 0x7ff5b121d480>\n\n    def get_params(self, ctx: Context) -> list[Parameter]:\n        params = self.params\n        help_option = self.get_help_option(ctx)\n    \n        if help_option is not None:\n            params = [*params, help_option]\n    \n        if __debug__:\n            import warnings\n    \n            opts = [opt for param in params for opt in param.opts]\n            opts_counter = Counter(opts)\n            duplicate_opts = (opt for opt, count in opts_counter.items() if count > 1)\n    \n            for duplicate_opt in duplicate_opts:\n>               warnings.warn(\n                    (\n                        f\"The parameter {duplicate_opt} is used more than once. \"\n                        \"Remove its duplicate as parameters should be unique.\"\n                    ),\n                    stacklevel=3,\n                )\nE               UserWarning: The parameter --where is used more than once. Remove its duplicate as parameters should be unique.\n\n/usr/local/lib/python3.10/dist-packages/click/core.py:987: UserWarning\n___________________________ test_bbox_yes_two_files ____________________________\n\npath_coutwildrnp_shp = '/app/repo_to_process/tests/data/coutwildrnp.shp'\n\n    def test_bbox_yes_two_files(path_coutwildrnp_shp):\n        runner = CliRunner()\n>       result = runner.invoke(\n            main_group,\n            ['cat', path_coutwildrnp_shp, path_coutwildrnp_shp, '--bbox', '-109,37,-107,39'],\n            catch_exceptions=False)\n\ntests/test_fio_cat.py:45: \n_ _ _ _ _ _ _ _ _ _ _ _ _ _ _ _ _ _ _ _ _ _ _ _ _ _ _ _ _ _ _ _ _ _ _ _ _ _ _ _ \n/usr/local/lib/python3.10/dist-packages/click/testing.py:506: in invoke\n    return_value = cli.main(args=args or (), prog_name=prog_name, **extra)\n/usr/local/lib/python3.10/dist-packages/click/core.py:1363: in main\n    rv = self.invoke(ctx)\n/usr/local/lib/python3.10/dist-packages/click/core.py:1828: in invoke\n    sub_ctx = cmd.make_context(cmd_name, args, parent=ctx)\n/usr/local/lib/python3.10/dist-packages/click/core.py:1186: in make_context\n    self.parse_args(ctx, args)\n/usr/local/lib/python3.10/dist-packages/click/core.py:1193: in parse_args\n    parser = self.make_parser(ctx)\n/usr/local/lib/python3.10/dist-packages/click/core.py:1054: in make_parser\n    for param in self.get_params(ctx):\n_ _ _ _ _ _ _ _ _ _ _ _ _ _ _ _ _ _ _ _ _ _ _ _ _ _ _ _ _ _ _ _ _ _ _ _ _ _ _ _ \n\nself = <Command cat>, ctx = <click.core.Context object at 0x7ff5b12d8850>\n\n    def get_params(self, ctx: Context) -> list[Parameter]:\n        params = self.params\n        help_option = self.get_help_option(ctx)\n    \n        if help_option is not None:\n            params = [*params, help_option]\n    \n        if __debug__:\n            import warnings\n    \n            opts = [opt for param in params for opt in param.opts]\n            opts_counter = Counter(opts)\n            duplicate_opts = (opt for opt, count in opts_counter.items() if count > 1)\n    \n            for duplicate_opt in duplicate_opts:\n>               warnings.warn(\n                    (\n                        f\"The parameter {duplicate_opt} is used more than once. \"\n                        \"Remove its duplicate as parameters should be unique.\"\n                    ),\n                    stacklevel=3,\n                )\nE               UserWarning: The parameter --where is used more than once. Remove its duplicate as parameters should be unique.\n\n/usr/local/lib/python3.10/dist-packages/click/core.py:987: UserWarning\n______________________________ test_bbox_json_yes ______________________________\n\npath_coutwildrnp_shp = '/app/repo_to_process/tests/data/coutwildrnp.shp'\n\n    def test_bbox_json_yes(path_coutwildrnp_shp):\n        runner = CliRunner()\n>       result = runner.invoke(\n            main_group,\n            ['cat', path_coutwildrnp_shp, '--bbox', '[-109,37,-107,39]'],\n            catch_exceptions=False)\n\ntests/test_fio_cat.py:55: \n_ _ _ _ _ _ _ _ _ _ _ _ _ _ _ _ _ _ _ _ _ _ _ _ _ _ _ _ _ _ _ _ _ _ _ _ _ _ _ _ \n/usr/local/lib/python3.10/dist-packages/click/testing.py:506: in invoke\n    return_value = cli.main(args=args or (), prog_name=prog_name, **extra)\n/usr/local/lib/python3.10/dist-packages/click/core.py:1363: in main\n    rv = self.invoke(ctx)\n/usr/local/lib/python3.10/dist-packages/click/core.py:1828: in invoke\n    sub_ctx = cmd.make_context(cmd_name, args, parent=ctx)\n/usr/local/lib/python3.10/dist-packages/click/core.py:1186: in make_context\n    self.parse_args(ctx, args)\n/usr/local/lib/python3.10/dist-packages/click/core.py:1193: in parse_args\n    parser = self.make_parser(ctx)\n/usr/local/lib/python3.10/dist-packages/click/core.py:1054: in make_parser\n    for param in self.get_params(ctx):\n_ _ _ _ _ _ _ _ _ _ _ _ _ _ _ _ _ _ _ _ _ _ _ _ _ _ _ _ _ _ _ _ _ _ _ _ _ _ _ _ \n\nself = <Command cat>, ctx = <click.core.Context object at 0x7ff5b15bf700>\n\n    def get_params(self, ctx: Context) -> list[Parameter]:\n        params = self.params\n        help_option = self.get_help_option(ctx)\n    \n        if help_option is not None:\n            params = [*params, help_option]\n    \n        if __debug__:\n            import warnings\n    \n            opts = [opt for param in params for opt in param.opts]\n            opts_counter = Counter(opts)\n            duplicate_opts = (opt for opt, count in opts_counter.items() if count > 1)\n    \n            for duplicate_opt in duplicate_opts:\n>               warnings.warn(\n                    (\n                        f\"The parameter {duplicate_opt} is used more than once. \"\n                        \"Remove its duplicate as parameters should be unique.\"\n                    ),\n                    stacklevel=3,\n                )\nE               UserWarning: The parameter --where is used more than once. Remove its duplicate as parameters should be unique.\n\n/usr/local/lib/python3.10/dist-packages/click/core.py:987: UserWarning\n_______________________________ test_bbox_where ________________________________\n\npath_coutwildrnp_shp = '/app/repo_to_process/tests/data/coutwildrnp.shp'\n\n    def test_bbox_where(path_coutwildrnp_shp):\n        runner = CliRunner()\n>       result = runner.invoke(\n            main_group,\n            ['cat', path_coutwildrnp_shp, '--bbox', '-120,40,-100,50',\n             '--where', \"NAME LIKE 'Mount%'\"],\n            catch_exceptions=False)\n\ntests/test_fio_cat.py:65: \n_ _ _ _ _ _ _ _ _ _ _ _ _ _ _ _ _ _ _ _ _ _ _ _ _ _ _ _ _ _ _ _ _ _ _ _ _ _ _ _ \n/usr/local/lib/python3.10/dist-packages/click/testing.py:506: in invoke\n    return_value = cli.main(args=args or (), prog_name=prog_name, **extra)\n/usr/local/lib/python3.10/dist-packages/click/core.py:1363: in main\n    rv = self.invoke(ctx)\n/usr/local/lib/python3.10/dist-packages/click/core.py:1828: in invoke\n    sub_ctx = cmd.make_context(cmd_name, args, parent=ctx)\n/usr/local/lib/python3.10/dist-packages/click/core.py:1186: in make_context\n    self.parse_args(ctx, args)\n/usr/local/lib/python3.10/dist-packages/click/core.py:1193: in parse_args\n    parser = self.make_parser(ctx)\n/usr/local/lib/python3.10/dist-packages/click/core.py:1054: in make_parser\n    for param in self.get_params(ctx):\n_ _ _ _ _ _ _ _ _ _ _ _ _ _ _ _ _ _ _ _ _ _ _ _ _ _ _ _ _ _ _ _ _ _ _ _ _ _ _ _ \n\nself = <Command cat>, ctx = <click.core.Context object at 0x7ff5b1212680>\n\n    def get_params(self, ctx: Context) -> list[Parameter]:\n        params = self.params\n        help_option = self.get_help_option(ctx)\n    \n        if help_option is not None:\n            params = [*params, help_option]\n    \n        if __debug__:\n            import warnings\n    \n            opts = [opt for param in params for opt in param.opts]\n            opts_counter = Counter(opts)\n            duplicate_opts = (opt for opt, count in opts_counter.items() if count > 1)\n    \n            for duplicate_opt in duplicate_opts:\n>               warnings.warn(\n                    (\n                        f\"The parameter {duplicate_opt} is used more than once. \"\n                        \"Remove its duplicate as parameters should be unique.\"\n                    ),\n                    stacklevel=3,\n                )\nE               UserWarning: The parameter --where is used more than once. Remove its duplicate as parameters should be unique.\n\n/usr/local/lib/python3.10/dist-packages/click/core.py:987: UserWarning\n________________________________ test_where_no _________________________________\n\npath_coutwildrnp_shp = '/app/repo_to_process/tests/data/coutwildrnp.shp'\n\n    def test_where_no(path_coutwildrnp_shp):\n        runner = CliRunner()\n>       result = runner.invoke(\n            main_group,\n            ['cat', path_coutwildrnp_shp, '--where', \"STATE LIKE '%foo%'\"],\n            catch_exceptions=False)\n\ntests/test_fio_cat.py:76: \n_ _ _ _ _ _ _ _ _ _ _ _ _ _ _ _ _ _ _ _ _ _ _ _ _ _ _ _ _ _ _ _ _ _ _ _ _ _ _ _ \n/usr/local/lib/python3.10/dist-packages/click/testing.py:506: in invoke\n    return_value = cli.main(args=args or (), prog_name=prog_name, **extra)\n/usr/local/lib/python3.10/dist-packages/click/core.py:1363: in main\n    rv = self.invoke(ctx)\n/usr/local/lib/python3.10/dist-packages/click/core.py:1828: in invoke\n    sub_ctx = cmd.make_context(cmd_name, args, parent=ctx)\n/usr/local/lib/python3.10/dist-packages/click/core.py:1186: in make_context\n    self.parse_args(ctx, args)\n/usr/local/lib/python3.10/dist-packages/click/core.py:1193: in parse_args\n    parser = self.make_parser(ctx)\n/usr/local/lib/python3.10/dist-packages/click/core.py:1054: in make_parser\n    for param in self.get_params(ctx):\n_ _ _ _ _ _ _ _ _ _ _ _ _ _ _ _ _ _ _ _ _ _ _ _ _ _ _ _ _ _ _ _ _ _ _ _ _ _ _ _ \n\nself = <Command cat>, ctx = <click.core.Context object at 0x7ff5b0986050>\n\n    def get_params(self, ctx: Context) -> list[Parameter]:\n        params = self.params\n        help_option = self.get_help_option(ctx)\n    \n        if help_option is not None:\n            params = [*params, help_option]\n    \n        if __debug__:\n            import warnings\n    \n            opts = [opt for param in params for opt in param.opts]\n            opts_counter = Counter(opts)\n            duplicate_opts = (opt for opt, count in opts_counter.items() if count > 1)\n    \n            for duplicate_opt in duplicate_opts:\n>               warnings.warn(\n                    (\n                        f\"The parameter {duplicate_opt} is used more than once. \"\n                        \"Remove its duplicate as parameters should be unique.\"\n                    ),\n                    stacklevel=3,\n                )\nE               UserWarning: The parameter --where is used more than once. Remove its duplicate as parameters should be unique.\n\n/usr/local/lib/python3.10/dist-packages/click/core.py:987: UserWarning\n________________________________ test_where_yes ________________________________\n\npath_coutwildrnp_shp = '/app/repo_to_process/tests/data/coutwildrnp.shp'\n\n    def test_where_yes(path_coutwildrnp_shp):\n        runner = CliRunner()\n>       result = runner.invoke(\n            main_group,\n            ['cat', path_coutwildrnp_shp, '--where', \"NAME LIKE 'Mount%'\"],\n            catch_exceptions=False)\n\ntests/test_fio_cat.py:86: \n_ _ _ _ _ _ _ _ _ _ _ _ _ _ _ _ _ _ _ _ _ _ _ _ _ _ _ _ _ _ _ _ _ _ _ _ _ _ _ _ \n/usr/local/lib/python3.10/dist-packages/click/testing.py:506: in invoke\n    return_value = cli.main(args=args or (), prog_name=prog_name, **extra)\n/usr/local/lib/python3.10/dist-packages/click/core.py:1363: in main\n    rv = self.invoke(ctx)\n/usr/local/lib/python3.10/dist-packages/click/core.py:1828: in invoke\n    sub_ctx = cmd.make_context(cmd_name, args, parent=ctx)\n/usr/local/lib/python3.10/dist-packages/click/core.py:1186: in make_context\n    self.parse_args(ctx, args)\n/usr/local/lib/python3.10/dist-packages/click/core.py:1193: in parse_args\n    parser = self.make_parser(ctx)\n/usr/local/lib/python3.10/dist-packages/click/core.py:1054: in make_parser\n    for param in self.get_params(ctx):\n_ _ _ _ _ _ _ _ _ _ _ _ _ _ _ _ _ _ _ _ _ _ _ _ _ _ _ _ _ _ _ _ _ _ _ _ _ _ _ _ \n\nself = <Command cat>, ctx = <click.core.Context object at 0x7ff5b092eb30>\n\n    def get_params(self, ctx: Context) -> list[Parameter]:\n        params = self.params\n        help_option = self.get_help_option(ctx)\n    \n        if help_option is not None:\n            params = [*params, help_option]\n    \n        if __debug__:\n            import warnings\n    \n            opts = [opt for param in params for opt in param.opts]\n            opts_counter = Counter(opts)\n            duplicate_opts = (opt for opt, count in opts_counter.items() if count > 1)\n    \n            for duplicate_opt in duplicate_opts:\n>               warnings.warn(\n                    (\n                        f\"The parameter {duplicate_opt} is used more than once. \"\n                        \"Remove its duplicate as parameters should be unique.\"\n                    ),\n                    stacklevel=3,\n                )\nE               UserWarning: The parameter --where is used more than once. Remove its duplicate as parameters should be unique.\n\n/usr/local/lib/python3.10/dist-packages/click/core.py:987: UserWarning\n___________________________ test_where_yes_two_files ___________________________\n\npath_coutwildrnp_shp = '/app/repo_to_process/tests/data/coutwildrnp.shp'\n\n    def test_where_yes_two_files(path_coutwildrnp_shp):\n        runner = CliRunner()\n>       result = runner.invoke(\n            main_group,\n            ['cat', path_coutwildrnp_shp, path_coutwildrnp_shp,\n             '--where', \"NAME LIKE 'Mount%'\"],\n            catch_exceptions=False)\n\ntests/test_fio_cat.py:96: \n_ _ _ _ _ _ _ _ _ _ _ _ _ _ _ _ _ _ _ _ _ _ _ _ _ _ _ _ _ _ _ _ _ _ _ _ _ _ _ _ \n/usr/local/lib/python3.10/dist-packages/click/testing.py:506: in invoke\n    return_value = cli.main(args=args or (), prog_name=prog_name, **extra)\n/usr/local/lib/python3.10/dist-packages/click/core.py:1363: in main\n    rv = self.invoke(ctx)\n/usr/local/lib/python3.10/dist-packages/click/core.py:1828: in invoke\n    sub_ctx = cmd.make_context(cmd_name, args, parent=ctx)\n/usr/local/lib/python3.10/dist-packages/click/core.py:1186: in make_context\n    self.parse_args(ctx, args)\n/usr/local/lib/python3.10/dist-packages/click/core.py:1193: in parse_args\n    parser = self.make_parser(ctx)\n/usr/local/lib/python3.10/dist-packages/click/core.py:1054: in make_parser\n    for param in self.get_params(ctx):\n_ _ _ _ _ _ _ _ _ _ _ _ _ _ _ _ _ _ _ _ _ _ _ _ _ _ _ _ _ _ _ _ _ _ _ _ _ _ _ _ \n\nself = <Command cat>, ctx = <click.core.Context object at 0x7ff5b1213b80>\n\n    def get_params(self, ctx: Context) -> list[Parameter]:\n        params = self.params\n        help_option = self.get_help_option(ctx)\n    \n        if help_option is not None:\n            params = [*params, help_option]\n    \n        if __debug__:\n            import warnings\n    \n            opts = [opt for param in params for opt in param.opts]\n            opts_counter = Counter(opts)\n            duplicate_opts = (opt for opt, count in opts_counter.items() if count > 1)\n    \n            for duplicate_opt in duplicate_opts:\n>               warnings.warn(\n                    (\n                        f\"The parameter {duplicate_opt} is used more than once. \"\n                        \"Remove its duplicate as parameters should be unique.\"\n                    ),\n                    stacklevel=3,\n                )\nE               UserWarning: The parameter --where is used more than once. Remove its duplicate as parameters should be unique.\n\n/usr/local/lib/python3.10/dist-packages/click/core.py:987: UserWarning\n_______________________________ test_multi_layer _______________________________\n\ndata_dir = '/app/repo_to_process/tests/data'\n\n    def test_multi_layer(data_dir):\n        layerdef = \"1:coutwildrnp,1:coutwildrnp\"\n        runner = CliRunner()\n        result = runner.invoke(\n            main_group, ['cat', '--layer', layerdef, data_dir])\n>       assert result.output.count('\"Feature\"') == 134\nE       assert 0 == 134\nE        +  where 0 = <built-in method count of str object at 0x7ff5d7144030>('\"Feature\"')\nE        +    where <built-in method count of str object at 0x7ff5d7144030> = ''.count\nE        +      where '' = <Result UserWarning('The parameter --where is used more than once. Remove its duplicate as parameters should be unique.')>.output\n\ntests/test_fio_cat.py:117: AssertionError\n___________________________________ test_vfs ___________________________________\n\npath_coutwildrnp_zip = '/app/repo_to_process/tests/data/coutwildrnp.zip'\n\n    def test_vfs(path_coutwildrnp_zip):\n        runner = CliRunner()\n        result = runner.invoke(main_group, [\n            'cat', f'zip://{path_coutwildrnp_zip}'])\n>       assert result.exit_code == 0\nE       AssertionError: assert 1 == 0\nE        +  where 1 = <Result UserWarning('The parameter --where is used more than once. Remove its duplicate as parameters should be unique.')>.exit_code\n\ntests/test_fio_cat.py:131: AssertionError\n____________________________ test_dst_crs_epsg3857 _____________________________\n\npath_coutwildrnp_shp = '/app/repo_to_process/tests/data/coutwildrnp.shp'\n\n    def test_dst_crs_epsg3857(path_coutwildrnp_shp):\n        \"\"\"Confirm fix of issue #952\"\"\"\n        runner = CliRunner()\n        result = runner.invoke(\n            main_group, [\"cat\", \"--dst-crs\", \"EPSG:3857\", path_coutwildrnp_shp]\n        )\n>       assert result.exit_code == 0\nE       AssertionError: assert 1 == 0\nE        +  where 1 = <Result UserWarning('The parameter --where is used more than once. Remove its duplicate as parameters should be unique.')>.exit_code\n\ntests/test_fio_cat.py:141: AssertionError\n_______________________________ test_collect_rs ________________________________\n\nfeature_seq_pp_rs = '\\x1e{\\n  \"geometry\": {\\n    \"type\": \"Polygon\", \\n    \"coordinates\": [\\n      [\\n        [\\n          -111.73527526855...GBUR\": \"FS\", \\n    \"AREA\": 0.0104441, \\n    \"STATE_FIPS\": \"49\", \\n    \"WILDRNP020\": 336, \\n    \"STATE\": \"UT\"\\n  }\\n}\\n'\n\n    def test_collect_rs(feature_seq_pp_rs):\n        runner = CliRunner()\n        result = runner.invoke(\n            main_group, ['collect', '--src-crs', 'EPSG:3857'],\n            feature_seq_pp_rs,\n            catch_exceptions=False)\n>       assert result.exit_code == 0\nE       assert 1 == 0\nE        +  where 1 = <Result SystemExit(1)>.exit_code\n\ntests/test_fio_collect.py:20: AssertionError\n------------------------------ Captured log call -------------------------------\nDEBUG    fiona._env:env.py:315 GDAL data found in package: path='/usr/local/lib/python3.10/dist-packages/fiona/gdal_data'.\nDEBUG    fiona._env:env.py:315 PROJ data found in package: path='/usr/local/lib/python3.10/dist-packages/fiona/proj_data'.\n______________________________ test_collect_no_rs ______________________________\n\nfeature_seq = '{\"geometry\": {\"type\": \"Polygon\", \"coordinates\": [[[-111.73527526855469, 41.995094299316406], [-111.65931701660156, 41...ame=Wellsville%20Mountain\", \"AGBUR\": \"FS\", \"AREA\": 0.0104441, \"STATE_FIPS\": \"49\", \"WILDRNP020\": 336, \"STATE\": \"UT\"}}\\n'\n\n    def test_collect_no_rs(feature_seq):\n        runner = CliRunner()\n        result = runner.invoke(\n            main_group, ['collect', '--src-crs', 'EPSG:3857'],\n            feature_seq,\n            catch_exceptions=False)\n>       assert result.exit_code == 0\nE       assert 1 == 0\nE        +  where 1 = <Result SystemExit(1)>.exit_code\n\ntests/test_fio_collect.py:30: AssertionError\n------------------------------ Captured log call -------------------------------\nDEBUG    fiona._env:env.py:315 GDAL data found in package: path='/usr/local/lib/python3.10/dist-packages/fiona/gdal_data'.\nDEBUG    fiona._env:env.py:315 PROJ data found in package: path='/usr/local/lib/python3.10/dist-packages/fiona/proj_data'.\n_______________________________ test_collect_ld ________________________________\n\nfeature_seq = '{\"geometry\": {\"type\": \"Polygon\", \"coordinates\": [[[-111.73527526855469, 41.995094299316406], [-111.65931701660156, 41...ame=Wellsville%20Mountain\", \"AGBUR\": \"FS\", \"AREA\": 0.0104441, \"STATE_FIPS\": \"49\", \"WILDRNP020\": 336, \"STATE\": \"UT\"}}\\n'\n\n    def test_collect_ld(feature_seq):\n        runner = CliRunner()\n        result = runner.invoke(\n            main_group, ['collect', '--with-ld-context', '--add-ld-context-item', 'foo=bar'],\n            feature_seq,\n            catch_exceptions=False)\n>       assert result.exit_code == 0\nE       assert 1 == 0\nE        +  where 1 = <Result SystemExit(1)>.exit_code\n\ntests/test_fio_collect.py:40: AssertionError\n------------------------------ Captured log call -------------------------------\nDEBUG    fiona._env:env.py:315 GDAL data found in package: path='/usr/local/lib/python3.10/dist-packages/fiona/gdal_data'.\nDEBUG    fiona._env:env.py:315 PROJ data found in package: path='/usr/local/lib/python3.10/dist-packages/fiona/proj_data'.\n__________________________ test_collect_rec_buffered ___________________________\n\nfeature_seq = '{\"geometry\": {\"type\": \"Polygon\", \"coordinates\": [[[-111.73527526855469, 41.995094299316406], [-111.65931701660156, 41...ame=Wellsville%20Mountain\", \"AGBUR\": \"FS\", \"AREA\": 0.0104441, \"STATE_FIPS\": \"49\", \"WILDRNP020\": 336, \"STATE\": \"UT\"}}\\n'\n\n    def test_collect_rec_buffered(feature_seq):\n        runner = CliRunner()\n        result = runner.invoke(main_group, ['collect', '--record-buffered'], feature_seq)\n>       assert result.exit_code == 0\nE       assert 1 == 0\nE        +  where 1 = <Result SystemExit(1)>.exit_code\n\ntests/test_fio_collect.py:48: AssertionError\n------------------------------ Captured log call -------------------------------\nDEBUG    fiona._env:env.py:315 GDAL data found in package: path='/usr/local/lib/python3.10/dist-packages/fiona/gdal_data'.\nDEBUG    fiona._env:env.py:315 PROJ data found in package: path='/usr/local/lib/python3.10/dist-packages/fiona/proj_data'.\n_____________________________ test_collect_noparse _____________________________\n\nfeature_seq = '{\"geometry\": {\"type\": \"Polygon\", \"coordinates\": [[[-111.73527526855469, 41.995094299316406], [-111.65931701660156, 41...ame=Wellsville%20Mountain\", \"AGBUR\": \"FS\", \"AREA\": 0.0104441, \"STATE_FIPS\": \"49\", \"WILDRNP020\": 336, \"STATE\": \"UT\"}}\\n'\n\n    def test_collect_noparse(feature_seq):\n        runner = CliRunner()\n        result = runner.invoke(\n            main_group, ['collect', '--no-parse'],\n            feature_seq,\n            catch_exceptions=False)\n>       assert result.exit_code == 0\nE       assert 1 == 0\nE        +  where 1 = <Result SystemExit(1)>.exit_code\n\ntests/test_fio_collect.py:58: AssertionError\n------------------------------ Captured log call -------------------------------\nDEBUG    fiona._env:env.py:315 GDAL data found in package: path='/usr/local/lib/python3.10/dist-packages/fiona/gdal_data'.\nDEBUG    fiona._env:env.py:315 PROJ data found in package: path='/usr/local/lib/python3.10/dist-packages/fiona/proj_data'.\n_________________________ test_collect_noparse_records _________________________\n\nfeature_seq = '{\"geometry\": {\"type\": \"Polygon\", \"coordinates\": [[[-111.73527526855469, 41.995094299316406], [-111.65931701660156, 41...ame=Wellsville%20Mountain\", \"AGBUR\": \"FS\", \"AREA\": 0.0104441, \"STATE_FIPS\": \"49\", \"WILDRNP020\": 336, \"STATE\": \"UT\"}}\\n'\n\n    def test_collect_noparse_records(feature_seq):\n        runner = CliRunner()\n        result = runner.invoke(\n            main_group, ['collect', '--no-parse', '--record-buffered'],\n            feature_seq,\n            catch_exceptions=False)\n>       assert result.exit_code == 0\nE       assert 1 == 0\nE        +  where 1 = <Result SystemExit(1)>.exit_code\n\ntests/test_fio_collect.py:69: AssertionError\n------------------------------ Captured log call -------------------------------\nDEBUG    fiona._env:env.py:315 GDAL data found in package: path='/usr/local/lib/python3.10/dist-packages/fiona/gdal_data'.\nDEBUG    fiona._env:env.py:315 PROJ data found in package: path='/usr/local/lib/python3.10/dist-packages/fiona/proj_data'.\n___________________________ test_collect_noparse_rs ____________________________\n\nfeature_seq_pp_rs = '\\x1e{\\n  \"geometry\": {\\n    \"type\": \"Polygon\", \\n    \"coordinates\": [\\n      [\\n        [\\n          -111.73527526855...GBUR\": \"FS\", \\n    \"AREA\": 0.0104441, \\n    \"STATE_FIPS\": \"49\", \\n    \"WILDRNP020\": 336, \\n    \"STATE\": \"UT\"\\n  }\\n}\\n'\n\n    def test_collect_noparse_rs(feature_seq_pp_rs):\n        runner = CliRunner()\n        result = runner.invoke(\n            main_group, ['collect', '--no-parse'],\n            feature_seq_pp_rs,\n            catch_exceptions=False)\n>       assert result.exit_code == 0\nE       assert 1 == 0\nE        +  where 1 = <Result SystemExit(1)>.exit_code\n\ntests/test_fio_collect.py:89: AssertionError\n------------------------------ Captured log call -------------------------------\nDEBUG    fiona._env:env.py:315 GDAL data found in package: path='/usr/local/lib/python3.10/dist-packages/fiona/gdal_data'.\nDEBUG    fiona._env:env.py:315 PROJ data found in package: path='/usr/local/lib/python3.10/dist-packages/fiona/proj_data'.\n_________________________________ test_distrib _________________________________\n\nfeature_collection_pp = '\\x1e{\\n  \"type\": \"FeatureCollection\",\\n  \"features\": [\\n    {\\n      \"geometry\": {\\n        \"type\": \"Polygon\",\\n     ...: 0.0104441,\\n        \"STATE_FIPS\": \"49\",\\n        \"WILDRNP020\": 336,\\n        \"STATE\": \"UT\"\\n      }\\n    }\\n  ]\\n}\\n'\n\n    def test_distrib(feature_collection_pp):\n        runner = CliRunner()\n        result = runner.invoke(main_group, ['distrib', ], feature_collection_pp)\n>       assert result.exit_code == 0\nE       assert 1 == 0\nE        +  where 1 = <Result SystemExit(1)>.exit_code\n\ntests/test_fio_distrib.py:12: AssertionError\n------------------------------ Captured log call -------------------------------\nDEBUG    fiona._env:env.py:315 GDAL data found in package: path='/usr/local/lib/python3.10/dist-packages/fiona/gdal_data'.\nDEBUG    fiona._env:env.py:315 PROJ data found in package: path='/usr/local/lib/python3.10/dist-packages/fiona/proj_data'.\n______________________________ test_distrib_no_rs ______________________________\n\nfeature_collection = '{\"type\": \"FeatureCollection\", \"features\": [{\"geometry\": {\"type\": \"Polygon\", \"coordinates\": [[[-111.73527526855469, 41...ame=Wellsville%20Mountain\", \"AGBUR\": \"FS\", \"AREA\": 0.0104441, \"STATE_FIPS\": \"49\", \"WILDRNP020\": 336, \"STATE\": \"UT\"}}]}'\n\n    def test_distrib_no_rs(feature_collection):\n        runner = CliRunner()\n        result = runner.invoke(main_group, ['distrib', ], feature_collection)\n>       assert result.exit_code == 0\nE       assert 1 == 0\nE        +  where 1 = <Result SystemExit(1)>.exit_code\n\ntests/test_fio_distrib.py:19: AssertionError\n------------------------------ Captured log call -------------------------------\nDEBUG    fiona._env:env.py:315 GDAL data found in package: path='/usr/local/lib/python3.10/dist-packages/fiona/gdal_data'.\nDEBUG    fiona._env:env.py:315 PROJ data found in package: path='/usr/local/lib/python3.10/dist-packages/fiona/proj_data'.\n________________________________ test_map_count ________________________________\n\n    def test_map_count():\n        \"\"\"fio-map prints correct number of results.\"\"\"\n        with open(\"tests/data/trio.seq\") as seq:\n            data = seq.read()\n    \n        runner = CliRunner()\n        result = runner.invoke(\n            main_group,\n            [\"map\", \"centroid (buffer g 1.0)\"],\n            input=data,\n        )\n    \n>       assert result.exit_code == 0\nE       assert 1 == 0\nE        +  where 1 = <Result SystemExit(1)>.exit_code\n\ntests/test_fio_features.py:21: AssertionError\n___________________________ test_reduce_area[--raw] ____________________________\n\nraw_opt = '--raw'\n\n    @pytest.mark.parametrize(\"raw_opt\", [\"--raw\", \"-r\"])\n    def test_reduce_area(raw_opt):\n        \"\"\"Reduce features to their (raw) area.\"\"\"\n        with open(\"tests/data/trio.seq\") as seq:\n            data = seq.read()\n    \n        runner = CliRunner()\n        result = runner.invoke(\n            main_group,\n            [\"reduce\", raw_opt, \"area (unary_union c) :projected false\"],\n            input=data,\n        )\n>       assert result.exit_code == 0\nE       assert 1 == 0\nE        +  where 1 = <Result SystemExit(1)>.exit_code\n\ntests/test_fio_features.py:37: AssertionError\n_____________________________ test_reduce_area[-r] _____________________________\n\nraw_opt = '-r'\n\n    @pytest.mark.parametrize(\"raw_opt\", [\"--raw\", \"-r\"])\n    def test_reduce_area(raw_opt):\n        \"\"\"Reduce features to their (raw) area.\"\"\"\n        with open(\"tests/data/trio.seq\") as seq:\n            data = seq.read()\n    \n        runner = CliRunner()\n        result = runner.invoke(\n            main_group,\n            [\"reduce\", raw_opt, \"area (unary_union c) :projected false\"],\n            input=data,\n        )\n>       assert result.exit_code == 0\nE       assert 1 == 0\nE        +  where 1 = <Result SystemExit(1)>.exit_code\n\ntests/test_fio_features.py:37: AssertionError\n______________________________ test_reduce_union _______________________________\n\n    def test_reduce_union():\n        \"\"\"Reduce features to one single feature.\"\"\"\n        with open(\"tests/data/trio.seq\") as seq:\n            data = seq.read()\n    \n        # Define our reduce command using a mkdocs snippet.\n        arg = \"\"\"\n        --8<-- [start:reduce]\n        unary_union c\n        --8<-- [end:reduce]\n        \"\"\".splitlines()[\n            2\n        ].strip()\n    \n        runner = CliRunner()\n        result = runner.invoke(main_group, [\"reduce\", arg], input=data)\n>       assert result.exit_code == 0\nE       assert 1 == 0\nE        +  where 1 = <Result SystemExit(1)>.exit_code\n\ntests/test_fio_features.py:57: AssertionError\n_______________________ test_reduce_union_zip_properties _______________________\n\n    def test_reduce_union_zip_properties():\n        \"\"\"Reduce features to one single feature, zipping properties.\"\"\"\n        with open(\"tests/data/trio.seq\") as seq:\n            data = seq.read()\n    \n        runner = CliRunner()\n        result = runner.invoke(\n            main_group, [\"reduce\", \"--zip-properties\", \"unary_union c\"], input=data\n        )\n>       assert result.exit_code == 0\nE       assert 1 == 0\nE        +  where 1 = <Result SystemExit(1)>.exit_code\n\ntests/test_fio_features.py:72: AssertionError\n_________________________________ test_filter __________________________________\n\n    def test_filter():\n        \"\"\"Filter features by distance.\"\"\"\n        with open(\"tests/data/trio.seq\") as seq:\n            data = seq.read()\n    \n        # Define our reduce command using a mkdocs snippet.\n        arg = \"\"\"\n        --8<-- [start:filter]\n        < (distance g (Point 4 43)) 62.5E3\n        --8<-- [end:filter]\n        \"\"\".splitlines()[\n            2\n        ].strip()\n    \n        runner = CliRunner()\n        result = runner.invoke(\n            main_group,\n            [\"filter\", arg],\n            input=data,\n            catch_exceptions=False,\n        )\n>       assert result.exit_code == 0\nE       assert 1 == 0\nE        +  where 1 = <Result SystemExit(1)>.exit_code\n\ntests/test_fio_features.py:103: AssertionError\n------------------------------ Captured log call -------------------------------\nDEBUG    fiona._env:env.py:315 GDAL data found in package: path='/usr/local/lib/python3.10/dist-packages/fiona/gdal_data'.\nDEBUG    fiona._env:env.py:315 PROJ data found in package: path='/usr/local/lib/python3.10/dist-packages/fiona/proj_data'.\nINFO     fiona.fio.features:features.py:166 Detected a snuggs expression.\n___________________________________ test_seq ___________________________________\n\nfeature_seq = '{\"geometry\": {\"type\": \"Polygon\", \"coordinates\": [[[-111.73527526855469, 41.995094299316406], [-111.65931701660156, 41...ame=Wellsville%20Mountain\", \"AGBUR\": \"FS\", \"AREA\": 0.0104441, \"STATE_FIPS\": \"49\", \"WILDRNP020\": 336, \"STATE\": \"UT\"}}\\n'\nrunner = <click.testing.CliRunner object at 0x7ff5b1210070>\n\n    def test_seq(feature_seq, runner):\n        with pytest.warns(FutureWarning):\n            result = runner.invoke(main_group, ['filter',\n                \"f.properties.AREA > 0.01\"], feature_seq, catch_exceptions=False)\n>           assert result.exit_code == 0\nE           assert 1 == 0\nE            +  where 1 = <Result SystemExit(1)>.exit_code\n\ntests/test_fio_filter.py:20: AssertionError\n------------------------------ Captured log call -------------------------------\nDEBUG    fiona._env:env.py:315 GDAL data found in package: path='/usr/local/lib/python3.10/dist-packages/fiona/gdal_data'.\nDEBUG    fiona._env:env.py:315 PROJ data found in package: path='/usr/local/lib/python3.10/dist-packages/fiona/proj_data'.\nINFO     fiona.fio.features:features.py:170 Detected a legacy Python expression.\n________________________________ test_info_json ________________________________\n\npath_coutwildrnp_shp = '/app/repo_to_process/tests/data/coutwildrnp.shp'\n\n    def test_info_json(path_coutwildrnp_shp):\n        runner = CliRunner()\n        result = runner.invoke(main_group, ['info', path_coutwildrnp_shp])\n>       assert result.exit_code == 0\nE       AssertionError: assert 1 == 0\nE        +  where 1 = <Result KeyError('False')>.exit_code\n\ntests/test_fio_info.py:27: AssertionError\n------------------------------ Captured log call -------------------------------\nDEBUG    fiona._env:env.py:315 GDAL data found in package: path='/usr/local/lib/python3.10/dist-packages/fiona/gdal_data'.\nDEBUG    fiona._env:env.py:315 PROJ data found in package: path='/usr/local/lib/python3.10/dist-packages/fiona/proj_data'.\nDEBUG    fiona._env:env.py:315 GDAL data found in package: path='/usr/local/lib/python3.10/dist-packages/fiona/gdal_data'.\nDEBUG    fiona._env:env.py:315 PROJ data found in package: path='/usr/local/lib/python3.10/dist-packages/fiona/proj_data'.\nDEBUG    fiona.ogrext:collection.py:283 Got coordinate system\nDEBUG    fiona.ogrext:collection.py:290 Got coordinate system\nDEBUG    fiona.collection:collection.py:660 Flushed buffer\nDEBUG    fiona.collection:collection.py:662 Stopped session\n______________________________ test_info_no_count ______________________________\n\npath_gpx = '/app/repo_to_process/tests/data/test_gpx.gpx'\n\n    def test_info_no_count(path_gpx):\n        \"\"\"Make sure we can still get a `$ fio info` report on datasources that do\n        not support feature counting, AKA `len(collection)`.\n        \"\"\"\n        runner = CliRunner()\n        result = runner.invoke(main_group, ['info', path_gpx])\n>       assert result.exit_code == 0\nE       AssertionError: assert 1 == 0\nE        +  where 1 = <Result KeyError('False')>.exit_code\n\ntests/test_fio_info.py:70: AssertionError\n------------------------------ Captured log call -------------------------------\nDEBUG    fiona._env:env.py:315 GDAL data found in package: path='/usr/local/lib/python3.10/dist-packages/fiona/gdal_data'.\nDEBUG    fiona._env:env.py:315 PROJ data found in package: path='/usr/local/lib/python3.10/dist-packages/fiona/proj_data'.\nDEBUG    fiona._env:env.py:315 GDAL data found in package: path='/usr/local/lib/python3.10/dist-packages/fiona/gdal_data'.\nDEBUG    fiona._env:env.py:315 PROJ data found in package: path='/usr/local/lib/python3.10/dist-packages/fiona/proj_data'.\nDEBUG    fiona.ogrext:collection.py:283 Got coordinate system\nDEBUG    fiona.ogrext:collection.py:290 Got coordinate system\nDEBUG    fiona.fio.info:info.py:58 Setting 'bounds' to None - driver was not able to calculate bounds\nDEBUG    fiona.fio.info:info.py:66 Setting 'count' to None/null - layer does not support counting\nDEBUG    fiona.collection:collection.py:660 Flushed buffer\nDEBUG    fiona.collection:collection.py:662 Stopped session\n_______________________________ test_info_layer ________________________________\n\npath_gpx = '/app/repo_to_process/tests/data/test_gpx.gpx'\n\n    def test_info_layer(path_gpx):\n        for layer in ('routes', '1'):\n            runner = CliRunner()\n            result = runner.invoke(main_group, [\n                'info',\n                path_gpx,\n                '--layer', layer])\n>           assert result.exit_code == 0\nE           AssertionError: assert 1 == 0\nE            +  where 1 = <Result KeyError('False')>.exit_code\n\ntests/test_fio_info.py:83: AssertionError\n------------------------------ Captured log call -------------------------------\nDEBUG    fiona._env:env.py:315 GDAL data found in package: path='/usr/local/lib/python3.10/dist-packages/fiona/gdal_data'.\nDEBUG    fiona._env:env.py:315 PROJ data found in package: path='/usr/local/lib/python3.10/dist-packages/fiona/proj_data'.\nDEBUG    fiona._env:env.py:315 GDAL data found in package: path='/usr/local/lib/python3.10/dist-packages/fiona/gdal_data'.\nDEBUG    fiona._env:env.py:315 PROJ data found in package: path='/usr/local/lib/python3.10/dist-packages/fiona/proj_data'.\nDEBUG    fiona.ogrext:collection.py:283 Got coordinate system\nDEBUG    fiona.ogrext:collection.py:290 Got coordinate system\nDEBUG    fiona.fio.info:info.py:58 Setting 'bounds' to None - driver was not able to calculate bounds\nDEBUG    fiona.fio.info:info.py:66 Setting 'count' to None/null - layer does not support counting\nDEBUG    fiona.collection:collection.py:660 Flushed buffer\nDEBUG    fiona.collection:collection.py:662 Stopped session\n________________________________ test_info_vfs _________________________________\n\npath_coutwildrnp_zip = '/app/repo_to_process/tests/data/coutwildrnp.zip'\npath_coutwildrnp_shp = '/app/repo_to_process/tests/data/coutwildrnp.shp'\n\n    def test_info_vfs(path_coutwildrnp_zip, path_coutwildrnp_shp):\n        runner = CliRunner()\n        zip_result = runner.invoke(main_group, [\n            'info', f'zip://{path_coutwildrnp_zip}'])\n        shp_result = runner.invoke(main_group, [\n            'info', path_coutwildrnp_shp])\n>       assert zip_result.exit_code == shp_result.exit_code == 0\nE       AssertionError: assert 1 == 0\nE        +  where 1 = <Result KeyError('False')>.exit_code\n\ntests/test_fio_info.py:95: AssertionError\n------------------------------ Captured log call -------------------------------\nDEBUG    fiona._env:env.py:315 GDAL data found in package: path='/usr/local/lib/python3.10/dist-packages/fiona/gdal_data'.\nDEBUG    fiona._env:env.py:315 PROJ data found in package: path='/usr/local/lib/python3.10/dist-packages/fiona/proj_data'.\nDEBUG    fiona._env:env.py:315 GDAL data found in package: path='/usr/local/lib/python3.10/dist-packages/fiona/gdal_data'.\nDEBUG    fiona._env:env.py:315 PROJ data found in package: path='/usr/local/lib/python3.10/dist-packages/fiona/proj_data'.\nDEBUG    fiona.ogrext:collection.py:283 Got coordinate system\nDEBUG    fiona.ogrext:collection.py:290 Got coordinate system\nDEBUG    fiona.collection:collection.py:660 Flushed buffer\nDEBUG    fiona.collection:collection.py:662 Stopped session\nDEBUG    fiona._env:env.py:315 GDAL data found in package: path='/usr/local/lib/python3.10/dist-packages/fiona/gdal_data'.\nDEBUG    fiona._env:env.py:315 PROJ data found in package: path='/usr/local/lib/python3.10/dist-packages/fiona/proj_data'.\nDEBUG    fiona._env:env.py:315 GDAL data found in package: path='/usr/local/lib/python3.10/dist-packages/fiona/gdal_data'.\nDEBUG    fiona._env:env.py:315 PROJ data found in package: path='/usr/local/lib/python3.10/dist-packages/fiona/proj_data'.\nDEBUG    fiona.ogrext:collection.py:283 Got coordinate system\nDEBUG    fiona.ogrext:collection.py:290 Got coordinate system\nDEBUG    fiona.collection:collection.py:660 Flushed buffer\nDEBUG    fiona.collection:collection.py:662 Stopped session\n_________________________________ test_seq_rs __________________________________\n\nfeature_seq_pp_rs = '\\x1e{\\n  \"geometry\": {\\n    \"type\": \"Polygon\", \\n    \"coordinates\": [\\n      [\\n        [\\n          -111.73527526855...GBUR\": \"FS\", \\n    \"AREA\": 0.0104441, \\n    \"STATE_FIPS\": \"49\", \\n    \"WILDRNP020\": 336, \\n    \"STATE\": \"UT\"\\n  }\\n}\\n'\ntmpdir = local('/tmp/pytest-of-root/pytest-0/test_seq_rs0')\nrunner = <click.testing.CliRunner object at 0x7ff5b1210070>\n\n    def test_seq_rs(feature_seq_pp_rs, tmpdir, runner):\n        tmpfile = str(tmpdir.mkdir('tests').join('test_seq_rs.shp'))\n        result = runner.invoke(\n            main_group, ['load', '-f', 'Shapefile', tmpfile], feature_seq_pp_rs)\n>       assert result.exit_code == 0\nE       assert 1 == 0\nE        +  where 1 = <Result SystemExit(1)>.exit_code\n\ntests/test_fio_load.py:41: AssertionError\n------------------------------ Captured log call -------------------------------\nDEBUG    fiona._env:env.py:315 GDAL data found in package: path='/usr/local/lib/python3.10/dist-packages/fiona/gdal_data'.\nDEBUG    fiona._env:env.py:315 PROJ data found in package: path='/usr/local/lib/python3.10/dist-packages/fiona/proj_data'.\nDEBUG    fiona.ogrext:collection.py:229 File doesn't exist. Creating a new one...\nDEBUG    fiona._env:env.py:315 GDAL data found in package: path='/usr/local/lib/python3.10/dist-packages/fiona/gdal_data'.\nDEBUG    fiona._env:env.py:315 PROJ data found in package: path='/usr/local/lib/python3.10/dist-packages/fiona/proj_data'.\nDEBUG    fiona._env:env.py:315 GDAL data found in package: path='/usr/local/lib/python3.10/dist-packages/fiona/gdal_data'.\nDEBUG    fiona._env:env.py:315 PROJ data found in package: path='/usr/local/lib/python3.10/dist-packages/fiona/proj_data'.\nDEBUG    fiona.ogrext:collection.py:229 Created layer test_seq_rs\nDEBUG    fiona.ogrext:collection.py:229 Writing started\nDEBUG    fiona._env:env.py:315 GDAL data found in package: path='/usr/local/lib/python3.10/dist-packages/fiona/gdal_data'.\nDEBUG    fiona._env:env.py:315 PROJ data found in package: path='/usr/local/lib/python3.10/dist-packages/fiona/proj_data'.\nDEBUG    fiona.ogrext:collection.py:541 Transaction supported: 0\nDEBUG    fiona.ogrext:collection.py:541 Setting feature property: key='PERIMETER', value=1.22107, i=0, setter=<fiona.ogrext.RealField object at 0x7ff5b0607c00>\nDEBUG    fiona.ogrext:collection.py:541 Setting feature property: key='NAME', value='Mount Naomi Wilderness', i=2, setter=<fiona.ogrext.StringField object at 0x7ff5b0607e00>\nDEBUG    fiona.ogrext:collection.py:541 Setting feature property: key='FEATURE1', value='Wilderness', i=3, setter=<fiona.ogrext.StringField object at 0x7ff5b0607e00>\nDEBUG    fiona.ogrext:collection.py:541 Setting feature property: key='URL', value='http://www.wilderness.net/index.cfm?fuse=NWPS&sec=wildView&wname=Mount%20Naomi', i=4, setter=<fiona.ogrext.StringField object at 0x7ff5b0607e00>\nDEBUG    fiona.ogrext:collection.py:541 Setting feature property: key='AGBUR', value='FS', i=5, setter=<fiona.ogrext.StringField object at 0x7ff5b0607e00>\nDEBUG    fiona.ogrext:collection.py:541 Setting feature property: key='AREA', value=0.0179264, i=6, setter=<fiona.ogrext.RealField object at 0x7ff5b0607c00>\nDEBUG    fiona.ogrext:collection.py:541 Setting feature property: key='STATE_FIPS', value='49', i=7, setter=<fiona.ogrext.StringField object at 0x7ff5b0607e00>\nDEBUG    fiona.ogrext:collection.py:541 Setting feature property: key='WILDRNP020', value=332, i=8, setter=<fiona.ogrext.Integer64Field object at 0x7ff5b0605280>\nDEBUG    fiona.ogrext:collection.py:541 Setting feature property: key='STATE', value='UT', i=9, setter=<fiona.ogrext.StringField object at 0x7ff5b0607e00>\nDEBUG    fiona.ogrext:collection.py:541 Transaction supported: 0\nDEBUG    fiona.ogrext:collection.py:649 Flushed data source cache\nDEBUG    fiona.collection:collection.py:660 Flushed buffer\nDEBUG    fiona.collection:collection.py:662 Stopped session\n________________________________ test_seq_no_rs ________________________________\n\ntmpdir = local('/tmp/pytest-of-root/pytest-0/test_seq_no_rs0')\nrunner = <click.testing.CliRunner object at 0x7ff5b1210070>\nfeature_seq = '{\"geometry\": {\"type\": \"Polygon\", \"coordinates\": [[[-111.73527526855469, 41.995094299316406], [-111.65931701660156, 41...ame=Wellsville%20Mountain\", \"AGBUR\": \"FS\", \"AREA\": 0.0104441, \"STATE_FIPS\": \"49\", \"WILDRNP020\": 336, \"STATE\": \"UT\"}}\\n'\n\n    def test_seq_no_rs(tmpdir, runner, feature_seq):\n        tmpfile = str(tmpdir.mkdir('tests').join('test_seq_no_rs.shp'))\n        result = runner.invoke(main_group, [\n            'load', '-f', 'Shapefile', tmpfile], feature_seq)\n>       assert result.exit_code == 0\nE       assert 1 == 0\nE        +  where 1 = <Result SystemExit(1)>.exit_code\n\ntests/test_fio_load.py:49: AssertionError\n------------------------------ Captured log call -------------------------------\nDEBUG    fiona._env:env.py:315 GDAL data found in package: path='/usr/local/lib/python3.10/dist-packages/fiona/gdal_data'.\nDEBUG    fiona._env:env.py:315 PROJ data found in package: path='/usr/local/lib/python3.10/dist-packages/fiona/proj_data'.\nDEBUG    fiona.ogrext:collection.py:229 File doesn't exist. Creating a new one...\nDEBUG    fiona._env:env.py:315 GDAL data found in package: path='/usr/local/lib/python3.10/dist-packages/fiona/gdal_data'.\nDEBUG    fiona._env:env.py:315 PROJ data found in package: path='/usr/local/lib/python3.10/dist-packages/fiona/proj_data'.\nDEBUG    fiona._env:env.py:315 GDAL data found in package: path='/usr/local/lib/python3.10/dist-packages/fiona/gdal_data'.\nDEBUG    fiona._env:env.py:315 PROJ data found in package: path='/usr/local/lib/python3.10/dist-packages/fiona/proj_data'.\nDEBUG    fiona.ogrext:collection.py:229 Created layer test_seq_no_rs\nDEBUG    fiona.ogrext:collection.py:229 Writing started\nDEBUG    fiona._env:env.py:315 GDAL data found in package: path='/usr/local/lib/python3.10/dist-packages/fiona/gdal_data'.\nDEBUG    fiona._env:env.py:315 PROJ data found in package: path='/usr/local/lib/python3.10/dist-packages/fiona/proj_data'.\nDEBUG    fiona.ogrext:collection.py:541 Transaction supported: 0\nDEBUG    fiona.ogrext:collection.py:541 Setting feature property: key='PERIMETER', value=1.22107, i=0, setter=<fiona.ogrext.RealField object at 0x7ff5b08009c0>\nDEBUG    fiona.ogrext:collection.py:541 Setting feature property: key='NAME', value='Mount Naomi Wilderness', i=2, setter=<fiona.ogrext.StringField object at 0x7ff5b0605e40>\nDEBUG    fiona.ogrext:collection.py:541 Setting feature property: key='FEATURE1', value='Wilderness', i=3, setter=<fiona.ogrext.StringField object at 0x7ff5b0605e40>\nDEBUG    fiona.ogrext:collection.py:541 Setting feature property: key='URL', value='http://www.wilderness.net/index.cfm?fuse=NWPS&sec=wildView&wname=Mount%20Naomi', i=4, setter=<fiona.ogrext.StringField object at 0x7ff5b0605e40>\nDEBUG    fiona.ogrext:collection.py:541 Setting feature property: key='AGBUR', value='FS', i=5, setter=<fiona.ogrext.StringField object at 0x7ff5b0605e40>\nDEBUG    fiona.ogrext:collection.py:541 Setting feature property: key='AREA', value=0.0179264, i=6, setter=<fiona.ogrext.RealField object at 0x7ff5b08009c0>\nDEBUG    fiona.ogrext:collection.py:541 Setting feature property: key='STATE_FIPS', value='49', i=7, setter=<fiona.ogrext.StringField object at 0x7ff5b0605e40>\nDEBUG    fiona.ogrext:collection.py:541 Setting feature property: key='WILDRNP020', value=332, i=8, setter=<fiona.ogrext.Integer64Field object at 0x7ff5b0800100>\nDEBUG    fiona.ogrext:collection.py:541 Setting feature property: key='STATE', value='UT', i=9, setter=<fiona.ogrext.StringField object at 0x7ff5b0605e40>\nDEBUG    fiona.ogrext:collection.py:541 Transaction supported: 0\nDEBUG    fiona.ogrext:collection.py:541 Setting feature property: key='PERIMETER', value=0.755827, i=0, setter=<fiona.ogrext.RealField object at 0x7ff5b0847b40>\nDEBUG    fiona.ogrext:collection.py:541 Setting feature property: key='NAME', value='Wellsville Mountain Wilderness', i=2, setter=<fiona.ogrext.StringField object at 0x7ff5b0847380>\nDEBUG    fiona.ogrext:collection.py:541 Setting feature property: key='FEATURE1', value='Wilderness', i=3, setter=<fiona.ogrext.StringField object at 0x7ff5b0847380>\nDEBUG    fiona.ogrext:collection.py:541 Setting feature property: key='URL', value='http://www.wilderness.net/index.cfm?fuse=NWPS&sec=wildView&wname=Wellsville%20Mountain', i=4, setter=<fiona.ogrext.StringField object at 0x7ff5b0847380>\nDEBUG    fiona.ogrext:collection.py:541 Setting feature property: key='AGBUR', value='FS', i=5, setter=<fiona.ogrext.StringField object at 0x7ff5b0847380>\nDEBUG    fiona.ogrext:collection.py:541 Setting feature property: key='AREA', value=0.0104441, i=6, setter=<fiona.ogrext.RealField object at 0x7ff5b0847b40>\nDEBUG    fiona.ogrext:collection.py:541 Setting feature property: key='STATE_FIPS', value='49', i=7, setter=<fiona.ogrext.StringField object at 0x7ff5b0847380>\nDEBUG    fiona.ogrext:collection.py:541 Setting feature property: key='WILDRNP020', value=336, i=8, setter=<fiona.ogrext.Integer64Field object at 0x7ff5b08443c0>\nDEBUG    fiona.ogrext:collection.py:541 Setting feature property: key='STATE', value='UT', i=9, setter=<fiona.ogrext.StringField object at 0x7ff5b0847380>\nDEBUG    fiona.ogrext:collection.py:649 Flushed data source cache\nDEBUG    fiona.collection:collection.py:660 Flushed buffer\nDEBUG    fiona.collection:collection.py:662 Stopped session\n_______________________ test_dst_crs_default_to_src_crs ________________________\n\ntmpdir = local('/tmp/pytest-of-root/pytest-0/test_dst_crs_default_to_src_cr0')\nrunner = <click.testing.CliRunner object at 0x7ff5b1210070>\nfeature_seq = '{\"geometry\": {\"type\": \"Polygon\", \"coordinates\": [[[-111.73527526855469, 41.995094299316406], [-111.65931701660156, 41...ame=Wellsville%20Mountain\", \"AGBUR\": \"FS\", \"AREA\": 0.0104441, \"STATE_FIPS\": \"49\", \"WILDRNP020\": 336, \"STATE\": \"UT\"}}\\n'\n\n    def test_dst_crs_default_to_src_crs(tmpdir, runner, feature_seq):\n        \"\"\"When --dst-crs is not given default to --src-crs.\"\"\"\n        tmpfile = str(tmpdir.mkdir('tests').join('test_src_vs_dst_crs.shp'))\n        result = runner.invoke(main_group, [\n            'load',\n            '--src-crs',\n            'EPSG:32617',\n            '-f', 'Shapefile',\n            tmpfile\n        ], feature_seq)\n>       assert result.exit_code == 0\nE       assert 1 == 0\nE        +  where 1 = <Result SystemExit(1)>.exit_code\n\ntests/test_fio_load.py:63: AssertionError\n------------------------------ Captured log call -------------------------------\nDEBUG    fiona._env:env.py:315 GDAL data found in package: path='/usr/local/lib/python3.10/dist-packages/fiona/gdal_data'.\nDEBUG    fiona._env:env.py:315 PROJ data found in package: path='/usr/local/lib/python3.10/dist-packages/fiona/proj_data'.\nDEBUG    fiona.ogrext:collection.py:229 File doesn't exist. Creating a new one...\nDEBUG    fiona._env:env.py:315 GDAL data found in package: path='/usr/local/lib/python3.10/dist-packages/fiona/gdal_data'.\nDEBUG    fiona._env:env.py:315 PROJ data found in package: path='/usr/local/lib/python3.10/dist-packages/fiona/proj_data'.\nDEBUG    fiona._env:env.py:315 GDAL data found in package: path='/usr/local/lib/python3.10/dist-packages/fiona/gdal_data'.\nDEBUG    fiona._env:env.py:315 PROJ data found in package: path='/usr/local/lib/python3.10/dist-packages/fiona/proj_data'.\nDEBUG    fiona.ogrext:collection.py:229 Created layer test_src_vs_dst_crs\nDEBUG    fiona.ogrext:collection.py:229 Writing started\nDEBUG    fiona._env:env.py:315 GDAL data found in package: path='/usr/local/lib/python3.10/dist-packages/fiona/gdal_data'.\nDEBUG    fiona._env:env.py:315 PROJ data found in package: path='/usr/local/lib/python3.10/dist-packages/fiona/proj_data'.\nDEBUG    fiona.ogrext:collection.py:541 Transaction supported: 0\nDEBUG    fiona.ogrext:collection.py:541 Setting feature property: key='PERIMETER', value=1.22107, i=0, setter=<fiona.ogrext.RealField object at 0x7ff5b08b2740>\nDEBUG    fiona.ogrext:collection.py:541 Setting feature property: key='NAME', value='Mount Naomi Wilderness', i=2, setter=<fiona.ogrext.StringField object at 0x7ff5b08b3100>\nDEBUG    fiona.ogrext:collection.py:541 Setting feature property: key='FEATURE1', value='Wilderness', i=3, setter=<fiona.ogrext.StringField object at 0x7ff5b08b3100>\nDEBUG    fiona.ogrext:collection.py:541 Setting feature property: key='URL', value='http://www.wilderness.net/index.cfm?fuse=NWPS&sec=wildView&wname=Mount%20Naomi', i=4, setter=<fiona.ogrext.StringField object at 0x7ff5b08b3100>\nDEBUG    fiona.ogrext:collection.py:541 Setting feature property: key='AGBUR', value='FS', i=5, setter=<fiona.ogrext.StringField object at 0x7ff5b08b3100>\nDEBUG    fiona.ogrext:collection.py:541 Setting feature property: key='AREA', value=0.0179264, i=6, setter=<fiona.ogrext.RealField object at 0x7ff5b08b2740>\nDEBUG    fiona.ogrext:collection.py:541 Setting feature property: key='STATE_FIPS', value='49', i=7, setter=<fiona.ogrext.StringField object at 0x7ff5b08b3100>\nDEBUG    fiona.ogrext:collection.py:541 Setting feature property: key='WILDRNP020', value=332, i=8, setter=<fiona.ogrext.Integer64Field object at 0x7ff5b08b0540>\nDEBUG    fiona.ogrext:collection.py:541 Setting feature property: key='STATE', value='UT', i=9, setter=<fiona.ogrext.StringField object at 0x7ff5b08b3100>\nDEBUG    fiona.ogrext:collection.py:541 Transaction supported: 0\nDEBUG    fiona.ogrext:collection.py:541 Setting feature property: key='PERIMETER', value=0.755827, i=0, setter=<fiona.ogrext.RealField object at 0x7ff5b06ebd00>\nDEBUG    fiona.ogrext:collection.py:541 Setting feature property: key='NAME', value='Wellsville Mountain Wilderness', i=2, setter=<fiona.ogrext.StringField object at 0x7ff5b06ebc80>\nDEBUG    fiona.ogrext:collection.py:541 Setting feature property: key='FEATURE1', value='Wilderness', i=3, setter=<fiona.ogrext.StringField object at 0x7ff5b06ebc80>\nDEBUG    fiona.ogrext:collection.py:541 Setting feature property: key='URL', value='http://www.wilderness.net/index.cfm?fuse=NWPS&sec=wildView&wname=Wellsville%20Mountain', i=4, setter=<fiona.ogrext.StringField object at 0x7ff5b06ebc80>\nDEBUG    fiona.ogrext:collection.py:541 Setting feature property: key='AGBUR', value='FS', i=5, setter=<fiona.ogrext.StringField object at 0x7ff5b06ebc80>\nDEBUG    fiona.ogrext:collection.py:541 Setting feature property: key='AREA', value=0.0104441, i=6, setter=<fiona.ogrext.RealField object at 0x7ff5b06ebd00>\nDEBUG    fiona.ogrext:collection.py:541 Setting feature property: key='STATE_FIPS', value='49', i=7, setter=<fiona.ogrext.StringField object at 0x7ff5b06ebc80>\nDEBUG    fiona.ogrext:collection.py:541 Setting feature property: key='WILDRNP020', value=336, i=8, setter=<fiona.ogrext.Integer64Field object at 0x7ff5b06ebec0>\nDEBUG    fiona.ogrext:collection.py:541 Setting feature property: key='STATE', value='UT', i=9, setter=<fiona.ogrext.StringField object at 0x7ff5b06ebc80>\nDEBUG    fiona.ogrext:collection.py:649 Flushed data source cache\nDEBUG    fiona.collection:collection.py:660 Flushed buffer\nDEBUG    fiona.collection:collection.py:662 Stopped session\n______________________________ test_different_crs ______________________________\n\ntmpdir = local('/tmp/pytest-of-root/pytest-0/test_different_crs0')\nrunner = <click.testing.CliRunner object at 0x7ff5b1210070>\nfeature_seq = '{\"geometry\": {\"type\": \"Polygon\", \"coordinates\": [[[-111.73527526855469, 41.995094299316406], [-111.65931701660156, 41...ame=Wellsville%20Mountain\", \"AGBUR\": \"FS\", \"AREA\": 0.0104441, \"STATE_FIPS\": \"49\", \"WILDRNP020\": 336, \"STATE\": \"UT\"}}\\n'\n\n    def test_different_crs(tmpdir, runner, feature_seq):\n        tmpfile = str(tmpdir.mkdir('tests').join('test_different_crs.shp'))\n        result = runner.invoke(\n            main_group, [\n                'load', '--src-crs', 'EPSG:32617', '--dst-crs', 'EPSG:32610',\n                '-f', 'Shapefile', tmpfile\n            ], feature_seq)\n>       assert result.exit_code == 0\nE       assert 1 == 0\nE        +  where 1 = <Result SystemExit(1)>.exit_code\n\ntests/test_fio_load.py:76: AssertionError\n------------------------------ Captured log call -------------------------------\nDEBUG    fiona._env:env.py:315 GDAL data found in package: path='/usr/local/lib/python3.10/dist-packages/fiona/gdal_data'.\nDEBUG    fiona._env:env.py:315 PROJ data found in package: path='/usr/local/lib/python3.10/dist-packages/fiona/proj_data'.\nWARNING  fiona._env:transform.py:108 WRAPDATELINE is without effect when reprojecting to a non-geographic CRS\nDEBUG    fiona.ogrext:collection.py:229 File doesn't exist. Creating a new one...\nDEBUG    fiona._env:env.py:315 GDAL data found in package: path='/usr/local/lib/python3.10/dist-packages/fiona/gdal_data'.\nDEBUG    fiona._env:env.py:315 PROJ data found in package: path='/usr/local/lib/python3.10/dist-packages/fiona/proj_data'.\nDEBUG    fiona._env:env.py:315 GDAL data found in package: path='/usr/local/lib/python3.10/dist-packages/fiona/gdal_data'.\nDEBUG    fiona._env:env.py:315 PROJ data found in package: path='/usr/local/lib/python3.10/dist-packages/fiona/proj_data'.\nDEBUG    fiona.ogrext:collection.py:229 Created layer test_different_crs\nDEBUG    fiona.ogrext:collection.py:229 Writing started\nDEBUG    fiona._env:env.py:315 GDAL data found in package: path='/usr/local/lib/python3.10/dist-packages/fiona/gdal_data'.\nDEBUG    fiona._env:env.py:315 PROJ data found in package: path='/usr/local/lib/python3.10/dist-packages/fiona/proj_data'.\nDEBUG    fiona.ogrext:collection.py:541 Transaction supported: 0\nDEBUG    fiona.ogrext:collection.py:541 Setting feature property: key='PERIMETER', value=1.22107, i=0, setter=<fiona.ogrext.RealField object at 0x7ff5b0877c80>\nDEBUG    fiona.ogrext:collection.py:541 Setting feature property: key='NAME', value='Mount Naomi Wilderness', i=2, setter=<fiona.ogrext.StringField object at 0x7ff5b142dcc0>\nDEBUG    fiona.ogrext:collection.py:541 Setting feature property: key='FEATURE1', value='Wilderness', i=3, setter=<fiona.ogrext.StringField object at 0x7ff5b142dcc0>\nDEBUG    fiona.ogrext:collection.py:541 Setting feature property: key='URL', value='http://www.wilderness.net/index.cfm?fuse=NWPS&sec=wildView&wname=Mount%20Naomi', i=4, setter=<fiona.ogrext.StringField object at 0x7ff5b142dcc0>\nDEBUG    fiona.ogrext:collection.py:541 Setting feature property: key='AGBUR', value='FS', i=5, setter=<fiona.ogrext.StringField object at 0x7ff5b142dcc0>\nDEBUG    fiona.ogrext:collection.py:541 Setting feature property: key='AREA', value=0.0179264, i=6, setter=<fiona.ogrext.RealField object at 0x7ff5b0877c80>\nDEBUG    fiona.ogrext:collection.py:541 Setting feature property: key='STATE_FIPS', value='49', i=7, setter=<fiona.ogrext.StringField object at 0x7ff5b142dcc0>\nDEBUG    fiona.ogrext:collection.py:541 Setting feature property: key='WILDRNP020', value=332, i=8, setter=<fiona.ogrext.Integer64Field object at 0x7ff5b0874e00>\nDEBUG    fiona.ogrext:collection.py:541 Setting feature property: key='STATE', value='UT', i=9, setter=<fiona.ogrext.StringField object at 0x7ff5b142dcc0>\nDEBUG    fiona.ogrext:collection.py:541 Transaction supported: 0\nDEBUG    fiona.ogrext:collection.py:541 Setting feature property: key='PERIMETER', value=0.755827, i=0, setter=<fiona.ogrext.RealField object at 0x7ff5b0874c80>\nDEBUG    fiona.ogrext:collection.py:541 Setting feature property: key='NAME', value='Wellsville Mountain Wilderness', i=2, setter=<fiona.ogrext.StringField object at 0x7ff5b08754c0>\nDEBUG    fiona.ogrext:collection.py:541 Setting feature property: key='FEATURE1', value='Wilderness', i=3, setter=<fiona.ogrext.StringField object at 0x7ff5b08754c0>\nDEBUG    fiona.ogrext:collection.py:541 Setting feature property: key='URL', value='http://www.wilderness.net/index.cfm?fuse=NWPS&sec=wildView&wname=Wellsville%20Mountain', i=4, setter=<fiona.ogrext.StringField object at 0x7ff5b08754c0>\nDEBUG    fiona.ogrext:collection.py:541 Setting feature property: key='AGBUR', value='FS', i=5, setter=<fiona.ogrext.StringField object at 0x7ff5b08754c0>\nDEBUG    fiona.ogrext:collection.py:541 Setting feature property: key='AREA', value=0.0104441, i=6, setter=<fiona.ogrext.RealField object at 0x7ff5b0874c80>\nDEBUG    fiona.ogrext:collection.py:541 Setting feature property: key='STATE_FIPS', value='49', i=7, setter=<fiona.ogrext.StringField object at 0x7ff5b08754c0>\nDEBUG    fiona.ogrext:collection.py:541 Setting feature property: key='WILDRNP020', value=336, i=8, setter=<fiona.ogrext.Integer64Field object at 0x7ff5b0877140>\nDEBUG    fiona.ogrext:collection.py:541 Setting feature property: key='STATE', value='UT', i=9, setter=<fiona.ogrext.StringField object at 0x7ff5b08754c0>\nDEBUG    fiona.ogrext:collection.py:649 Flushed data source cache\nDEBUG    fiona.collection:collection.py:660 Flushed buffer\nDEBUG    fiona.collection:collection.py:662 Stopped session\n_____________________________ test_dst_crs_no_src ______________________________\n\ntmpdir = local('/tmp/pytest-of-root/pytest-0/test_dst_crs_no_src0')\nrunner = <click.testing.CliRunner object at 0x7ff5b1210070>\nfeature_seq = '{\"geometry\": {\"type\": \"Polygon\", \"coordinates\": [[[-111.73527526855469, 41.995094299316406], [-111.65931701660156, 41...ame=Wellsville%20Mountain\", \"AGBUR\": \"FS\", \"AREA\": 0.0104441, \"STATE_FIPS\": \"49\", \"WILDRNP020\": 336, \"STATE\": \"UT\"}}\\n'\n\n    def test_dst_crs_no_src(tmpdir, runner, feature_seq):\n        tmpfile = str(tmpdir.mkdir('tests').join('test_dst_crs_no_src.shp'))\n        result = runner.invoke(main_group, [\n            'load',\n            '--dst-crs',\n            'EPSG:32610',\n            '-f', 'Shapefile',\n            tmpfile\n        ], feature_seq)\n>       assert result.exit_code == 0\nE       assert 1 == 0\nE        +  where 1 = <Result SystemExit(1)>.exit_code\n\ntests/test_fio_load.py:91: AssertionError\n------------------------------ Captured log call -------------------------------\nDEBUG    fiona._env:env.py:315 GDAL data found in package: path='/usr/local/lib/python3.10/dist-packages/fiona/gdal_data'.\nDEBUG    fiona._env:env.py:315 PROJ data found in package: path='/usr/local/lib/python3.10/dist-packages/fiona/proj_data'.\nDEBUG    fiona.ogrext:collection.py:229 File doesn't exist. Creating a new one...\nDEBUG    fiona._env:env.py:315 GDAL data found in package: path='/usr/local/lib/python3.10/dist-packages/fiona/gdal_data'.\nDEBUG    fiona._env:env.py:315 PROJ data found in package: path='/usr/local/lib/python3.10/dist-packages/fiona/proj_data'.\nDEBUG    fiona._env:env.py:315 GDAL data found in package: path='/usr/local/lib/python3.10/dist-packages/fiona/gdal_data'.\nDEBUG    fiona._env:env.py:315 PROJ data found in package: path='/usr/local/lib/python3.10/dist-packages/fiona/proj_data'.\nDEBUG    fiona.ogrext:collection.py:229 Created layer test_dst_crs_no_src\nDEBUG    fiona.ogrext:collection.py:229 Writing started\nDEBUG    fiona._env:env.py:315 GDAL data found in package: path='/usr/local/lib/python3.10/dist-packages/fiona/gdal_data'.\nDEBUG    fiona._env:env.py:315 PROJ data found in package: path='/usr/local/lib/python3.10/dist-packages/fiona/proj_data'.\nDEBUG    fiona.ogrext:collection.py:541 Transaction supported: 0\nDEBUG    fiona.ogrext:collection.py:541 Setting feature property: key='PERIMETER', value=1.22107, i=0, setter=<fiona.ogrext.RealField object at 0x7ff5b136fb40>\nDEBUG    fiona.ogrext:collection.py:541 Setting feature property: key='NAME', value='Mount Naomi Wilderness', i=2, setter=<fiona.ogrext.StringField object at 0x7ff5b1326f80>\nDEBUG    fiona.ogrext:collection.py:541 Setting feature property: key='FEATURE1', value='Wilderness', i=3, setter=<fiona.ogrext.StringField object at 0x7ff5b1326f80>\nDEBUG    fiona.ogrext:collection.py:541 Setting feature property: key='URL', value='http://www.wilderness.net/index.cfm?fuse=NWPS&sec=wildView&wname=Mount%20Naomi', i=4, setter=<fiona.ogrext.StringField object at 0x7ff5b1326f80>\nDEBUG    fiona.ogrext:collection.py:541 Setting feature property: key='AGBUR', value='FS', i=5, setter=<fiona.ogrext.StringField object at 0x7ff5b1326f80>\nDEBUG    fiona.ogrext:collection.py:541 Setting feature property: key='AREA', value=0.0179264, i=6, setter=<fiona.ogrext.RealField object at 0x7ff5b136fb40>\nDEBUG    fiona.ogrext:collection.py:541 Setting feature property: key='STATE_FIPS', value='49', i=7, setter=<fiona.ogrext.StringField object at 0x7ff5b1326f80>\nDEBUG    fiona.ogrext:collection.py:541 Setting feature property: key='WILDRNP020', value=332, i=8, setter=<fiona.ogrext.Integer64Field object at 0x7ff5b136c8c0>\nDEBUG    fiona.ogrext:collection.py:541 Setting feature property: key='STATE', value='UT', i=9, setter=<fiona.ogrext.StringField object at 0x7ff5b1326f80>\nDEBUG    fiona.ogrext:collection.py:541 Transaction supported: 0\nDEBUG    fiona.ogrext:collection.py:541 Setting feature property: key='PERIMETER', value=0.755827, i=0, setter=<fiona.ogrext.RealField object at 0x7ff5b0812900>\nDEBUG    fiona.ogrext:collection.py:541 Setting feature property: key='NAME', value='Wellsville Mountain Wilderness', i=2, setter=<fiona.ogrext.StringField object at 0x7ff5b0812800>\nDEBUG    fiona.ogrext:collection.py:541 Setting feature property: key='FEATURE1', value='Wilderness', i=3, setter=<fiona.ogrext.StringField object at 0x7ff5b0812800>\nDEBUG    fiona.ogrext:collection.py:541 Setting feature property: key='URL', value='http://www.wilderness.net/index.cfm?fuse=NWPS&sec=wildView&wname=Wellsville%20Mountain', i=4, setter=<fiona.ogrext.StringField object at 0x7ff5b0812800>\nDEBUG    fiona.ogrext:collection.py:541 Setting feature property: key='AGBUR', value='FS', i=5, setter=<fiona.ogrext.StringField object at 0x7ff5b0812800>\nDEBUG    fiona.ogrext:collection.py:541 Setting feature property: key='AREA', value=0.0104441, i=6, setter=<fiona.ogrext.RealField object at 0x7ff5b0812900>\nDEBUG    fiona.ogrext:collection.py:541 Setting feature property: key='STATE_FIPS', value='49', i=7, setter=<fiona.ogrext.StringField object at 0x7ff5b0812800>\nDEBUG    fiona.ogrext:collection.py:541 Setting feature property: key='WILDRNP020', value=336, i=8, setter=<fiona.ogrext.Integer64Field object at 0x7ff5b08122c0>\nDEBUG    fiona.ogrext:collection.py:541 Setting feature property: key='STATE', value='UT', i=9, setter=<fiona.ogrext.StringField object at 0x7ff5b0812800>\nDEBUG    fiona.ogrext:collection.py:649 Flushed data source cache\nDEBUG    fiona.collection:collection.py:660 Flushed buffer\nDEBUG    fiona.collection:collection.py:662 Stopped session\n_____________________________ test_fio_load_layer ______________________________\n\ntmpdir = local('/tmp/pytest-of-root/pytest-0/test_fio_load_layer0')\nrunner = <click.testing.CliRunner object at 0x7ff5b1210070>\n\n    def test_fio_load_layer(tmpdir, runner):\n        outdir = str(tmpdir.mkdir('tests').mkdir('test_fio_load_layer'))\n        try:\n            feature = {\n                'type': 'Feature',\n                'properties': {'key': 'value'},\n                'geometry': {\n                    'type': 'Point',\n                    'coordinates': (5.0, 39.0)\n                }\n            }\n            sequence = os.linesep.join(map(partial(json.dumps, cls=ObjectEncoder), [feature, feature]))\n            result = runner.invoke(main_group, [\n                'load',\n                outdir,\n                '--driver', 'ESRI Shapefile',\n                '--src-crs', 'EPSG:4236',\n                '--layer', 'test_layer'],\n                input=sequence)\n>           assert result.exit_code == 0\nE           assert 1 == 0\nE            +  where 1 = <Result SystemExit(1)>.exit_code\n\ntests/test_fio_load.py:116: AssertionError\n------------------------------ Captured log call -------------------------------\nDEBUG    fiona._env:env.py:315 GDAL data found in package: path='/usr/local/lib/python3.10/dist-packages/fiona/gdal_data'.\nDEBUG    fiona._env:env.py:315 PROJ data found in package: path='/usr/local/lib/python3.10/dist-packages/fiona/proj_data'.\nINFO     fiona._err:collection.py:229 GDAL signalled an error: err_no=4, msg='/tmp/pytest-of-root/pytest-0/test_fio_load_layer0/tests/test_fio_load_layer: Is a directory'\nDEBUG    fiona._env:env.py:315 GDAL data found in package: path='/usr/local/lib/python3.10/dist-packages/fiona/gdal_data'.\nDEBUG    fiona._env:env.py:315 PROJ data found in package: path='/usr/local/lib/python3.10/dist-packages/fiona/proj_data'.\nDEBUG    fiona._env:env.py:315 GDAL data found in package: path='/usr/local/lib/python3.10/dist-packages/fiona/gdal_data'.\nDEBUG    fiona._env:env.py:315 PROJ data found in package: path='/usr/local/lib/python3.10/dist-packages/fiona/proj_data'.\nDEBUG    fiona.ogrext:collection.py:229 Created layer test_layer\nDEBUG    fiona.ogrext:collection.py:229 Writing started\nDEBUG    fiona._env:env.py:315 GDAL data found in package: path='/usr/local/lib/python3.10/dist-packages/fiona/gdal_data'.\nDEBUG    fiona._env:env.py:315 PROJ data found in package: path='/usr/local/lib/python3.10/dist-packages/fiona/proj_data'.\nDEBUG    fiona.ogrext:collection.py:541 Transaction supported: 0\nDEBUG    fiona.ogrext:collection.py:541 Setting feature property: key='key', value='value', i=0, setter=<fiona.ogrext.StringField object at 0x7ff5b07fcbc0>\nDEBUG    fiona.ogrext:collection.py:541 Transaction supported: 0\nDEBUG    fiona.ogrext:collection.py:541 Setting feature property: key='key', value='value', i=0, setter=<fiona.ogrext.StringField object at 0x7ff5b08566c0>\nDEBUG    fiona.ogrext:collection.py:649 Flushed data source cache\nDEBUG    fiona.collection:collection.py:660 Flushed buffer\nDEBUG    fiona.collection:collection.py:662 Stopped session\n____________________________ test_creation_options _____________________________\n\ntmpdir = local('/tmp/pytest-of-root/pytest-0/test_creation_options0')\nrunner = <click.testing.CliRunner object at 0x7ff5b1210070>\nfeature_seq = '{\"geometry\": {\"type\": \"Polygon\", \"coordinates\": [[[-111.73527526855469, 41.995094299316406], [-111.65931701660156, 41...ame=Wellsville%20Mountain\", \"AGBUR\": \"FS\", \"AREA\": 0.0104441, \"STATE_FIPS\": \"49\", \"WILDRNP020\": 336, \"STATE\": \"UT\"}}\\n'\n\n    @pytest.mark.iconv\n    def test_creation_options(tmpdir, runner, feature_seq):\n        tmpfile = str(tmpdir.mkdir(\"tests\").join(\"test.shp\"))\n        result = runner.invoke(\n            main_group,\n            [\"load\", \"-f\", \"Shapefile\", \"--co\", \"ENCODING=LATIN1\", tmpfile],\n            feature_seq,\n        )\n>       assert result.exit_code == 0\nE       assert 1 == 0\nE        +  where 1 = <Result SystemExit(1)>.exit_code\n\ntests/test_fio_load.py:134: AssertionError\n------------------------------ Captured log call -------------------------------\nDEBUG    fiona._env:env.py:315 GDAL data found in package: path='/usr/local/lib/python3.10/dist-packages/fiona/gdal_data'.\nDEBUG    fiona._env:env.py:315 PROJ data found in package: path='/usr/local/lib/python3.10/dist-packages/fiona/proj_data'.\nDEBUG    fiona.ogrext:collection.py:229 File doesn't exist. Creating a new one...\nDEBUG    fiona._env:env.py:315 GDAL data found in package: path='/usr/local/lib/python3.10/dist-packages/fiona/gdal_data'.\nDEBUG    fiona._env:env.py:315 PROJ data found in package: path='/usr/local/lib/python3.10/dist-packages/fiona/proj_data'.\nDEBUG    fiona._env:env.py:315 GDAL data found in package: path='/usr/local/lib/python3.10/dist-packages/fiona/gdal_data'.\nDEBUG    fiona._env:env.py:315 PROJ data found in package: path='/usr/local/lib/python3.10/dist-packages/fiona/proj_data'.\nDEBUG    fiona.ogrext:collection.py:229 Created layer test\nDEBUG    fiona.ogrext:collection.py:229 Writing started\nDEBUG    fiona._env:env.py:315 GDAL data found in package: path='/usr/local/lib/python3.10/dist-packages/fiona/gdal_data'.\nDEBUG    fiona._env:env.py:315 PROJ data found in package: path='/usr/local/lib/python3.10/dist-packages/fiona/proj_data'.\nDEBUG    fiona.ogrext:collection.py:541 Transaction supported: 0\nDEBUG    fiona.ogrext:collection.py:541 Setting feature property: key='PERIMETER', value=1.22107, i=0, setter=<fiona.ogrext.RealField object at 0x7ff5b0604800>\nDEBUG    fiona.ogrext:collection.py:541 Setting feature property: key='NAME', value='Mount Naomi Wilderness', i=2, setter=<fiona.ogrext.StringField object at 0x7ff5b0604e40>\nDEBUG    fiona.ogrext:collection.py:541 Setting feature property: key='FEATURE1', value='Wilderness', i=3, setter=<fiona.ogrext.StringField object at 0x7ff5b0604e40>\nDEBUG    fiona.ogrext:collection.py:541 Setting feature property: key='URL', value='http://www.wilderness.net/index.cfm?fuse=NWPS&sec=wildView&wname=Mount%20Naomi', i=4, setter=<fiona.ogrext.StringField object at 0x7ff5b0604e40>\nDEBUG    fiona.ogrext:collection.py:541 Setting feature property: key='AGBUR', value='FS', i=5, setter=<fiona.ogrext.StringField object at 0x7ff5b0604e40>\nDEBUG    fiona.ogrext:collection.py:541 Setting feature property: key='AREA', value=0.0179264, i=6, setter=<fiona.ogrext.RealField object at 0x7ff5b0604800>\nDEBUG    fiona.ogrext:collection.py:541 Setting feature property: key='STATE_FIPS', value='49', i=7, setter=<fiona.ogrext.StringField object at 0x7ff5b0604e40>\nDEBUG    fiona.ogrext:collection.py:541 Setting feature property: key='WILDRNP020', value=332, i=8, setter=<fiona.ogrext.Integer64Field object at 0x7ff5b0604ac0>\nDEBUG    fiona.ogrext:collection.py:541 Setting feature property: key='STATE', value='UT', i=9, setter=<fiona.ogrext.StringField object at 0x7ff5b0604e40>\nDEBUG    fiona.ogrext:collection.py:541 Transaction supported: 0\nDEBUG    fiona.ogrext:collection.py:541 Setting feature property: key='PERIMETER', value=0.755827, i=0, setter=<fiona.ogrext.RealField object at 0x7ff5b0847000>\nDEBUG    fiona.ogrext:collection.py:541 Setting feature property: key='NAME', value='Wellsville Mountain Wilderness', i=2, setter=<fiona.ogrext.StringField object at 0x7ff5b0844e40>\nDEBUG    fiona.ogrext:collection.py:541 Setting feature property: key='FEATURE1', value='Wilderness', i=3, setter=<fiona.ogrext.StringField object at 0x7ff5b0844e40>\nDEBUG    fiona.ogrext:collection.py:541 Setting feature property: key='URL', value='http://www.wilderness.net/index.cfm?fuse=NWPS&sec=wildView&wname=Wellsville%20Mountain', i=4, setter=<fiona.ogrext.StringField object at 0x7ff5b0844e40>\nDEBUG    fiona.ogrext:collection.py:541 Setting feature property: key='AGBUR', value='FS', i=5, setter=<fiona.ogrext.StringField object at 0x7ff5b0844e40>\nDEBUG    fiona.ogrext:collection.py:541 Setting feature property: key='AREA', value=0.0104441, i=6, setter=<fiona.ogrext.RealField object at 0x7ff5b0847000>\nDEBUG    fiona.ogrext:collection.py:541 Setting feature property: key='STATE_FIPS', value='49', i=7, setter=<fiona.ogrext.StringField object at 0x7ff5b0844e40>\nDEBUG    fiona.ogrext:collection.py:541 Setting feature property: key='WILDRNP020', value=336, i=8, setter=<fiona.ogrext.Integer64Field object at 0x7ff5b08475c0>\nDEBUG    fiona.ogrext:collection.py:541 Setting feature property: key='STATE', value='UT', i=9, setter=<fiona.ogrext.StringField object at 0x7ff5b0844e40>\nDEBUG    fiona.ogrext:collection.py:649 Flushed data source cache\nDEBUG    fiona.collection:collection.py:660 Flushed buffer\nDEBUG    fiona.collection:collection.py:662 Stopped session\n______________ test_load__auto_detect_format[shp-ESRI Shapefile] _______________\n\ntmpdir = local('/tmp/pytest-of-root/pytest-0/test_load__auto_detect_format_0')\nrunner = <click.testing.CliRunner object at 0x7ff5b1210070>\nfeature_seq = '{\"geometry\": {\"type\": \"Polygon\", \"coordinates\": [[[-111.73527526855469, 41.995094299316406], [-111.65931701660156, 41...ame=Wellsville%20Mountain\", \"AGBUR\": \"FS\", \"AREA\": 0.0104441, \"STATE_FIPS\": \"49\", \"WILDRNP020\": 336, \"STATE\": \"UT\"}}\\n'\nextension = 'shp', driver = 'ESRI Shapefile'\n\n    @pytest.mark.parametrize(\"extension, driver\", [\n        (\"shp\", \"ESRI Shapefile\"),\n        (\"geojson\", \"GeoJSON\"),\n        (\"json\", \"GeoJSON\"),\n        (\"gpkg\", \"GPKG\"),\n        (\"SHP\", \"ESRI Shapefile\"),\n    ])\n    def test_load__auto_detect_format(tmpdir, runner, feature_seq, extension, driver):\n        tmpfile = str(tmpdir.mkdir('tests').join(f'test_src_vs_dst_crs.{extension}'))\n        result = runner.invoke(main_group, [\n            'load',\n            '--src-crs',\n            'EPSG:32617',\n            tmpfile\n        ], feature_seq)\n>       assert result.exit_code == 0\nE       assert 1 == 0\nE        +  where 1 = <Result SystemExit(1)>.exit_code\n\ntests/test_fio_load.py:153: AssertionError\n------------------------------ Captured log call -------------------------------\nDEBUG    fiona._env:env.py:315 GDAL data found in package: path='/usr/local/lib/python3.10/dist-packages/fiona/gdal_data'.\nDEBUG    fiona._env:env.py:315 PROJ data found in package: path='/usr/local/lib/python3.10/dist-packages/fiona/proj_data'.\nDEBUG    fiona.ogrext:collection.py:229 File doesn't exist. Creating a new one...\nDEBUG    fiona._env:env.py:315 GDAL data found in package: path='/usr/local/lib/python3.10/dist-packages/fiona/gdal_data'.\nDEBUG    fiona._env:env.py:315 PROJ data found in package: path='/usr/local/lib/python3.10/dist-packages/fiona/proj_data'.\nDEBUG    fiona._env:env.py:315 GDAL data found in package: path='/usr/local/lib/python3.10/dist-packages/fiona/gdal_data'.\nDEBUG    fiona._env:env.py:315 PROJ data found in package: path='/usr/local/lib/python3.10/dist-packages/fiona/proj_data'.\nDEBUG    fiona.ogrext:collection.py:229 Created layer test_src_vs_dst_crs\nDEBUG    fiona.ogrext:collection.py:229 Writing started\nDEBUG    fiona._env:env.py:315 GDAL data found in package: path='/usr/local/lib/python3.10/dist-packages/fiona/gdal_data'.\nDEBUG    fiona._env:env.py:315 PROJ data found in package: path='/usr/local/lib/python3.10/dist-packages/fiona/proj_data'.\nDEBUG    fiona.ogrext:collection.py:541 Transaction supported: 0\nDEBUG    fiona.ogrext:collection.py:541 Setting feature property: key='PERIMETER', value=1.22107, i=0, setter=<fiona.ogrext.RealField object at 0x7ff5b0633640>\nDEBUG    fiona.ogrext:collection.py:541 Setting feature property: key='NAME', value='Mount Naomi Wilderness', i=2, setter=<fiona.ogrext.StringField object at 0x7ff5b0810640>\nDEBUG    fiona.ogrext:collection.py:541 Setting feature property: key='FEATURE1', value='Wilderness', i=3, setter=<fiona.ogrext.StringField object at 0x7ff5b0810640>\nDEBUG    fiona.ogrext:collection.py:541 Setting feature property: key='URL', value='http://www.wilderness.net/index.cfm?fuse=NWPS&sec=wildView&wname=Mount%20Naomi', i=4, setter=<fiona.ogrext.StringField object at 0x7ff5b0810640>\nDEBUG    fiona.ogrext:collection.py:541 Setting feature property: key='AGBUR', value='FS', i=5, setter=<fiona.ogrext.StringField object at 0x7ff5b0810640>\nDEBUG    fiona.ogrext:collection.py:541 Setting feature property: key='AREA', value=0.0179264, i=6, setter=<fiona.ogrext.RealField object at 0x7ff5b0633640>\nDEBUG    fiona.ogrext:collection.py:541 Setting feature property: key='STATE_FIPS', value='49', i=7, setter=<fiona.ogrext.StringField object at 0x7ff5b0810640>\nDEBUG    fiona.ogrext:collection.py:541 Setting feature property: key='WILDRNP020', value=332, i=8, setter=<fiona.ogrext.Integer64Field object at 0x7ff5b0631780>\nDEBUG    fiona.ogrext:collection.py:541 Setting feature property: key='STATE', value='UT', i=9, setter=<fiona.ogrext.StringField object at 0x7ff5b0810640>\nDEBUG    fiona.ogrext:collection.py:541 Transaction supported: 0\nDEBUG    fiona.ogrext:collection.py:541 Setting feature property: key='PERIMETER', value=0.755827, i=0, setter=<fiona.ogrext.RealField object at 0x7ff5b0633cc0>\nDEBUG    fiona.ogrext:collection.py:541 Setting feature property: key='NAME', value='Wellsville Mountain Wilderness', i=2, setter=<fiona.ogrext.StringField object at 0x7ff5b0633480>\nDEBUG    fiona.ogrext:collection.py:541 Setting feature property: key='FEATURE1', value='Wilderness', i=3, setter=<fiona.ogrext.StringField object at 0x7ff5b0633480>\nDEBUG    fiona.ogrext:collection.py:541 Setting feature property: key='URL', value='http://www.wilderness.net/index.cfm?fuse=NWPS&sec=wildView&wname=Wellsville%20Mountain', i=4, setter=<fiona.ogrext.StringField object at 0x7ff5b0633480>\nDEBUG    fiona.ogrext:collection.py:541 Setting feature property: key='AGBUR', value='FS', i=5, setter=<fiona.ogrext.StringField object at 0x7ff5b0633480>\nDEBUG    fiona.ogrext:collection.py:541 Setting feature property: key='AREA', value=0.0104441, i=6, setter=<fiona.ogrext.RealField object at 0x7ff5b0633cc0>\nDEBUG    fiona.ogrext:collection.py:541 Setting feature property: key='STATE_FIPS', value='49', i=7, setter=<fiona.ogrext.StringField object at 0x7ff5b0633480>\nDEBUG    fiona.ogrext:collection.py:541 Setting feature property: key='WILDRNP020', value=336, i=8, setter=<fiona.ogrext.Integer64Field object at 0x7ff5b0633a40>\nDEBUG    fiona.ogrext:collection.py:541 Setting feature property: key='STATE', value='UT', i=9, setter=<fiona.ogrext.StringField object at 0x7ff5b0633480>\nDEBUG    fiona.ogrext:collection.py:649 Flushed data source cache\nDEBUG    fiona.collection:collection.py:660 Flushed buffer\nDEBUG    fiona.collection:collection.py:662 Stopped session\n________________ test_load__auto_detect_format[geojson-GeoJSON] ________________\n\ntmpdir = local('/tmp/pytest-of-root/pytest-0/test_load__auto_detect_format_1')\nrunner = <click.testing.CliRunner object at 0x7ff5b1210070>\nfeature_seq = '{\"geometry\": {\"type\": \"Polygon\", \"coordinates\": [[[-111.73527526855469, 41.995094299316406], [-111.65931701660156, 41...ame=Wellsville%20Mountain\", \"AGBUR\": \"FS\", \"AREA\": 0.0104441, \"STATE_FIPS\": \"49\", \"WILDRNP020\": 336, \"STATE\": \"UT\"}}\\n'\nextension = 'geojson', driver = 'GeoJSON'\n\n    @pytest.mark.parametrize(\"extension, driver\", [\n        (\"shp\", \"ESRI Shapefile\"),\n        (\"geojson\", \"GeoJSON\"),\n        (\"json\", \"GeoJSON\"),\n        (\"gpkg\", \"GPKG\"),\n        (\"SHP\", \"ESRI Shapefile\"),\n    ])\n    def test_load__auto_detect_format(tmpdir, runner, feature_seq, extension, driver):\n        tmpfile = str(tmpdir.mkdir('tests').join(f'test_src_vs_dst_crs.{extension}'))\n        result = runner.invoke(main_group, [\n            'load',\n            '--src-crs',\n            'EPSG:32617',\n            tmpfile\n        ], feature_seq)\n>       assert result.exit_code == 0\nE       assert 1 == 0\nE        +  where 1 = <Result SystemExit(1)>.exit_code\n\ntests/test_fio_load.py:153: AssertionError\n------------------------------ Captured log call -------------------------------\nDEBUG    fiona._env:env.py:315 GDAL data found in package: path='/usr/local/lib/python3.10/dist-packages/fiona/gdal_data'.\nDEBUG    fiona._env:env.py:315 PROJ data found in package: path='/usr/local/lib/python3.10/dist-packages/fiona/proj_data'.\nDEBUG    fiona.ogrext:collection.py:229 File doesn't exist. Creating a new one...\nDEBUG    fiona._env:env.py:315 GDAL data found in package: path='/usr/local/lib/python3.10/dist-packages/fiona/gdal_data'.\nDEBUG    fiona._env:env.py:315 PROJ data found in package: path='/usr/local/lib/python3.10/dist-packages/fiona/proj_data'.\nDEBUG    fiona._env:env.py:315 GDAL data found in package: path='/usr/local/lib/python3.10/dist-packages/fiona/gdal_data'.\nDEBUG    fiona._env:env.py:315 PROJ data found in package: path='/usr/local/lib/python3.10/dist-packages/fiona/proj_data'.\nDEBUG    fiona.ogrext:collection.py:229 Created layer test_src_vs_dst_crs\nDEBUG    fiona.ogrext:collection.py:229 Writing started\nDEBUG    fiona._env:env.py:315 GDAL data found in package: path='/usr/local/lib/python3.10/dist-packages/fiona/gdal_data'.\nDEBUG    fiona._env:env.py:315 PROJ data found in package: path='/usr/local/lib/python3.10/dist-packages/fiona/proj_data'.\nDEBUG    fiona.ogrext:collection.py:541 Transaction supported: 0\nDEBUG    fiona.ogrext:collection.py:541 Setting feature property: key='PERIMETER', value=1.22107, i=0, setter=<fiona.ogrext.RealField object at 0x7ff5b08b0f40>\nDEBUG    fiona.ogrext:collection.py:541 Setting feature property: key='NAME', value='Mount Naomi Wilderness', i=2, setter=<fiona.ogrext.StringField object at 0x7ff5b08b0ec0>\nDEBUG    fiona.ogrext:collection.py:541 Setting feature property: key='FEATURE1', value='Wilderness', i=3, setter=<fiona.ogrext.StringField object at 0x7ff5b08b0ec0>\nDEBUG    fiona.ogrext:collection.py:541 Setting feature property: key='URL', value='http://www.wilderness.net/index.cfm?fuse=NWPS&sec=wildView&wname=Mount%20Naomi', i=4, setter=<fiona.ogrext.StringField object at 0x7ff5b08b0ec0>\nDEBUG    fiona.ogrext:collection.py:541 Setting feature property: key='AGBUR', value='FS', i=5, setter=<fiona.ogrext.StringField object at 0x7ff5b08b0ec0>\nDEBUG    fiona.ogrext:collection.py:541 Setting feature property: key='AREA', value=0.0179264, i=6, setter=<fiona.ogrext.RealField object at 0x7ff5b08b0f40>\nDEBUG    fiona.ogrext:collection.py:541 Setting feature property: key='STATE_FIPS', value='49', i=7, setter=<fiona.ogrext.StringField object at 0x7ff5b08b0ec0>\nDEBUG    fiona.ogrext:collection.py:541 Setting feature property: key='WILDRNP020', value=332, i=8, setter=<fiona.ogrext.Integer64Field object at 0x7ff5b08b3800>\nDEBUG    fiona.ogrext:collection.py:541 Setting feature property: key='STATE', value='UT', i=9, setter=<fiona.ogrext.StringField object at 0x7ff5b08b0ec0>\nDEBUG    fiona.ogrext:collection.py:541 Transaction supported: 0\nDEBUG    fiona.ogrext:collection.py:541 Setting feature property: key='PERIMETER', value=0.755827, i=0, setter=<fiona.ogrext.RealField object at 0x7ff5b0680540>\nDEBUG    fiona.ogrext:collection.py:541 Setting feature property: key='NAME', value='Wellsville Mountain Wilderness', i=2, setter=<fiona.ogrext.StringField object at 0x7ff5b06835c0>\nDEBUG    fiona.ogrext:collection.py:541 Setting feature property: key='FEATURE1', value='Wilderness', i=3, setter=<fiona.ogrext.StringField object at 0x7ff5b06835c0>\nDEBUG    fiona.ogrext:collection.py:541 Setting feature property: key='URL', value='http://www.wilderness.net/index.cfm?fuse=NWPS&sec=wildView&wname=Wellsville%20Mountain', i=4, setter=<fiona.ogrext.StringField object at 0x7ff5b06835c0>\nDEBUG    fiona.ogrext:collection.py:541 Setting feature property: key='AGBUR', value='FS', i=5, setter=<fiona.ogrext.StringField object at 0x7ff5b06835c0>\nDEBUG    fiona.ogrext:collection.py:541 Setting feature property: key='AREA', value=0.0104441, i=6, setter=<fiona.ogrext.RealField object at 0x7ff5b0680540>\nDEBUG    fiona.ogrext:collection.py:541 Setting feature property: key='STATE_FIPS', value='49', i=7, setter=<fiona.ogrext.StringField object at 0x7ff5b06835c0>\nDEBUG    fiona.ogrext:collection.py:541 Setting feature property: key='WILDRNP020', value=336, i=8, setter=<fiona.ogrext.Integer64Field object at 0x7ff5b0680640>\nDEBUG    fiona.ogrext:collection.py:541 Setting feature property: key='STATE', value='UT', i=9, setter=<fiona.ogrext.StringField object at 0x7ff5b06835c0>\nDEBUG    fiona.ogrext:collection.py:649 Flushed data source cache\nDEBUG    fiona.collection:collection.py:660 Flushed buffer\nDEBUG    fiona.collection:collection.py:662 Stopped session\n_________________ test_load__auto_detect_format[json-GeoJSON] __________________\n\ntmpdir = local('/tmp/pytest-of-root/pytest-0/test_load__auto_detect_format_2')\nrunner = <click.testing.CliRunner object at 0x7ff5b1210070>\nfeature_seq = '{\"geometry\": {\"type\": \"Polygon\", \"coordinates\": [[[-111.73527526855469, 41.995094299316406], [-111.65931701660156, 41...ame=Wellsville%20Mountain\", \"AGBUR\": \"FS\", \"AREA\": 0.0104441, \"STATE_FIPS\": \"49\", \"WILDRNP020\": 336, \"STATE\": \"UT\"}}\\n'\nextension = 'json', driver = 'GeoJSON'\n\n    @pytest.mark.parametrize(\"extension, driver\", [\n        (\"shp\", \"ESRI Shapefile\"),\n        (\"geojson\", \"GeoJSON\"),\n        (\"json\", \"GeoJSON\"),\n        (\"gpkg\", \"GPKG\"),\n        (\"SHP\", \"ESRI Shapefile\"),\n    ])\n    def test_load__auto_detect_format(tmpdir, runner, feature_seq, extension, driver):\n        tmpfile = str(tmpdir.mkdir('tests').join(f'test_src_vs_dst_crs.{extension}'))\n        result = runner.invoke(main_group, [\n            'load',\n            '--src-crs',\n            'EPSG:32617',\n            tmpfile\n        ], feature_seq)\n>       assert result.exit_code == 0\nE       assert 1 == 0\nE        +  where 1 = <Result SystemExit(1)>.exit_code\n\ntests/test_fio_load.py:153: AssertionError\n------------------------------ Captured log call -------------------------------\nDEBUG    fiona._env:env.py:315 GDAL data found in package: path='/usr/local/lib/python3.10/dist-packages/fiona/gdal_data'.\nDEBUG    fiona._env:env.py:315 PROJ data found in package: path='/usr/local/lib/python3.10/dist-packages/fiona/proj_data'.\nDEBUG    fiona.ogrext:collection.py:229 File doesn't exist. Creating a new one...\nDEBUG    fiona._env:env.py:315 GDAL data found in package: path='/usr/local/lib/python3.10/dist-packages/fiona/gdal_data'.\nDEBUG    fiona._env:env.py:315 PROJ data found in package: path='/usr/local/lib/python3.10/dist-packages/fiona/proj_data'.\nDEBUG    fiona._env:env.py:315 GDAL data found in package: path='/usr/local/lib/python3.10/dist-packages/fiona/gdal_data'.\nDEBUG    fiona._env:env.py:315 PROJ data found in package: path='/usr/local/lib/python3.10/dist-packages/fiona/proj_data'.\nDEBUG    fiona.ogrext:collection.py:229 Created layer test_src_vs_dst_crs\nDEBUG    fiona.ogrext:collection.py:229 Writing started\nDEBUG    fiona._env:env.py:315 GDAL data found in package: path='/usr/local/lib/python3.10/dist-packages/fiona/gdal_data'.\nDEBUG    fiona._env:env.py:315 PROJ data found in package: path='/usr/local/lib/python3.10/dist-packages/fiona/proj_data'.\nDEBUG    fiona.ogrext:collection.py:541 Transaction supported: 0\nDEBUG    fiona.ogrext:collection.py:541 Setting feature property: key='PERIMETER', value=1.22107, i=0, setter=<fiona.ogrext.RealField object at 0x7ff5b06bac80>\nDEBUG    fiona.ogrext:collection.py:541 Setting feature property: key='NAME', value='Mount Naomi Wilderness', i=2, setter=<fiona.ogrext.StringField object at 0x7ff5b06b8140>\nDEBUG    fiona.ogrext:collection.py:541 Setting feature property: key='FEATURE1', value='Wilderness', i=3, setter=<fiona.ogrext.StringField object at 0x7ff5b06b8140>\nDEBUG    fiona.ogrext:collection.py:541 Setting feature property: key='URL', value='http://www.wilderness.net/index.cfm?fuse=NWPS&sec=wildView&wname=Mount%20Naomi', i=4, setter=<fiona.ogrext.StringField object at 0x7ff5b06b8140>\nDEBUG    fiona.ogrext:collection.py:541 Setting feature property: key='AGBUR', value='FS', i=5, setter=<fiona.ogrext.StringField object at 0x7ff5b06b8140>\nDEBUG    fiona.ogrext:collection.py:541 Setting feature property: key='AREA', value=0.0179264, i=6, setter=<fiona.ogrext.RealField object at 0x7ff5b06bac80>\nDEBUG    fiona.ogrext:collection.py:541 Setting feature property: key='STATE_FIPS', value='49', i=7, setter=<fiona.ogrext.StringField object at 0x7ff5b06b8140>\nDEBUG    fiona.ogrext:collection.py:541 Setting feature property: key='WILDRNP020', value=332, i=8, setter=<fiona.ogrext.Integer64Field object at 0x7ff5b06b88c0>\nDEBUG    fiona.ogrext:collection.py:541 Setting feature property: key='STATE', value='UT', i=9, setter=<fiona.ogrext.StringField object at 0x7ff5b06b8140>\nDEBUG    fiona.ogrext:collection.py:541 Transaction supported: 0\nDEBUG    fiona.ogrext:collection.py:541 Setting feature property: key='PERIMETER', value=0.755827, i=0, setter=<fiona.ogrext.RealField object at 0x7ff5b0844500>\nDEBUG    fiona.ogrext:collection.py:541 Setting feature property: key='NAME', value='Wellsville Mountain Wilderness', i=2, setter=<fiona.ogrext.StringField object at 0x7ff5b0844780>\nDEBUG    fiona.ogrext:collection.py:541 Setting feature property: key='FEATURE1', value='Wilderness', i=3, setter=<fiona.ogrext.StringField object at 0x7ff5b0844780>\nDEBUG    fiona.ogrext:collection.py:541 Setting feature property: key='URL', value='http://www.wilderness.net/index.cfm?fuse=NWPS&sec=wildView&wname=Wellsville%20Mountain', i=4, setter=<fiona.ogrext.StringField object at 0x7ff5b0844780>\nDEBUG    fiona.ogrext:collection.py:541 Setting feature property: key='AGBUR', value='FS', i=5, setter=<fiona.ogrext.StringField object at 0x7ff5b0844780>\nDEBUG    fiona.ogrext:collection.py:541 Setting feature property: key='AREA', value=0.0104441, i=6, setter=<fiona.ogrext.RealField object at 0x7ff5b0844500>\nDEBUG    fiona.ogrext:collection.py:541 Setting feature property: key='STATE_FIPS', value='49', i=7, setter=<fiona.ogrext.StringField object at 0x7ff5b0844780>\nDEBUG    fiona.ogrext:collection.py:541 Setting feature property: key='WILDRNP020', value=336, i=8, setter=<fiona.ogrext.Integer64Field object at 0x7ff5b0846d00>\nDEBUG    fiona.ogrext:collection.py:541 Setting feature property: key='STATE', value='UT', i=9, setter=<fiona.ogrext.StringField object at 0x7ff5b0844780>\nDEBUG    fiona.ogrext:collection.py:649 Flushed data source cache\nDEBUG    fiona.collection:collection.py:660 Flushed buffer\nDEBUG    fiona.collection:collection.py:662 Stopped session\n___________________ test_load__auto_detect_format[gpkg-GPKG] ___________________\n\ntmpdir = local('/tmp/pytest-of-root/pytest-0/test_load__auto_detect_format_3')\nrunner = <click.testing.CliRunner object at 0x7ff5b1210070>\nfeature_seq = '{\"geometry\": {\"type\": \"Polygon\", \"coordinates\": [[[-111.73527526855469, 41.995094299316406], [-111.65931701660156, 41...ame=Wellsville%20Mountain\", \"AGBUR\": \"FS\", \"AREA\": 0.0104441, \"STATE_FIPS\": \"49\", \"WILDRNP020\": 336, \"STATE\": \"UT\"}}\\n'\nextension = 'gpkg', driver = 'GPKG'\n\n    @pytest.mark.parametrize(\"extension, driver\", [\n        (\"shp\", \"ESRI Shapefile\"),\n        (\"geojson\", \"GeoJSON\"),\n        (\"json\", \"GeoJSON\"),\n        (\"gpkg\", \"GPKG\"),\n        (\"SHP\", \"ESRI Shapefile\"),\n    ])\n    def test_load__auto_detect_format(tmpdir, runner, feature_seq, extension, driver):\n        tmpfile = str(tmpdir.mkdir('tests').join(f'test_src_vs_dst_crs.{extension}'))\n        result = runner.invoke(main_group, [\n            'load',\n            '--src-crs',\n            'EPSG:32617',\n            tmpfile\n        ], feature_seq)\n>       assert result.exit_code == 0\nE       assert 1 == 0\nE        +  where 1 = <Result SystemExit(1)>.exit_code\n\ntests/test_fio_load.py:153: AssertionError\n------------------------------ Captured log call -------------------------------\nDEBUG    fiona._env:env.py:315 GDAL data found in package: path='/usr/local/lib/python3.10/dist-packages/fiona/gdal_data'.\nDEBUG    fiona._env:env.py:315 PROJ data found in package: path='/usr/local/lib/python3.10/dist-packages/fiona/proj_data'.\nDEBUG    fiona.ogrext:collection.py:229 File doesn't exist. Creating a new one...\nDEBUG    fiona._env:env.py:315 GDAL data found in package: path='/usr/local/lib/python3.10/dist-packages/fiona/gdal_data'.\nDEBUG    fiona._env:env.py:315 PROJ data found in package: path='/usr/local/lib/python3.10/dist-packages/fiona/proj_data'.\nDEBUG    fiona._env:env.py:315 GDAL data found in package: path='/usr/local/lib/python3.10/dist-packages/fiona/gdal_data'.\nDEBUG    fiona._env:env.py:315 PROJ data found in package: path='/usr/local/lib/python3.10/dist-packages/fiona/proj_data'.\nDEBUG    fiona.ogrext:collection.py:229 Created layer test_src_vs_dst_crs\nDEBUG    fiona.ogrext:collection.py:229 Writing started\nDEBUG    fiona._env:env.py:315 GDAL data found in package: path='/usr/local/lib/python3.10/dist-packages/fiona/gdal_data'.\nDEBUG    fiona._env:env.py:315 PROJ data found in package: path='/usr/local/lib/python3.10/dist-packages/fiona/proj_data'.\nDEBUG    fiona.ogrext:collection.py:541 Transaction supported: 1\nDEBUG    fiona.ogrext:collection.py:541 Starting transaction (initial)\nDEBUG    fiona.ogrext:collection.py:541 Setting feature property: key='PERIMETER', value=1.22107, i=0, setter=<fiona.ogrext.RealField object at 0x7ff5b08e4f80>\nDEBUG    fiona.ogrext:collection.py:541 Setting feature property: key='NAME', value='Mount Naomi Wilderness', i=2, setter=<fiona.ogrext.StringField object at 0x7ff5b08e6ec0>\nDEBUG    fiona.ogrext:collection.py:541 Setting feature property: key='FEATURE1', value='Wilderness', i=3, setter=<fiona.ogrext.StringField object at 0x7ff5b08e6ec0>\nDEBUG    fiona.ogrext:collection.py:541 Setting feature property: key='URL', value='http://www.wilderness.net/index.cfm?fuse=NWPS&sec=wildView&wname=Mount%20Naomi', i=4, setter=<fiona.ogrext.StringField object at 0x7ff5b08e6ec0>\nDEBUG    fiona.ogrext:collection.py:541 Setting feature property: key='AGBUR', value='FS', i=5, setter=<fiona.ogrext.StringField object at 0x7ff5b08e6ec0>\nDEBUG    fiona.ogrext:collection.py:541 Setting feature property: key='AREA', value=0.0179264, i=6, setter=<fiona.ogrext.RealField object at 0x7ff5b08e4f80>\nDEBUG    fiona.ogrext:collection.py:541 Setting feature property: key='STATE_FIPS', value='49', i=7, setter=<fiona.ogrext.StringField object at 0x7ff5b08e6ec0>\nDEBUG    fiona.ogrext:collection.py:541 Setting feature property: key='WILDRNP020', value=332, i=8, setter=<fiona.ogrext.Integer64Field object at 0x7ff5b08e5100>\nDEBUG    fiona.ogrext:collection.py:541 Setting feature property: key='STATE', value='UT', i=9, setter=<fiona.ogrext.StringField object at 0x7ff5b08e6ec0>\nDEBUG    fiona.ogrext:collection.py:541 Committing transaction (final)\nDEBUG    fiona.ogrext:collection.py:541 Transaction supported: 1\nDEBUG    fiona.ogrext:collection.py:541 Starting transaction (initial)\nDEBUG    fiona.ogrext:collection.py:541 Setting feature property: key='PERIMETER', value=0.755827, i=0, setter=<fiona.ogrext.RealField object at 0x7ff5b08e7700>\nDEBUG    fiona.ogrext:collection.py:541 Setting feature property: key='NAME', value='Wellsville Mountain Wilderness', i=2, setter=<fiona.ogrext.StringField object at 0x7ff5b08e7c00>\nDEBUG    fiona.ogrext:collection.py:541 Setting feature property: key='FEATURE1', value='Wilderness', i=3, setter=<fiona.ogrext.StringField object at 0x7ff5b08e7c00>\nDEBUG    fiona.ogrext:collection.py:541 Setting feature property: key='URL', value='http://www.wilderness.net/index.cfm?fuse=NWPS&sec=wildView&wname=Wellsville%20Mountain', i=4, setter=<fiona.ogrext.StringField object at 0x7ff5b08e7c00>\nDEBUG    fiona.ogrext:collection.py:541 Setting feature property: key='AGBUR', value='FS', i=5, setter=<fiona.ogrext.StringField object at 0x7ff5b08e7c00>\nDEBUG    fiona.ogrext:collection.py:541 Setting feature property: key='AREA', value=0.0104441, i=6, setter=<fiona.ogrext.RealField object at 0x7ff5b08e7700>\nDEBUG    fiona.ogrext:collection.py:541 Setting feature property: key='STATE_FIPS', value='49', i=7, setter=<fiona.ogrext.StringField object at 0x7ff5b08e7c00>\nDEBUG    fiona.ogrext:collection.py:541 Setting feature property: key='WILDRNP020', value=336, i=8, setter=<fiona.ogrext.Integer64Field object at 0x7ff5b0810840>\nDEBUG    fiona.ogrext:collection.py:541 Setting feature property: key='STATE', value='UT', i=9, setter=<fiona.ogrext.StringField object at 0x7ff5b08e7c00>\nDEBUG    fiona.ogrext:collection.py:649 Flushed data source cache\nDEBUG    fiona.collection:collection.py:660 Flushed buffer\nDEBUG    fiona.collection:collection.py:662 Stopped session\n______________ test_load__auto_detect_format[SHP-ESRI Shapefile] _______________\n\ntmpdir = local('/tmp/pytest-of-root/pytest-0/test_load__auto_detect_format_4')\nrunner = <click.testing.CliRunner object at 0x7ff5b1210070>\nfeature_seq = '{\"geometry\": {\"type\": \"Polygon\", \"coordinates\": [[[-111.73527526855469, 41.995094299316406], [-111.65931701660156, 41...ame=Wellsville%20Mountain\", \"AGBUR\": \"FS\", \"AREA\": 0.0104441, \"STATE_FIPS\": \"49\", \"WILDRNP020\": 336, \"STATE\": \"UT\"}}\\n'\nextension = 'SHP', driver = 'ESRI Shapefile'\n\n    @pytest.mark.parametrize(\"extension, driver\", [\n        (\"shp\", \"ESRI Shapefile\"),\n        (\"geojson\", \"GeoJSON\"),\n        (\"json\", \"GeoJSON\"),\n        (\"gpkg\", \"GPKG\"),\n        (\"SHP\", \"ESRI Shapefile\"),\n    ])\n    def test_load__auto_detect_format(tmpdir, runner, feature_seq, extension, driver):\n        tmpfile = str(tmpdir.mkdir('tests').join(f'test_src_vs_dst_crs.{extension}'))\n        result = runner.invoke(main_group, [\n            'load',\n            '--src-crs',\n            'EPSG:32617',\n            tmpfile\n        ], feature_seq)\n>       assert result.exit_code == 0\nE       assert 1 == 0\nE        +  where 1 = <Result SystemExit(1)>.exit_code\n\ntests/test_fio_load.py:153: AssertionError\n------------------------------ Captured log call -------------------------------\nDEBUG    fiona._env:env.py:315 GDAL data found in package: path='/usr/local/lib/python3.10/dist-packages/fiona/gdal_data'.\nDEBUG    fiona._env:env.py:315 PROJ data found in package: path='/usr/local/lib/python3.10/dist-packages/fiona/proj_data'.\nDEBUG    fiona.ogrext:collection.py:229 File doesn't exist. Creating a new one...\nDEBUG    fiona._env:env.py:315 GDAL data found in package: path='/usr/local/lib/python3.10/dist-packages/fiona/gdal_data'.\nDEBUG    fiona._env:env.py:315 PROJ data found in package: path='/usr/local/lib/python3.10/dist-packages/fiona/proj_data'.\nDEBUG    fiona._env:env.py:315 GDAL data found in package: path='/usr/local/lib/python3.10/dist-packages/fiona/gdal_data'.\nDEBUG    fiona._env:env.py:315 PROJ data found in package: path='/usr/local/lib/python3.10/dist-packages/fiona/proj_data'.\nDEBUG    fiona.ogrext:collection.py:229 Created layer test_src_vs_dst_crs\nDEBUG    fiona.ogrext:collection.py:229 Writing started\nDEBUG    fiona._env:env.py:315 GDAL data found in package: path='/usr/local/lib/python3.10/dist-packages/fiona/gdal_data'.\nDEBUG    fiona._env:env.py:315 PROJ data found in package: path='/usr/local/lib/python3.10/dist-packages/fiona/proj_data'.\nDEBUG    fiona.ogrext:collection.py:541 Transaction supported: 0\nDEBUG    fiona.ogrext:collection.py:541 Setting feature property: key='PERIMETER', value=1.22107, i=0, setter=<fiona.ogrext.RealField object at 0x7ff5b139d000>\nDEBUG    fiona.ogrext:collection.py:541 Setting feature property: key='NAME', value='Mount Naomi Wilderness', i=2, setter=<fiona.ogrext.StringField object at 0x7ff5b1854200>\nDEBUG    fiona.ogrext:collection.py:541 Setting feature property: key='FEATURE1', value='Wilderness', i=3, setter=<fiona.ogrext.StringField object at 0x7ff5b1854200>\nDEBUG    fiona.ogrext:collection.py:541 Setting feature property: key='URL', value='http://www.wilderness.net/index.cfm?fuse=NWPS&sec=wildView&wname=Mount%20Naomi', i=4, setter=<fiona.ogrext.StringField object at 0x7ff5b1854200>\nDEBUG    fiona.ogrext:collection.py:541 Setting feature property: key='AGBUR', value='FS', i=5, setter=<fiona.ogrext.StringField object at 0x7ff5b1854200>\nDEBUG    fiona.ogrext:collection.py:541 Setting feature property: key='AREA', value=0.0179264, i=6, setter=<fiona.ogrext.RealField object at 0x7ff5b139d000>\nDEBUG    fiona.ogrext:collection.py:541 Setting feature property: key='STATE_FIPS', value='49', i=7, setter=<fiona.ogrext.StringField object at 0x7ff5b1854200>\nDEBUG    fiona.ogrext:collection.py:541 Setting feature property: key='WILDRNP020', value=332, i=8, setter=<fiona.ogrext.Integer64Field object at 0x7ff5b139d200>\nDEBUG    fiona.ogrext:collection.py:541 Setting feature property: key='STATE', value='UT', i=9, setter=<fiona.ogrext.StringField object at 0x7ff5b1854200>\nDEBUG    fiona.ogrext:collection.py:541 Transaction supported: 0\nDEBUG    fiona.ogrext:collection.py:541 Setting feature property: key='PERIMETER', value=0.755827, i=0, setter=<fiona.ogrext.RealField object at 0x7ff5b1357cc0>\nDEBUG    fiona.ogrext:collection.py:541 Setting feature property: key='NAME', value='Wellsville Mountain Wilderness', i=2, setter=<fiona.ogrext.StringField object at 0x7ff5b1354bc0>\nDEBUG    fiona.ogrext:collection.py:541 Setting feature property: key='FEATURE1', value='Wilderness', i=3, setter=<fiona.ogrext.StringField object at 0x7ff5b1354bc0>\nDEBUG    fiona.ogrext:collection.py:541 Setting feature property: key='URL', value='http://www.wilderness.net/index.cfm?fuse=NWPS&sec=wildView&wname=Wellsville%20Mountain', i=4, setter=<fiona.ogrext.StringField object at 0x7ff5b1354bc0>\nDEBUG    fiona.ogrext:collection.py:541 Setting feature property: key='AGBUR', value='FS', i=5, setter=<fiona.ogrext.StringField object at 0x7ff5b1354bc0>\nDEBUG    fiona.ogrext:collection.py:541 Setting feature property: key='AREA', value=0.0104441, i=6, setter=<fiona.ogrext.RealField object at 0x7ff5b1357cc0>\nDEBUG    fiona.ogrext:collection.py:541 Setting feature property: key='STATE_FIPS', value='49', i=7, setter=<fiona.ogrext.StringField object at 0x7ff5b1354bc0>\nDEBUG    fiona.ogrext:collection.py:541 Setting feature property: key='WILDRNP020', value=336, i=8, setter=<fiona.ogrext.Integer64Field object at 0x7ff5b1356cc0>\nDEBUG    fiona.ogrext:collection.py:541 Setting feature property: key='STATE', value='UT', i=9, setter=<fiona.ogrext.StringField object at 0x7ff5b1354bc0>\nDEBUG    fiona.ogrext:collection.py:649 Flushed data source cache\nDEBUG    fiona.collection:collection.py:660 Flushed buffer\nDEBUG    fiona.collection:collection.py:662 Stopped session\n__________________________ test_fio_load_layer_append __________________________\n\ntmpdir = local('/tmp/pytest-of-root/pytest-0/test_fio_load_layer_append0')\nrunner = <click.testing.CliRunner object at 0x7ff5b1210070>\n\n    def test_fio_load_layer_append(tmpdir, runner):\n        \"\"\"Checking append mode.\"\"\"\n        outdir = str(tmpdir.mkdir(\"tests\").mkdir(\"test_fio_load_layer\"))\n        try:\n            feature = {\n                \"type\": \"Feature\",\n                \"properties\": {\"key\": \"value\"},\n                \"geometry\": {\"type\": \"Point\", \"coordinates\": (5.0, 39.0)},\n            }\n            sequence = os.linesep.join(\n                map(partial(json.dumps, cls=ObjectEncoder), [feature, feature])\n            )\n    \n            # Write mode to create layer.\n            result = runner.invoke(\n                main_group,\n                [\n                    \"load\",\n                    outdir,\n                    \"--driver\",\n                    \"ESRI Shapefile\",\n                    \"--src-crs\",\n                    \"EPSG:4236\",\n                    \"--layer\",\n                    \"test_layer\",\n                ],\n                input=sequence,\n            )\n>           assert result.exit_code == 0\nE           assert 1 == 0\nE            +  where 1 = <Result SystemExit(1)>.exit_code\n\ntests/test_fio_load.py:188: AssertionError\n------------------------------ Captured log call -------------------------------\nDEBUG    fiona._env:env.py:315 GDAL data found in package: path='/usr/local/lib/python3.10/dist-packages/fiona/gdal_data'.\nDEBUG    fiona._env:env.py:315 PROJ data found in package: path='/usr/local/lib/python3.10/dist-packages/fiona/proj_data'.\nINFO     fiona._err:collection.py:229 GDAL signalled an error: err_no=4, msg='/tmp/pytest-of-root/pytest-0/test_fio_load_layer_append0/tests/test_fio_load_layer: Is a directory'\nDEBUG    fiona._env:env.py:315 GDAL data found in package: path='/usr/local/lib/python3.10/dist-packages/fiona/gdal_data'.\nDEBUG    fiona._env:env.py:315 PROJ data found in package: path='/usr/local/lib/python3.10/dist-packages/fiona/proj_data'.\nDEBUG    fiona._env:env.py:315 GDAL data found in package: path='/usr/local/lib/python3.10/dist-packages/fiona/gdal_data'.\nDEBUG    fiona._env:env.py:315 PROJ data found in package: path='/usr/local/lib/python3.10/dist-packages/fiona/proj_data'.\nDEBUG    fiona.ogrext:collection.py:229 Created layer test_layer\nDEBUG    fiona.ogrext:collection.py:229 Writing started\nDEBUG    fiona._env:env.py:315 GDAL data found in package: path='/usr/local/lib/python3.10/dist-packages/fiona/gdal_data'.\nDEBUG    fiona._env:env.py:315 PROJ data found in package: path='/usr/local/lib/python3.10/dist-packages/fiona/proj_data'.\nDEBUG    fiona.ogrext:collection.py:541 Transaction supported: 0\nDEBUG    fiona.ogrext:collection.py:541 Setting feature property: key='key', value='value', i=0, setter=<fiona.ogrext.StringField object at 0x7ff5b13d0bc0>\nDEBUG    fiona.ogrext:collection.py:541 Transaction supported: 0\nDEBUG    fiona.ogrext:collection.py:541 Setting feature property: key='key', value='value', i=0, setter=<fiona.ogrext.StringField object at 0x7ff5b13d3ec0>\nDEBUG    fiona.ogrext:collection.py:649 Flushed data source cache\nDEBUG    fiona.collection:collection.py:660 Flushed buffer\nDEBUG    fiona.collection:collection.py:662 Stopped session\n_____________________________ test_object_eq_not[] _____________________________\n\nother = ''\n\n    @pytest.mark.parametrize(\n        \"other\",\n        (\"\", 1, [1, 2], {\"g\": 5}, Object(g=10), OrderedDict(a=1)),\n    )\n    def test_object_eq_not(other):\n        \"\"\"Object eq identifies not a match\"\"\"\n        obj = Object(g=1)\n>       assert obj != other\n\ntests/test_model.py:123: \n_ _ _ _ _ _ _ _ _ _ _ _ _ _ _ _ _ _ _ _ _ _ _ _ _ _ _ _ _ _ _ _ _ _ _ _ _ _ _ _ \n\nself = fiona.Object(g=1), other = ''\n\n    def __eq__(self, other):\n>       return dict(**self) == dict(**other)\nE       TypeError: dict() argument after ** must be a mapping, not str\n\n/usr/local/lib/python3.10/dist-packages/fiona/model.py:190: TypeError\n____________________________ test_object_eq_not[1] _____________________________\n\nother = 1\n\n    @pytest.mark.parametrize(\n        \"other\",\n        (\"\", 1, [1, 2], {\"g\": 5}, Object(g=10), OrderedDict(a=1)),\n    )\n    def test_object_eq_not(other):\n        \"\"\"Object eq identifies not a match\"\"\"\n        obj = Object(g=1)\n>       assert obj != other\n\ntests/test_model.py:123: \n_ _ _ _ _ _ _ _ _ _ _ _ _ _ _ _ _ _ _ _ _ _ _ _ _ _ _ _ _ _ _ _ _ _ _ _ _ _ _ _ \n\nself = fiona.Object(g=1), other = 1\n\n    def __eq__(self, other):\n>       return dict(**self) == dict(**other)\nE       TypeError: dict() argument after ** must be a mapping, not int\n\n/usr/local/lib/python3.10/dist-packages/fiona/model.py:190: TypeError\n__________________________ test_object_eq_not[other2] __________________________\n\nother = [1, 2]\n\n    @pytest.mark.parametrize(\n        \"other\",\n        (\"\", 1, [1, 2], {\"g\": 5}, Object(g=10), OrderedDict(a=1)),\n    )\n    def test_object_eq_not(other):\n        \"\"\"Object eq identifies not a match\"\"\"\n        obj = Object(g=1)\n>       assert obj != other\n\ntests/test_model.py:123: \n_ _ _ _ _ _ _ _ _ _ _ _ _ _ _ _ _ _ _ _ _ _ _ _ _ _ _ _ _ _ _ _ _ _ _ _ _ _ _ _ \n\nself = fiona.Object(g=1), other = [1, 2]\n\n    def __eq__(self, other):\n>       return dict(**self) == dict(**other)\nE       TypeError: dict() argument after ** must be a mapping, not list\n\n/usr/local/lib/python3.10/dist-packages/fiona/model.py:190: TypeError\n=========================== short test summary info ============================\nFAILED tests/test_fio_bounds.py::test_seq - assert 1 == 0\nFAILED tests/test_fio_bounds.py::test_seq_rs - assert 1 == 0\nFAILED tests/test_fio_bounds.py::test_precision - assert 1 == 0\nFAILED tests/test_fio_bounds.py::test_explode - assert 1 == 0\nFAILED tests/test_fio_bounds.py::test_explode_pp - assert 1 == 0\nFAILED tests/test_fio_bounds.py::test_with_id - assert 1 == 0\nFAILED tests/test_fio_bounds.py::test_explode_with_id - assert 1 == 0\nFAILED tests/test_fio_bounds.py::test_with_obj - assert 1 == 0\nFAILED tests/test_fio_bounds.py::test_bounds_explode_with_obj - assert 1 == 0\nFAILED tests/test_fio_bounds.py::test_explode_output_rs - assert 1 == 0\nFAILED tests/test_fio_calc.py::test_calc_seq - assert 1 == 0\nFAILED tests/test_fio_calc.py::test_bool_seq - assert 1 == 0\nFAILED tests/test_fio_calc.py::test_existing_property - assert 1 == 0\nFAILED tests/test_fio_cat.py::test_one - AssertionError: assert 1 == 0\nFAILED tests/test_fio_cat.py::test_two - AssertionError: assert 1 == 0\nFAILED tests/test_fio_cat.py::test_bbox_no - UserWarning: The parameter --whe...\nFAILED tests/test_fio_cat.py::test_bbox_yes - UserWarning: The parameter --wh...\nFAILED tests/test_fio_cat.py::test_bbox_yes_two_files - UserWarning: The para...\nFAILED tests/test_fio_cat.py::test_bbox_json_yes - UserWarning: The parameter...\nFAILED tests/test_fio_cat.py::test_bbox_where - UserWarning: The parameter --...\nFAILED tests/test_fio_cat.py::test_where_no - UserWarning: The parameter --wh...\nFAILED tests/test_fio_cat.py::test_where_yes - UserWarning: The parameter --w...\nFAILED tests/test_fio_cat.py::test_where_yes_two_files - UserWarning: The par...\nFAILED tests/test_fio_cat.py::test_multi_layer - assert 0 == 134\nFAILED tests/test_fio_cat.py::test_vfs - AssertionError: assert 1 == 0\nFAILED tests/test_fio_cat.py::test_dst_crs_epsg3857 - AssertionError: assert ...\nFAILED tests/test_fio_collect.py::test_collect_rs - assert 1 == 0\nFAILED tests/test_fio_collect.py::test_collect_no_rs - assert 1 == 0\nFAILED tests/test_fio_collect.py::test_collect_ld - assert 1 == 0\nFAILED tests/test_fio_collect.py::test_collect_rec_buffered - assert 1 == 0\nFAILED tests/test_fio_collect.py::test_collect_noparse - assert 1 == 0\nFAILED tests/test_fio_collect.py::test_collect_noparse_records - assert 1 == 0\nFAILED tests/test_fio_collect.py::test_collect_noparse_rs - assert 1 == 0\nFAILED tests/test_fio_distrib.py::test_distrib - assert 1 == 0\nFAILED tests/test_fio_distrib.py::test_distrib_no_rs - assert 1 == 0\nFAILED tests/test_fio_features.py::test_map_count - assert 1 == 0\nFAILED tests/test_fio_features.py::test_reduce_area[--raw] - assert 1 == 0\nFAILED tests/test_fio_features.py::test_reduce_area[-r] - assert 1 == 0\nFAILED tests/test_fio_features.py::test_reduce_union - assert 1 == 0\nFAILED tests/test_fio_features.py::test_reduce_union_zip_properties - assert ...\nFAILED tests/test_fio_features.py::test_filter - assert 1 == 0\nFAILED tests/test_fio_filter.py::test_seq - assert 1 == 0\nFAILED tests/test_fio_info.py::test_info_json - AssertionError: assert 1 == 0\nFAILED tests/test_fio_info.py::test_info_no_count - AssertionError: assert 1 ...\nFAILED tests/test_fio_info.py::test_info_layer - AssertionError: assert 1 == 0\nFAILED tests/test_fio_info.py::test_info_vfs - AssertionError: assert 1 == 0\nFAILED tests/test_fio_load.py::test_seq_rs - assert 1 == 0\nFAILED tests/test_fio_load.py::test_seq_no_rs - assert 1 == 0\nFAILED tests/test_fio_load.py::test_dst_crs_default_to_src_crs - assert 1 == 0\nFAILED tests/test_fio_load.py::test_different_crs - assert 1 == 0\nFAILED tests/test_fio_load.py::test_dst_crs_no_src - assert 1 == 0\nFAILED tests/test_fio_load.py::test_fio_load_layer - assert 1 == 0\nFAILED tests/test_fio_load.py::test_creation_options - assert 1 == 0\nFAILED tests/test_fio_load.py::test_load__auto_detect_format[shp-ESRI Shapefile]\nFAILED tests/test_fio_load.py::test_load__auto_detect_format[geojson-GeoJSON]\nFAILED tests/test_fio_load.py::test_load__auto_detect_format[json-GeoJSON] - ...\nFAILED tests/test_fio_load.py::test_load__auto_detect_format[gpkg-GPKG] - ass...\nFAILED tests/test_fio_load.py::test_load__auto_detect_format[SHP-ESRI Shapefile]\nFAILED tests/test_fio_load.py::test_fio_load_layer_append - assert 1 == 0\nFAILED tests/test_model.py::test_object_eq_not[] - TypeError: dict() argument...\nFAILED tests/test_model.py::test_object_eq_not[1] - TypeError: dict() argumen...\nFAILED tests/test_model.py::test_object_eq_not[other2] - TypeError: dict() ar...\n===== 62 failed, 1660 passed, 149 skipped, 1 xfailed, 6 xpassed in 34.59s ======\n",
    "stderr": "",
    "execution_time": 35.00049805641174
  }
]