[
  {
    "command": "pip install -e .",
    "success": false,
    "stdout": "Looking in indexes: https://repo.huaweicloud.com/repository/pypi/simple/\nObtaining file:///app/repo_to_process\n  Installing build dependencies: started\n  Installing build dependencies: finished with status 'done'\n  Checking if build backend supports build_editable: started\n  Checking if build backend supports build_editable: finished with status 'done'\n  Getting requirements to build editable: started\n  Getting requirements to build editable: finished with status 'error'\n",
    "stderr": "  error: subprocess-exited-with-error\n  \n  × Getting requirements to build editable did not run successfully.\n  │ exit code: 1\n  ╰─> [32 lines of output]\n      Traceback (most recent call last):\n        File \"/usr/local/lib/python3.10/dist-packages/pip/_vendor/pyproject_hooks/_in_process/_in_process.py\", line 389, in <module>\n          main()\n        File \"/usr/local/lib/python3.10/dist-packages/pip/_vendor/pyproject_hooks/_in_process/_in_process.py\", line 373, in main\n          json_out[\"return_val\"] = hook(**hook_input[\"kwargs\"])\n        File \"/usr/local/lib/python3.10/dist-packages/pip/_vendor/pyproject_hooks/_in_process/_in_process.py\", line 157, in get_requires_for_build_editable\n          return hook(config_settings)\n        File \"/tmp/pip-build-env-vafzu1iw/overlay/local/lib/python3.10/dist-packages/setuptools/build_meta.py\", line 473, in get_requires_for_build_editable\n          return self.get_requires_for_build_wheel(config_settings)\n        File \"/tmp/pip-build-env-vafzu1iw/overlay/local/lib/python3.10/dist-packages/setuptools/build_meta.py\", line 331, in get_requires_for_build_wheel\n          return self._get_build_requires(config_settings, requirements=[])\n        File \"/tmp/pip-build-env-vafzu1iw/overlay/local/lib/python3.10/dist-packages/setuptools/build_meta.py\", line 301, in _get_build_requires\n          self.run_setup()\n        File \"/tmp/pip-build-env-vafzu1iw/overlay/local/lib/python3.10/dist-packages/setuptools/build_meta.py\", line 512, in run_setup\n          super().run_setup(setup_script=setup_script)\n        File \"/tmp/pip-build-env-vafzu1iw/overlay/local/lib/python3.10/dist-packages/setuptools/build_meta.py\", line 317, in run_setup\n          exec(code, locals())\n        File \"<string>\", line 23, in <module>\n        File \"/usr/lib/python3.10/runpy.py\", line 289, in run_path\n          return _run_module_code(code, init_globals, run_name,\n        File \"/usr/lib/python3.10/runpy.py\", line 96, in _run_module_code\n          _run_code(code, mod_globals, init_globals,\n        File \"/usr/lib/python3.10/runpy.py\", line 86, in _run_code\n          exec(code, run_globals)\n        File \"cirq-core/cirq/_version.py\", line 21, in <module>\n          raise SystemError(\n      SystemError: You installed the latest version of Cirq but aren't on Python 3.11+.\n      To fix this error, you need to either:\n      \n      A) Update to Python 3.11 or later.\n      - OR -\n      B) Explicitly install an older deprecated-but-compatible version of Cirq (e.g. \"python -m pip install cirq==1.5.0\")\n      [end of output]\n  \n  note: This error originates from a subprocess, and is likely not a problem with pip.\nerror: subprocess-exited-with-error\n\n× Getting requirements to build editable did not run successfully.\n│ exit code: 1\n╰─> See above for output.\n\nnote: This error originates from a subprocess, and is likely not a problem with pip.\n",
    "execution_time": 2.3751041889190674
  },
  {
    "command": "pip install -r cirq-core/requirements.txt",
    "success": true,
    "stdout": "Looking in indexes: https://repo.huaweicloud.com/repository/pypi/simple/\nCollecting attrs>=21.3.0 (from -r cirq-core/requirements.txt (line 3))\n  Downloading https://repo.huaweicloud.com/repository/pypi/packages/77/06/bb80f5f86020c4551da315d78b3ab75e8228f89f0162f2c3a819e407941a/attrs-25.3.0-py3-none-any.whl (63 kB)\nCollecting duet>=0.2.8 (from -r cirq-core/requirements.txt (line 4))\n  Downloading https://repo.huaweicloud.com/repository/pypi/packages/be/95/03c8215f675349ff719cb44cd837c2468fdc0c05f55f523f3cad86bbdcc6/duet-0.2.9-py3-none-any.whl (29 kB)\nCollecting matplotlib~=3.8 (from -r cirq-core/requirements.txt (line 5))\n  Downloading https://repo.huaweicloud.com/repository/pypi/packages/ac/64/8d0c8937dee86c286625bddb1902efacc3e22f2b619f5b5a8df29fe5217b/matplotlib-3.10.5-cp310-cp310-manylinux2014_x86_64.manylinux_2_17_x86_64.whl (8.7 MB)\n     ━━━━━━━━━━━━━━━━━━━━━━━━━━━━━━━━━━━━━━━━ 8.7/8.7 MB 8.3 MB/s  0:00:01\nCollecting networkx~=3.4 (from -r cirq-core/requirements.txt (line 6))\n  Downloading https://repo.huaweicloud.com/repository/pypi/packages/b9/54/dd730b32ea14ea797530a4479b2ed46a6fb250f682a9cfb997e968bf0261/networkx-3.4.2-py3-none-any.whl (1.7 MB)\n     ━━━━━━━━━━━━━━━━━━━━━━━━━━━━━━━━━━━━━━━━ 1.7/1.7 MB 12.5 MB/s  0:00:00\nRequirement already satisfied: numpy>=1.26 in /usr/local/lib/python3.10/dist-packages (from -r cirq-core/requirements.txt (line 7)) (2.2.6)\nRequirement already satisfied: pandas~=2.1 in /usr/local/lib/python3.10/dist-packages (from -r cirq-core/requirements.txt (line 8)) (2.3.1)\nCollecting sortedcontainers~=2.0 (from -r cirq-core/requirements.txt (line 9))\n  Downloading https://repo.huaweicloud.com/repository/pypi/packages/32/46/9cb0e58b2deb7f82b84065f37f3bffeb12413f947f9388e4cac22c4621ce/sortedcontainers-2.4.0-py2.py3-none-any.whl (29 kB)\nCollecting scipy~=1.12 (from -r cirq-core/requirements.txt (line 10))\n  Downloading https://repo.huaweicloud.com/repository/pypi/packages/8e/6d/41991e503e51fc1134502694c5fa7a1671501a17ffa12716a4a9151af3df/scipy-1.15.3-cp310-cp310-manylinux_2_17_x86_64.manylinux2014_x86_64.whl (37.7 MB)\n     ━━━━━━━━━━━━━━━━━━━━━━━━━━━━━━━━━━━━━━━━ 37.7/37.7 MB 6.2 MB/s  0:00:06\nCollecting sympy (from -r cirq-core/requirements.txt (line 11))\n  Downloading https://repo.huaweicloud.com/repository/pypi/packages/a2/09/77d55d46fd61b4a135c444fc97158ef34a095e5681d0a6c10b75bf356191/sympy-1.14.0-py3-none-any.whl (6.3 MB)\n     ━━━━━━━━━━━━━━━━━━━━━━━━━━━━━━━━━━━━━━━━ 6.3/6.3 MB 6.1 MB/s  0:00:01\nRequirement already satisfied: typing_extensions>=4.2 in /usr/local/lib/python3.10/dist-packages (from -r cirq-core/requirements.txt (line 12)) (4.14.1)\nCollecting tqdm>=4.12 (from -r cirq-core/requirements.txt (line 13))\n  Downloading https://repo.huaweicloud.com/repository/pypi/packages/d0/30/dc54f88dd4a2b5dc8a0279bdd7270e735851848b762aeb1c1184ed1f6b14/tqdm-4.67.1-py3-none-any.whl (78 kB)\nCollecting contourpy>=1.0.1 (from matplotlib~=3.8->-r cirq-core/requirements.txt (line 5))\n  Downloading https://repo.huaweicloud.com/repository/pypi/packages/32/5c/1ee32d1c7956923202f00cf8d2a14a62ed7517bdc0ee1e55301227fc273c/contourpy-1.3.2-cp310-cp310-manylinux_2_17_x86_64.manylinux2014_x86_64.whl (325 kB)\nCollecting cycler>=0.10 (from matplotlib~=3.8->-r cirq-core/requirements.txt (line 5))\n  Downloading https://repo.huaweicloud.com/repository/pypi/packages/e7/05/c19819d5e3d95294a6f5947fb9b9629efb316b96de511b418c53d245aae6/cycler-0.12.1-py3-none-any.whl (8.3 kB)\nCollecting fonttools>=4.22.0 (from matplotlib~=3.8->-r cirq-core/requirements.txt (line 5))\n  Downloading https://repo.huaweicloud.com/repository/pypi/packages/05/57/767e31e48861045d89691128bd81fd4c62b62150f9a17a666f731ce4f197/fonttools-4.59.0-cp310-cp310-manylinux2014_x86_64.manylinux_2_17_x86_64.whl (4.8 MB)\n     ━━━━━━━━━━━━━━━━━━━━━━━━━━━━━━━━━━━━━━━━ 4.8/4.8 MB 6.7 MB/s  0:00:00\nCollecting kiwisolver>=1.3.1 (from matplotlib~=3.8->-r cirq-core/requirements.txt (line 5))\n  Downloading https://repo.huaweicloud.com/repository/pypi/packages/de/c6/7b9bb8044e150d4d1558423a1568e4f227193662a02231064e3824f37e0a/kiwisolver-1.4.8-cp310-cp310-manylinux_2_12_x86_64.manylinux2010_x86_64.whl (1.6 MB)\n     ━━━━━━━━━━━━━━━━━━━━━━━━━━━━━━━━━━━━━━━━ 1.6/1.6 MB 10.6 MB/s  0:00:00\nRequirement already satisfied: packaging>=20.0 in /usr/local/lib/python3.10/dist-packages (from matplotlib~=3.8->-r cirq-core/requirements.txt (line 5)) (25.0)\nCollecting pillow>=8 (from matplotlib~=3.8->-r cirq-core/requirements.txt (line 5))\n  Downloading https://repo.huaweicloud.com/repository/pypi/packages/f0/16/1a6bf01fb622fb9cf5c91683823f073f053005c849b1f52ed613afcf8dae/pillow-11.3.0-cp310-cp310-manylinux_2_27_x86_64.manylinux_2_28_x86_64.whl (6.6 MB)\n     ━━━━━━━━━━━━━━━━━━━━━━━━━━━━━━━━━━━━━━━━ 6.6/6.6 MB 8.9 MB/s  0:00:00\nCollecting pyparsing>=2.3.1 (from matplotlib~=3.8->-r cirq-core/requirements.txt (line 5))\n  Downloading https://repo.huaweicloud.com/repository/pypi/packages/05/e7/df2285f3d08fee213f2d041540fa4fc9ca6c2d44cf36d3a035bf2a8d2bcc/pyparsing-3.2.3-py3-none-any.whl (111 kB)\nRequirement already satisfied: python-dateutil>=2.7 in /usr/local/lib/python3.10/dist-packages (from matplotlib~=3.8->-r cirq-core/requirements.txt (line 5)) (2.9.0.post0)\nRequirement already satisfied: pytz>=2020.1 in /usr/local/lib/python3.10/dist-packages (from pandas~=2.1->-r cirq-core/requirements.txt (line 8)) (2025.2)\nRequirement already satisfied: tzdata>=2022.7 in /usr/local/lib/python3.10/dist-packages (from pandas~=2.1->-r cirq-core/requirements.txt (line 8)) (2025.2)\nCollecting mpmath<1.4,>=1.1.0 (from sympy->-r cirq-core/requirements.txt (line 11))\n  Downloading https://repo.huaweicloud.com/repository/pypi/packages/43/e3/7d92a15f894aa0c9c4b49b8ee9ac9850d6e63b03c9c32c0367a13ae62209/mpmath-1.3.0-py3-none-any.whl (536 kB)\n     ━━━━━━━━━━━━━━━━━━━━━━━━━━━━━━━━━━━━━━━━ 536.2/536.2 kB 8.1 MB/s  0:00:00\nRequirement already satisfied: six>=1.5 in /usr/local/lib/python3.10/dist-packages (from python-dateutil>=2.7->matplotlib~=3.8->-r cirq-core/requirements.txt (line 5)) (1.17.0)\nInstalling collected packages: sortedcontainers, mpmath, tqdm, sympy, scipy, pyparsing, pillow, networkx, kiwisolver, fonttools, duet, cycler, contourpy, attrs, matplotlib\n\nSuccessfully installed attrs-25.3.0 contourpy-1.3.2 cycler-0.12.1 duet-0.2.9 fonttools-4.59.0 kiwisolver-1.4.8 matplotlib-3.10.5 mpmath-1.3.0 networkx-3.4.2 pillow-11.3.0 pyparsing-3.2.3 scipy-1.15.3 sortedcontainers-2.4.0 sympy-1.14.0 tqdm-4.67.1\n",
    "stderr": "WARNING: Running pip as the 'root' user can result in broken permissions and conflicting behaviour with the system package manager, possibly rendering your system unusable. It is recommended to use a virtual environment instead: https://pip.pypa.io/warnings/venv. Use the --root-user-action option if you know what you are doing and want to suppress this warning.\n",
    "execution_time": 31.871587991714478
  },
  {
    "command": "pip install -e cirq-core",
    "success": false,
    "stdout": "Looking in indexes: https://repo.huaweicloud.com/repository/pypi/simple/\nObtaining file:///app/repo_to_process/cirq-core\n  Preparing metadata (setup.py): started\n  Preparing metadata (setup.py): finished with status 'error'\n",
    "stderr": "  error: subprocess-exited-with-error\n  \n  × python setup.py egg_info did not run successfully.\n  │ exit code: 1\n  ╰─> [19 lines of output]\n      Traceback (most recent call last):\n        File \"<string>\", line 2, in <module>\n        File \"<pip-setuptools-caller>\", line 35, in <module>\n        File \"/app/repo_to_process/cirq-core/setup.py\", line 20, in <module>\n          __version__ = runpy.run_path('cirq/_version.py')['__version__']\n        File \"/usr/lib/python3.10/runpy.py\", line 289, in run_path\n          return _run_module_code(code, init_globals, run_name,\n        File \"/usr/lib/python3.10/runpy.py\", line 96, in _run_module_code\n          _run_code(code, mod_globals, init_globals,\n        File \"/usr/lib/python3.10/runpy.py\", line 86, in _run_code\n          exec(code, run_globals)\n        File \"cirq/_version.py\", line 21, in <module>\n          raise SystemError(\n      SystemError: You installed the latest version of Cirq but aren't on Python 3.11+.\n      To fix this error, you need to either:\n      \n      A) Update to Python 3.11 or later.\n      - OR -\n      B) Explicitly install an older deprecated-but-compatible version of Cirq (e.g. \"python -m pip install cirq==1.5.0\")\n      [end of output]\n  \n  note: This error originates from a subprocess, and is likely not a problem with pip.\nerror: metadata-generation-failed\n\n× Encountered error while generating package metadata.\n╰─> See above for output.\n\nnote: This is an issue with the package mentioned above, not pip.\nhint: See above for details.\n",
    "execution_time": 0.5278782844543457
  },
  {
    "command": "pip install -r cirq-google/requirements.txt",
    "success": true,
    "stdout": "Looking in indexes: https://repo.huaweicloud.com/repository/pypi/simple/\nCollecting google-api-core~=2.22 (from google-api-core[grpc]~=2.22->-r cirq-google/requirements.txt (line 1))\n  Downloading https://repo.huaweicloud.com/repository/pypi/packages/14/4b/ead00905132820b623732b175d66354e9d3e69fcf2a5dcdab780664e7896/google_api_core-2.25.1-py3-none-any.whl (160 kB)\nCollecting proto-plus~=1.25 (from -r cirq-google/requirements.txt (line 2))\n  Downloading https://repo.huaweicloud.com/repository/pypi/packages/4e/6d/280c4c2ce28b1593a19ad5239c8b826871fc6ec275c21afc8e1820108039/proto_plus-1.26.1-py3-none-any.whl (50 kB)\nCollecting protobuf<6.0dev,>=5.26.1 (from -r cirq-google/requirements.txt (line 3))\n  Downloading https://repo.huaweicloud.com/repository/pypi/packages/85/e4/07c80521879c2d15f321465ac24c70efe2381378c00bf5e56a0f4fbac8cd/protobuf-5.29.5-cp38-abi3-manylinux2014_x86_64.whl (319 kB)\nCollecting typedunits (from -r cirq-google/requirements.txt (line 4))\n  Downloading https://repo.huaweicloud.com/repository/pypi/packages/52/32/fa6b86d10e847b437ac52622b42b4a9abe9805367c3ef53aae3a301b4bea/typedunits-0.0.1.dev20250728235222-cp310-cp310-manylinux_2_17_x86_64.manylinux2014_x86_64.whl (2.5 MB)\n     ━━━━━━━━━━━━━━━━━━━━━━━━━━━━━━━━━━━━━━━━ 2.5/2.5 MB 5.6 MB/s  0:00:00\nCollecting googleapis-common-protos<2.0.0,>=1.56.2 (from google-api-core~=2.22->google-api-core[grpc]~=2.22->-r cirq-google/requirements.txt (line 1))\n  Downloading https://repo.huaweicloud.com/repository/pypi/packages/86/f1/62a193f0227cf15a920390abe675f386dec35f7ae3ffe6da582d3ade42c7/googleapis_common_protos-1.70.0-py3-none-any.whl (294 kB)\nCollecting google-auth<3.0.0,>=2.14.1 (from google-api-core~=2.22->google-api-core[grpc]~=2.22->-r cirq-google/requirements.txt (line 1))\n  Downloading https://repo.huaweicloud.com/repository/pypi/packages/17/63/b19553b658a1692443c62bd07e5868adaa0ad746a0751ba62c59568cd45b/google_auth-2.40.3-py2.py3-none-any.whl (216 kB)\nRequirement already satisfied: requests<3.0.0,>=2.18.0 in /usr/local/lib/python3.10/dist-packages (from google-api-core~=2.22->google-api-core[grpc]~=2.22->-r cirq-google/requirements.txt (line 1)) (2.32.4)\nCollecting grpcio<2.0.0,>=1.33.2 (from google-api-core[grpc]~=2.22->-r cirq-google/requirements.txt (line 1))\n  Downloading https://repo.huaweicloud.com/repository/pypi/packages/fd/75/a1991dd64b331d199935e096cc9daa3415ee5ccbe9f909aa48eded7bba34/grpcio-1.74.0-cp310-cp310-manylinux_2_17_x86_64.manylinux2014_x86_64.whl (6.2 MB)\n     ━━━━━━━━━━━━━━━━━━━━━━━━━━━━━━━━━━━━━━━━ 6.2/6.2 MB 12.8 MB/s  0:00:00\nCollecting grpcio-status<2.0.0,>=1.33.2 (from google-api-core[grpc]~=2.22->-r cirq-google/requirements.txt (line 1))\n  Downloading https://repo.huaweicloud.com/repository/pypi/packages/28/aa/1b1fe7d8ab699e1ec26d3a36b91d3df9f83a30abc07d4c881d0296b17b67/grpcio_status-1.74.0-py3-none-any.whl (14 kB)\nCollecting cachetools<6.0,>=2.0.0 (from google-auth<3.0.0,>=2.14.1->google-api-core~=2.22->google-api-core[grpc]~=2.22->-r cirq-google/requirements.txt (line 1))\n  Downloading https://repo.huaweicloud.com/repository/pypi/packages/72/76/20fa66124dbe6be5cafeb312ece67de6b61dd91a0247d1ea13db4ebb33c2/cachetools-5.5.2-py3-none-any.whl (10 kB)\nCollecting pyasn1-modules>=0.2.1 (from google-auth<3.0.0,>=2.14.1->google-api-core~=2.22->google-api-core[grpc]~=2.22->-r cirq-google/requirements.txt (line 1))\n  Downloading https://repo.huaweicloud.com/repository/pypi/packages/47/8d/d529b5d697919ba8c11ad626e835d4039be708a35b0d22de83a269a6682c/pyasn1_modules-0.4.2-py3-none-any.whl (181 kB)\nCollecting rsa<5,>=3.1.4 (from google-auth<3.0.0,>=2.14.1->google-api-core~=2.22->google-api-core[grpc]~=2.22->-r cirq-google/requirements.txt (line 1))\n  Downloading https://repo.huaweicloud.com/repository/pypi/packages/64/8d/0133e4eb4beed9e425d9a98ed6e081a55d195481b7632472be1af08d2f6b/rsa-4.9.1-py3-none-any.whl (34 kB)\nINFO: pip is looking at multiple versions of grpcio-status to determine which version is compatible with other requirements. This could take a while.\nCollecting grpcio-status<2.0.0,>=1.33.2 (from google-api-core[grpc]~=2.22->-r cirq-google/requirements.txt (line 1))\n  Downloading https://repo.huaweicloud.com/repository/pypi/packages/2e/50/ee32e6073e2c3a4457be168e2bbf84d02ad9d2c18c4a578a641480c293d4/grpcio_status-1.73.1-py3-none-any.whl (14 kB)\n  Downloading https://repo.huaweicloud.com/repository/pypi/packages/e2/95/e4b963a8730e04fae0e98cdd12212a9ffb318daf8687ea3220b78b34f8fa/grpcio_status-1.73.0-py3-none-any.whl (14 kB)\n  Downloading https://repo.huaweicloud.com/repository/pypi/packages/14/53/473ee4db326aced076c5a7b503692cab10e3d0d963ac8916fc3a1994bc8a/grpcio_status-1.72.2-py3-none-any.whl (14 kB)\n  Downloading https://repo.huaweicloud.com/repository/pypi/packages/11/62/529a3d6b00792ef464d929ffa8980a300ad3030842880d04213ef9e6e0fd/grpcio_status-1.72.1-py3-none-any.whl (14 kB)\n  Downloading https://repo.huaweicloud.com/repository/pypi/packages/74/9b/7395f8e5c815f34c34063aa1707d57e1ee515daa81447544aca04f3a10bb/grpcio_status-1.72.0-py3-none-any.whl (14 kB)\n  Downloading https://repo.huaweicloud.com/repository/pypi/packages/67/58/317b0134129b556a93a3b0afe00ee675b5657f0155509e22fcb853bafe2d/grpcio_status-1.71.2-py3-none-any.whl (14 kB)\nRequirement already satisfied: charset_normalizer<4,>=2 in /usr/local/lib/python3.10/dist-packages (from requests<3.0.0,>=2.18.0->google-api-core~=2.22->google-api-core[grpc]~=2.22->-r cirq-google/requirements.txt (line 1)) (3.4.2)\nRequirement already satisfied: idna<4,>=2.5 in /usr/local/lib/python3.10/dist-packages (from requests<3.0.0,>=2.18.0->google-api-core~=2.22->google-api-core[grpc]~=2.22->-r cirq-google/requirements.txt (line 1)) (3.10)\nRequirement already satisfied: urllib3<3,>=1.21.1 in /usr/local/lib/python3.10/dist-packages (from requests<3.0.0,>=2.18.0->google-api-core~=2.22->google-api-core[grpc]~=2.22->-r cirq-google/requirements.txt (line 1)) (2.5.0)\nRequirement already satisfied: certifi>=2017.4.17 in /usr/local/lib/python3.10/dist-packages (from requests<3.0.0,>=2.18.0->google-api-core~=2.22->google-api-core[grpc]~=2.22->-r cirq-google/requirements.txt (line 1)) (2025.8.3)\nCollecting pyasn1>=0.1.3 (from rsa<5,>=3.1.4->google-auth<3.0.0,>=2.14.1->google-api-core~=2.22->google-api-core[grpc]~=2.22->-r cirq-google/requirements.txt (line 1))\n  Downloading https://repo.huaweicloud.com/repository/pypi/packages/c8/f1/d6a797abb14f6283c0ddff96bbdd46937f64122b8c925cab503dd37f8214/pyasn1-0.6.1-py3-none-any.whl (83 kB)\nRequirement already satisfied: attrs in /usr/local/lib/python3.10/dist-packages (from typedunits->-r cirq-google/requirements.txt (line 4)) (25.3.0)\nCollecting cython>=3.0.0 (from typedunits->-r cirq-google/requirements.txt (line 4))\n  Downloading https://repo.huaweicloud.com/repository/pypi/packages/b4/eb/8c47ba21177929f9122e7aceca9fe1f9f5a037e705226f8a5a9113fb53ba/cython-3.1.2-cp310-cp310-manylinux_2_17_x86_64.manylinux2014_x86_64.whl (3.3 MB)\n     ━━━━━━━━━━━━━━━━━━━━━━━━━━━━━━━━━━━━━━━━ 3.3/3.3 MB 5.3 MB/s  0:00:00\nRequirement already satisfied: numpy>=1.23.0 in /usr/local/lib/python3.10/dist-packages (from typedunits->-r cirq-google/requirements.txt (line 4)) (2.2.6)\nRequirement already satisfied: pyparsing in /usr/local/lib/python3.10/dist-packages (from typedunits->-r cirq-google/requirements.txt (line 4)) (3.2.3)\nInstalling collected packages: pyasn1, protobuf, grpcio, cython, cachetools, typedunits, rsa, pyasn1-modules, proto-plus, googleapis-common-protos, grpcio-status, google-auth, google-api-core\n\nSuccessfully installed cachetools-5.5.2 cython-3.1.2 google-api-core-2.25.1 google-auth-2.40.3 googleapis-common-protos-1.70.0 grpcio-1.74.0 grpcio-status-1.71.2 proto-plus-1.26.1 protobuf-5.29.5 pyasn1-0.6.1 pyasn1-modules-0.4.2 rsa-4.9.1 typedunits-0.0.1.dev20250728235222\n",
    "stderr": "WARNING: Running pip as the 'root' user can result in broken permissions and conflicting behaviour with the system package manager, possibly rendering your system unusable. It is recommended to use a virtual environment instead: https://pip.pypa.io/warnings/venv. Use the --root-user-action option if you know what you are doing and want to suppress this warning.\n",
    "execution_time": 11.402697324752808
  },
  {
    "command": "pip install -e cirq-google",
    "success": false,
    "stdout": "Looking in indexes: https://repo.huaweicloud.com/repository/pypi/simple/\nObtaining file:///app/repo_to_process/cirq-google\n  Preparing metadata (setup.py): started\n  Preparing metadata (setup.py): finished with status 'error'\n",
    "stderr": "  error: subprocess-exited-with-error\n  \n  × python setup.py egg_info did not run successfully.\n  │ exit code: 1\n  ╰─> [19 lines of output]\n      Traceback (most recent call last):\n        File \"<string>\", line 2, in <module>\n        File \"<pip-setuptools-caller>\", line 35, in <module>\n        File \"/app/repo_to_process/cirq-google/setup.py\", line 20, in <module>\n          __version__ = runpy.run_path('cirq_google/_version.py')['__version__']\n        File \"/usr/lib/python3.10/runpy.py\", line 289, in run_path\n          return _run_module_code(code, init_globals, run_name,\n        File \"/usr/lib/python3.10/runpy.py\", line 96, in _run_module_code\n          _run_code(code, mod_globals, init_globals,\n        File \"/usr/lib/python3.10/runpy.py\", line 86, in _run_code\n          exec(code, run_globals)\n        File \"cirq_google/_version.py\", line 21, in <module>\n          raise SystemError(\n      SystemError: You installed the latest version of Cirq but aren't on Python 3.11+.\n      To fix this error, you need to either:\n      \n      A) Update to Python 3.11 or later.\n      - OR -\n      B) Explicitly install an older deprecated-but-compatible version of Cirq (e.g. \"python -m pip install cirq==1.5.0\")\n      [end of output]\n  \n  note: This error originates from a subprocess, and is likely not a problem with pip.\nerror: metadata-generation-failed\n\n× Encountered error while generating package metadata.\n╰─> See above for output.\n\nnote: This is an issue with the package mentioned above, not pip.\nhint: See above for details.\n",
    "execution_time": 0.5050859451293945
  },
  {
    "command": "pip install -r cirq-aqt/requirements.txt",
    "success": true,
    "stdout": "Looking in indexes: https://repo.huaweicloud.com/repository/pypi/simple/\nRequirement already satisfied: requests~=2.32 in /usr/local/lib/python3.10/dist-packages (from -r cirq-aqt/requirements.txt (line 1)) (2.32.4)\nRequirement already satisfied: charset_normalizer<4,>=2 in /usr/local/lib/python3.10/dist-packages (from requests~=2.32->-r cirq-aqt/requirements.txt (line 1)) (3.4.2)\nRequirement already satisfied: idna<4,>=2.5 in /usr/local/lib/python3.10/dist-packages (from requests~=2.32->-r cirq-aqt/requirements.txt (line 1)) (3.10)\nRequirement already satisfied: urllib3<3,>=1.21.1 in /usr/local/lib/python3.10/dist-packages (from requests~=2.32->-r cirq-aqt/requirements.txt (line 1)) (2.5.0)\nRequirement already satisfied: certifi>=2017.4.17 in /usr/local/lib/python3.10/dist-packages (from requests~=2.32->-r cirq-aqt/requirements.txt (line 1)) (2025.8.3)\n",
    "stderr": "WARNING: Running pip as the 'root' user can result in broken permissions and conflicting behaviour with the system package manager, possibly rendering your system unusable. It is recommended to use a virtual environment instead: https://pip.pypa.io/warnings/venv. Use the --root-user-action option if you know what you are doing and want to suppress this warning.\n",
    "execution_time": 0.5225057601928711
  },
  {
    "command": "pip install -e cirq-aqt",
    "success": false,
    "stdout": "Looking in indexes: https://repo.huaweicloud.com/repository/pypi/simple/\nObtaining file:///app/repo_to_process/cirq-aqt\n  Preparing metadata (setup.py): started\n  Preparing metadata (setup.py): finished with status 'done'\nINFO: pip is looking at multiple versions of cirq-aqt to determine which version is compatible with other requirements. This could take a while.\n",
    "stderr": "ERROR: Package 'cirq-aqt' requires a different Python: 3.10.12 not in '>=3.11.0'\n",
    "execution_time": 0.5109801292419434
  },
  {
    "command": "pip install -r cirq-ionq/requirements.txt",
    "success": true,
    "stdout": "Looking in indexes: https://repo.huaweicloud.com/repository/pypi/simple/\nRequirement already satisfied: requests~=2.32 in /usr/local/lib/python3.10/dist-packages (from -r cirq-ionq/requirements.txt (line 1)) (2.32.4)\nRequirement already satisfied: charset_normalizer<4,>=2 in /usr/local/lib/python3.10/dist-packages (from requests~=2.32->-r cirq-ionq/requirements.txt (line 1)) (3.4.2)\nRequirement already satisfied: idna<4,>=2.5 in /usr/local/lib/python3.10/dist-packages (from requests~=2.32->-r cirq-ionq/requirements.txt (line 1)) (3.10)\nRequirement already satisfied: urllib3<3,>=1.21.1 in /usr/local/lib/python3.10/dist-packages (from requests~=2.32->-r cirq-ionq/requirements.txt (line 1)) (2.5.0)\nRequirement already satisfied: certifi>=2017.4.17 in /usr/local/lib/python3.10/dist-packages (from requests~=2.32->-r cirq-ionq/requirements.txt (line 1)) (2025.8.3)\n",
    "stderr": "WARNING: Running pip as the 'root' user can result in broken permissions and conflicting behaviour with the system package manager, possibly rendering your system unusable. It is recommended to use a virtual environment instead: https://pip.pypa.io/warnings/venv. Use the --root-user-action option if you know what you are doing and want to suppress this warning.\n",
    "execution_time": 0.5288722515106201
  },
  {
    "command": "pip install -e cirq-ionq",
    "success": false,
    "stdout": "Looking in indexes: https://repo.huaweicloud.com/repository/pypi/simple/\nObtaining file:///app/repo_to_process/cirq-ionq\n  Preparing metadata (setup.py): started\n  Preparing metadata (setup.py): finished with status 'done'\nINFO: pip is looking at multiple versions of cirq-ionq to determine which version is compatible with other requirements. This could take a while.\n",
    "stderr": "ERROR: Package 'cirq-ionq' requires a different Python: 3.10.12 not in '>=3.11.0'\n",
    "execution_time": 0.5334205627441406
  },
  {
    "command": "pip install -r cirq-pasqal/requirements.txt",
    "success": true,
    "stdout": "Looking in indexes: https://repo.huaweicloud.com/repository/pypi/simple/\nRequirement already satisfied: requests~=2.32 in /usr/local/lib/python3.10/dist-packages (from -r cirq-pasqal/requirements.txt (line 1)) (2.32.4)\nRequirement already satisfied: charset_normalizer<4,>=2 in /usr/local/lib/python3.10/dist-packages (from requests~=2.32->-r cirq-pasqal/requirements.txt (line 1)) (3.4.2)\nRequirement already satisfied: idna<4,>=2.5 in /usr/local/lib/python3.10/dist-packages (from requests~=2.32->-r cirq-pasqal/requirements.txt (line 1)) (3.10)\nRequirement already satisfied: urllib3<3,>=1.21.1 in /usr/local/lib/python3.10/dist-packages (from requests~=2.32->-r cirq-pasqal/requirements.txt (line 1)) (2.5.0)\nRequirement already satisfied: certifi>=2017.4.17 in /usr/local/lib/python3.10/dist-packages (from requests~=2.32->-r cirq-pasqal/requirements.txt (line 1)) (2025.8.3)\n",
    "stderr": "WARNING: Running pip as the 'root' user can result in broken permissions and conflicting behaviour with the system package manager, possibly rendering your system unusable. It is recommended to use a virtual environment instead: https://pip.pypa.io/warnings/venv. Use the --root-user-action option if you know what you are doing and want to suppress this warning.\n",
    "execution_time": 0.5228939056396484
  },
  {
    "command": "pip install -e cirq-pasqal",
    "success": false,
    "stdout": "Looking in indexes: https://repo.huaweicloud.com/repository/pypi/simple/\nObtaining file:///app/repo_to_process/cirq-pasqal\n  Preparing metadata (setup.py): started\n  Preparing metadata (setup.py): finished with status 'done'\nINFO: pip is looking at multiple versions of cirq-pasqal to determine which version is compatible with other requirements. This could take a while.\n",
    "stderr": "ERROR: Package 'cirq-pasqal' requires a different Python: 3.10.12 not in '>=3.11.0'\n",
    "execution_time": 0.5135838985443115
  },
  {
    "command": "pip install -r cirq-web/requirements.txt",
    "success": true,
    "stdout": "Looking in indexes: https://repo.huaweicloud.com/repository/pypi/simple/\n",
    "stderr": "WARNING: Running pip as the 'root' user can result in broken permissions and conflicting behaviour with the system package manager, possibly rendering your system unusable. It is recommended to use a virtual environment instead: https://pip.pypa.io/warnings/venv. Use the --root-user-action option if you know what you are doing and want to suppress this warning.\n",
    "execution_time": 0.520578145980835
  },
  {
    "command": "pip install -e cirq-web",
    "success": false,
    "stdout": "Looking in indexes: https://repo.huaweicloud.com/repository/pypi/simple/\nObtaining file:///app/repo_to_process/cirq-web\n  Preparing metadata (setup.py): started\n  Preparing metadata (setup.py): finished with status 'done'\nINFO: pip is looking at multiple versions of cirq-web to determine which version is compatible with other requirements. This could take a while.\n",
    "stderr": "ERROR: Package 'cirq-web' requires a different Python: 3.10.12 not in '>=3.11.0'\n",
    "execution_time": 0.5227832794189453
  },
  {
    "command": "pip install -r dev_tools/requirements/deps/pytest.txt",
    "success": true,
    "stdout": "Looking in indexes: https://repo.huaweicloud.com/repository/pypi/simple/\nRequirement already satisfied: pytest in /usr/local/lib/python3.10/dist-packages (from -r dev_tools/requirements/deps/pytest.txt (line 3)) (8.4.1)\nCollecting pytest-asyncio (from -r dev_tools/requirements/deps/pytest.txt (line 4))\n  Downloading https://repo.huaweicloud.com/repository/pypi/packages/c7/9d/bf86eddabf8c6c9cb1ea9a869d6873b46f105a5d292d3a6f7071f5b07935/pytest_asyncio-1.1.0-py3-none-any.whl (15 kB)\nCollecting pytest-cov (from -r dev_tools/requirements/deps/pytest.txt (line 5))\n  Downloading https://repo.huaweicloud.com/repository/pypi/packages/bc/16/4ea354101abb1287856baa4af2732be351c7bee728065aed451b678153fd/pytest_cov-6.2.1-py3-none-any.whl (24 kB)\nCollecting pytest-randomly (from -r dev_tools/requirements/deps/pytest.txt (line 6))\n  Downloading https://repo.huaweicloud.com/repository/pypi/packages/22/70/b31577d7c46d8e2f9baccfed5067dd8475262a2331ffb0bfdf19361c9bde/pytest_randomly-3.16.0-py3-none-any.whl (8.4 kB)\nCollecting coverage~=7.4 (from -r dev_tools/requirements/deps/pytest.txt (line 7))\n  Downloading https://repo.huaweicloud.com/repository/pypi/packages/b9/8e/5a8835fb0122a2e2a108bf3527931693c4625fdc4d953950a480b9625852/coverage-7.10.2-cp310-cp310-manylinux1_x86_64.manylinux_2_28_x86_64.manylinux_2_5_x86_64.whl (243 kB)\nCollecting pytest-xdist (from -r dev_tools/requirements/deps/pytest.txt (line 10))\n  Downloading https://repo.huaweicloud.com/repository/pypi/packages/ca/31/d4e37e9e550c2b92a9cbc2e4d0b7420a27224968580b5a447f420847c975/pytest_xdist-3.8.0-py3-none-any.whl (46 kB)\nCollecting filelock~=3.1 (from -r dev_tools/requirements/deps/pytest.txt (line 11))\n  Downloading https://repo.huaweicloud.com/repository/pypi/packages/4d/36/2a115987e2d8c300a974597416d9de88f2444426de9571f4b59b2cca3acc/filelock-3.18.0-py3-none-any.whl (16 kB)\nCollecting freezegun (from -r dev_tools/requirements/deps/pytest.txt (line 14))\n  Downloading https://repo.huaweicloud.com/repository/pypi/packages/5e/2e/b41d8a1a917d6581fc27a35d05561037b048e47df50f27f8ac9c7e27a710/freezegun-1.5.5-py3-none-any.whl (19 kB)\nCollecting importlib-metadata (from -r dev_tools/requirements/deps/pytest.txt (line 17))\n  Downloading https://repo.huaweicloud.com/repository/pypi/packages/20/b0/36bd937216ec521246249be3bf9855081de4c5e06a0c9b4219dbeda50373/importlib_metadata-8.7.0-py3-none-any.whl (27 kB)\nCollecting codeowners (from -r dev_tools/requirements/deps/pytest.txt (line 20))\n  Downloading https://repo.huaweicloud.com/repository/pypi/packages/75/e5/ae08304853f5c6184292e9c679458623c937a2e33d98730ce30fa8f4a8b5/codeowners-0.8.0-py3-none-any.whl (8.8 kB)\nCollecting virtualenv~=20.23 (from -r dev_tools/requirements/deps/pytest.txt (line 23))\n  Downloading https://repo.huaweicloud.com/repository/pypi/packages/ca/ff/ded57ac5ff40a09e6e198550bab075d780941e0b0f83cbeabd087c59383a/virtualenv-20.33.1-py3-none-any.whl (6.1 MB)\n     ━━━━━━━━━━━━━━━━━━━━━━━━━━━━━━━━━━━━━━━━ 6.1/6.1 MB 7.7 MB/s  0:00:00\nCollecting virtualenv-clone (from -r dev_tools/requirements/deps/pytest.txt (line 24))\n  Downloading https://repo.huaweicloud.com/repository/pypi/packages/21/ac/e07058dc5a6c1b97f751d24f20d4b0ec14d735d77f4a1f78c471d6d13a43/virtualenv_clone-0.5.7-py3-none-any.whl (6.6 kB)\nCollecting distlib<1,>=0.3.7 (from virtualenv~=20.23->-r dev_tools/requirements/deps/pytest.txt (line 23))\n  Downloading https://repo.huaweicloud.com/repository/pypi/packages/33/6b/e0547afaf41bf2c42e52430072fa5658766e3d65bd4b03a563d1b6336f57/distlib-0.4.0-py2.py3-none-any.whl (469 kB)\nCollecting platformdirs<5,>=3.9.1 (from virtualenv~=20.23->-r dev_tools/requirements/deps/pytest.txt (line 23))\n  Downloading https://repo.huaweicloud.com/repository/pypi/packages/fe/39/979e8e21520d4e47a0bbe349e2713c0aac6f3d853d0e5b34d76206c439aa/platformdirs-4.3.8-py3-none-any.whl (18 kB)\nRequirement already satisfied: exceptiongroup>=1 in /usr/local/lib/python3.10/dist-packages (from pytest->-r dev_tools/requirements/deps/pytest.txt (line 3)) (1.3.0)\nRequirement already satisfied: iniconfig>=1 in /usr/local/lib/python3.10/dist-packages (from pytest->-r dev_tools/requirements/deps/pytest.txt (line 3)) (2.1.0)\nRequirement already satisfied: packaging>=20 in /usr/local/lib/python3.10/dist-packages (from pytest->-r dev_tools/requirements/deps/pytest.txt (line 3)) (25.0)\nRequirement already satisfied: pluggy<2,>=1.5 in /usr/local/lib/python3.10/dist-packages (from pytest->-r dev_tools/requirements/deps/pytest.txt (line 3)) (1.6.0)\nRequirement already satisfied: pygments>=2.7.2 in /usr/local/lib/python3.10/dist-packages (from pytest->-r dev_tools/requirements/deps/pytest.txt (line 3)) (2.19.2)\nRequirement already satisfied: tomli>=1 in /usr/local/lib/python3.10/dist-packages (from pytest->-r dev_tools/requirements/deps/pytest.txt (line 3)) (2.2.1)\nCollecting backports-asyncio-runner<2,>=1.1 (from pytest-asyncio->-r dev_tools/requirements/deps/pytest.txt (line 4))\n  Downloading https://repo.huaweicloud.com/repository/pypi/packages/a0/59/76ab57e3fe74484f48a53f8e337171b4a2349e506eabe136d7e01d059086/backports_asyncio_runner-1.2.0-py3-none-any.whl (12 kB)\nCollecting execnet>=2.1 (from pytest-xdist->-r dev_tools/requirements/deps/pytest.txt (line 10))\n  Downloading https://repo.huaweicloud.com/repository/pypi/packages/43/09/2aea36ff60d16dd8879bdb2f5b3ee0ba8d08cbbdcdfe870e695ce3784385/execnet-2.1.1-py3-none-any.whl (40 kB)\nRequirement already satisfied: python-dateutil>=2.7 in /usr/local/lib/python3.10/dist-packages (from freezegun->-r dev_tools/requirements/deps/pytest.txt (line 14)) (2.9.0.post0)\nCollecting zipp>=3.20 (from importlib-metadata->-r dev_tools/requirements/deps/pytest.txt (line 17))\n  Downloading https://repo.huaweicloud.com/repository/pypi/packages/2e/54/647ade08bf0db230bfea292f893923872fd20be6ac6f53b2b936ba839d75/zipp-3.23.0-py3-none-any.whl (10 kB)\nRequirement already satisfied: typing_extensions>=3.7 in /usr/local/lib/python3.10/dist-packages (from codeowners->-r dev_tools/requirements/deps/pytest.txt (line 20)) (4.14.1)\nRequirement already satisfied: six>=1.5 in /usr/local/lib/python3.10/dist-packages (from python-dateutil>=2.7->freezegun->-r dev_tools/requirements/deps/pytest.txt (line 14)) (1.17.0)\nInstalling collected packages: distlib, zipp, virtualenv-clone, platformdirs, filelock, execnet, coverage, codeowners, backports-asyncio-runner, virtualenv, importlib-metadata, freezegun, pytest-xdist, pytest-randomly, pytest-cov, pytest-asyncio\n\nSuccessfully installed backports-asyncio-runner-1.2.0 codeowners-0.8.0 coverage-7.10.2 distlib-0.4.0 execnet-2.1.1 filelock-3.18.0 freezegun-1.5.5 importlib-metadata-8.7.0 platformdirs-4.3.8 pytest-asyncio-1.1.0 pytest-cov-6.2.1 pytest-randomly-3.16.0 pytest-xdist-3.8.0 virtualenv-20.33.1 virtualenv-clone-0.5.7 zipp-3.23.0\n",
    "stderr": "WARNING: Running pip as the 'root' user can result in broken permissions and conflicting behaviour with the system package manager, possibly rendering your system unusable. It is recommended to use a virtual environment instead: https://pip.pypa.io/warnings/venv. Use the --root-user-action option if you know what you are doing and want to suppress this warning.\n",
    "execution_time": 14.206687927246094
  },
  {
    "command": "pytest",
    "success": false,
    "stdout": "============================= test session starts ==============================\nplatform linux -- Python 3.10.12, pytest-8.4.1, pluggy-1.6.0\nUsing --randomly-seed=2944169075\nrootdir: /app/repo_to_process\nconfigfile: pyproject.toml\nplugins: asyncio-1.1.0, xdist-3.8.0, cov-6.2.1, randomly-3.16.0\nasyncio: mode=strict, asyncio_default_fixture_loop_scope=function, asyncio_default_test_loop_scope=function\ncollected 243 items / 16 errors\n\n==================================== ERRORS ====================================\n______________________ ERROR collecting cirq-aqt/cirq_aqt ______________________\n/usr/lib/python3.10/importlib/__init__.py:126: in import_module\n    return _bootstrap._gcd_import(name[level:], package, level)\n<frozen importlib._bootstrap>:1050: in _gcd_import\n    ???\n<frozen importlib._bootstrap>:1027: in _find_and_load\n    ???\n<frozen importlib._bootstrap>:992: in _find_and_load_unlocked\n    ???\n<frozen importlib._bootstrap>:241: in _call_with_frames_removed\n    ???\n<frozen importlib._bootstrap>:1050: in _gcd_import\n    ???\n<frozen importlib._bootstrap>:1027: in _find_and_load\n    ???\n<frozen importlib._bootstrap>:1006: in _find_and_load_unlocked\n    ???\n<frozen importlib._bootstrap>:688: in _load_unlocked\n    ???\n<frozen importlib._bootstrap_external>:883: in exec_module\n    ???\n<frozen importlib._bootstrap>:241: in _call_with_frames_removed\n    ???\ncirq-aqt/cirq_aqt/__init__.py:18: in <module>\n    from cirq_aqt.aqt_sampler import (\ncirq-aqt/cirq_aqt/aqt_sampler.py:36: in <module>\n    import cirq\nE   ModuleNotFoundError: No module named 'cirq'\n_______________________ ERROR collecting cirq-core/cirq ________________________\n/usr/lib/python3.10/importlib/__init__.py:126: in import_module\n    return _bootstrap._gcd_import(name[level:], package, level)\n<frozen importlib._bootstrap>:1050: in _gcd_import\n    ???\n<frozen importlib._bootstrap>:1027: in _find_and_load\n    ???\n<frozen importlib._bootstrap>:992: in _find_and_load_unlocked\n    ???\n<frozen importlib._bootstrap>:241: in _call_with_frames_removed\n    ???\n<frozen importlib._bootstrap>:1050: in _gcd_import\n    ???\n<frozen importlib._bootstrap>:1027: in _find_and_load\n    ???\n<frozen importlib._bootstrap>:1006: in _find_and_load_unlocked\n    ???\n<frozen importlib._bootstrap>:688: in _load_unlocked\n    ???\n<frozen importlib._bootstrap_external>:883: in exec_module\n    ???\n<frozen importlib._bootstrap>:241: in _call_with_frames_removed\n    ???\ncirq-core/cirq/__init__.py:27: in <module>\n    from cirq import (\ncirq-core/cirq/_version.py:21: in <module>\n    raise SystemError(\nE   SystemError: You installed the latest version of Cirq but aren't on Python 3.11+.\nE   To fix this error, you need to either:\nE   \nE   A) Update to Python 3.11 or later.\nE   - OR -\nE   B) Explicitly install an older deprecated-but-compatible version of Cirq (e.g. \"python -m pip install cirq==1.5.0\")\n___________________ ERROR collecting cirq-google/cirq_google ___________________\n/usr/lib/python3.10/importlib/__init__.py:126: in import_module\n    return _bootstrap._gcd_import(name[level:], package, level)\n<frozen importlib._bootstrap>:1050: in _gcd_import\n    ???\n<frozen importlib._bootstrap>:1027: in _find_and_load\n    ???\n<frozen importlib._bootstrap>:992: in _find_and_load_unlocked\n    ???\n<frozen importlib._bootstrap>:241: in _call_with_frames_removed\n    ???\n<frozen importlib._bootstrap>:1050: in _gcd_import\n    ???\n<frozen importlib._bootstrap>:1027: in _find_and_load\n    ???\n<frozen importlib._bootstrap>:1006: in _find_and_load_unlocked\n    ???\n<frozen importlib._bootstrap>:688: in _load_unlocked\n    ???\n<frozen importlib._bootstrap_external>:883: in exec_module\n    ???\n<frozen importlib._bootstrap>:241: in _call_with_frames_removed\n    ???\ncirq-google/cirq_google/__init__.py:17: in <module>\n    from cirq_google import api  # noqa: F401\ncirq-google/cirq_google/api/__init__.py:16: in <module>\n    from cirq_google.api import v2  # noqa: F401\ncirq-google/cirq_google/api/v2/__init__.py:24: in <module>\n    from cirq_google.api.v2.program import (\ncirq-google/cirq_google/api/v2/program.py:19: in <module>\n    import cirq\ncirq-core/cirq/__init__.py:27: in <module>\n    from cirq import (\ncirq-core/cirq/_version.py:21: in <module>\n    raise SystemError(\nE   SystemError: You installed the latest version of Cirq but aren't on Python 3.11+.\nE   To fix this error, you need to either:\nE   \nE   A) Update to Python 3.11 or later.\nE   - OR -\nE   B) Explicitly install an older deprecated-but-compatible version of Cirq (e.g. \"python -m pip install cirq==1.5.0\")\n_____________________ ERROR collecting cirq-ionq/cirq_ionq _____________________\n/usr/lib/python3.10/importlib/__init__.py:126: in import_module\n    return _bootstrap._gcd_import(name[level:], package, level)\n<frozen importlib._bootstrap>:1050: in _gcd_import\n    ???\n<frozen importlib._bootstrap>:1027: in _find_and_load\n    ???\n<frozen importlib._bootstrap>:992: in _find_and_load_unlocked\n    ???\n<frozen importlib._bootstrap>:241: in _call_with_frames_removed\n    ???\n<frozen importlib._bootstrap>:1050: in _gcd_import\n    ???\n<frozen importlib._bootstrap>:1027: in _find_and_load\n    ???\n<frozen importlib._bootstrap>:1006: in _find_and_load_unlocked\n    ???\n<frozen importlib._bootstrap>:688: in _load_unlocked\n    ???\n<frozen importlib._bootstrap_external>:883: in exec_module\n    ???\n<frozen importlib._bootstrap>:241: in _call_with_frames_removed\n    ???\ncirq-ionq/cirq_ionq/__init__.py:17: in <module>\n    from cirq_ionq.calibration import Calibration as Calibration\ncirq-ionq/cirq_ionq/calibration.py:19: in <module>\n    import cirq\ncirq-core/cirq/__init__.py:27: in <module>\n    from cirq import (\ncirq-core/cirq/_version.py:21: in <module>\n    raise SystemError(\nE   SystemError: You installed the latest version of Cirq but aren't on Python 3.11+.\nE   To fix this error, you need to either:\nE   \nE   A) Update to Python 3.11 or later.\nE   - OR -\nE   B) Explicitly install an older deprecated-but-compatible version of Cirq (e.g. \"python -m pip install cirq==1.5.0\")\n___________________ ERROR collecting cirq-pasqal/cirq_pasqal ___________________\n/usr/lib/python3.10/importlib/__init__.py:126: in import_module\n    return _bootstrap._gcd_import(name[level:], package, level)\n<frozen importlib._bootstrap>:1050: in _gcd_import\n    ???\n<frozen importlib._bootstrap>:1027: in _find_and_load\n    ???\n<frozen importlib._bootstrap>:992: in _find_and_load_unlocked\n    ???\n<frozen importlib._bootstrap>:241: in _call_with_frames_removed\n    ???\n<frozen importlib._bootstrap>:1050: in _gcd_import\n    ???\n<frozen importlib._bootstrap>:1027: in _find_and_load\n    ???\n<frozen importlib._bootstrap>:1006: in _find_and_load_unlocked\n    ???\n<frozen importlib._bootstrap>:688: in _load_unlocked\n    ???\n<frozen importlib._bootstrap_external>:883: in exec_module\n    ???\n<frozen importlib._bootstrap>:241: in _call_with_frames_removed\n    ???\ncirq-pasqal/cirq_pasqal/__init__.py:19: in <module>\n    from cirq_pasqal.pasqal_qubits import ThreeDQubit as ThreeDQubit, TwoDQubit as TwoDQubit\ncirq-pasqal/cirq_pasqal/pasqal_qubits.py:20: in <module>\n    import cirq\ncirq-core/cirq/__init__.py:27: in <module>\n    from cirq import (\ncirq-core/cirq/_version.py:21: in <module>\n    raise SystemError(\nE   SystemError: You installed the latest version of Cirq but aren't on Python 3.11+.\nE   To fix this error, you need to either:\nE   \nE   A) Update to Python 3.11 or later.\nE   - OR -\nE   B) Explicitly install an older deprecated-but-compatible version of Cirq (e.g. \"python -m pip install cirq==1.5.0\")\n______________________ ERROR collecting cirq-web/cirq_web ______________________\n/usr/lib/python3.10/importlib/__init__.py:126: in import_module\n    return _bootstrap._gcd_import(name[level:], package, level)\n<frozen importlib._bootstrap>:1050: in _gcd_import\n    ???\n<frozen importlib._bootstrap>:1027: in _find_and_load\n    ???\n<frozen importlib._bootstrap>:992: in _find_and_load_unlocked\n    ???\n<frozen importlib._bootstrap>:241: in _call_with_frames_removed\n    ???\n<frozen importlib._bootstrap>:1050: in _gcd_import\n    ???\n<frozen importlib._bootstrap>:1027: in _find_and_load\n    ???\n<frozen importlib._bootstrap>:1006: in _find_and_load_unlocked\n    ???\n<frozen importlib._bootstrap>:688: in _load_unlocked\n    ???\n<frozen importlib._bootstrap_external>:883: in exec_module\n    ???\n<frozen importlib._bootstrap>:241: in _call_with_frames_removed\n    ???\ncirq-web/cirq_web/__init__.py:19: in <module>\n    from cirq_web.bloch_sphere import BlochSphere as BlochSphere\ncirq-web/cirq_web/bloch_sphere/__init__.py:15: in <module>\n    from cirq_web.bloch_sphere.bloch_sphere import BlochSphere as BlochSphere\ncirq-web/cirq_web/bloch_sphere/bloch_sphere.py:17: in <module>\n    import cirq\ncirq-core/cirq/__init__.py:27: in <module>\n    from cirq import (\ncirq-core/cirq/_version.py:21: in <module>\n    raise SystemError(\nE   SystemError: You installed the latest version of Cirq but aren't on Python 3.11+.\nE   To fix this error, you need to either:\nE   \nE   A) Update to Python 3.11 or later.\nE   - OR -\nE   B) Explicitly install an older deprecated-but-compatible version of Cirq (e.g. \"python -m pip install cirq==1.5.0\")\n________ ERROR collecting dev_tools/packaging/isolated_packages_test.py ________\ndev_tools/packaging/isolated_packages_test.py:36: in <module>\n    @pytest.mark.parametrize('module', list_modules(), ids=[m.name for m in list_modules()])\ndev_tools/modules.py:114: in list_modules\n    result = [\ndev_tools/modules.py:115: in <listcomp>\n    Module(root=folder, raw_setup=_parse_module(search_dir / folder))\ndev_tools/modules.py:205: in _parse_module\n    exec(setup_py, globals(), {})\n<string>:20: in <module>\n    ???\n/usr/lib/python3.10/runpy.py:289: in run_path\n    return _run_module_code(code, init_globals, run_name,\n/usr/lib/python3.10/runpy.py:96: in _run_module_code\n    _run_code(code, mod_globals, init_globals,\n/usr/lib/python3.10/runpy.py:86: in _run_code\n    exec(code, run_globals)\ncirq/_version.py:21: in <module>\n    ???\nE   SystemError: You installed the latest version of Cirq but aren't on Python 3.11+.\nE   To fix this error, you need to either:\nE   \nE   A) Update to Python 3.11 or later.\nE   - OR -\nE   B) Explicitly install an older deprecated-but-compatible version of Cirq (e.g. \"python -m pip install cirq==1.5.0\")\n------------------------------- Captured stdout --------------------------------\nFailed to run cirq-core/setup.py:\n______ ERROR collecting dev_tools/profiling/benchmark_serializers_test.py ______\ndev_tools/profiling/benchmark_serializers_test.py:19: in <module>\n    from dev_tools.profiling import benchmark_serializers\ndev_tools/profiling/benchmark_serializers.py:41: in <module>\n    import cirq\ncirq-core/cirq/__init__.py:27: in <module>\n    from cirq import (\ncirq-core/cirq/_version.py:21: in <module>\n    raise SystemError(\nE   SystemError: You installed the latest version of Cirq but aren't on Python 3.11+.\nE   To fix this error, you need to either:\nE   \nE   A) Update to Python 3.11 or later.\nE   - OR -\nE   B) Explicitly install an older deprecated-but-compatible version of Cirq (e.g. \"python -m pip install cirq==1.5.0\")\n______ ERROR collecting dev_tools/profiling/benchmark_simulators_test.py _______\ndev_tools/profiling/benchmark_simulators_test.py:19: in <module>\n    from dev_tools.profiling import benchmark_simulators\ndev_tools/profiling/benchmark_simulators.py:25: in <module>\n    import cirq\ncirq-core/cirq/__init__.py:27: in <module>\n    from cirq import (\ncirq-core/cirq/_version.py:21: in <module>\n    raise SystemError(\nE   SystemError: You installed the latest version of Cirq but aren't on Python 3.11+.\nE   To fix this error, you need to either:\nE   \nE   A) Update to Python 3.11 or later.\nE   - OR -\nE   B) Explicitly install an older deprecated-but-compatible version of Cirq (e.g. \"python -m pip install cirq==1.5.0\")\n_________ ERROR collecting dev_tools/pylint_copyright_checker_test.py __________\nImportError while importing test module '/app/repo_to_process/dev_tools/pylint_copyright_checker_test.py'.\nHint: make sure your test modules/packages have valid Python names.\nTraceback:\n/usr/lib/python3.10/importlib/__init__.py:126: in import_module\n    return _bootstrap._gcd_import(name[level:], package, level)\ndev_tools/pylint_copyright_checker_test.py:18: in <module>\n    from astroid import parse\nE   ModuleNotFoundError: No module named 'astroid'\n_________________ ERROR collecting dev_tools/snippets_test.py __________________\ndev_tools/snippets_test.py:61: in <module>\n    import cirq\ncirq-core/cirq/__init__.py:27: in <module>\n    from cirq import (\ncirq-core/cirq/_version.py:21: in <module>\n    raise SystemError(\nE   SystemError: You installed the latest version of Cirq but aren't on Python 3.11+.\nE   To fix this error, you need to either:\nE   \nE   A) Update to Python 3.11 or later.\nE   - OR -\nE   B) Explicitly install an older deprecated-but-compatible version of Cirq (e.g. \"python -m pip install cirq==1.5.0\")\n__________ ERROR collecting examples/advanced/quantum_volume_test.py ___________\nexamples/advanced/quantum_volume_test.py:8: in <module>\n    from examples.advanced import quantum_volume\nexamples/advanced/quantum_volume.py:26: in <module>\n    import cirq\ncirq-core/cirq/__init__.py:27: in <module>\n    from cirq import (\ncirq-core/cirq/_version.py:21: in <module>\n    raise SystemError(\nE   SystemError: You installed the latest version of Cirq but aren't on Python 3.11+.\nE   To fix this error, you need to either:\nE   \nE   A) Update to Python 3.11 or later.\nE   - OR -\nE   B) Explicitly install an older deprecated-but-compatible version of Cirq (e.g. \"python -m pip install cirq==1.5.0\")\n_________ ERROR collecting examples/direct_fidelity_estimation_test.py _________\nexamples/direct_fidelity_estimation_test.py:8: in <module>\n    import cirq\ncirq-core/cirq/__init__.py:27: in <module>\n    from cirq import (\ncirq-core/cirq/_version.py:21: in <module>\n    raise SystemError(\nE   SystemError: You installed the latest version of Cirq but aren't on Python 3.11+.\nE   To fix this error, you need to either:\nE   \nE   A) Update to Python 3.11 or later.\nE   - OR -\nE   B) Explicitly install an older deprecated-but-compatible version of Cirq (e.g. \"python -m pip install cirq==1.5.0\")\n__________________ ERROR collecting examples/examples_test.py __________________\nexamples/examples_test.py:12: in <module>\n    import cirq\ncirq-core/cirq/__init__.py:27: in <module>\n    from cirq import (\ncirq-core/cirq/_version.py:21: in <module>\n    raise SystemError(\nE   SystemError: You installed the latest version of Cirq but aren't on Python 3.11+.\nE   To fix this error, you need to either:\nE   \nE   A) Update to Python 3.11 or later.\nE   - OR -\nE   B) Explicitly install an older deprecated-but-compatible version of Cirq (e.g. \"python -m pip install cirq==1.5.0\")\n________________ ERROR collecting examples/magic_square_test.py ________________\nexamples/magic_square_test.py:19: in <module>\n    import cirq\ncirq-core/cirq/__init__.py:27: in <module>\n    from cirq import (\ncirq-core/cirq/_version.py:21: in <module>\n    raise SystemError(\nE   SystemError: You installed the latest version of Cirq but aren't on Python 3.11+.\nE   To fix this error, you need to either:\nE   \nE   A) Update to Python 3.11 or later.\nE   - OR -\nE   B) Explicitly install an older deprecated-but-compatible version of Cirq (e.g. \"python -m pip install cirq==1.5.0\")\n______________ ERROR collecting examples/stabilizer_code_test.py _______________\nexamples/stabilizer_code_test.py:10: in <module>\n    import cirq\ncirq-core/cirq/__init__.py:27: in <module>\n    from cirq import (\ncirq-core/cirq/_version.py:21: in <module>\n    raise SystemError(\nE   SystemError: You installed the latest version of Cirq but aren't on Python 3.11+.\nE   To fix this error, you need to either:\nE   \nE   A) Update to Python 3.11 or later.\nE   - OR -\nE   B) Explicitly install an older deprecated-but-compatible version of Cirq (e.g. \"python -m pip install cirq==1.5.0\")\n=========================== short test summary info ============================\nERROR cirq-aqt/cirq_aqt - ModuleNotFoundError: No module named 'cirq'\nERROR cirq-core/cirq - SystemError: You installed the latest version of Cirq ...\nERROR cirq-google/cirq_google - SystemError: You installed the latest version...\nERROR cirq-ionq/cirq_ionq - SystemError: You installed the latest version of ...\nERROR cirq-pasqal/cirq_pasqal - SystemError: You installed the latest version...\nERROR cirq-web/cirq_web - SystemError: You installed the latest version of Ci...\nERROR dev_tools/packaging/isolated_packages_test.py - SystemError: You instal...\nERROR dev_tools/profiling/benchmark_serializers_test.py - SystemError: You in...\nERROR dev_tools/profiling/benchmark_simulators_test.py - SystemError: You ins...\nERROR dev_tools/pylint_copyright_checker_test.py\nERROR dev_tools/snippets_test.py - SystemError: You installed the latest vers...\nERROR examples/advanced/quantum_volume_test.py - SystemError: You installed t...\nERROR examples/direct_fidelity_estimation_test.py - SystemError: You installe...\nERROR examples/examples_test.py - SystemError: You installed the latest versi...\nERROR examples/magic_square_test.py - SystemError: You installed the latest v...\nERROR examples/stabilizer_code_test.py - SystemError: You installed the lates...\n!!!!!!!!!!!!!!!!!!! Interrupted: 16 errors during collection !!!!!!!!!!!!!!!!!!!\n============================== 16 errors in 2.36s ==============================\n",
    "stderr": "",
    "execution_time": 3.0885634422302246
  }
]