[
  {
    "command": "pip install -r requirements.txt",
    "success": true,
    "stdout": "Looking in indexes: https://repo.huaweicloud.com/repository/pypi/simple/\nCollecting bibtexparser==1.4.3 (from -r requirements.txt (line 3))\n  Downloading https://repo.huaweicloud.com/repository/pypi/packages/92/8d/e296c7af03757debd8fc80df2898cbed4fb69fc61ed2c9b4a1d42e923a9e/bibtexparser-1.4.3.tar.gz (55 kB)\n  Preparing metadata (setup.py): started\n  Preparing metadata (setup.py): finished with status 'done'\nCollecting certifi==2024.8.30 (from -r requirements.txt (line 5))\n  Downloading https://repo.huaweicloud.com/repository/pypi/packages/12/90/3c9ff0512038035f59d279fddeb79f5f1eccd8859f06d6163c58798b9487/certifi-2024.8.30-py3-none-any.whl (167 kB)\nCollecting charset-normalizer==3.4.0 (from -r requirements.txt (line 7))\n  Downloading https://repo.huaweicloud.com/repository/pypi/packages/f8/01/344ec40cf5d85c1da3c1f57566c59e0c9b56bcc5566c08804a95a6cc8257/charset_normalizer-3.4.0-cp310-cp310-manylinux_2_17_x86_64.manylinux2014_x86_64.whl (144 kB)\nCollecting contourpy==1.3.1 (from -r requirements.txt (line 9))\n  Downloading https://repo.huaweicloud.com/repository/pypi/packages/a9/57/86c500d63b3e26e5b73a28b8291a67c5608d4aa87ebd17bd15bb33c178bc/contourpy-1.3.1-cp310-cp310-manylinux_2_17_x86_64.manylinux2014_x86_64.whl (324 kB)\nCollecting cycler==0.12.1 (from -r requirements.txt (line 11))\n  Downloading https://repo.huaweicloud.com/repository/pypi/packages/e7/05/c19819d5e3d95294a6f5947fb9b9629efb316b96de511b418c53d245aae6/cycler-0.12.1-py3-none-any.whl (8.3 kB)\nCollecting fonttools==4.55.0 (from -r requirements.txt (line 13))\n  Downloading https://repo.huaweicloud.com/repository/pypi/packages/c4/03/8136887d1b0b7a9831c7e8e2598c0e5851e31cc2231295769350349a236b/fonttools-4.55.0-cp310-cp310-manylinux_2_17_x86_64.manylinux2014_x86_64.whl (4.6 MB)\n     ━━━━━━━━━━━━━━━━━━━━━━━━━━━━━━━━━━━━━━━━ 4.6/4.6 MB 5.8 MB/s  0:00:00\nRequirement already satisfied: idna==3.10 in /usr/local/lib/python3.10/dist-packages (from -r requirements.txt (line 15)) (3.10)\nCollecting joblib==1.4.2 (from -r requirements.txt (line 17))\n  Downloading https://repo.huaweicloud.com/repository/pypi/packages/91/29/df4b9b42f2be0b623cbd5e2140cafcaa2bef0759a00b7b70104dcfe2fb51/joblib-1.4.2-py3-none-any.whl (301 kB)\nCollecting kiwisolver==1.4.7 (from -r requirements.txt (line 19))\n  Downloading https://repo.huaweicloud.com/repository/pypi/packages/55/91/0a57ce324caf2ff5403edab71c508dd8f648094b18cfbb4c8cc0fde4a6ac/kiwisolver-1.4.7-cp310-cp310-manylinux_2_12_x86_64.manylinux2010_x86_64.whl (1.6 MB)\n     ━━━━━━━━━━━━━━━━━━━━━━━━━━━━━━━━━━━━━━━━ 1.6/1.6 MB 11.1 MB/s  0:00:00\nCollecting matplotlib==3.9.2 (from -r requirements.txt (line 21))\n  Downloading https://repo.huaweicloud.com/repository/pypi/packages/8d/9d/d06860390f9d154fa884f1740a5456378fb153ff57443c91a4a32bab7092/matplotlib-3.9.2-cp310-cp310-manylinux_2_17_x86_64.manylinux2014_x86_64.whl (8.3 MB)\n     ━━━━━━━━━━━━━━━━━━━━━━━━━━━━━━━━━━━━━━━━ 8.3/8.3 MB 5.0 MB/s  0:00:01\nCollecting monty==2025.1.9 (from -r requirements.txt (line 23))\n  Downloading https://repo.huaweicloud.com/repository/pypi/packages/62/b7/a3dc997342c82fe0f19ef77dd5d693ba42b55a94956f03059d53a91f45d9/monty-2025.1.9-py3-none-any.whl (51 kB)\nCollecting mpmath==1.3.0 (from -r requirements.txt (line 25))\n  Downloading https://repo.huaweicloud.com/repository/pypi/packages/43/e3/7d92a15f894aa0c9c4b49b8ee9ac9850d6e63b03c9c32c0367a13ae62209/mpmath-1.3.0-py3-none-any.whl (536 kB)\n     ━━━━━━━━━━━━━━━━━━━━━━━━━━━━━━━━━━━━━━━━ 536.2/536.2 kB 6.3 MB/s  0:00:00\nCollecting networkx==3.4.2 (from -r requirements.txt (line 27))\n  Downloading https://repo.huaweicloud.com/repository/pypi/packages/b9/54/dd730b32ea14ea797530a4479b2ed46a6fb250f682a9cfb997e968bf0261/networkx-3.4.2-py3-none-any.whl (1.7 MB)\n     ━━━━━━━━━━━━━━━━━━━━━━━━━━━━━━━━━━━━━━━━ 1.7/1.7 MB 8.2 MB/s  0:00:00\nCollecting numpy==2.0.0 (from -r requirements.txt (line 29))\n  Downloading https://repo.huaweicloud.com/repository/pypi/packages/d6/a8/6a2419c40c7b6f7cb4ef52c532c88e55490c4fa92885964757d507adddce/numpy-2.0.0-cp310-cp310-manylinux_2_17_x86_64.manylinux2014_x86_64.whl (19.3 MB)\n     ━━━━━━━━━━━━━━━━━━━━━━━━━━━━━━━━━━━━━━━━ 19.3/19.3 MB 6.0 MB/s  0:00:03\nCollecting orjson==3.10.18 (from -r requirements.txt (line 38))\n  Downloading https://repo.huaweicloud.com/repository/pypi/packages/8b/2f/0c646d5fd689d3be94f4d83fa9435a6c4322c9b8533edbb3cd4bc8c5f69a/orjson-3.10.18-cp310-cp310-manylinux_2_17_x86_64.manylinux2014_x86_64.whl (132 kB)\nCollecting packaging==24.2 (from -r requirements.txt (line 40))\n  Downloading https://repo.huaweicloud.com/repository/pypi/packages/88/ef/eb23f262cca3c0c4eb7ab1933c3b1f03d021f2c48f54763065b6f0e321be/packaging-24.2-py3-none-any.whl (65 kB)\nCollecting palettable==3.3.3 (from -r requirements.txt (line 44))\n  Downloading https://repo.huaweicloud.com/repository/pypi/packages/cf/f7/3367feadd4ab56783b0971c9b7edfbdd68e0c70ce877949a5dd2117ed4a0/palettable-3.3.3-py2.py3-none-any.whl (332 kB)\nCollecting pandas==2.2.3 (from -r requirements.txt (line 46))\n  Downloading https://repo.huaweicloud.com/repository/pypi/packages/44/50/7db2cd5e6373ae796f0ddad3675268c8d59fb6076e66f0c339d61cea886b/pandas-2.2.3-cp310-cp310-manylinux_2_17_x86_64.manylinux2014_x86_64.whl (13.1 MB)\n     ━━━━━━━━━━━━━━━━━━━━━━━━━━━━━━━━━━━━━━━━ 13.1/13.1 MB 6.0 MB/s  0:00:02\nCollecting pillow==11.0.0 (from -r requirements.txt (line 48))\n  Downloading https://repo.huaweicloud.com/repository/pypi/packages/41/c3/94f33af0762ed76b5a237c5797e088aa57f2b7fa8ee7932d399087be66a8/pillow-11.0.0-cp310-cp310-manylinux_2_28_x86_64.whl (4.4 MB)\n     ━━━━━━━━━━━━━━━━━━━━━━━━━━━━━━━━━━━━━━━━ 4.4/4.4 MB 6.3 MB/s  0:00:00\nCollecting plotly==5.24.1 (from -r requirements.txt (line 50))\n  Downloading https://repo.huaweicloud.com/repository/pypi/packages/e5/ae/580600f441f6fc05218bd6c9d5794f4aef072a7d9093b291f1c50a9db8bc/plotly-5.24.1-py3-none-any.whl (19.1 MB)\n     ━━━━━━━━━━━━━━━━━━━━━━━━━━━━━━━━━━━━━━━━ 19.1/19.1 MB 6.0 MB/s  0:00:03\nCollecting pyparsing==3.2.0 (from -r requirements.txt (line 52))\n  Downloading https://repo.huaweicloud.com/repository/pypi/packages/be/ec/2eb3cd785efd67806c46c13a17339708ddc346cbb684eade7a6e6f79536a/pyparsing-3.2.0-py3-none-any.whl (106 kB)\nRequirement already satisfied: python-dateutil==2.9.0.post0 in /usr/local/lib/python3.10/dist-packages (from -r requirements.txt (line 56)) (2.9.0.post0)\nCollecting pytz==2024.2 (from -r requirements.txt (line 60))\n  Downloading https://repo.huaweicloud.com/repository/pypi/packages/11/c3/005fcca25ce078d2cc29fd559379817424e94885510568bc1bc53d7d5846/pytz-2024.2-py2.py3-none-any.whl (508 kB)\nRequirement already satisfied: requests==2.32.4 in /usr/local/lib/python3.10/dist-packages (from -r requirements.txt (line 62)) (2.32.4)\nCollecting ruamel-yaml==0.18.10 (from -r requirements.txt (line 64))\n  Downloading https://repo.huaweicloud.com/repository/pypi/packages/c2/36/dfc1ebc0081e6d39924a2cc53654497f967a084a436bb64402dfce4254d9/ruamel.yaml-0.18.10-py3-none-any.whl (117 kB)\nCollecting ruamel-yaml-clib==0.2.12 (from -r requirements.txt (line 68))\n  Downloading https://repo.huaweicloud.com/repository/pypi/packages/35/6d/ae05a87a3ad540259c3ad88d71275cbd1c0f2d30ae04c65dcbfb6dcd4b9f/ruamel.yaml.clib-0.2.12-cp310-cp310-manylinux_2_17_x86_64.manylinux2014_x86_64.whl (722 kB)\n     ━━━━━━━━━━━━━━━━━━━━━━━━━━━━━━━━━━━━━━━━ 722.2/722.2 kB 8.8 MB/s  0:00:00\nCollecting scipy==1.14.1 (from -r requirements.txt (line 70))\n  Downloading https://repo.huaweicloud.com/repository/pypi/packages/47/78/b0c2c23880dd1e99e938ad49ccfb011ae353758a2dc5ed7ee59baff684c3/scipy-1.14.1-cp310-cp310-manylinux_2_17_x86_64.manylinux2014_x86_64.whl (41.2 MB)\n     ━━━━━━━━━━━━━━━━━━━━━━━━━━━━━━━━━━━━━━━━ 41.2/41.2 MB 5.6 MB/s  0:00:07\nCollecting six==1.16.0 (from -r requirements.txt (line 72))\n  Downloading https://repo.huaweicloud.com/repository/pypi/packages/d9/5a/e7c31adbe875f2abbb91bd84cf2dc52d792b5a01506781dbcf25c91daf11/six-1.16.0-py2.py3-none-any.whl (11 kB)\nCollecting spglib==2.5.0 (from -r requirements.txt (line 74))\n  Downloading https://repo.huaweicloud.com/repository/pypi/packages/c7/70/68c4d51809a558784b822d7d6e2469696d3efd6039f76e6a7b1b4f7a3422/spglib-2.5.0-cp310-cp310-manylinux_2_17_x86_64.manylinux2014_x86_64.whl (1.1 MB)\n     ━━━━━━━━━━━━━━━━━━━━━━━━━━━━━━━━━━━━━━━━ 1.1/1.1 MB 6.2 MB/s  0:00:00\nCollecting sympy==1.13.1 (from -r requirements.txt (line 76))\n  Downloading https://repo.huaweicloud.com/repository/pypi/packages/b2/fe/81695a1aa331a842b582453b605175f419fe8540355886031328089d840a/sympy-1.13.1-py3-none-any.whl (6.2 MB)\n     ━━━━━━━━━━━━━━━━━━━━━━━━━━━━━━━━━━━━━━━━ 6.2/6.2 MB 6.0 MB/s  0:00:01\nCollecting tabulate==0.9.0 (from -r requirements.txt (line 78))\n  Downloading https://repo.huaweicloud.com/repository/pypi/packages/40/44/4a5f08c96eb108af5cb50b41f76142f0afa346dfa99d5296fe7202a11854/tabulate-0.9.0-py3-none-any.whl (35 kB)\nCollecting tenacity==9.0.0 (from -r requirements.txt (line 80))\n  Downloading https://repo.huaweicloud.com/repository/pypi/packages/b6/cb/b86984bed139586d01532a587464b5805f12e397594f19f931c4c2fbfa61/tenacity-9.0.0-py3-none-any.whl (28 kB)\nCollecting tqdm==4.67.1 (from -r requirements.txt (line 82))\n  Downloading https://repo.huaweicloud.com/repository/pypi/packages/d0/30/dc54f88dd4a2b5dc8a0279bdd7270e735851848b762aeb1c1184ed1f6b14/tqdm-4.67.1-py3-none-any.whl (78 kB)\nCollecting tzdata==2024.2 (from -r requirements.txt (line 84))\n  Downloading https://repo.huaweicloud.com/repository/pypi/packages/a6/ab/7e5f53c3b9d14972843a647d8d7a853969a58aecc7559cb3267302c94774/tzdata-2024.2-py2.py3-none-any.whl (346 kB)\nCollecting uncertainties==3.2.2 (from -r requirements.txt (line 86))\n  Downloading https://repo.huaweicloud.com/repository/pypi/packages/fa/fc/97711d2a502881d871e3cf2d2645e21e7f8e4d4fd9a56937557790cade6a/uncertainties-3.2.2-py3-none-any.whl (58 kB)\nRequirement already satisfied: urllib3==2.5.0 in /usr/local/lib/python3.10/dist-packages (from -r requirements.txt (line 88)) (2.5.0)\nBuilding wheels for collected packages: bibtexparser\n  Building wheel for bibtexparser (setup.py): started\n  Building wheel for bibtexparser (setup.py): finished with status 'done'\n  Created wheel for bibtexparser: filename=bibtexparser-1.4.3-py3-none-any.whl size=43568 sha256=f4ef3d407eaae67643747f56fc295ccc5cda3fca12438dbd9ea8033bca5df690\n  Stored in directory: /root/.cache/pip/wheels/dd/25/d8/df8604851a125cff6ce9bc813aac9f7bc13c44617f79441efa\nSuccessfully built bibtexparser\nInstalling collected packages: pytz, mpmath, uncertainties, tzdata, tqdm, tenacity, tabulate, sympy, six, ruamel-yaml-clib, pyparsing, pillow, palettable, packaging, orjson, numpy, networkx, kiwisolver, joblib, fonttools, cycler, charset-normalizer, certifi, spglib, scipy, ruamel-yaml, plotly, contourpy, bibtexparser, pandas, monty, matplotlib\n  Attempting uninstall: pytz\n    Found existing installation: pytz 2025.2\n    Uninstalling pytz-2025.2:\n      Successfully uninstalled pytz-2025.2\n  Attempting uninstall: tzdata\n    Found existing installation: tzdata 2025.2\n    Uninstalling tzdata-2025.2:\n      Successfully uninstalled tzdata-2025.2\n  Attempting uninstall: six\n    Found existing installation: six 1.17.0\n    Uninstalling six-1.17.0:\n      Successfully uninstalled six-1.17.0\n  Attempting uninstall: packaging\n    Found existing installation: packaging 25.0\n    Uninstalling packaging-25.0:\n      Successfully uninstalled packaging-25.0\n  Attempting uninstall: numpy\n    Found existing installation: numpy 2.2.6\n    Uninstalling numpy-2.2.6:\n      Successfully uninstalled numpy-2.2.6\n  Attempting uninstall: charset-normalizer\n    Found existing installation: charset-normalizer 3.4.2\n    Uninstalling charset-normalizer-3.4.2:\n      Successfully uninstalled charset-normalizer-3.4.2\n  Attempting uninstall: certifi\n    Found existing installation: certifi 2025.8.3\n    Uninstalling certifi-2025.8.3:\n      Successfully uninstalled certifi-2025.8.3\n  Attempting uninstall: pandas\n    Found existing installation: pandas 2.3.1\n    Uninstalling pandas-2.3.1:\n      Successfully uninstalled pandas-2.3.1\n\nSuccessfully installed bibtexparser-1.4.3 certifi-2024.8.30 charset-normalizer-3.4.0 contourpy-1.3.1 cycler-0.12.1 fonttools-4.55.0 joblib-1.4.2 kiwisolver-1.4.7 matplotlib-3.9.2 monty-2025.1.9 mpmath-1.3.0 networkx-3.4.2 numpy-2.0.0 orjson-3.10.18 packaging-24.2 palettable-3.3.3 pandas-2.2.3 pillow-11.0.0 plotly-5.24.1 pyparsing-3.2.0 pytz-2024.2 ruamel-yaml-0.18.10 ruamel-yaml-clib-0.2.12 scipy-1.14.1 six-1.16.0 spglib-2.5.0 sympy-1.13.1 tabulate-0.9.0 tenacity-9.0.0 tqdm-4.67.1 tzdata-2024.2 uncertainties-3.2.2\n",
    "stderr": "  DEPRECATION: Building 'bibtexparser' using the legacy setup.py bdist_wheel mechanism, which will be removed in a future version. pip 25.3 will enforce this behaviour change. A possible replacement is to use the standardized build interface by setting the `--use-pep517` option, (possibly combined with `--no-build-isolation`), or adding a `pyproject.toml` file to the source tree of 'bibtexparser'. Discussion can be found at https://github.com/pypa/pip/issues/6334\nWARNING: Running pip as the 'root' user can result in broken permissions and conflicting behaviour with the system package manager, possibly rendering your system unusable. It is recommended to use a virtual environment instead: https://pip.pypa.io/warnings/venv. Use the --root-user-action option if you know what you are doing and want to suppress this warning.\n",
    "execution_time": 72.98542761802673
  },
  {
    "command": "pip install .",
    "success": false,
    "stdout": "Looking in indexes: https://repo.huaweicloud.com/repository/pypi/simple/\nProcessing /app/repo_to_process\n  Installing build dependencies: started\n  Installing build dependencies: finished with status 'done'\n  Getting requirements to build wheel: started\n  Getting requirements to build wheel: finished with status 'done'\n  Preparing metadata (pyproject.toml): started\n  Preparing metadata (pyproject.toml): finished with status 'done'\nRequirement already satisfied: bibtexparser>=1.4.0 in /usr/local/lib/python3.10/dist-packages (from pymatgen==2025.6.14) (1.4.3)\nRequirement already satisfied: joblib>=1 in /usr/local/lib/python3.10/dist-packages (from pymatgen==2025.6.14) (1.4.2)\nRequirement already satisfied: matplotlib>=3.8 in /usr/local/lib/python3.10/dist-packages (from pymatgen==2025.6.14) (3.9.2)\nRequirement already satisfied: monty>=2025.1.9 in /usr/local/lib/python3.10/dist-packages (from pymatgen==2025.6.14) (2025.1.9)\nRequirement already satisfied: networkx>=2.7 in /usr/local/lib/python3.10/dist-packages (from pymatgen==2025.6.14) (3.4.2)\nRequirement already satisfied: numpy<3,>=1.25.0 in /usr/local/lib/python3.10/dist-packages (from pymatgen==2025.6.14) (2.0.0)\nRequirement already satisfied: orjson<4,>=3.10 in /usr/local/lib/python3.10/dist-packages (from pymatgen==2025.6.14) (3.10.18)\nRequirement already satisfied: palettable>=3.3.3 in /usr/local/lib/python3.10/dist-packages (from pymatgen==2025.6.14) (3.3.3)\nRequirement already satisfied: pandas>=2 in /usr/local/lib/python3.10/dist-packages (from pymatgen==2025.6.14) (2.2.3)\nRequirement already satisfied: plotly>=5.0.0 in /usr/local/lib/python3.10/dist-packages (from pymatgen==2025.6.14) (5.24.1)\nRequirement already satisfied: requests>=2.32 in /usr/local/lib/python3.10/dist-packages (from pymatgen==2025.6.14) (2.32.4)\nRequirement already satisfied: ruamel.yaml>=0.17.0 in /usr/local/lib/python3.10/dist-packages (from pymatgen==2025.6.14) (0.18.10)\nRequirement already satisfied: scipy>=1.13.0 in /usr/local/lib/python3.10/dist-packages (from pymatgen==2025.6.14) (1.14.1)\nRequirement already satisfied: spglib>=2.5 in /usr/local/lib/python3.10/dist-packages (from pymatgen==2025.6.14) (2.5.0)\nRequirement already satisfied: sympy>=1.3 in /usr/local/lib/python3.10/dist-packages (from pymatgen==2025.6.14) (1.13.1)\nRequirement already satisfied: tabulate>=0.9 in /usr/local/lib/python3.10/dist-packages (from pymatgen==2025.6.14) (0.9.0)\nRequirement already satisfied: tqdm>=4.60 in /usr/local/lib/python3.10/dist-packages (from pymatgen==2025.6.14) (4.67.1)\nRequirement already satisfied: uncertainties>=3.1.4 in /usr/local/lib/python3.10/dist-packages (from pymatgen==2025.6.14) (3.2.2)\nRequirement already satisfied: pyparsing>=2.0.3 in /usr/local/lib/python3.10/dist-packages (from bibtexparser>=1.4.0->pymatgen==2025.6.14) (3.2.0)\nRequirement already satisfied: contourpy>=1.0.1 in /usr/local/lib/python3.10/dist-packages (from matplotlib>=3.8->pymatgen==2025.6.14) (1.3.1)\nRequirement already satisfied: cycler>=0.10 in /usr/local/lib/python3.10/dist-packages (from matplotlib>=3.8->pymatgen==2025.6.14) (0.12.1)\nRequirement already satisfied: fonttools>=4.22.0 in /usr/local/lib/python3.10/dist-packages (from matplotlib>=3.8->pymatgen==2025.6.14) (4.55.0)\nRequirement already satisfied: kiwisolver>=1.3.1 in /usr/local/lib/python3.10/dist-packages (from matplotlib>=3.8->pymatgen==2025.6.14) (1.4.7)\nRequirement already satisfied: packaging>=20.0 in /usr/local/lib/python3.10/dist-packages (from matplotlib>=3.8->pymatgen==2025.6.14) (24.2)\nRequirement already satisfied: pillow>=8 in /usr/local/lib/python3.10/dist-packages (from matplotlib>=3.8->pymatgen==2025.6.14) (11.0.0)\nRequirement already satisfied: python-dateutil>=2.7 in /usr/local/lib/python3.10/dist-packages (from matplotlib>=3.8->pymatgen==2025.6.14) (2.9.0.post0)\nRequirement already satisfied: pytz>=2020.1 in /usr/local/lib/python3.10/dist-packages (from pandas>=2->pymatgen==2025.6.14) (2024.2)\nRequirement already satisfied: tzdata>=2022.7 in /usr/local/lib/python3.10/dist-packages (from pandas>=2->pymatgen==2025.6.14) (2024.2)\nRequirement already satisfied: tenacity>=6.2.0 in /usr/local/lib/python3.10/dist-packages (from plotly>=5.0.0->pymatgen==2025.6.14) (9.0.0)\nRequirement already satisfied: six>=1.5 in /usr/local/lib/python3.10/dist-packages (from python-dateutil>=2.7->matplotlib>=3.8->pymatgen==2025.6.14) (1.16.0)\nRequirement already satisfied: charset_normalizer<4,>=2 in /usr/local/lib/python3.10/dist-packages (from requests>=2.32->pymatgen==2025.6.14) (3.4.0)\nRequirement already satisfied: idna<4,>=2.5 in /usr/local/lib/python3.10/dist-packages (from requests>=2.32->pymatgen==2025.6.14) (3.10)\nRequirement already satisfied: urllib3<3,>=1.21.1 in /usr/local/lib/python3.10/dist-packages (from requests>=2.32->pymatgen==2025.6.14) (2.5.0)\nRequirement already satisfied: certifi>=2017.4.17 in /usr/local/lib/python3.10/dist-packages (from requests>=2.32->pymatgen==2025.6.14) (2024.8.30)\nRequirement already satisfied: ruamel.yaml.clib>=0.2.7 in /usr/local/lib/python3.10/dist-packages (from ruamel.yaml>=0.17.0->pymatgen==2025.6.14) (0.2.12)\nRequirement already satisfied: mpmath<1.4,>=1.1.0 in /usr/local/lib/python3.10/dist-packages (from sympy>=1.3->pymatgen==2025.6.14) (1.3.0)\nBuilding wheels for collected packages: pymatgen\n  Building wheel for pymatgen (pyproject.toml): started\n  Building wheel for pymatgen (pyproject.toml): finished with status 'error'\nFailed to build pymatgen\n",
    "stderr": "  error: subprocess-exited-with-error\n  \n  × Building wheel for pymatgen (pyproject.toml) did not run successfully.\n  │ exit code: 1\n  ╰─> [562 lines of output]\n      /tmp/pip-build-env-9boaxqdy/overlay/local/lib/python3.10/dist-packages/setuptools/config/_apply_pyprojecttoml.py:82: SetuptoolsDeprecationWarning: `project.license` as a TOML table is deprecated\n      !!\n      \n              ********************************************************************************\n              Please use a simple string containing a SPDX expression for `project.license`. You can also use `project.license-files`. (Both options available on setuptools>=77.0.0).\n      \n              By 2026-Feb-18, you need to update your project and remove deprecated calls\n              or your builds will no longer be supported.\n      \n              See https://packaging.python.org/en/latest/guides/writing-pyproject-toml/#license for details.\n              ********************************************************************************\n      \n      !!\n        corresp(dist, value, root_dir)\n      /tmp/pip-build-env-9boaxqdy/overlay/local/lib/python3.10/dist-packages/setuptools/config/_apply_pyprojecttoml.py:61: SetuptoolsDeprecationWarning: License classifiers are deprecated.\n      !!\n      \n              ********************************************************************************\n              Please consider removing the following classifiers in favor of a SPDX license expression:\n      \n              License :: OSI Approved :: MIT License\n      \n              See https://packaging.python.org/en/latest/guides/writing-pyproject-toml/#license for details.\n              ********************************************************************************\n      \n      !!\n        dist._finalize_license_expression()\n      /tmp/pip-build-env-9boaxqdy/overlay/local/lib/python3.10/dist-packages/setuptools/dist.py:759: SetuptoolsDeprecationWarning: License classifiers are deprecated.\n      !!\n      \n              ********************************************************************************\n              Please consider removing the following classifiers in favor of a SPDX license expression:\n      \n              License :: OSI Approved :: MIT License\n      \n              See https://packaging.python.org/en/latest/guides/writing-pyproject-toml/#license for details.\n              ********************************************************************************\n      \n      !!\n        self._finalize_license_expression()\n      running bdist_wheel\n      running build\n      running build_py\n      creating build/lib.linux-x86_64-cpython-310/pymatgen\n      copying src/pymatgen/dao.py -> build/lib.linux-x86_64-cpython-310/pymatgen\n      creating build/lib.linux-x86_64-cpython-310/pymatgen/cli\n      copying src/pymatgen/cli/feff_plot_cross_section.py -> build/lib.linux-x86_64-cpython-310/pymatgen/cli\n      copying src/pymatgen/cli/pmg_structure.py -> build/lib.linux-x86_64-cpython-310/pymatgen/cli\n      copying src/pymatgen/cli/feff_plot_dos.py -> build/lib.linux-x86_64-cpython-310/pymatgen/cli\n      copying src/pymatgen/cli/__init__.py -> build/lib.linux-x86_64-cpython-310/pymatgen/cli\n      copying src/pymatgen/cli/get_environment.py -> build/lib.linux-x86_64-cpython-310/pymatgen/cli\n      copying src/pymatgen/cli/pmg_potcar.py -> build/lib.linux-x86_64-cpython-310/pymatgen/cli\n      copying src/pymatgen/cli/pmg_analyze.py -> build/lib.linux-x86_64-cpython-310/pymatgen/cli\n      copying src/pymatgen/cli/pmg_config.py -> build/lib.linux-x86_64-cpython-310/pymatgen/cli\n      copying src/pymatgen/cli/pmg_plot.py -> build/lib.linux-x86_64-cpython-310/pymatgen/cli\n      copying src/pymatgen/cli/pmg.py -> build/lib.linux-x86_64-cpython-310/pymatgen/cli\n      creating build/lib.linux-x86_64-cpython-310/pymatgen/symmetry\n      copying src/pymatgen/symmetry/bandstructure.py -> build/lib.linux-x86_64-cpython-310/pymatgen/symmetry\n      copying src/pymatgen/symmetry/__init__.py -> build/lib.linux-x86_64-cpython-310/pymatgen/symmetry\n      copying src/pymatgen/symmetry/groups.py -> build/lib.linux-x86_64-cpython-310/pymatgen/symmetry\n      copying src/pymatgen/symmetry/settings.py -> build/lib.linux-x86_64-cpython-310/pymatgen/symmetry\n      copying src/pymatgen/symmetry/structure.py -> build/lib.linux-x86_64-cpython-310/pymatgen/symmetry\n      copying src/pymatgen/symmetry/analyzer.py -> build/lib.linux-x86_64-cpython-310/pymatgen/symmetry\n      copying src/pymatgen/symmetry/maggroups.py -> build/lib.linux-x86_64-cpython-310/pymatgen/symmetry\n      copying src/pymatgen/symmetry/site_symmetries.py -> build/lib.linux-x86_64-cpython-310/pymatgen/symmetry\n      copying src/pymatgen/symmetry/kpath.py -> build/lib.linux-x86_64-cpython-310/pymatgen/symmetry\n      creating build/lib.linux-x86_64-cpython-310/pymatgen/util\n      copying src/pymatgen/util/testing.py -> build/lib.linux-x86_64-cpython-310/pymatgen/util\n      copying src/pymatgen/util/joblib.py -> build/lib.linux-x86_64-cpython-310/pymatgen/util\n      copying src/pymatgen/util/provenance.py -> build/lib.linux-x86_64-cpython-310/pymatgen/util\n      copying src/pymatgen/util/string.py -> build/lib.linux-x86_64-cpython-310/pymatgen/util\n      copying src/pymatgen/util/__init__.py -> build/lib.linux-x86_64-cpython-310/pymatgen/util\n      copying src/pymatgen/util/io_utils.py -> build/lib.linux-x86_64-cpython-310/pymatgen/util\n      copying src/pymatgen/util/due.py -> build/lib.linux-x86_64-cpython-310/pymatgen/util\n      copying src/pymatgen/util/graph_hashing.py -> build/lib.linux-x86_64-cpython-310/pymatgen/util\n      copying src/pymatgen/util/num.py -> build/lib.linux-x86_64-cpython-310/pymatgen/util\n      copying src/pymatgen/util/plotting.py -> build/lib.linux-x86_64-cpython-310/pymatgen/util\n      copying src/pymatgen/util/numba.py -> build/lib.linux-x86_64-cpython-310/pymatgen/util\n      copying src/pymatgen/util/misc.py -> build/lib.linux-x86_64-cpython-310/pymatgen/util\n      copying src/pymatgen/util/typing.py -> build/lib.linux-x86_64-cpython-310/pymatgen/util\n      copying src/pymatgen/util/coord.py -> build/lib.linux-x86_64-cpython-310/pymatgen/util\n      creating build/lib.linux-x86_64-cpython-310/pymatgen/apps\n      copying src/pymatgen/apps/__init__.py -> build/lib.linux-x86_64-cpython-310/pymatgen/apps\n      creating build/lib.linux-x86_64-cpython-310/pymatgen/phonon\n      copying src/pymatgen/phonon/bandstructure.py -> build/lib.linux-x86_64-cpython-310/pymatgen/phonon\n      copying src/pymatgen/phonon/gruneisen.py -> build/lib.linux-x86_64-cpython-310/pymatgen/phonon\n      copying src/pymatgen/phonon/__init__.py -> build/lib.linux-x86_64-cpython-310/pymatgen/phonon\n      copying src/pymatgen/phonon/thermal_displacements.py -> build/lib.linux-x86_64-cpython-310/pymatgen/phonon\n      copying src/pymatgen/phonon/ir_spectra.py -> build/lib.linux-x86_64-cpython-310/pymatgen/phonon\n      copying src/pymatgen/phonon/plotter.py -> build/lib.linux-x86_64-cpython-310/pymatgen/phonon\n      copying src/pymatgen/phonon/dos.py -> build/lib.linux-x86_64-cpython-310/pymatgen/phonon\n      creating build/lib.linux-x86_64-cpython-310/pymatgen/electronic_structure\n      copying src/pymatgen/electronic_structure/bandstructure.py -> build/lib.linux-x86_64-cpython-310/pymatgen/electronic_structure\n      copying src/pymatgen/electronic_structure/__init__.py -> build/lib.linux-x86_64-cpython-310/pymatgen/electronic_structure\n      copying src/pymatgen/electronic_structure/core.py -> build/lib.linux-x86_64-cpython-310/pymatgen/electronic_structure\n      copying src/pymatgen/electronic_structure/plotter.py -> build/lib.linux-x86_64-cpython-310/pymatgen/electronic_structure\n      copying src/pymatgen/electronic_structure/boltztrap2.py -> build/lib.linux-x86_64-cpython-310/pymatgen/electronic_structure\n      copying src/pymatgen/electronic_structure/dos.py -> build/lib.linux-x86_64-cpython-310/pymatgen/electronic_structure\n      copying src/pymatgen/electronic_structure/boltztrap.py -> build/lib.linux-x86_64-cpython-310/pymatgen/electronic_structure\n      copying src/pymatgen/electronic_structure/cohp.py -> build/lib.linux-x86_64-cpython-310/pymatgen/electronic_structure\n      creating build/lib.linux-x86_64-cpython-310/pymatgen/transformations\n      copying src/pymatgen/transformations/standard_transformations.py -> build/lib.linux-x86_64-cpython-310/pymatgen/transformations\n      copying src/pymatgen/transformations/__init__.py -> build/lib.linux-x86_64-cpython-310/pymatgen/transformations\n      copying src/pymatgen/transformations/site_transformations.py -> build/lib.linux-x86_64-cpython-310/pymatgen/transformations\n      copying src/pymatgen/transformations/advanced_transformations.py -> build/lib.linux-x86_64-cpython-310/pymatgen/transformations\n      copying src/pymatgen/transformations/transformation_abc.py -> build/lib.linux-x86_64-cpython-310/pymatgen/transformations\n      creating build/lib.linux-x86_64-cpython-310/pymatgen/core\n      copying src/pymatgen/core/trajectory.py -> build/lib.linux-x86_64-cpython-310/pymatgen/core\n      copying src/pymatgen/core/composition.py -> build/lib.linux-x86_64-cpython-310/pymatgen/core\n      copying src/pymatgen/core/operations.py -> build/lib.linux-x86_64-cpython-310/pymatgen/core\n      copying src/pymatgen/core/lattice.py -> build/lib.linux-x86_64-cpython-310/pymatgen/core\n      copying src/pymatgen/core/sites.py -> build/lib.linux-x86_64-cpython-310/pymatgen/core\n      copying src/pymatgen/core/__init__.py -> build/lib.linux-x86_64-cpython-310/pymatgen/core\n      copying src/pymatgen/core/xcfunc.py -> build/lib.linux-x86_64-cpython-310/pymatgen/core\n      copying src/pymatgen/core/interface.py -> build/lib.linux-x86_64-cpython-310/pymatgen/core\n      copying src/pymatgen/core/structure.py -> build/lib.linux-x86_64-cpython-310/pymatgen/core\n      copying src/pymatgen/core/bonds.py -> build/lib.linux-x86_64-cpython-310/pymatgen/core\n      copying src/pymatgen/core/molecular_orbitals.py -> build/lib.linux-x86_64-cpython-310/pymatgen/core\n      copying src/pymatgen/core/libxcfunc.py -> build/lib.linux-x86_64-cpython-310/pymatgen/core\n      copying src/pymatgen/core/ion.py -> build/lib.linux-x86_64-cpython-310/pymatgen/core\n      copying src/pymatgen/core/spectrum.py -> build/lib.linux-x86_64-cpython-310/pymatgen/core\n      copying src/pymatgen/core/surface.py -> build/lib.linux-x86_64-cpython-310/pymatgen/core\n      copying src/pymatgen/core/units.py -> build/lib.linux-x86_64-cpython-310/pymatgen/core\n      copying src/pymatgen/core/tensors.py -> build/lib.linux-x86_64-cpython-310/pymatgen/core\n      copying src/pymatgen/core/periodic_table.py -> build/lib.linux-x86_64-cpython-310/pymatgen/core\n      creating build/lib.linux-x86_64-cpython-310/pymatgen/ext\n      copying src/pymatgen/ext/cod.py -> build/lib.linux-x86_64-cpython-310/pymatgen/ext\n      copying src/pymatgen/ext/matproj.py -> build/lib.linux-x86_64-cpython-310/pymatgen/ext\n      copying src/pymatgen/ext/optimade.py -> build/lib.linux-x86_64-cpython-310/pymatgen/ext\n      creating build/lib.linux-x86_64-cpython-310/pymatgen/alchemy\n      copying src/pymatgen/alchemy/transmuters.py -> build/lib.linux-x86_64-cpython-310/pymatgen/alchemy\n      copying src/pymatgen/alchemy/__init__.py -> build/lib.linux-x86_64-cpython-310/pymatgen/alchemy\n      copying src/pymatgen/alchemy/filters.py -> build/lib.linux-x86_64-cpython-310/pymatgen/alchemy\n      copying src/pymatgen/alchemy/materials.py -> build/lib.linux-x86_64-cpython-310/pymatgen/alchemy\n      creating build/lib.linux-x86_64-cpython-310/pymatgen/analysis\n      copying src/pymatgen/analysis/energy_models.py -> build/lib.linux-x86_64-cpython-310/pymatgen/analysis\n      copying src/pymatgen/analysis/dimensionality.py -> build/lib.linux-x86_64-cpython-310/pymatgen/analysis\n      copying src/pymatgen/analysis/optics.py -> build/lib.linux-x86_64-cpython-310/pymatgen/analysis\n      copying src/pymatgen/analysis/molecule_matcher.py -> build/lib.linux-x86_64-cpython-310/pymatgen/analysis\n      copying src/pymatgen/analysis/structure_analyzer.py -> build/lib.linux-x86_64-cpython-310/pymatgen/analysis\n      copying src/pymatgen/analysis/excitation.py -> build/lib.linux-x86_64-cpython-310/pymatgen/analysis\n      copying src/pymatgen/analysis/piezo_sensitivity.py -> build/lib.linux-x86_64-cpython-310/pymatgen/analysis\n      copying src/pymatgen/analysis/molecule_structure_comparator.py -> build/lib.linux-x86_64-cpython-310/pymatgen/analysis\n      copying src/pymatgen/analysis/wulff.py -> build/lib.linux-x86_64-cpython-310/pymatgen/analysis\n      copying src/pymatgen/analysis/piezo.py -> build/lib.linux-x86_64-cpython-310/pymatgen/analysis\n      copying src/pymatgen/analysis/quasirrho.py -> build/lib.linux-x86_64-cpython-310/pymatgen/analysis\n      copying src/pymatgen/analysis/adsorption.py -> build/lib.linux-x86_64-cpython-310/pymatgen/analysis\n      copying src/pymatgen/analysis/reaction_calculator.py -> build/lib.linux-x86_64-cpython-310/pymatgen/analysis\n      copying src/pymatgen/analysis/thermochemistry.py -> build/lib.linux-x86_64-cpython-310/pymatgen/analysis\n      copying src/pymatgen/analysis/transition_state.py -> build/lib.linux-x86_64-cpython-310/pymatgen/analysis\n      copying src/pymatgen/analysis/xps.py -> build/lib.linux-x86_64-cpython-310/pymatgen/analysis\n      copying src/pymatgen/analysis/cost.py -> build/lib.linux-x86_64-cpython-310/pymatgen/analysis\n      copying src/pymatgen/analysis/nmr.py -> build/lib.linux-x86_64-cpython-310/pymatgen/analysis\n      copying src/pymatgen/analysis/interface_reactions.py -> build/lib.linux-x86_64-cpython-310/pymatgen/analysis\n      copying src/pymatgen/analysis/eos.py -> build/lib.linux-x86_64-cpython-310/pymatgen/analysis\n      copying src/pymatgen/analysis/quasiharmonic.py -> build/lib.linux-x86_64-cpython-310/pymatgen/analysis\n      copying src/pymatgen/analysis/bond_valence.py -> build/lib.linux-x86_64-cpython-310/pymatgen/analysis\n      copying src/pymatgen/analysis/functional_groups.py -> build/lib.linux-x86_64-cpython-310/pymatgen/analysis\n      copying src/pymatgen/analysis/local_env.py -> build/lib.linux-x86_64-cpython-310/pymatgen/analysis\n      copying src/pymatgen/analysis/fragmenter.py -> build/lib.linux-x86_64-cpython-310/pymatgen/analysis\n      copying src/pymatgen/analysis/chempot_diagram.py -> build/lib.linux-x86_64-cpython-310/pymatgen/analysis\n      copying src/pymatgen/analysis/structure_matcher.py -> build/lib.linux-x86_64-cpython-310/pymatgen/analysis\n      copying src/pymatgen/analysis/bond_dissociation.py -> build/lib.linux-x86_64-cpython-310/pymatgen/analysis\n      copying src/pymatgen/analysis/graphs.py -> build/lib.linux-x86_64-cpython-310/pymatgen/analysis\n      copying src/pymatgen/analysis/pourbaix_diagram.py -> build/lib.linux-x86_64-cpython-310/pymatgen/analysis\n      copying src/pymatgen/analysis/surface_analysis.py -> build/lib.linux-x86_64-cpython-310/pymatgen/analysis\n      copying src/pymatgen/analysis/phase_diagram.py -> build/lib.linux-x86_64-cpython-310/pymatgen/analysis\n      copying src/pymatgen/analysis/disorder.py -> build/lib.linux-x86_64-cpython-310/pymatgen/analysis\n      copying src/pymatgen/analysis/ewald.py -> build/lib.linux-x86_64-cpython-310/pymatgen/analysis\n      copying src/pymatgen/analysis/hhi.py -> build/lib.linux-x86_64-cpython-310/pymatgen/analysis\n      creating build/lib.linux-x86_64-cpython-310/pymatgen/io\n      copying src/pymatgen/io/pwscf.py -> build/lib.linux-x86_64-cpython-310/pymatgen/io\n      copying src/pymatgen/io/jarvis.py -> build/lib.linux-x86_64-cpython-310/pymatgen/io\n      copying src/pymatgen/io/icet.py -> build/lib.linux-x86_64-cpython-310/pymatgen/io\n      copying src/pymatgen/io/atat.py -> build/lib.linux-x86_64-cpython-310/pymatgen/io\n      copying src/pymatgen/io/babel.py -> build/lib.linux-x86_64-cpython-310/pymatgen/io\n      copying src/pymatgen/io/prismatic.py -> build/lib.linux-x86_64-cpython-310/pymatgen/io\n      copying src/pymatgen/io/ase.py -> build/lib.linux-x86_64-cpython-310/pymatgen/io\n      copying src/pymatgen/io/gaussian.py -> build/lib.linux-x86_64-cpython-310/pymatgen/io\n      copying src/pymatgen/io/shengbte.py -> build/lib.linux-x86_64-cpython-310/pymatgen/io\n      copying src/pymatgen/io/xr.py -> build/lib.linux-x86_64-cpython-310/pymatgen/io\n      copying src/pymatgen/io/fiesta.py -> build/lib.linux-x86_64-cpython-310/pymatgen/io\n      copying src/pymatgen/io/phonopy.py -> build/lib.linux-x86_64-cpython-310/pymatgen/io\n      copying src/pymatgen/io/adf.py -> build/lib.linux-x86_64-cpython-310/pymatgen/io\n      copying src/pymatgen/io/core.py -> build/lib.linux-x86_64-cpython-310/pymatgen/io\n      copying src/pymatgen/io/xyz.py -> build/lib.linux-x86_64-cpython-310/pymatgen/io\n      copying src/pymatgen/io/cssr.py -> build/lib.linux-x86_64-cpython-310/pymatgen/io\n      copying src/pymatgen/io/zeopp.py -> build/lib.linux-x86_64-cpython-310/pymatgen/io\n      copying src/pymatgen/io/lmto.py -> build/lib.linux-x86_64-cpython-310/pymatgen/io\n      copying src/pymatgen/io/packmol.py -> build/lib.linux-x86_64-cpython-310/pymatgen/io\n      copying src/pymatgen/io/multiwfn.py -> build/lib.linux-x86_64-cpython-310/pymatgen/io\n      copying src/pymatgen/io/wannier90.py -> build/lib.linux-x86_64-cpython-310/pymatgen/io\n      copying src/pymatgen/io/xcrysden.py -> build/lib.linux-x86_64-cpython-310/pymatgen/io\n      copying src/pymatgen/io/common.py -> build/lib.linux-x86_64-cpython-310/pymatgen/io\n      copying src/pymatgen/io/optimade.py -> build/lib.linux-x86_64-cpython-310/pymatgen/io\n      copying src/pymatgen/io/template.py -> build/lib.linux-x86_64-cpython-310/pymatgen/io\n      copying src/pymatgen/io/res.py -> build/lib.linux-x86_64-cpython-310/pymatgen/io\n      copying src/pymatgen/io/openff.py -> build/lib.linux-x86_64-cpython-310/pymatgen/io\n      copying src/pymatgen/io/cif.py -> build/lib.linux-x86_64-cpython-310/pymatgen/io\n      copying src/pymatgen/io/nwchem.py -> build/lib.linux-x86_64-cpython-310/pymatgen/io\n      creating build/lib.linux-x86_64-cpython-310/pymatgen/optimization\n      copying src/pymatgen/optimization/__init__.py -> build/lib.linux-x86_64-cpython-310/pymatgen/optimization\n      creating build/lib.linux-x86_64-cpython-310/pymatgen/entries\n      copying src/pymatgen/entries/__init__.py -> build/lib.linux-x86_64-cpython-310/pymatgen/entries\n      copying src/pymatgen/entries/entry_tools.py -> build/lib.linux-x86_64-cpython-310/pymatgen/entries\n      copying src/pymatgen/entries/compatibility.py -> build/lib.linux-x86_64-cpython-310/pymatgen/entries\n      copying src/pymatgen/entries/computed_entries.py -> build/lib.linux-x86_64-cpython-310/pymatgen/entries\n      copying src/pymatgen/entries/mixing_scheme.py -> build/lib.linux-x86_64-cpython-310/pymatgen/entries\n      copying src/pymatgen/entries/exp_entries.py -> build/lib.linux-x86_64-cpython-310/pymatgen/entries\n      copying src/pymatgen/entries/correction_calculator.py -> build/lib.linux-x86_64-cpython-310/pymatgen/entries\n      creating build/lib.linux-x86_64-cpython-310/pymatgen/vis\n      copying src/pymatgen/vis/__init__.py -> build/lib.linux-x86_64-cpython-310/pymatgen/vis\n      copying src/pymatgen/vis/structure_vtk.py -> build/lib.linux-x86_64-cpython-310/pymatgen/vis\n      copying src/pymatgen/vis/structure_chemview.py -> build/lib.linux-x86_64-cpython-310/pymatgen/vis\n      copying src/pymatgen/vis/plotters.py -> build/lib.linux-x86_64-cpython-310/pymatgen/vis\n      creating build/lib.linux-x86_64-cpython-310/pymatgen/command_line\n      copying src/pymatgen/command_line/bader_caller.py -> build/lib.linux-x86_64-cpython-310/pymatgen/command_line\n      copying src/pymatgen/command_line/__init__.py -> build/lib.linux-x86_64-cpython-310/pymatgen/command_line\n      copying src/pymatgen/command_line/critic2_caller.py -> build/lib.linux-x86_64-cpython-310/pymatgen/command_line\n      copying src/pymatgen/command_line/gulp_caller.py -> build/lib.linux-x86_64-cpython-310/pymatgen/command_line\n      copying src/pymatgen/command_line/chargemol_caller.py -> build/lib.linux-x86_64-cpython-310/pymatgen/command_line\n      copying src/pymatgen/command_line/mcsqs_caller.py -> build/lib.linux-x86_64-cpython-310/pymatgen/command_line\n      copying src/pymatgen/command_line/enumlib_caller.py -> build/lib.linux-x86_64-cpython-310/pymatgen/command_line\n      copying src/pymatgen/command_line/vampire_caller.py -> build/lib.linux-x86_64-cpython-310/pymatgen/command_line\n      creating build/lib.linux-x86_64-cpython-310/pymatgen/apps/battery\n      copying src/pymatgen/apps/battery/insertion_battery.py -> build/lib.linux-x86_64-cpython-310/pymatgen/apps/battery\n      copying src/pymatgen/apps/battery/__init__.py -> build/lib.linux-x86_64-cpython-310/pymatgen/apps/battery\n      copying src/pymatgen/apps/battery/battery_abc.py -> build/lib.linux-x86_64-cpython-310/pymatgen/apps/battery\n      copying src/pymatgen/apps/battery/analyzer.py -> build/lib.linux-x86_64-cpython-310/pymatgen/apps/battery\n      copying src/pymatgen/apps/battery/conversion_battery.py -> build/lib.linux-x86_64-cpython-310/pymatgen/apps/battery\n      copying src/pymatgen/apps/battery/plotter.py -> build/lib.linux-x86_64-cpython-310/pymatgen/apps/battery\n      creating build/lib.linux-x86_64-cpython-310/pymatgen/apps/borg\n      copying src/pymatgen/apps/borg/__init__.py -> build/lib.linux-x86_64-cpython-310/pymatgen/apps/borg\n      copying src/pymatgen/apps/borg/hive.py -> build/lib.linux-x86_64-cpython-310/pymatgen/apps/borg\n      copying src/pymatgen/apps/borg/queen.py -> build/lib.linux-x86_64-cpython-310/pymatgen/apps/borg\n      creating build/lib.linux-x86_64-cpython-310/pymatgen/analysis/structure_prediction\n      copying src/pymatgen/analysis/structure_prediction/substitutor.py -> build/lib.linux-x86_64-cpython-310/pymatgen/analysis/structure_prediction\n      copying src/pymatgen/analysis/structure_prediction/__init__.py -> build/lib.linux-x86_64-cpython-310/pymatgen/analysis/structure_prediction\n      copying src/pymatgen/analysis/structure_prediction/dopant_predictor.py -> build/lib.linux-x86_64-cpython-310/pymatgen/analysis/structure_prediction\n      copying src/pymatgen/analysis/structure_prediction/substitution_probability.py -> build/lib.linux-x86_64-cpython-310/pymatgen/analysis/structure_prediction\n      copying src/pymatgen/analysis/structure_prediction/volume_predictor.py -> build/lib.linux-x86_64-cpython-310/pymatgen/analysis/structure_prediction\n      creating build/lib.linux-x86_64-cpython-310/pymatgen/analysis/prototypes\n      copying src/pymatgen/analysis/prototypes/__init__.py -> build/lib.linux-x86_64-cpython-310/pymatgen/analysis/prototypes\n      creating build/lib.linux-x86_64-cpython-310/pymatgen/analysis/topological\n      copying src/pymatgen/analysis/topological/__init__.py -> build/lib.linux-x86_64-cpython-310/pymatgen/analysis/topological\n      copying src/pymatgen/analysis/topological/spillage.py -> build/lib.linux-x86_64-cpython-310/pymatgen/analysis/topological\n      creating build/lib.linux-x86_64-cpython-310/pymatgen/analysis/chemenv\n      copying src/pymatgen/analysis/chemenv/__init__.py -> build/lib.linux-x86_64-cpython-310/pymatgen/analysis/chemenv\n      creating build/lib.linux-x86_64-cpython-310/pymatgen/analysis/interfaces\n      copying src/pymatgen/analysis/interfaces/substrate_analyzer.py -> build/lib.linux-x86_64-cpython-310/pymatgen/analysis/interfaces\n      copying src/pymatgen/analysis/interfaces/__init__.py -> build/lib.linux-x86_64-cpython-310/pymatgen/analysis/interfaces\n      copying src/pymatgen/analysis/interfaces/zsl.py -> build/lib.linux-x86_64-cpython-310/pymatgen/analysis/interfaces\n      copying src/pymatgen/analysis/interfaces/coherent_interfaces.py -> build/lib.linux-x86_64-cpython-310/pymatgen/analysis/interfaces\n      creating build/lib.linux-x86_64-cpython-310/pymatgen/analysis/elasticity\n      copying src/pymatgen/analysis/elasticity/__init__.py -> build/lib.linux-x86_64-cpython-310/pymatgen/analysis/elasticity\n      copying src/pymatgen/analysis/elasticity/strain.py -> build/lib.linux-x86_64-cpython-310/pymatgen/analysis/elasticity\n      copying src/pymatgen/analysis/elasticity/stress.py -> build/lib.linux-x86_64-cpython-310/pymatgen/analysis/elasticity\n      copying src/pymatgen/analysis/elasticity/elastic.py -> build/lib.linux-x86_64-cpython-310/pymatgen/analysis/elasticity\n      creating build/lib.linux-x86_64-cpython-310/pymatgen/analysis/xas\n      copying src/pymatgen/analysis/xas/__init__.py -> build/lib.linux-x86_64-cpython-310/pymatgen/analysis/xas\n      copying src/pymatgen/analysis/xas/spectrum.py -> build/lib.linux-x86_64-cpython-310/pymatgen/analysis/xas\n      creating build/lib.linux-x86_64-cpython-310/pymatgen/analysis/solar\n      copying src/pymatgen/analysis/solar/slme.py -> build/lib.linux-x86_64-cpython-310/pymatgen/analysis/solar\n      copying src/pymatgen/analysis/solar/__init__.py -> build/lib.linux-x86_64-cpython-310/pymatgen/analysis/solar\n      creating build/lib.linux-x86_64-cpython-310/pymatgen/analysis/diffraction\n      copying src/pymatgen/analysis/diffraction/__init__.py -> build/lib.linux-x86_64-cpython-310/pymatgen/analysis/diffraction\n      copying src/pymatgen/analysis/diffraction/core.py -> build/lib.linux-x86_64-cpython-310/pymatgen/analysis/diffraction\n      copying src/pymatgen/analysis/diffraction/xrd.py -> build/lib.linux-x86_64-cpython-310/pymatgen/analysis/diffraction\n      copying src/pymatgen/analysis/diffraction/tem.py -> build/lib.linux-x86_64-cpython-310/pymatgen/analysis/diffraction\n      copying src/pymatgen/analysis/diffraction/neutron.py -> build/lib.linux-x86_64-cpython-310/pymatgen/analysis/diffraction\n      creating build/lib.linux-x86_64-cpython-310/pymatgen/analysis/magnetism\n      copying src/pymatgen/analysis/magnetism/heisenberg.py -> build/lib.linux-x86_64-cpython-310/pymatgen/analysis/magnetism\n      copying src/pymatgen/analysis/magnetism/jahnteller.py -> build/lib.linux-x86_64-cpython-310/pymatgen/analysis/magnetism\n      copying src/pymatgen/analysis/magnetism/__init__.py -> build/lib.linux-x86_64-cpython-310/pymatgen/analysis/magnetism\n      copying src/pymatgen/analysis/magnetism/analyzer.py -> build/lib.linux-x86_64-cpython-310/pymatgen/analysis/magnetism\n      creating build/lib.linux-x86_64-cpython-310/pymatgen/analysis/ferroelectricity\n      copying src/pymatgen/analysis/ferroelectricity/polarization.py -> build/lib.linux-x86_64-cpython-310/pymatgen/analysis/ferroelectricity\n      copying src/pymatgen/analysis/ferroelectricity/__init__.py -> build/lib.linux-x86_64-cpython-310/pymatgen/analysis/ferroelectricity\n      creating build/lib.linux-x86_64-cpython-310/pymatgen/analysis/chemenv/connectivity\n      copying src/pymatgen/analysis/chemenv/connectivity/structure_connectivity.py -> build/lib.linux-x86_64-cpython-310/pymatgen/analysis/chemenv/connectivity\n      copying src/pymatgen/analysis/chemenv/connectivity/__init__.py -> build/lib.linux-x86_64-cpython-310/pymatgen/analysis/chemenv/connectivity\n      copying src/pymatgen/analysis/chemenv/connectivity/connectivity_finder.py -> build/lib.linux-x86_64-cpython-310/pymatgen/analysis/chemenv/connectivity\n      copying src/pymatgen/analysis/chemenv/connectivity/environment_nodes.py -> build/lib.linux-x86_64-cpython-310/pymatgen/analysis/chemenv/connectivity\n      copying src/pymatgen/analysis/chemenv/connectivity/connected_components.py -> build/lib.linux-x86_64-cpython-310/pymatgen/analysis/chemenv/connectivity\n      creating build/lib.linux-x86_64-cpython-310/pymatgen/analysis/chemenv/utils\n      copying src/pymatgen/analysis/chemenv/utils/graph_utils.py -> build/lib.linux-x86_64-cpython-310/pymatgen/analysis/chemenv/utils\n      copying src/pymatgen/analysis/chemenv/utils/coordination_geometry_utils.py -> build/lib.linux-x86_64-cpython-310/pymatgen/analysis/chemenv/utils\n      copying src/pymatgen/analysis/chemenv/utils/__init__.py -> build/lib.linux-x86_64-cpython-310/pymatgen/analysis/chemenv/utils\n      copying src/pymatgen/analysis/chemenv/utils/chemenv_errors.py -> build/lib.linux-x86_64-cpython-310/pymatgen/analysis/chemenv/utils\n      copying src/pymatgen/analysis/chemenv/utils/func_utils.py -> build/lib.linux-x86_64-cpython-310/pymatgen/analysis/chemenv/utils\n      copying src/pymatgen/analysis/chemenv/utils/scripts_utils.py -> build/lib.linux-x86_64-cpython-310/pymatgen/analysis/chemenv/utils\n      copying src/pymatgen/analysis/chemenv/utils/math_utils.py -> build/lib.linux-x86_64-cpython-310/pymatgen/analysis/chemenv/utils\n      copying src/pymatgen/analysis/chemenv/utils/chemenv_config.py -> build/lib.linux-x86_64-cpython-310/pymatgen/analysis/chemenv/utils\n      copying src/pymatgen/analysis/chemenv/utils/defs_utils.py -> build/lib.linux-x86_64-cpython-310/pymatgen/analysis/chemenv/utils\n      creating build/lib.linux-x86_64-cpython-310/pymatgen/analysis/chemenv/coordination_environments\n      copying src/pymatgen/analysis/chemenv/coordination_environments/structure_environments.py -> build/lib.linux-x86_64-cpython-310/pymatgen/analysis/chemenv/coordination_environments\n      copying src/pymatgen/analysis/chemenv/coordination_environments/voronoi.py -> build/lib.linux-x86_64-cpython-310/pymatgen/analysis/chemenv/coordination_environments\n      copying src/pymatgen/analysis/chemenv/coordination_environments/__init__.py -> build/lib.linux-x86_64-cpython-310/pymatgen/analysis/chemenv/coordination_environments\n      copying src/pymatgen/analysis/chemenv/coordination_environments/coordination_geometries.py -> build/lib.linux-x86_64-cpython-310/pymatgen/analysis/chemenv/coordination_environments\n      copying src/pymatgen/analysis/chemenv/coordination_environments/chemenv_strategies.py -> build/lib.linux-x86_64-cpython-310/pymatgen/analysis/chemenv/coordination_environments\n      copying src/pymatgen/analysis/chemenv/coordination_environments/coordination_geometry_finder.py -> build/lib.linux-x86_64-cpython-310/pymatgen/analysis/chemenv/coordination_environments\n      creating build/lib.linux-x86_64-cpython-310/pymatgen/analysis/chemenv/coordination_environments/coordination_geometries_files\n      copying src/pymatgen/analysis/chemenv/coordination_environments/coordination_geometries_files/__init__.py -> build/lib.linux-x86_64-cpython-310/pymatgen/analysis/chemenv/coordination_environments/coordination_geometries_files\n      creating build/lib.linux-x86_64-cpython-310/pymatgen/io/lobster\n      copying src/pymatgen/io/lobster/lobsterenv.py -> build/lib.linux-x86_64-cpython-310/pymatgen/io/lobster\n      copying src/pymatgen/io/lobster/__init__.py -> build/lib.linux-x86_64-cpython-310/pymatgen/io/lobster\n      copying src/pymatgen/io/lobster/inputs.py -> build/lib.linux-x86_64-cpython-310/pymatgen/io/lobster\n      copying src/pymatgen/io/lobster/outputs.py -> build/lib.linux-x86_64-cpython-310/pymatgen/io/lobster\n      creating build/lib.linux-x86_64-cpython-310/pymatgen/io/vasp\n      copying src/pymatgen/io/vasp/optics.py -> build/lib.linux-x86_64-cpython-310/pymatgen/io/vasp\n      copying src/pymatgen/io/vasp/__init__.py -> build/lib.linux-x86_64-cpython-310/pymatgen/io/vasp\n      copying src/pymatgen/io/vasp/inputs.py -> build/lib.linux-x86_64-cpython-310/pymatgen/io/vasp\n      copying src/pymatgen/io/vasp/sets.py -> build/lib.linux-x86_64-cpython-310/pymatgen/io/vasp\n      copying src/pymatgen/io/vasp/outputs.py -> build/lib.linux-x86_64-cpython-310/pymatgen/io/vasp\n      copying src/pymatgen/io/vasp/help.py -> build/lib.linux-x86_64-cpython-310/pymatgen/io/vasp\n      creating build/lib.linux-x86_64-cpython-310/pymatgen/io/qchem\n      copying src/pymatgen/io/qchem/__init__.py -> build/lib.linux-x86_64-cpython-310/pymatgen/io/qchem\n      copying src/pymatgen/io/qchem/inputs.py -> build/lib.linux-x86_64-cpython-310/pymatgen/io/qchem\n      copying src/pymatgen/io/qchem/sets.py -> build/lib.linux-x86_64-cpython-310/pymatgen/io/qchem\n      copying src/pymatgen/io/qchem/outputs.py -> build/lib.linux-x86_64-cpython-310/pymatgen/io/qchem\n      copying src/pymatgen/io/qchem/utils.py -> build/lib.linux-x86_64-cpython-310/pymatgen/io/qchem\n      creating build/lib.linux-x86_64-cpython-310/pymatgen/io/aims\n      copying src/pymatgen/io/aims/__init__.py -> build/lib.linux-x86_64-cpython-310/pymatgen/io/aims\n      copying src/pymatgen/io/aims/inputs.py -> build/lib.linux-x86_64-cpython-310/pymatgen/io/aims\n      copying src/pymatgen/io/aims/outputs.py -> build/lib.linux-x86_64-cpython-310/pymatgen/io/aims\n      copying src/pymatgen/io/aims/parsers.py -> build/lib.linux-x86_64-cpython-310/pymatgen/io/aims\n      creating build/lib.linux-x86_64-cpython-310/pymatgen/io/feff\n      copying src/pymatgen/io/feff/__init__.py -> build/lib.linux-x86_64-cpython-310/pymatgen/io/feff\n      copying src/pymatgen/io/feff/inputs.py -> build/lib.linux-x86_64-cpython-310/pymatgen/io/feff\n      copying src/pymatgen/io/feff/sets.py -> build/lib.linux-x86_64-cpython-310/pymatgen/io/feff\n      copying src/pymatgen/io/feff/outputs.py -> build/lib.linux-x86_64-cpython-310/pymatgen/io/feff\n      creating build/lib.linux-x86_64-cpython-310/pymatgen/io/abinit\n      copying src/pymatgen/io/abinit/pseudos.py -> build/lib.linux-x86_64-cpython-310/pymatgen/io/abinit\n      copying src/pymatgen/io/abinit/variable.py -> build/lib.linux-x86_64-cpython-310/pymatgen/io/abinit\n      copying src/pymatgen/io/abinit/netcdf.py -> build/lib.linux-x86_64-cpython-310/pymatgen/io/abinit\n      copying src/pymatgen/io/abinit/abiobjects.py -> build/lib.linux-x86_64-cpython-310/pymatgen/io/abinit\n      copying src/pymatgen/io/abinit/__init__.py -> build/lib.linux-x86_64-cpython-310/pymatgen/io/abinit\n      copying src/pymatgen/io/abinit/abitimer.py -> build/lib.linux-x86_64-cpython-310/pymatgen/io/abinit\n      copying src/pymatgen/io/abinit/inputs.py -> build/lib.linux-x86_64-cpython-310/pymatgen/io/abinit\n      creating build/lib.linux-x86_64-cpython-310/pymatgen/io/lammps\n      copying src/pymatgen/io/lammps/__init__.py -> build/lib.linux-x86_64-cpython-310/pymatgen/io/lammps\n      copying src/pymatgen/io/lammps/inputs.py -> build/lib.linux-x86_64-cpython-310/pymatgen/io/lammps\n      copying src/pymatgen/io/lammps/sets.py -> build/lib.linux-x86_64-cpython-310/pymatgen/io/lammps\n      copying src/pymatgen/io/lammps/outputs.py -> build/lib.linux-x86_64-cpython-310/pymatgen/io/lammps\n      copying src/pymatgen/io/lammps/generators.py -> build/lib.linux-x86_64-cpython-310/pymatgen/io/lammps\n      copying src/pymatgen/io/lammps/utils.py -> build/lib.linux-x86_64-cpython-310/pymatgen/io/lammps\n      copying src/pymatgen/io/lammps/data.py -> build/lib.linux-x86_64-cpython-310/pymatgen/io/lammps\n      creating build/lib.linux-x86_64-cpython-310/pymatgen/io/cp2k\n      copying src/pymatgen/io/cp2k/__init__.py -> build/lib.linux-x86_64-cpython-310/pymatgen/io/cp2k\n      copying src/pymatgen/io/cp2k/inputs.py -> build/lib.linux-x86_64-cpython-310/pymatgen/io/cp2k\n      copying src/pymatgen/io/cp2k/sets.py -> build/lib.linux-x86_64-cpython-310/pymatgen/io/cp2k\n      copying src/pymatgen/io/cp2k/outputs.py -> build/lib.linux-x86_64-cpython-310/pymatgen/io/cp2k\n      copying src/pymatgen/io/cp2k/utils.py -> build/lib.linux-x86_64-cpython-310/pymatgen/io/cp2k\n      creating build/lib.linux-x86_64-cpython-310/pymatgen/io/xtb\n      copying src/pymatgen/io/xtb/__init__.py -> build/lib.linux-x86_64-cpython-310/pymatgen/io/xtb\n      copying src/pymatgen/io/xtb/inputs.py -> build/lib.linux-x86_64-cpython-310/pymatgen/io/xtb\n      copying src/pymatgen/io/xtb/outputs.py -> build/lib.linux-x86_64-cpython-310/pymatgen/io/xtb\n      creating build/lib.linux-x86_64-cpython-310/pymatgen/io/pwmat\n      copying src/pymatgen/io/pwmat/__init__.py -> build/lib.linux-x86_64-cpython-310/pymatgen/io/pwmat\n      copying src/pymatgen/io/pwmat/inputs.py -> build/lib.linux-x86_64-cpython-310/pymatgen/io/pwmat\n      copying src/pymatgen/io/pwmat/outputs.py -> build/lib.linux-x86_64-cpython-310/pymatgen/io/pwmat\n      creating build/lib.linux-x86_64-cpython-310/pymatgen/io/jdftx\n      copying src/pymatgen/io/jdftx/joutstructures.py -> build/lib.linux-x86_64-cpython-310/pymatgen/io/jdftx\n      copying src/pymatgen/io/jdftx/jdftxinfile_default_inputs.py -> build/lib.linux-x86_64-cpython-310/pymatgen/io/jdftx\n      copying src/pymatgen/io/jdftx/jminsettings.py -> build/lib.linux-x86_64-cpython-310/pymatgen/io/jdftx\n      copying src/pymatgen/io/jdftx/joutstructure.py -> build/lib.linux-x86_64-cpython-310/pymatgen/io/jdftx\n      copying src/pymatgen/io/jdftx/jelstep.py -> build/lib.linux-x86_64-cpython-310/pymatgen/io/jdftx\n      copying src/pymatgen/io/jdftx/__init__.py -> build/lib.linux-x86_64-cpython-310/pymatgen/io/jdftx\n      copying src/pymatgen/io/jdftx/jdftxinfile_ref_options.py -> build/lib.linux-x86_64-cpython-310/pymatgen/io/jdftx\n      copying src/pymatgen/io/jdftx/jdftxinfile_master_format.py -> build/lib.linux-x86_64-cpython-310/pymatgen/io/jdftx\n      copying src/pymatgen/io/jdftx/_output_utils.py -> build/lib.linux-x86_64-cpython-310/pymatgen/io/jdftx\n      copying src/pymatgen/io/jdftx/jdftxoutfileslice.py -> build/lib.linux-x86_64-cpython-310/pymatgen/io/jdftx\n      copying src/pymatgen/io/jdftx/generic_tags.py -> build/lib.linux-x86_64-cpython-310/pymatgen/io/jdftx\n      copying src/pymatgen/io/jdftx/inputs.py -> build/lib.linux-x86_64-cpython-310/pymatgen/io/jdftx\n      copying src/pymatgen/io/jdftx/outputs.py -> build/lib.linux-x86_64-cpython-310/pymatgen/io/jdftx\n      creating build/lib.linux-x86_64-cpython-310/pymatgen/io/exciting\n      copying src/pymatgen/io/exciting/__init__.py -> build/lib.linux-x86_64-cpython-310/pymatgen/io/exciting\n      copying src/pymatgen/io/exciting/inputs.py -> build/lib.linux-x86_64-cpython-310/pymatgen/io/exciting\n      creating build/lib.linux-x86_64-cpython-310/pymatgen/io/aims/sets\n      copying src/pymatgen/io/aims/sets/bs.py -> build/lib.linux-x86_64-cpython-310/pymatgen/io/aims/sets\n      copying src/pymatgen/io/aims/sets/__init__.py -> build/lib.linux-x86_64-cpython-310/pymatgen/io/aims/sets\n      copying src/pymatgen/io/aims/sets/base.py -> build/lib.linux-x86_64-cpython-310/pymatgen/io/aims/sets\n      copying src/pymatgen/io/aims/sets/core.py -> build/lib.linux-x86_64-cpython-310/pymatgen/io/aims/sets\n      copying src/pymatgen/io/aims/sets/magnetism.py -> build/lib.linux-x86_64-cpython-310/pymatgen/io/aims/sets\n      copying src/pymatgen/py.typed -> build/lib.linux-x86_64-cpython-310/pymatgen\n      copying src/pymatgen/symmetry/symm_ops.json -> build/lib.linux-x86_64-cpython-310/pymatgen/symmetry\n      copying src/pymatgen/symmetry/symm_data.json -> build/lib.linux-x86_64-cpython-310/pymatgen/symmetry\n      copying src/pymatgen/symmetry/symm_data_magnetic.sqlite -> build/lib.linux-x86_64-cpython-310/pymatgen/symmetry\n      copying src/pymatgen/symmetry/symm_data.yaml -> build/lib.linux-x86_64-cpython-310/pymatgen/symmetry\n      copying src/pymatgen/symmetry/symm_ops.yaml -> build/lib.linux-x86_64-cpython-310/pymatgen/symmetry\n      copying src/pymatgen/util/plotly_interface_rxn_layouts.json -> build/lib.linux-x86_64-cpython-310/pymatgen/util\n      copying src/pymatgen/util/plotly_pd_layouts.json -> build/lib.linux-x86_64-cpython-310/pymatgen/util\n      copying src/pymatgen/util/plotly_chempot_layouts.json -> build/lib.linux-x86_64-cpython-310/pymatgen/util\n      creating build/lib.linux-x86_64-cpython-310/pymatgen/util/structures\n      copying src/pymatgen/util/structures/Si.json -> build/lib.linux-x86_64-cpython-310/pymatgen/util/structures\n      copying src/pymatgen/util/structures/Sn.json -> build/lib.linux-x86_64-cpython-310/pymatgen/util/structures\n      copying src/pymatgen/util/structures/VO2.json -> build/lib.linux-x86_64-cpython-310/pymatgen/util/structures\n      copying src/pymatgen/util/structures/He_BCC.json -> build/lib.linux-x86_64-cpython-310/pymatgen/util/structures\n      copying src/pymatgen/util/structures/Graphite.json -> build/lib.linux-x86_64-cpython-310/pymatgen/util/structures\n      copying src/pymatgen/util/structures/BaNiO3.json -> build/lib.linux-x86_64-cpython-310/pymatgen/util/structures\n      copying src/pymatgen/util/structures/Pb2TiZrO6.json -> build/lib.linux-x86_64-cpython-310/pymatgen/util/structures\n      copying src/pymatgen/util/structures/LiFePO4.json -> build/lib.linux-x86_64-cpython-310/pymatgen/util/structures\n      copying src/pymatgen/util/structures/Li10GeP2S12.json -> build/lib.linux-x86_64-cpython-310/pymatgen/util/structures\n      copying src/pymatgen/util/structures/SrTiO3.json -> build/lib.linux-x86_64-cpython-310/pymatgen/util/structures\n      copying src/pymatgen/util/structures/CsCl.json -> build/lib.linux-x86_64-cpython-310/pymatgen/util/structures\n      copying src/pymatgen/util/structures/La2CoO4F.json -> build/lib.linux-x86_64-cpython-310/pymatgen/util/structures\n      copying src/pymatgen/util/structures/Si_SiO2_Interface.json -> build/lib.linux-x86_64-cpython-310/pymatgen/util/structures\n      copying src/pymatgen/util/structures/K2O2.json -> build/lib.linux-x86_64-cpython-310/pymatgen/util/structures\n      copying src/pymatgen/util/structures/TlBiSe2.json -> build/lib.linux-x86_64-cpython-310/pymatgen/util/structures\n      copying src/pymatgen/util/structures/Li2O.json -> build/lib.linux-x86_64-cpython-310/pymatgen/util/structures\n      copying src/pymatgen/util/structures/TiO2.json -> build/lib.linux-x86_64-cpython-310/pymatgen/util/structures\n      copying src/pymatgen/util/structures/Li2O2.json -> build/lib.linux-x86_64-cpython-310/pymatgen/util/structures\n      copying src/pymatgen/util/structures/Li3V2(PO4)3.json -> build/lib.linux-x86_64-cpython-310/pymatgen/util/structures\n      copying src/pymatgen/util/structures/NaFePO4.json -> build/lib.linux-x86_64-cpython-310/pymatgen/util/structures\n      copying src/pymatgen/util/structures/SiO2.json -> build/lib.linux-x86_64-cpython-310/pymatgen/util/structures\n      copying src/pymatgen/core/libxc_docs.json -> build/lib.linux-x86_64-cpython-310/pymatgen/core\n      copying src/pymatgen/core/quad_data.json -> build/lib.linux-x86_64-cpython-310/pymatgen/core\n      copying src/pymatgen/core/reconstructions_archive.json -> build/lib.linux-x86_64-cpython-310/pymatgen/core\n      copying src/pymatgen/core/bond_lengths.json -> build/lib.linux-x86_64-cpython-310/pymatgen/core\n      copying src/pymatgen/core/func_groups.json -> build/lib.linux-x86_64-cpython-310/pymatgen/core\n      copying src/pymatgen/core/periodic_table.json.gz -> build/lib.linux-x86_64-cpython-310/pymatgen/core\n      copying src/pymatgen/analysis/atomic_subshell_photoionization_cross_sections.csv -> build/lib.linux-x86_64-cpython-310/pymatgen/analysis\n      copying src/pymatgen/analysis/hhi_data.csv -> build/lib.linux-x86_64-cpython-310/pymatgen/analysis\n      copying src/pymatgen/analysis/costdb_elements.csv -> build/lib.linux-x86_64-cpython-310/pymatgen/analysis\n      copying src/pymatgen/analysis/ionic_radii.json -> build/lib.linux-x86_64-cpython-310/pymatgen/analysis\n      copying src/pymatgen/analysis/icsd_bv.yaml -> build/lib.linux-x86_64-cpython-310/pymatgen/analysis\n      copying src/pymatgen/analysis/bonds_jmol_ob.yaml -> build/lib.linux-x86_64-cpython-310/pymatgen/analysis\n      copying src/pymatgen/analysis/cn_opt_params.yaml -> build/lib.linux-x86_64-cpython-310/pymatgen/analysis\n      copying src/pymatgen/analysis/bvparam_1991.yaml -> build/lib.linux-x86_64-cpython-310/pymatgen/analysis\n      copying src/pymatgen/analysis/op_params.yaml -> build/lib.linux-x86_64-cpython-310/pymatgen/analysis\n      copying src/pymatgen/analysis/vesta_cutoffs.yaml -> build/lib.linux-x86_64-cpython-310/pymatgen/analysis\n      copying src/pymatgen/entries/calc_compounds.json.gz -> build/lib.linux-x86_64-cpython-310/pymatgen/entries\n      copying src/pymatgen/entries/exp_compounds.json.gz -> build/lib.linux-x86_64-cpython-310/pymatgen/entries\n      copying src/pymatgen/entries/MP2020Compatibility.yaml -> build/lib.linux-x86_64-cpython-310/pymatgen/entries\n      copying src/pymatgen/entries/MPCompatibility.yaml -> build/lib.linux-x86_64-cpython-310/pymatgen/entries\n      copying src/pymatgen/entries/MITCompatibility.yaml -> build/lib.linux-x86_64-cpython-310/pymatgen/entries\n      creating build/lib.linux-x86_64-cpython-310/pymatgen/entries/data\n      copying src/pymatgen/entries/data/nist_gas_gf.json -> build/lib.linux-x86_64-cpython-310/pymatgen/entries/data\n      copying src/pymatgen/entries/data/g_els.json -> build/lib.linux-x86_64-cpython-310/pymatgen/entries/data\n      copying src/pymatgen/vis/ElementColorSchemes.yaml -> build/lib.linux-x86_64-cpython-310/pymatgen/vis\n      copying src/pymatgen/analysis/structure_prediction/DLS_bond_params.yaml -> build/lib.linux-x86_64-cpython-310/pymatgen/analysis/structure_prediction\n      creating build/lib.linux-x86_64-cpython-310/pymatgen/analysis/structure_prediction/data\n      copying src/pymatgen/analysis/structure_prediction/data/pair_correlation.json -> build/lib.linux-x86_64-cpython-310/pymatgen/analysis/structure_prediction/data\n      copying src/pymatgen/analysis/structure_prediction/data/lambda.json -> build/lib.linux-x86_64-cpython-310/pymatgen/analysis/structure_prediction/data\n      copying src/pymatgen/analysis/prototypes/aflow_prototypes.json.gz -> build/lib.linux-x86_64-cpython-310/pymatgen/analysis/prototypes\n      copying src/pymatgen/analysis/prototypes/wyckoff-position-params.json.gz -> build/lib.linux-x86_64-cpython-310/pymatgen/analysis/prototypes\n      copying src/pymatgen/analysis/prototypes/wyckoff-position-multiplicities.json.gz -> build/lib.linux-x86_64-cpython-310/pymatgen/analysis/prototypes\n      copying src/pymatgen/analysis/prototypes/wyckoff-position-relabelings.json.gz -> build/lib.linux-x86_64-cpython-310/pymatgen/analysis/prototypes\n      copying src/pymatgen/analysis/chemenv/coordination_environments/coordination_geometries_files/TO_2#9.json -> build/lib.linux-x86_64-cpython-310/pymatgen/analysis/chemenv/coordination_environments/coordination_geometries_files\n      copying src/pymatgen/analysis/chemenv/coordination_environments/coordination_geometries_files/BO_3#8.json -> build/lib.linux-x86_64-cpython-310/pymatgen/analysis/chemenv/coordination_environments/coordination_geometries_files\n      copying src/pymatgen/analysis/chemenv/coordination_environments/coordination_geometries_files/SY#4.json -> build/lib.linux-x86_64-cpython-310/pymatgen/analysis/chemenv/coordination_environments/coordination_geometries_files\n      copying src/pymatgen/analysis/chemenv/coordination_environments/coordination_geometries_files/TL#3.json -> build/lib.linux-x86_64-cpython-310/pymatgen/analysis/chemenv/coordination_environments/coordination_geometries_files\n      copying src/pymatgen/analysis/chemenv/coordination_environments/coordination_geometries_files/PB#7.json -> build/lib.linux-x86_64-cpython-310/pymatgen/analysis/chemenv/coordination_environments/coordination_geometries_files\n      copying src/pymatgen/analysis/chemenv/coordination_environments/coordination_geometries_files/S#5.json -> build/lib.linux-x86_64-cpython-310/pymatgen/analysis/chemenv/coordination_environments/coordination_geometries_files\n      copying src/pymatgen/analysis/chemenv/coordination_environments/coordination_geometries_files/AC#12.json -> build/lib.linux-x86_64-cpython-310/pymatgen/analysis/chemenv/coordination_environments/coordination_geometries_files\n      copying src/pymatgen/analysis/chemenv/coordination_environments/coordination_geometries_files/S#12.json -> build/lib.linux-x86_64-cpython-310/pymatgen/analysis/chemenv/coordination_environments/coordination_geometries_files\n      copying src/pymatgen/analysis/chemenv/coordination_environments/coordination_geometries_files/TC#9.json -> build/lib.linux-x86_64-cpython-310/pymatgen/analysis/chemenv/coordination_environments/coordination_geometries_files\n      copying src/pymatgen/analysis/chemenv/coordination_environments/coordination_geometries_files/PCPA#11.json -> build/lib.linux-x86_64-cpython-310/pymatgen/analysis/chemenv/coordination_environments/coordination_geometries_files\n      copying src/pymatgen/analysis/chemenv/coordination_environments/coordination_geometries_files/BS_2#10.json -> build/lib.linux-x86_64-cpython-310/pymatgen/analysis/chemenv/coordination_environments/coordination_geometries_files\n      copying src/pymatgen/analysis/chemenv/coordination_environments/coordination_geometries_files/TT_2#9.json -> build/lib.linux-x86_64-cpython-310/pymatgen/analysis/chemenv/coordination_environments/coordination_geometries_files\n      copying src/pymatgen/analysis/chemenv/coordination_environments/coordination_geometries_files/BS_1#10.json -> build/lib.linux-x86_64-cpython-310/pymatgen/analysis/chemenv/coordination_environments/coordination_geometries_files\n      copying src/pymatgen/analysis/chemenv/coordination_environments/coordination_geometries_files/T#5.json -> build/lib.linux-x86_64-cpython-310/pymatgen/analysis/chemenv/coordination_environments/coordination_geometries_files\n      copying src/pymatgen/analysis/chemenv/coordination_environments/coordination_geometries_files/S#10.json -> build/lib.linux-x86_64-cpython-310/pymatgen/analysis/chemenv/coordination_environments/coordination_geometries_files\n      copying src/pymatgen/analysis/chemenv/coordination_environments/coordination_geometries_files/H#11.json -> build/lib.linux-x86_64-cpython-310/pymatgen/analysis/chemenv/coordination_environments/coordination_geometries_files\n      copying src/pymatgen/analysis/chemenv/coordination_environments/coordination_geometries_files/TI#9.json -> build/lib.linux-x86_64-cpython-310/pymatgen/analysis/chemenv/coordination_environments/coordination_geometries_files\n      copying src/pymatgen/analysis/chemenv/coordination_environments/coordination_geometries_files/HA#12.json -> build/lib.linux-x86_64-cpython-310/pymatgen/analysis/chemenv/coordination_environments/coordination_geometries_files\n      copying src/pymatgen/analysis/chemenv/coordination_environments/coordination_geometries_files/TO_1#9.json -> build/lib.linux-x86_64-cpython-310/pymatgen/analysis/chemenv/coordination_environments/coordination_geometries_files\n      copying src/pymatgen/analysis/chemenv/coordination_environments/coordination_geometries_files/PP#5.json -> build/lib.linux-x86_64-cpython-310/pymatgen/analysis/chemenv/coordination_environments/coordination_geometries_files\n      copying src/pymatgen/analysis/chemenv/coordination_environments/coordination_geometries_files/T#6.json -> build/lib.linux-x86_64-cpython-310/pymatgen/analysis/chemenv/coordination_environments/coordination_geometries_files\n      copying src/pymatgen/analysis/chemenv/coordination_environments/coordination_geometries_files/PP#10.json -> build/lib.linux-x86_64-cpython-310/pymatgen/analysis/chemenv/coordination_environments/coordination_geometries_files\n      copying src/pymatgen/analysis/chemenv/coordination_environments/coordination_geometries_files/TT#12.json -> build/lib.linux-x86_64-cpython-310/pymatgen/analysis/chemenv/coordination_environments/coordination_geometries_files\n      copying src/pymatgen/analysis/chemenv/coordination_environments/coordination_geometries_files/SH#11.json -> build/lib.linux-x86_64-cpython-310/pymatgen/analysis/chemenv/coordination_environments/coordination_geometries_files\n      copying src/pymatgen/analysis/chemenv/coordination_environments/coordination_geometries_files/HD#9.json -> build/lib.linux-x86_64-cpython-310/pymatgen/analysis/chemenv/coordination_environments/coordination_geometries_files\n      copying src/pymatgen/analysis/chemenv/coordination_environments/coordination_geometries_files/C#8.json -> build/lib.linux-x86_64-cpython-310/pymatgen/analysis/chemenv/coordination_environments/coordination_geometries_files\n      copying src/pymatgen/analysis/chemenv/coordination_environments/coordination_geometries_files/TT_3#9.json -> build/lib.linux-x86_64-cpython-310/pymatgen/analysis/chemenv/coordination_environments/coordination_geometries_files\n      copying src/pymatgen/analysis/chemenv/coordination_environments/coordination_geometries_files/SA#8.json -> build/lib.linux-x86_64-cpython-310/pymatgen/analysis/chemenv/coordination_environments/coordination_geometries_files\n      copying src/pymatgen/analysis/chemenv/coordination_environments/coordination_geometries_files/MI#10.json -> build/lib.linux-x86_64-cpython-310/pymatgen/analysis/chemenv/coordination_environments/coordination_geometries_files\n      copying src/pymatgen/analysis/chemenv/coordination_environments/coordination_geometries_files/HP#12.json -> build/lib.linux-x86_64-cpython-310/pymatgen/analysis/chemenv/coordination_environments/coordination_geometries_files\n      copying src/pymatgen/analysis/chemenv/coordination_environments/coordination_geometries_files/DD#8.json -> build/lib.linux-x86_64-cpython-310/pymatgen/analysis/chemenv/coordination_environments/coordination_geometries_files\n      copying src/pymatgen/analysis/chemenv/coordination_environments/coordination_geometries_files/SMA#9.json -> build/lib.linux-x86_64-cpython-310/pymatgen/analysis/chemenv/coordination_environments/coordination_geometries_files\n      copying src/pymatgen/analysis/chemenv/coordination_environments/coordination_geometries_files/CO#11.json -> build/lib.linux-x86_64-cpython-310/pymatgen/analysis/chemenv/coordination_environments/coordination_geometries_files\n      copying src/pymatgen/analysis/chemenv/coordination_environments/coordination_geometries_files/DI#11.json -> build/lib.linux-x86_64-cpython-310/pymatgen/analysis/chemenv/coordination_environments/coordination_geometries_files\n      copying src/pymatgen/analysis/chemenv/coordination_environments/coordination_geometries_files/C#12.json -> build/lib.linux-x86_64-cpython-310/pymatgen/analysis/chemenv/coordination_environments/coordination_geometries_files\n      copying src/pymatgen/analysis/chemenv/coordination_environments/coordination_geometries_files/S#1.json -> build/lib.linux-x86_64-cpython-310/pymatgen/analysis/chemenv/coordination_environments/coordination_geometries_files\n      copying src/pymatgen/analysis/chemenv/coordination_environments/coordination_geometries_files/O#6.json -> build/lib.linux-x86_64-cpython-310/pymatgen/analysis/chemenv/coordination_environments/coordination_geometries_files\n      copying src/pymatgen/analysis/chemenv/coordination_environments/coordination_geometries_files/DDPN#8.json -> build/lib.linux-x86_64-cpython-310/pymatgen/analysis/chemenv/coordination_environments/coordination_geometries_files\n      copying src/pymatgen/analysis/chemenv/coordination_environments/coordination_geometries_files/SC#12.json -> build/lib.linux-x86_64-cpython-310/pymatgen/analysis/chemenv/coordination_environments/coordination_geometries_files\n      copying src/pymatgen/analysis/chemenv/coordination_environments/coordination_geometries_files/ET#7.json -> build/lib.linux-x86_64-cpython-310/pymatgen/analysis/chemenv/coordination_environments/coordination_geometries_files\n      copying src/pymatgen/analysis/chemenv/coordination_environments/coordination_geometries_files/TO_3#9.json -> build/lib.linux-x86_64-cpython-310/pymatgen/analysis/chemenv/coordination_environments/coordination_geometries_files\n      copying src/pymatgen/analysis/chemenv/coordination_environments/coordination_geometries_files/A#2.json -> build/lib.linux-x86_64-cpython-310/pymatgen/analysis/chemenv/coordination_environments/coordination_geometries_files\n      copying src/pymatgen/analysis/chemenv/coordination_environments/coordination_geometries_files/SS#9.json -> build/lib.linux-x86_64-cpython-310/pymatgen/analysis/chemenv/coordination_environments/coordination_geometries_files\n      copying src/pymatgen/analysis/chemenv/coordination_environments/coordination_geometries_files/PP#6.json -> build/lib.linux-x86_64-cpython-310/pymatgen/analysis/chemenv/coordination_environments/coordination_geometries_files\n      copying src/pymatgen/analysis/chemenv/coordination_environments/coordination_geometries_files/S#4.json -> build/lib.linux-x86_64-cpython-310/pymatgen/analysis/chemenv/coordination_environments/coordination_geometries_files\n      copying src/pymatgen/analysis/chemenv/coordination_environments/coordination_geometries_files/ST#7.json -> build/lib.linux-x86_64-cpython-310/pymatgen/analysis/chemenv/coordination_environments/coordination_geometries_files\n      copying src/pymatgen/analysis/chemenv/coordination_environments/coordination_geometries_files/SS#4.json -> build/lib.linux-x86_64-cpython-310/pymatgen/analysis/chemenv/coordination_environments/coordination_geometries_files\n      copying src/pymatgen/analysis/chemenv/coordination_environments/coordination_geometries_files/PBP#12.json -> build/lib.linux-x86_64-cpython-310/pymatgen/analysis/chemenv/coordination_environments/coordination_geometries_files\n      copying src/pymatgen/analysis/chemenv/coordination_environments/coordination_geometries_files/O#6_explicit.json -> build/lib.linux-x86_64-cpython-310/pymatgen/analysis/chemenv/coordination_environments/coordination_geometries_files\n      copying src/pymatgen/analysis/chemenv/coordination_environments/coordination_geometries_files/TBT#8.json -> build/lib.linux-x86_64-cpython-310/pymatgen/analysis/chemenv/coordination_environments/coordination_geometries_files\n      copying src/pymatgen/analysis/chemenv/coordination_environments/coordination_geometries_files/BO_1#8.json -> build/lib.linux-x86_64-cpython-310/pymatgen/analysis/chemenv/coordination_environments/coordination_geometries_files\n      copying src/pymatgen/analysis/chemenv/coordination_environments/coordination_geometries_files/SBSA#10.json -> build/lib.linux-x86_64-cpython-310/pymatgen/analysis/chemenv/coordination_environments/coordination_geometries_files\n      copying src/pymatgen/analysis/chemenv/coordination_environments/coordination_geometries_files/TS#3.json -> build/lib.linux-x86_64-cpython-310/pymatgen/analysis/chemenv/coordination_environments/coordination_geometries_files\n      copying src/pymatgen/analysis/chemenv/coordination_environments/coordination_geometries_files/PA#10.json -> build/lib.linux-x86_64-cpython-310/pymatgen/analysis/chemenv/coordination_environments/coordination_geometries_files\n      copying src/pymatgen/analysis/chemenv/coordination_environments/coordination_geometries_files/SH#13.json -> build/lib.linux-x86_64-cpython-310/pymatgen/analysis/chemenv/coordination_environments/coordination_geometries_files\n      copying src/pymatgen/analysis/chemenv/coordination_environments/coordination_geometries_files/DD#20.json -> build/lib.linux-x86_64-cpython-310/pymatgen/analysis/chemenv/coordination_environments/coordination_geometries_files\n      copying src/pymatgen/analysis/chemenv/coordination_environments/coordination_geometries_files/H#10.json -> build/lib.linux-x86_64-cpython-310/pymatgen/analysis/chemenv/coordination_environments/coordination_geometries_files\n      copying src/pymatgen/analysis/chemenv/coordination_environments/coordination_geometries_files/HB#8.json -> build/lib.linux-x86_64-cpython-310/pymatgen/analysis/chemenv/coordination_environments/coordination_geometries_files\n      copying src/pymatgen/analysis/chemenv/coordination_environments/coordination_geometries_files/TT_1#9.json -> build/lib.linux-x86_64-cpython-310/pymatgen/analysis/chemenv/coordination_environments/coordination_geometries_files\n      copying src/pymatgen/analysis/chemenv/coordination_environments/coordination_geometries_files/T#4.json -> build/lib.linux-x86_64-cpython-310/pymatgen/analysis/chemenv/coordination_environments/coordination_geometries_files\n      copying src/pymatgen/analysis/chemenv/coordination_environments/coordination_geometries_files/TY#3.json -> build/lib.linux-x86_64-cpython-310/pymatgen/analysis/chemenv/coordination_environments/coordination_geometries_files\n      copying src/pymatgen/analysis/chemenv/coordination_environments/coordination_geometries_files/I#12.json -> build/lib.linux-x86_64-cpython-310/pymatgen/analysis/chemenv/coordination_environments/coordination_geometries_files\n      copying src/pymatgen/analysis/chemenv/coordination_environments/coordination_geometries_files/FO#7.json -> build/lib.linux-x86_64-cpython-310/pymatgen/analysis/chemenv/coordination_environments/coordination_geometries_files\n      copying src/pymatgen/analysis/chemenv/coordination_environments/coordination_geometries_files/SBT#8.json -> build/lib.linux-x86_64-cpython-310/pymatgen/analysis/chemenv/coordination_environments/coordination_geometries_files\n      copying src/pymatgen/analysis/chemenv/coordination_environments/coordination_geometries_files/L#2.json -> build/lib.linux-x86_64-cpython-310/pymatgen/analysis/chemenv/coordination_environments/coordination_geometries_files\n      copying src/pymatgen/analysis/chemenv/coordination_environments/coordination_geometries_files/TBSA#10.json -> build/lib.linux-x86_64-cpython-310/pymatgen/analysis/chemenv/coordination_environments/coordination_geometries_files\n      copying src/pymatgen/analysis/chemenv/coordination_environments/coordination_geometries_files/BO_2#8.json -> build/lib.linux-x86_64-cpython-310/pymatgen/analysis/chemenv/coordination_environments/coordination_geometries_files\n      copying src/pymatgen/analysis/chemenv/coordination_environments/coordination_geometries_files/allcg.txt -> build/lib.linux-x86_64-cpython-310/pymatgen/analysis/chemenv/coordination_environments/coordination_geometries_files\n      copying src/pymatgen/analysis/solar/am1.5G.dat -> build/lib.linux-x86_64-cpython-310/pymatgen/analysis/solar\n      copying src/pymatgen/analysis/diffraction/neutron_scattering_length.json -> build/lib.linux-x86_64-cpython-310/pymatgen/analysis/diffraction\n      copying src/pymatgen/analysis/diffraction/atomic_scattering_params.json -> build/lib.linux-x86_64-cpython-310/pymatgen/analysis/diffraction\n      copying src/pymatgen/analysis/magnetism/default_magmoms.yaml -> build/lib.linux-x86_64-cpython-310/pymatgen/analysis/magnetism\n      creating build/lib.linux-x86_64-cpython-310/pymatgen/io/lobster/lobster_basis\n      copying src/pymatgen/io/lobster/lobster_basis/BASIS_PBE_54_min.yaml -> build/lib.linux-x86_64-cpython-310/pymatgen/io/lobster/lobster_basis\n      copying src/pymatgen/io/lobster/lobster_basis/BASIS_PBE_54_max.yaml -> build/lib.linux-x86_64-cpython-310/pymatgen/io/lobster/lobster_basis\n      copying src/pymatgen/io/lobster/lobster_basis/BASIS_PBE_54_standard.yaml -> build/lib.linux-x86_64-cpython-310/pymatgen/io/lobster/lobster_basis\n      copying src/pymatgen/io/vasp/vasp_potcar_file_hashes.json -> build/lib.linux-x86_64-cpython-310/pymatgen/io/vasp\n      copying src/pymatgen/io/vasp/incar_parameters.json -> build/lib.linux-x86_64-cpython-310/pymatgen/io/vasp\n      copying src/pymatgen/io/vasp/vasp_potcar_pymatgen_hashes.json -> build/lib.linux-x86_64-cpython-310/pymatgen/io/vasp\n      copying src/pymatgen/io/vasp/potcar-summary-stats.json.bz2 -> build/lib.linux-x86_64-cpython-310/pymatgen/io/vasp\n      copying src/pymatgen/io/vasp/MPSCANRelaxSet.yaml -> build/lib.linux-x86_64-cpython-310/pymatgen/io/vasp\n      copying src/pymatgen/io/vasp/MITRelaxSet.yaml -> build/lib.linux-x86_64-cpython-310/pymatgen/io/vasp\n      copying src/pymatgen/io/vasp/MVLRelax52Set.yaml -> build/lib.linux-x86_64-cpython-310/pymatgen/io/vasp\n      copying src/pymatgen/io/vasp/PBE64Base.yaml -> build/lib.linux-x86_64-cpython-310/pymatgen/io/vasp\n      copying src/pymatgen/io/vasp/MP24RelaxSet.yaml -> build/lib.linux-x86_64-cpython-310/pymatgen/io/vasp\n      copying src/pymatgen/io/vasp/MPRelaxSet.yaml -> build/lib.linux-x86_64-cpython-310/pymatgen/io/vasp\n      copying src/pymatgen/io/vasp/MPAbsorptionSet.yaml -> build/lib.linux-x86_64-cpython-310/pymatgen/io/vasp\n      copying src/pymatgen/io/vasp/MVLGWSet.yaml -> build/lib.linux-x86_64-cpython-310/pymatgen/io/vasp\n      copying src/pymatgen/io/vasp/PBE54Base.yaml -> build/lib.linux-x86_64-cpython-310/pymatgen/io/vasp\n      copying src/pymatgen/io/vasp/VASPIncarBase.yaml -> build/lib.linux-x86_64-cpython-310/pymatgen/io/vasp\n      copying src/pymatgen/io/vasp/MatPESStaticSet.yaml -> build/lib.linux-x86_64-cpython-310/pymatgen/io/vasp\n      copying src/pymatgen/io/vasp/vdW_parameters.yaml -> build/lib.linux-x86_64-cpython-310/pymatgen/io/vasp\n      copying src/pymatgen/io/vasp/MPHSERelaxSet.yaml -> build/lib.linux-x86_64-cpython-310/pymatgen/io/vasp\n      copying src/pymatgen/io/feff/MPEXELFSSet.yaml -> build/lib.linux-x86_64-cpython-310/pymatgen/io/feff\n      copying src/pymatgen/io/feff/MPELNESSet.yaml -> build/lib.linux-x86_64-cpython-310/pymatgen/io/feff\n      copying src/pymatgen/io/feff/MPEXAFSSet.yaml -> build/lib.linux-x86_64-cpython-310/pymatgen/io/feff\n      copying src/pymatgen/io/feff/MPXANESSet.yaml -> build/lib.linux-x86_64-cpython-310/pymatgen/io/feff\n      copying src/pymatgen/io/lammps/CoeffsDataType.yaml -> build/lib.linux-x86_64-cpython-310/pymatgen/io/lammps\n      creating build/lib.linux-x86_64-cpython-310/pymatgen/io/lammps/templates\n      copying src/pymatgen/io/lammps/templates/thermalization.template -> build/lib.linux-x86_64-cpython-310/pymatgen/io/lammps/templates\n      copying src/pymatgen/io/lammps/templates/minimization.template -> build/lib.linux-x86_64-cpython-310/pymatgen/io/lammps/templates\n      copying src/pymatgen/io/lammps/templates/msd.template -> build/lib.linux-x86_64-cpython-310/pymatgen/io/lammps/templates\n      copying src/pymatgen/io/lammps/templates/md.template -> build/lib.linux-x86_64-cpython-310/pymatgen/io/lammps/templates\n      running build_ext\n      Compiling src/pymatgen/optimization/linear_assignment.pyx because it changed.\n      [1/1] Cythonizing src/pymatgen/optimization/linear_assignment.pyx\n      building 'pymatgen.optimization.linear_assignment' extension\n      creating build/temp.linux-x86_64-cpython-310/src/pymatgen/optimization\n      x86_64-linux-gnu-gcc -Wno-unused-result -Wsign-compare -DNDEBUG -g -fwrapv -O2 -Wall -g -fstack-protector-strong -Wformat -Werror=format-security -g -fwrapv -O2 -fPIC -I/tmp/pip-build-env-9boaxqdy/overlay/local/lib/python3.10/dist-packages/numpy/_core/include -I/usr/include/python3.10 -c src/pymatgen/optimization/linear_assignment.c -o build/temp.linux-x86_64-cpython-310/src/pymatgen/optimization/linear_assignment.o\n      src/pymatgen/optimization/linear_assignment.c:24:10: fatal error: Python.h: No such file or directory\n         24 | #include \"Python.h\"\n            |          ^~~~~~~~~~\n      compilation terminated.\n      error: command '/usr/bin/x86_64-linux-gnu-gcc' failed with exit code 1\n      [end of output]\n  \n  note: This error originates from a subprocess, and is likely not a problem with pip.\n  ERROR: Failed building wheel for pymatgen\nerror: failed-wheel-build-for-install\n\n× Failed to build installable wheels for some pyproject.toml based projects\n╰─> pymatgen\n",
    "execution_time": 10.63667106628418
  },
  {
    "command": "pip install .",
    "success": false,
    "stdout": "Looking in indexes: https://repo.huaweicloud.com/repository/pypi/simple/\nProcessing /app/repo_to_process\n  Installing build dependencies: started\n  Installing build dependencies: finished with status 'done'\n  Getting requirements to build wheel: started\n  Getting requirements to build wheel: finished with status 'done'\n  Preparing metadata (pyproject.toml): started\n  Preparing metadata (pyproject.toml): finished with status 'done'\nRequirement already satisfied: bibtexparser>=1.4.0 in /usr/local/lib/python3.10/dist-packages (from pymatgen==2025.6.14) (1.4.3)\nRequirement already satisfied: joblib>=1 in /usr/local/lib/python3.10/dist-packages (from pymatgen==2025.6.14) (1.4.2)\nRequirement already satisfied: matplotlib>=3.8 in /usr/local/lib/python3.10/dist-packages (from pymatgen==2025.6.14) (3.9.2)\nRequirement already satisfied: monty>=2025.1.9 in /usr/local/lib/python3.10/dist-packages (from pymatgen==2025.6.14) (2025.1.9)\nRequirement already satisfied: networkx>=2.7 in /usr/local/lib/python3.10/dist-packages (from pymatgen==2025.6.14) (3.4.2)\nRequirement already satisfied: numpy<3,>=1.25.0 in /usr/local/lib/python3.10/dist-packages (from pymatgen==2025.6.14) (2.0.0)\nRequirement already satisfied: orjson<4,>=3.10 in /usr/local/lib/python3.10/dist-packages (from pymatgen==2025.6.14) (3.10.18)\nRequirement already satisfied: palettable>=3.3.3 in /usr/local/lib/python3.10/dist-packages (from pymatgen==2025.6.14) (3.3.3)\nRequirement already satisfied: pandas>=2 in /usr/local/lib/python3.10/dist-packages (from pymatgen==2025.6.14) (2.2.3)\nRequirement already satisfied: plotly>=5.0.0 in /usr/local/lib/python3.10/dist-packages (from pymatgen==2025.6.14) (5.24.1)\nRequirement already satisfied: requests>=2.32 in /usr/local/lib/python3.10/dist-packages (from pymatgen==2025.6.14) (2.32.4)\nRequirement already satisfied: ruamel.yaml>=0.17.0 in /usr/local/lib/python3.10/dist-packages (from pymatgen==2025.6.14) (0.18.10)\nRequirement already satisfied: scipy>=1.13.0 in /usr/local/lib/python3.10/dist-packages (from pymatgen==2025.6.14) (1.14.1)\nRequirement already satisfied: spglib>=2.5 in /usr/local/lib/python3.10/dist-packages (from pymatgen==2025.6.14) (2.5.0)\nRequirement already satisfied: sympy>=1.3 in /usr/local/lib/python3.10/dist-packages (from pymatgen==2025.6.14) (1.13.1)\nRequirement already satisfied: tabulate>=0.9 in /usr/local/lib/python3.10/dist-packages (from pymatgen==2025.6.14) (0.9.0)\nRequirement already satisfied: tqdm>=4.60 in /usr/local/lib/python3.10/dist-packages (from pymatgen==2025.6.14) (4.67.1)\nRequirement already satisfied: uncertainties>=3.1.4 in /usr/local/lib/python3.10/dist-packages (from pymatgen==2025.6.14) (3.2.2)\nRequirement already satisfied: pyparsing>=2.0.3 in /usr/local/lib/python3.10/dist-packages (from bibtexparser>=1.4.0->pymatgen==2025.6.14) (3.2.0)\nRequirement already satisfied: contourpy>=1.0.1 in /usr/local/lib/python3.10/dist-packages (from matplotlib>=3.8->pymatgen==2025.6.14) (1.3.1)\nRequirement already satisfied: cycler>=0.10 in /usr/local/lib/python3.10/dist-packages (from matplotlib>=3.8->pymatgen==2025.6.14) (0.12.1)\nRequirement already satisfied: fonttools>=4.22.0 in /usr/local/lib/python3.10/dist-packages (from matplotlib>=3.8->pymatgen==2025.6.14) (4.55.0)\nRequirement already satisfied: kiwisolver>=1.3.1 in /usr/local/lib/python3.10/dist-packages (from matplotlib>=3.8->pymatgen==2025.6.14) (1.4.7)\nRequirement already satisfied: packaging>=20.0 in /usr/local/lib/python3.10/dist-packages (from matplotlib>=3.8->pymatgen==2025.6.14) (24.2)\nRequirement already satisfied: pillow>=8 in /usr/local/lib/python3.10/dist-packages (from matplotlib>=3.8->pymatgen==2025.6.14) (11.0.0)\nRequirement already satisfied: python-dateutil>=2.7 in /usr/local/lib/python3.10/dist-packages (from matplotlib>=3.8->pymatgen==2025.6.14) (2.9.0.post0)\nRequirement already satisfied: pytz>=2020.1 in /usr/local/lib/python3.10/dist-packages (from pandas>=2->pymatgen==2025.6.14) (2024.2)\nRequirement already satisfied: tzdata>=2022.7 in /usr/local/lib/python3.10/dist-packages (from pandas>=2->pymatgen==2025.6.14) (2024.2)\nRequirement already satisfied: tenacity>=6.2.0 in /usr/local/lib/python3.10/dist-packages (from plotly>=5.0.0->pymatgen==2025.6.14) (9.0.0)\nRequirement already satisfied: six>=1.5 in /usr/local/lib/python3.10/dist-packages (from python-dateutil>=2.7->matplotlib>=3.8->pymatgen==2025.6.14) (1.16.0)\nRequirement already satisfied: charset_normalizer<4,>=2 in /usr/local/lib/python3.10/dist-packages (from requests>=2.32->pymatgen==2025.6.14) (3.4.0)\nRequirement already satisfied: idna<4,>=2.5 in /usr/local/lib/python3.10/dist-packages (from requests>=2.32->pymatgen==2025.6.14) (3.10)\nRequirement already satisfied: urllib3<3,>=1.21.1 in /usr/local/lib/python3.10/dist-packages (from requests>=2.32->pymatgen==2025.6.14) (2.5.0)\nRequirement already satisfied: certifi>=2017.4.17 in /usr/local/lib/python3.10/dist-packages (from requests>=2.32->pymatgen==2025.6.14) (2024.8.30)\nRequirement already satisfied: ruamel.yaml.clib>=0.2.7 in /usr/local/lib/python3.10/dist-packages (from ruamel.yaml>=0.17.0->pymatgen==2025.6.14) (0.2.12)\nRequirement already satisfied: mpmath<1.4,>=1.1.0 in /usr/local/lib/python3.10/dist-packages (from sympy>=1.3->pymatgen==2025.6.14) (1.3.0)\nBuilding wheels for collected packages: pymatgen\n  Building wheel for pymatgen (pyproject.toml): started\n  Building wheel for pymatgen (pyproject.toml): finished with status 'error'\nFailed to build pymatgen\n",
    "stderr": "  error: subprocess-exited-with-error\n  \n  × Building wheel for pymatgen (pyproject.toml) did not run successfully.\n  │ exit code: 1\n  ╰─> [53 lines of output]\n      /tmp/pip-build-env-dn3dzzj7/overlay/local/lib/python3.10/dist-packages/setuptools/config/_apply_pyprojecttoml.py:82: SetuptoolsDeprecationWarning: `project.license` as a TOML table is deprecated\n      !!\n      \n              ********************************************************************************\n              Please use a simple string containing a SPDX expression for `project.license`. You can also use `project.license-files`. (Both options available on setuptools>=77.0.0).\n      \n              By 2026-Feb-18, you need to update your project and remove deprecated calls\n              or your builds will no longer be supported.\n      \n              See https://packaging.python.org/en/latest/guides/writing-pyproject-toml/#license for details.\n              ********************************************************************************\n      \n      !!\n        corresp(dist, value, root_dir)\n      /tmp/pip-build-env-dn3dzzj7/overlay/local/lib/python3.10/dist-packages/setuptools/config/_apply_pyprojecttoml.py:61: SetuptoolsDeprecationWarning: License classifiers are deprecated.\n      !!\n      \n              ********************************************************************************\n              Please consider removing the following classifiers in favor of a SPDX license expression:\n      \n              License :: OSI Approved :: MIT License\n      \n              See https://packaging.python.org/en/latest/guides/writing-pyproject-toml/#license for details.\n              ********************************************************************************\n      \n      !!\n        dist._finalize_license_expression()\n      /tmp/pip-build-env-dn3dzzj7/overlay/local/lib/python3.10/dist-packages/setuptools/dist.py:759: SetuptoolsDeprecationWarning: License classifiers are deprecated.\n      !!\n      \n              ********************************************************************************\n              Please consider removing the following classifiers in favor of a SPDX license expression:\n      \n              License :: OSI Approved :: MIT License\n      \n              See https://packaging.python.org/en/latest/guides/writing-pyproject-toml/#license for details.\n              ********************************************************************************\n      \n      !!\n        self._finalize_license_expression()\n      running bdist_wheel\n      running build\n      running build_py\n      running build_ext\n      Compiling src/pymatgen/optimization/linear_assignment.pyx because it depends on /tmp/pip-build-env-dn3dzzj7/overlay/local/lib/python3.10/dist-packages/Cython/Includes/libc/string.pxd.\n      [1/1] Cythonizing src/pymatgen/optimization/linear_assignment.pyx\n      building 'pymatgen.optimization.linear_assignment' extension\n      x86_64-linux-gnu-gcc -Wno-unused-result -Wsign-compare -DNDEBUG -g -fwrapv -O2 -Wall -g -fstack-protector-strong -Wformat -Werror=format-security -g -fwrapv -O2 -fPIC -I/tmp/pip-build-env-dn3dzzj7/overlay/local/lib/python3.10/dist-packages/numpy/_core/include -I/usr/include/python3.10 -c src/pymatgen/optimization/linear_assignment.c -o build/temp.linux-x86_64-cpython-310/src/pymatgen/optimization/linear_assignment.o\n      src/pymatgen/optimization/linear_assignment.c:24:10: fatal error: Python.h: No such file or directory\n         24 | #include \"Python.h\"\n            |          ^~~~~~~~~~\n      compilation terminated.\n      error: command '/usr/bin/x86_64-linux-gnu-gcc' failed with exit code 1\n      [end of output]\n  \n  note: This error originates from a subprocess, and is likely not a problem with pip.\n  ERROR: Failed building wheel for pymatgen\nerror: failed-wheel-build-for-install\n\n× Failed to build installable wheels for some pyproject.toml based projects\n╰─> pymatgen\n",
    "execution_time": 12.180352449417114
  },
  {
    "command": "pytest",
    "success": false,
    "stdout": "\n==================================== ERRORS ====================================\n\u001b[31m\u001b[1m______________ ERROR collecting dev_scripts/chemenv/test_algos.py ______________\u001b[0m\n\u001b[31mImportError while importing test module '/app/repo_to_process/dev_scripts/chemenv/test_algos.py'.\nHint: make sure your test modules/packages have valid Python names.\nTraceback:\ndev_scripts/chemenv/test_algos.py:12: in <module>\n    from pymatgen.analysis.chemenv.coordination_environments.coordination_geometries import AllCoordinationGeometries\nE   ModuleNotFoundError: No module named 'pymatgen'\u001b[0m\n\u001b[31m\u001b[1m_________ ERROR collecting dev_scripts/chemenv/test_algos_all_geoms.py _________\u001b[0m\n\u001b[31mImportError while importing test module '/app/repo_to_process/dev_scripts/chemenv/test_algos_all_geoms.py'.\nHint: make sure your test modules/packages have valid Python names.\nTraceback:\ndev_scripts/chemenv/test_algos_all_geoms.py:9: in <module>\n    from pymatgen.analysis.chemenv.coordination_environments.coordination_geometries import AllCoordinationGeometries\nE   ModuleNotFoundError: No module named 'pymatgen'\u001b[0m\n\u001b[31m\u001b[1m________________ ERROR collecting tests/alchemy/test_filters.py ________________\u001b[0m\n\u001b[31mImportError while importing test module '/app/repo_to_process/tests/alchemy/test_filters.py'.\nHint: make sure your test modules/packages have valid Python names.\nTraceback:\ntests/alchemy/test_filters.py:7: in <module>\n    from pymatgen.alchemy.filters import (\nE   ModuleNotFoundError: No module named 'pymatgen'\u001b[0m\n\u001b[31m\u001b[1m_______________ ERROR collecting tests/alchemy/test_materials.py _______________\u001b[0m\n\u001b[31mImportError while importing test module '/app/repo_to_process/tests/alchemy/test_materials.py'.\nHint: make sure your test modules/packages have valid Python names.\nTraceback:\ntests/alchemy/test_materials.py:8: in <module>\n    from pymatgen.alchemy.filters import ContainsSpecieFilter\nE   ModuleNotFoundError: No module named 'pymatgen'\u001b[0m\n\u001b[31m\u001b[1m______________ ERROR collecting tests/alchemy/test_transmuters.py ______________\u001b[0m\n\u001b[31mImportError while importing test module '/app/repo_to_process/tests/alchemy/test_transmuters.py'.\nHint: make sure your test modules/packages have valid Python names.\nTraceback:\ntests/alchemy/test_transmuters.py:3: in <module>\n    from pymatgen.alchemy.filters import ContainsSpecieFilter\nE   ModuleNotFoundError: No module named 'pymatgen'\u001b[0m\n\u001b[31m\u001b[1m_ ERROR collecting tests/analysis/chemenv/connectivity/test_connected_components.py _\u001b[0m\n\u001b[31mImportError while importing test module '/app/repo_to_process/tests/analysis/chemenv/connectivity/test_connected_components.py'.\nHint: make sure your test modules/packages have valid Python names.\nTraceback:\ntests/analysis/chemenv/connectivity/test_connected_components.py:11: in <module>\n    from pymatgen.analysis.chemenv.connectivity.connected_components import ConnectedComponent\nE   ModuleNotFoundError: No module named 'pymatgen'\u001b[0m\n\u001b[31m\u001b[1m_ ERROR collecting tests/analysis/chemenv/connectivity/test_environment_nodes.py _\u001b[0m\n\u001b[31mImportError while importing test module '/app/repo_to_process/tests/analysis/chemenv/connectivity/test_environment_nodes.py'.\nHint: make sure your test modules/packages have valid Python names.\nTraceback:\ntests/analysis/chemenv/connectivity/test_environment_nodes.py:5: in <module>\n    from pymatgen.analysis.chemenv.connectivity.environment_nodes import EnvironmentNode\nE   ModuleNotFoundError: No module named 'pymatgen'\u001b[0m\n\u001b[31m\u001b[1m_ ERROR collecting tests/analysis/chemenv/connectivity/test_structure_connectivity.py _\u001b[0m\n\u001b[31mImportError while importing test module '/app/repo_to_process/tests/analysis/chemenv/connectivity/test_structure_connectivity.py'.\nHint: make sure your test modules/packages have valid Python names.\nTraceback:\ntests/analysis/chemenv/connectivity/test_structure_connectivity.py:5: in <module>\n    from pymatgen.analysis.chemenv.connectivity.connectivity_finder import ConnectivityFinder\nE   ModuleNotFoundError: No module named 'pymatgen'\u001b[0m\n\u001b[31m\u001b[1m_ ERROR collecting tests/analysis/chemenv/coordination_environments/test_chemenv_strategies.py _\u001b[0m\n\u001b[31mImportError while importing test module '/app/repo_to_process/tests/analysis/chemenv/coordination_environments/test_chemenv_strategies.py'.\nHint: make sure your test modules/packages have valid Python names.\nTraceback:\ntests/analysis/chemenv/coordination_environments/test_chemenv_strategies.py:6: in <module>\n    from pymatgen.analysis.chemenv.coordination_environments.chemenv_strategies import (\nE   ModuleNotFoundError: No module named 'pymatgen'\u001b[0m\n\u001b[31m\u001b[1m_ ERROR collecting tests/analysis/chemenv/coordination_environments/test_coordination_geometries.py _\u001b[0m\n\u001b[31mImportError while importing test module '/app/repo_to_process/tests/analysis/chemenv/coordination_environments/test_coordination_geometries.py'.\nHint: make sure your test modules/packages have valid Python names.\nTraceback:\ntests/analysis/chemenv/coordination_environments/test_coordination_geometries.py:8: in <module>\n    from pymatgen.analysis.chemenv.coordination_environments.coordination_geometries import (\nE   ModuleNotFoundError: No module named 'pymatgen'\u001b[0m\n\u001b[31m\u001b[1m_ ERROR collecting tests/analysis/chemenv/coordination_environments/test_coordination_geometry_finder.py _\u001b[0m\n\u001b[31mImportError while importing test module '/app/repo_to_process/tests/analysis/chemenv/coordination_environments/test_coordination_geometry_finder.py'.\nHint: make sure your test modules/packages have valid Python names.\nTraceback:\ntests/analysis/chemenv/coordination_environments/test_coordination_geometry_finder.py:11: in <module>\n    from pymatgen.analysis.chemenv.coordination_environments.chemenv_strategies import (\nE   ModuleNotFoundError: No module named 'pymatgen'\u001b[0m\n\u001b[31m\u001b[1m_ ERROR collecting tests/analysis/chemenv/coordination_environments/test_read_write.py _\u001b[0m\n\u001b[31mImportError while importing test module '/app/repo_to_process/tests/analysis/chemenv/coordination_environments/test_read_write.py'.\nHint: make sure your test modules/packages have valid Python names.\nTraceback:\ntests/analysis/chemenv/coordination_environments/test_read_write.py:7: in <module>\n    from pymatgen.analysis.chemenv.coordination_environments.chemenv_strategies import (\nE   ModuleNotFoundError: No module named 'pymatgen'\u001b[0m\n\u001b[31m\u001b[1m_ ERROR collecting tests/analysis/chemenv/coordination_environments/test_structure_environments.py _\u001b[0m\n\u001b[31mImportError while importing test module '/app/repo_to_process/tests/analysis/chemenv/coordination_environments/test_structure_environments.py'.\nHint: make sure your test modules/packages have valid Python names.\nTraceback:\ntests/analysis/chemenv/coordination_environments/test_structure_environments.py:10: in <module>\n    from pymatgen.analysis.chemenv.coordination_environments.chemenv_strategies import (\nE   ModuleNotFoundError: No module named 'pymatgen'\u001b[0m\n\u001b[31m\u001b[1m_ ERROR collecting tests/analysis/chemenv/coordination_environments/test_voronoi.py _\u001b[0m\n\u001b[31mImportError while importing test module '/app/repo_to_process/tests/analysis/chemenv/coordination_environments/test_voronoi.py'.\nHint: make sure your test modules/packages have valid Python names.\nTraceback:\ntests/analysis/chemenv/coordination_environments/test_voronoi.py:5: in <module>\n    from pymatgen.analysis.chemenv.coordination_environments.voronoi import DetailedVoronoiContainer\nE   ModuleNotFoundError: No module named 'pymatgen'\u001b[0m\n\u001b[31m\u001b[1m_ ERROR collecting tests/analysis/chemenv/coordination_environments/test_weights.py _\u001b[0m\n\u001b[31mImportError while importing test module '/app/repo_to_process/tests/analysis/chemenv/coordination_environments/test_weights.py'.\nHint: make sure your test modules/packages have valid Python names.\nTraceback:\ntests/analysis/chemenv/coordination_environments/test_weights.py:7: in <module>\n    from pymatgen.analysis.chemenv.coordination_environments.chemenv_strategies import (\nE   ModuleNotFoundError: No module named 'pymatgen'\u001b[0m\n\u001b[31m\u001b[1m_____ ERROR collecting tests/analysis/chemenv/utils/test_chemenv_config.py _____\u001b[0m\n\u001b[31mImportError while importing test module '/app/repo_to_process/tests/analysis/chemenv/utils/test_chemenv_config.py'.\nHint: make sure your test modules/packages have valid Python names.\nTraceback:\ntests/analysis/chemenv/utils/test_chemenv_config.py:3: in <module>\n    from pymatgen.analysis.chemenv.utils.chemenv_config import ChemEnvConfig\nE   ModuleNotFoundError: No module named 'pymatgen'\u001b[0m\n\u001b[31m\u001b[1m_ ERROR collecting tests/analysis/chemenv/utils/test_coordination_geometry_utils.py _\u001b[0m\n\u001b[31mImportError while importing test module '/app/repo_to_process/tests/analysis/chemenv/utils/test_coordination_geometry_utils.py'.\nHint: make sure your test modules/packages have valid Python names.\nTraceback:\ntests/analysis/chemenv/utils/test_coordination_geometry_utils.py:9: in <module>\n    from pymatgen.analysis.chemenv.utils.coordination_geometry_utils import Plane\nE   ModuleNotFoundError: No module named 'pymatgen'\u001b[0m\n\u001b[31m\u001b[1m_______ ERROR collecting tests/analysis/chemenv/utils/test_func_utils.py _______\u001b[0m\n\u001b[31mImportError while importing test module '/app/repo_to_process/tests/analysis/chemenv/utils/test_func_utils.py'.\nHint: make sure your test modules/packages have valid Python names.\nTraceback:\ntests/analysis/chemenv/utils/test_func_utils.py:7: in <module>\n    from pymatgen.analysis.chemenv.utils.func_utils import (\nE   ModuleNotFoundError: No module named 'pymatgen'\u001b[0m\n\u001b[31m\u001b[1m______ ERROR collecting tests/analysis/chemenv/utils/test_graph_utils.py _______\u001b[0m\n\u001b[31mImportError while importing test module '/app/repo_to_process/tests/analysis/chemenv/utils/test_graph_utils.py'.\nHint: make sure your test modules/packages have valid Python names.\nTraceback:\ntests/analysis/chemenv/utils/test_graph_utils.py:6: in <module>\n    from pymatgen.analysis.chemenv.connectivity.environment_nodes import EnvironmentNode\nE   ModuleNotFoundError: No module named 'pymatgen'\u001b[0m\n\u001b[31m\u001b[1m_______ ERROR collecting tests/analysis/chemenv/utils/test_math_utils.py _______\u001b[0m\n\u001b[31mImportError while importing test module '/app/repo_to_process/tests/analysis/chemenv/utils/test_math_utils.py'.\nHint: make sure your test modules/packages have valid Python names.\nTraceback:\ntests/analysis/chemenv/utils/test_math_utils.py:6: in <module>\n    from pymatgen.analysis.chemenv.utils.math_utils import (\nE   ModuleNotFoundError: No module named 'pymatgen'\u001b[0m\n\u001b[31m\u001b[1m_________ ERROR collecting tests/analysis/diffraction/test_neutron.py __________\u001b[0m\n\u001b[31mImportError while importing test module '/app/repo_to_process/tests/analysis/diffraction/test_neutron.py'.\nHint: make sure your test modules/packages have valid Python names.\nTraceback:\ntests/analysis/diffraction/test_neutron.py:6: in <module>\n    from pymatgen.analysis.diffraction.neutron import NDCalculator\nE   ModuleNotFoundError: No module named 'pymatgen'\u001b[0m\n\u001b[31m\u001b[1m___________ ERROR collecting tests/analysis/diffraction/test_tem.py ____________\u001b[0m\n\u001b[31mImportError while importing test module '/app/repo_to_process/tests/analysis/diffraction/test_tem.py'.\nHint: make sure your test modules/packages have valid Python names.\nTraceback:\ntests/analysis/diffraction/test_tem.py:11: in <module>\n    from pymatgen.analysis.diffraction.tem import TEMCalculator\nE   ModuleNotFoundError: No module named 'pymatgen'\u001b[0m\n\u001b[31m\u001b[1m___________ ERROR collecting tests/analysis/diffraction/test_xrd.py ____________\u001b[0m\n\u001b[31mImportError while importing test module '/app/repo_to_process/tests/analysis/diffraction/test_xrd.py'.\nHint: make sure your test modules/packages have valid Python names.\nTraceback:\ntests/analysis/diffraction/test_xrd.py:6: in <module>\n    from pymatgen.analysis.diffraction.xrd import XRDCalculator\nE   ModuleNotFoundError: No module named 'pymatgen'\u001b[0m\n\u001b[31m\u001b[1m__________ ERROR collecting tests/analysis/elasticity/test_elastic.py __________\u001b[0m\n\u001b[31mImportError while importing test module '/app/repo_to_process/tests/analysis/elasticity/test_elastic.py'.\nHint: make sure your test modules/packages have valid Python names.\nTraceback:\ntests/analysis/elasticity/test_elastic.py:13: in <module>\n    from pymatgen.analysis.elasticity.elastic import (\nE   ModuleNotFoundError: No module named 'pymatgen'\u001b[0m\n\u001b[31m\u001b[1m__________ ERROR collecting tests/analysis/elasticity/test_strain.py ___________\u001b[0m\n\u001b[31mImportError while importing test module '/app/repo_to_process/tests/analysis/elasticity/test_strain.py'.\nHint: make sure your test modules/packages have valid Python names.\nTraceback:\ntests/analysis/elasticity/test_strain.py:7: in <module>\n    from pymatgen.analysis.elasticity.strain import Deformation, DeformedStructureSet, Strain, convert_strain_to_deformation\nE   ModuleNotFoundError: No module named 'pymatgen'\u001b[0m\n\u001b[31m\u001b[1m__________ ERROR collecting tests/analysis/elasticity/test_stress.py ___________\u001b[0m\n\u001b[31mImportError while importing test module '/app/repo_to_process/tests/analysis/elasticity/test_stress.py'.\nHint: make sure your test modules/packages have valid Python names.\nTraceback:\ntests/analysis/elasticity/test_stress.py:8: in <module>\n    from pymatgen.analysis.elasticity.strain import Deformation\nE   ModuleNotFoundError: No module named 'pymatgen'\u001b[0m\n\u001b[31m\u001b[1m____ ERROR collecting tests/analysis/ferroelectricity/test_polarization.py _____\u001b[0m\n\u001b[31mImportError while importing test module '/app/repo_to_process/tests/analysis/ferroelectricity/test_polarization.py'.\nHint: make sure your test modules/packages have valid Python names.\nTraceback:\ntests/analysis/ferroelectricity/test_polarization.py:7: in <module>\n    from pymatgen.analysis.ferroelectricity.polarization import (\nE   ModuleNotFoundError: No module named 'pymatgen'\u001b[0m\n\u001b[31m\u001b[1m____ ERROR collecting tests/analysis/interfaces/test_coherent_interface.py _____\u001b[0m\n\u001b[31mImportError while importing test module '/app/repo_to_process/tests/analysis/interfaces/test_coherent_interface.py'.\nHint: make sure your test modules/packages have valid Python names.\nTraceback:\ntests/analysis/interfaces/test_coherent_interface.py:5: in <module>\n    from pymatgen.analysis.interfaces.coherent_interfaces import (\nE   ModuleNotFoundError: No module named 'pymatgen'\u001b[0m\n\u001b[31m\u001b[1m____ ERROR collecting tests/analysis/interfaces/test_substrate_analyzer.py _____\u001b[0m\n\u001b[31mImportError while importing test module '/app/repo_to_process/tests/analysis/interfaces/test_substrate_analyzer.py'.\nHint: make sure your test modules/packages have valid Python names.\nTraceback:\ntests/analysis/interfaces/test_substrate_analyzer.py:5: in <module>\n    from pymatgen.analysis.elasticity.elastic import ElasticTensor\nE   ModuleNotFoundError: No module named 'pymatgen'\u001b[0m\n\u001b[31m\u001b[1m____________ ERROR collecting tests/analysis/interfaces/test_zsl.py ____________\u001b[0m\n\u001b[31mImportError while importing test module '/app/repo_to_process/tests/analysis/interfaces/test_zsl.py'.\nHint: make sure your test modules/packages have valid Python names.\nTraceback:\ntests/analysis/interfaces/test_zsl.py:7: in <module>\n    from pymatgen.analysis.interfaces.zsl import (\nE   ModuleNotFoundError: No module named 'pymatgen'\u001b[0m\n\u001b[31m\u001b[1m__________ ERROR collecting tests/analysis/magnetism/test_analyzer.py __________\u001b[0m\n\u001b[31mImportError while importing test module '/app/repo_to_process/tests/analysis/magnetism/test_analyzer.py'.\nHint: make sure your test modules/packages have valid Python names.\nTraceback:\ntests/analysis/magnetism/test_analyzer.py:10: in <module>\n    from pymatgen.analysis.magnetism import (\nE   ModuleNotFoundError: No module named 'pymatgen'\u001b[0m\n\u001b[31m\u001b[1m_________ ERROR collecting tests/analysis/magnetism/test_heisenberg.py _________\u001b[0m\n\u001b[31mImportError while importing test module '/app/repo_to_process/tests/analysis/magnetism/test_heisenberg.py'.\nHint: make sure your test modules/packages have valid Python names.\nTraceback:\ntests/analysis/magnetism/test_heisenberg.py:6: in <module>\n    from pymatgen.analysis.magnetism.heisenberg import HeisenbergMapper\nE   ModuleNotFoundError: No module named 'pymatgen'\u001b[0m\n\u001b[31m\u001b[1m_________ ERROR collecting tests/analysis/magnetism/test_jahnteller.py _________\u001b[0m\n\u001b[31mImportError while importing test module '/app/repo_to_process/tests/analysis/magnetism/test_jahnteller.py'.\nHint: make sure your test modules/packages have valid Python names.\nTraceback:\ntests/analysis/magnetism/test_jahnteller.py:6: in <module>\n    from pymatgen.analysis.magnetism.jahnteller import JahnTellerAnalyzer, Species\nE   ModuleNotFoundError: No module named 'pymatgen'\u001b[0m\n\u001b[31m\u001b[1m______________ ERROR collecting tests/analysis/solar/test_slme.py ______________\u001b[0m\n\u001b[31mImportError while importing test module '/app/repo_to_process/tests/analysis/solar/test_slme.py'.\nHint: make sure your test modules/packages have valid Python names.\nTraceback:\ntests/analysis/solar/test_slme.py:5: in <module>\n    from pymatgen.analysis.solar.slme import optics, slme\nE   ModuleNotFoundError: No module named 'pymatgen'\u001b[0m\n\u001b[31m\u001b[1m_ ERROR collecting tests/analysis/structure_prediction/test_dopant_predictor.py _\u001b[0m\n\u001b[31mImportError while importing test module '/app/repo_to_process/tests/analysis/structure_prediction/test_dopant_predictor.py'.\nHint: make sure your test modules/packages have valid Python names.\nTraceback:\ntests/analysis/structure_prediction/test_dopant_predictor.py:5: in <module>\n    from pymatgen.analysis.local_env import CrystalNN\nE   ModuleNotFoundError: No module named 'pymatgen'\u001b[0m\n\u001b[31m\u001b[1m_ ERROR collecting tests/analysis/structure_prediction/test_substitution_probability.py _\u001b[0m\n\u001b[31mImportError while importing test module '/app/repo_to_process/tests/analysis/structure_prediction/test_substitution_probability.py'.\nHint: make sure your test modules/packages have valid Python names.\nTraceback:\ntests/analysis/structure_prediction/test_substitution_probability.py:6: in <module>\n    from pymatgen.analysis.structure_prediction.substitution_probability import (\nE   ModuleNotFoundError: No module named 'pymatgen'\u001b[0m\n\u001b[31m\u001b[1m___ ERROR collecting tests/analysis/structure_prediction/test_substitutor.py ___\u001b[0m\n\u001b[31mImportError while importing test module '/app/repo_to_process/tests/analysis/structure_prediction/test_substitutor.py'.\nHint: make sure your test modules/packages have valid Python names.\nTraceback:\ntests/analysis/structure_prediction/test_substitutor.py:5: in <module>\n    from pymatgen.analysis.structure_prediction.substitutor import Substitutor\nE   ModuleNotFoundError: No module named 'pymatgen'\u001b[0m\n\u001b[31m\u001b[1m_ ERROR collecting tests/analysis/structure_prediction/test_volume_predictor.py _\u001b[0m\n\u001b[31mImportError while importing test module '/app/repo_to_process/tests/analysis/structure_prediction/test_volume_predictor.py'.\nHint: make sure your test modules/packages have valid Python names.\nTraceback:\ntests/analysis/structure_prediction/test_volume_predictor.py:6: in <module>\n    from pymatgen.analysis.structure_prediction.volume_predictor import DLSVolumePredictor, RLSVolumePredictor\nE   ModuleNotFoundError: No module named 'pymatgen'\u001b[0m\n\u001b[31m\u001b[1m______________ ERROR collecting tests/analysis/test_adsorption.py ______________\u001b[0m\n\u001b[31mImportError while importing test module '/app/repo_to_process/tests/analysis/test_adsorption.py'.\nHint: make sure your test modules/packages have valid Python names.\nTraceback:\ntests/analysis/test_adsorption.py:6: in <module>\n    from pymatgen.analysis.adsorption import AdsorbateSiteFinder, generate_all_slabs, get_rot, reorient_z\nE   ModuleNotFoundError: No module named 'pymatgen'\u001b[0m\n\u001b[31m\u001b[1m__________ ERROR collecting tests/analysis/test_bond_dissociation.py ___________\u001b[0m\n\u001b[31mImportError while importing test module '/app/repo_to_process/tests/analysis/test_bond_dissociation.py'.\nHint: make sure your test modules/packages have valid Python names.\nTraceback:\ntests/analysis/test_bond_dissociation.py:8: in <module>\n    from pymatgen.analysis.bond_dissociation import BondDissociationEnergies\nE   ModuleNotFoundError: No module named 'pymatgen'\u001b[0m\n\u001b[31m\u001b[1m_____________ ERROR collecting tests/analysis/test_bond_valence.py _____________\u001b[0m\n\u001b[31mImportError while importing test module '/app/repo_to_process/tests/analysis/test_bond_valence.py'.\nHint: make sure your test modules/packages have valid Python names.\nTraceback:\ntests/analysis/test_bond_valence.py:6: in <module>\n    from pymatgen.analysis.bond_valence import BVAnalyzer, calculate_bv_sum, calculate_bv_sum_unordered\nE   ModuleNotFoundError: No module named 'pymatgen'\u001b[0m\n\u001b[31m\u001b[1m___________ ERROR collecting tests/analysis/test_chempot_diagram.py ____________\u001b[0m\n\u001b[31mImportError while importing test module '/app/repo_to_process/tests/analysis/test_chempot_diagram.py'.\nHint: make sure your test modules/packages have valid Python names.\nTraceback:\ntests/analysis/test_chempot_diagram.py:8: in <module>\n    from pymatgen.analysis.chempot_diagram import (\nE   ModuleNotFoundError: No module named 'pymatgen'\u001b[0m\n\u001b[31m\u001b[1m_________________ ERROR collecting tests/analysis/test_cost.py _________________\u001b[0m\n\u001b[31mImportError while importing test module '/app/repo_to_process/tests/analysis/test_cost.py'.\nHint: make sure your test modules/packages have valid Python names.\nTraceback:\ntests/analysis/test_cost.py:5: in <module>\n    from pymatgen.analysis.cost import CostAnalyzer, CostDBCSV, CostDBElements\nE   ModuleNotFoundError: No module named 'pymatgen'\u001b[0m\n\u001b[31m\u001b[1m____________ ERROR collecting tests/analysis/test_dimensionality.py ____________\u001b[0m\n\u001b[31mImportError while importing test module '/app/repo_to_process/tests/analysis/test_dimensionality.py'.\nHint: make sure your test modules/packages have valid Python names.\nTraceback:\ntests/analysis/test_dimensionality.py:7: in <module>\n    from pymatgen.analysis.dimensionality import (\nE   ModuleNotFoundError: No module named 'pymatgen'\u001b[0m\n\u001b[31m\u001b[1m_______________ ERROR collecting tests/analysis/test_disorder.py _______________\u001b[0m\n\u001b[31mImportError while importing test module '/app/repo_to_process/tests/analysis/test_disorder.py'.\nHint: make sure your test modules/packages have valid Python names.\nTraceback:\ntests/analysis/test_disorder.py:5: in <module>\n    from pymatgen.analysis.disorder import get_warren_cowley_parameters\nE   ModuleNotFoundError: No module named 'pymatgen'\u001b[0m\n\u001b[31m\u001b[1m____________ ERROR collecting tests/analysis/test_energy_models.py _____________\u001b[0m\n\u001b[31mImportError while importing test module '/app/repo_to_process/tests/analysis/test_energy_models.py'.\nHint: make sure your test modules/packages have valid Python names.\nTraceback:\ntests/analysis/test_energy_models.py:5: in <module>\n    from pymatgen.analysis.energy_models import EwaldElectrostaticModel, IsingModel, SymmetryModel\nE   ModuleNotFoundError: No module named 'pymatgen'\u001b[0m\n\u001b[31m\u001b[1m_________________ ERROR collecting tests/analysis/test_eos.py __________________\u001b[0m\n\u001b[31mImportError while importing test module '/app/repo_to_process/tests/analysis/test_eos.py'.\nHint: make sure your test modules/packages have valid Python names.\nTraceback:\ntests/analysis/test_eos.py:7: in <module>\n    from pymatgen.analysis.eos import EOS, NumericalEOS\nE   ModuleNotFoundError: No module named 'pymatgen'\u001b[0m\n\u001b[31m\u001b[1m________________ ERROR collecting tests/analysis/test_ewald.py _________________\u001b[0m\n\u001b[31mImportError while importing test module '/app/repo_to_process/tests/analysis/test_ewald.py'.\nHint: make sure your test modules/packages have valid Python names.\nTraceback:\ntests/analysis/test_ewald.py:7: in <module>\n    from pymatgen.analysis.ewald import EwaldMinimizer, EwaldSummation\nE   ModuleNotFoundError: No module named 'pymatgen'\u001b[0m\n\u001b[31m\u001b[1m______________ ERROR collecting tests/analysis/test_fragmenter.py ______________\u001b[0m\n\u001b[31mImportError while importing test module '/app/repo_to_process/tests/analysis/test_fragmenter.py'.\nHint: make sure your test modules/packages have valid Python names.\nTraceback:\ntests/analysis/test_fragmenter.py:7: in <module>\n    from pymatgen.analysis.fragmenter import Fragmenter\nE   ModuleNotFoundError: No module named 'pymatgen'\u001b[0m\n\u001b[31m\u001b[1m__________ ERROR collecting tests/analysis/test_functional_groups.py ___________\u001b[0m\n\u001b[31mImportError while importing test module '/app/repo_to_process/tests/analysis/test_functional_groups.py'.\nHint: make sure your test modules/packages have valid Python names.\nTraceback:\ntests/analysis/test_functional_groups.py:7: in <module>\n    from pymatgen.analysis.functional_groups import FunctionalGroupExtractor\nE   ModuleNotFoundError: No module named 'pymatgen'\u001b[0m\n\u001b[31m\u001b[1m________________ ERROR collecting tests/analysis/test_graphs.py ________________\u001b[0m\n\u001b[31mImportError while importing test module '/app/repo_to_process/tests/analysis/test_graphs.py'.\nHint: make sure your test modules/packages have valid Python names.\nTraceback:\ntests/analysis/test_graphs.py:15: in <module>\n    from pymatgen.analysis.graphs import MoleculeGraph, MolGraphSplitError, PeriodicSite, StructureGraph\nE   ModuleNotFoundError: No module named 'pymatgen'\u001b[0m\n\u001b[31m\u001b[1m_________________ ERROR collecting tests/analysis/test_hhi.py __________________\u001b[0m\n\u001b[31mImportError while importing test module '/app/repo_to_process/tests/analysis/test_hhi.py'.\nHint: make sure your test modules/packages have valid Python names.\nTraceback:\ntests/analysis/test_hhi.py:5: in <module>\n    from pymatgen.analysis.hhi import HHIModel\nE   ModuleNotFoundError: No module named 'pymatgen'\u001b[0m\n\u001b[31m\u001b[1m_________ ERROR collecting tests/analysis/test_interface_reactions.py __________\u001b[0m\n\u001b[31mImportError while importing test module '/app/repo_to_process/tests/analysis/test_interface_reactions.py'.\nHint: make sure your test modules/packages have valid Python names.\nTraceback:\ntests/analysis/test_interface_reactions.py:11: in <module>\n    from pymatgen.analysis.interface_reactions import GrandPotentialInterfacialReactivity, InterfacialReactivity\nE   ModuleNotFoundError: No module named 'pymatgen'\u001b[0m\n\u001b[31m\u001b[1m______________ ERROR collecting tests/analysis/test_local_env.py _______________\u001b[0m\n\u001b[31mImportError while importing test module '/app/repo_to_process/tests/analysis/test_local_env.py'.\nHint: make sure your test modules/packages have valid Python names.\nTraceback:\ntests/analysis/test_local_env.py:11: in <module>\n    from pymatgen.analysis.graphs import MoleculeGraph, StructureGraph\nE   ModuleNotFoundError: No module named 'pymatgen'\u001b[0m\n\u001b[31m\u001b[1m___________ ERROR collecting tests/analysis/test_molecule_matcher.py ___________\u001b[0m\n\u001b[31mImportError while importing test module '/app/repo_to_process/tests/analysis/test_molecule_matcher.py'.\nHint: make sure your test modules/packages have valid Python names.\nTraceback:\ntests/analysis/test_molecule_matcher.py:9: in <module>\n    from pymatgen.analysis.molecule_matcher import (\nE   ModuleNotFoundError: No module named 'pymatgen'\u001b[0m\n\u001b[31m\u001b[1m____ ERROR collecting tests/analysis/test_molecule_structure_comparator.py _____\u001b[0m\n\u001b[31mImportError while importing test module '/app/repo_to_process/tests/analysis/test_molecule_structure_comparator.py'.\nHint: make sure your test modules/packages have valid Python names.\nTraceback:\ntests/analysis/test_molecule_structure_comparator.py:5: in <module>\n    from pymatgen.analysis.molecule_structure_comparator import MoleculeStructureComparator\nE   ModuleNotFoundError: No module named 'pymatgen'\u001b[0m\n\u001b[31m\u001b[1m_________________ ERROR collecting tests/analysis/test_nmr.py __________________\u001b[0m\n\u001b[31mImportError while importing test module '/app/repo_to_process/tests/analysis/test_nmr.py'.\nHint: make sure your test modules/packages have valid Python names.\nTraceback:\ntests/analysis/test_nmr.py:7: in <module>\n    from pymatgen.analysis.nmr import ChemicalShielding, ElectricFieldGradient\nE   ModuleNotFoundError: No module named 'pymatgen'\u001b[0m\n\u001b[31m\u001b[1m________________ ERROR collecting tests/analysis/test_optics.py ________________\u001b[0m\n\u001b[31mImportError while importing test module '/app/repo_to_process/tests/analysis/test_optics.py'.\nHint: make sure your test modules/packages have valid Python names.\nTraceback:\ntests/analysis/test_optics.py:5: in <module>\n    from pymatgen.analysis.optics import DielectricAnalysis\nE   ModuleNotFoundError: No module named 'pymatgen'\u001b[0m\n\u001b[31m\u001b[1m____________ ERROR collecting tests/analysis/test_phase_diagram.py _____________\u001b[0m\n\u001b[31mImportError while importing test module '/app/repo_to_process/tests/analysis/test_phase_diagram.py'.\nHint: make sure your test modules/packages have valid Python names.\nTraceback:\ntests/analysis/test_phase_diagram.py:16: in <module>\n    from pymatgen.analysis.phase_diagram import (\nE   ModuleNotFoundError: No module named 'pymatgen'\u001b[0m\n\u001b[31m\u001b[1m________________ ERROR collecting tests/analysis/test_piezo.py _________________\u001b[0m\n\u001b[31mImportError while importing test module '/app/repo_to_process/tests/analysis/test_piezo.py'.\nHint: make sure your test modules/packages have valid Python names.\nTraceback:\ntests/analysis/test_piezo.py:9: in <module>\n    from pymatgen.analysis.piezo import PiezoTensor\nE   ModuleNotFoundError: No module named 'pymatgen'\u001b[0m\n\u001b[31m\u001b[1m__________ ERROR collecting tests/analysis/test_piezo_sensitivity.py ___________\u001b[0m\n\u001b[31mImportError while importing test module '/app/repo_to_process/tests/analysis/test_piezo_sensitivity.py'.\nHint: make sure your test modules/packages have valid Python names.\nTraceback:\ntests/analysis/test_piezo_sensitivity.py:12: in <module>\n    from pymatgen.analysis.piezo_sensitivity import (\nE   ModuleNotFoundError: No module named 'pymatgen'\u001b[0m\n\u001b[31m\u001b[1m___________ ERROR collecting tests/analysis/test_pourbaix_diagram.py ___________\u001b[0m\n\u001b[31mImportError while importing test module '/app/repo_to_process/tests/analysis/test_pourbaix_diagram.py'.\nHint: make sure your test modules/packages have valid Python names.\nTraceback:\ntests/analysis/test_pourbaix_diagram.py:10: in <module>\n    from pymatgen.analysis.pourbaix_diagram import (\nE   ModuleNotFoundError: No module named 'pymatgen'\u001b[0m\n\u001b[31m\u001b[1m______________ ERROR collecting tests/analysis/test_prototypes.py ______________\u001b[0m\n\u001b[31mImportError while importing test module '/app/repo_to_process/tests/analysis/test_prototypes.py'.\nHint: make sure your test modules/packages have valid Python names.\nTraceback:\ntests/analysis/test_prototypes.py:10: in <module>\n    from pymatgen.analysis.prototypes import (\nE   ModuleNotFoundError: No module named 'pymatgen'\u001b[0m\n\u001b[31m\u001b[1m_____ ERROR collecting tests/analysis/test_quasi_harmonic_debye_approx.py ______\u001b[0m\n\u001b[31mImportError while importing test module '/app/repo_to_process/tests/analysis/test_quasi_harmonic_debye_approx.py'.\nHint: make sure your test modules/packages have valid Python names.\nTraceback:\ntests/analysis/test_quasi_harmonic_debye_approx.py:5: in <module>\n    from pymatgen.analysis.eos import EOS\nE   ModuleNotFoundError: No module named 'pymatgen'\u001b[0m\n\u001b[31m\u001b[1m______________ ERROR collecting tests/analysis/test_quasirrho.py _______________\u001b[0m\n\u001b[31mImportError while importing test module '/app/repo_to_process/tests/analysis/test_quasirrho.py'.\nHint: make sure your test modules/packages have valid Python names.\nTraceback:\ntests/analysis/test_quasirrho.py:6: in <module>\n    from pymatgen.analysis.quasirrho import QuasiRRHO, get_avg_mom_inertia\nE   ModuleNotFoundError: No module named 'pymatgen'\u001b[0m\n\u001b[31m\u001b[1m_________ ERROR collecting tests/analysis/test_reaction_calculator.py __________\u001b[0m\n\u001b[31mImportError while importing test module '/app/repo_to_process/tests/analysis/test_reaction_calculator.py'.\nHint: make sure your test modules/packages have valid Python names.\nTraceback:\ntests/analysis/test_reaction_calculator.py:10: in <module>\n    from pymatgen.analysis.reaction_calculator import BalancedReaction, ComputedReaction, Reaction, ReactionError\nE   ModuleNotFoundError: No module named 'pymatgen'\u001b[0m\n\u001b[31m\u001b[1m__________ ERROR collecting tests/analysis/test_structure_analyzer.py __________\u001b[0m\n\u001b[31mImportError while importing test module '/app/repo_to_process/tests/analysis/test_structure_analyzer.py'.\nHint: make sure your test modules/packages have valid Python names.\nTraceback:\ntests/analysis/test_structure_analyzer.py:7: in <module>\n    from pymatgen.analysis.structure_analyzer import (\nE   ModuleNotFoundError: No module named 'pymatgen'\u001b[0m\n\u001b[31m\u001b[1m__________ ERROR collecting tests/analysis/test_structure_matcher.py ___________\u001b[0m\n\u001b[31mImportError while importing test module '/app/repo_to_process/tests/analysis/test_structure_matcher.py'.\nHint: make sure your test modules/packages have valid Python names.\nTraceback:\ntests/analysis/test_structure_matcher.py:11: in <module>\n    from pymatgen.analysis.structure_matcher import (\nE   ModuleNotFoundError: No module named 'pymatgen'\u001b[0m\n\u001b[31m\u001b[1m___________ ERROR collecting tests/analysis/test_surface_analysis.py ___________\u001b[0m\n\u001b[31mImportError while importing test module '/app/repo_to_process/tests/analysis/test_surface_analysis.py'.\nHint: make sure your test modules/packages have valid Python names.\nTraceback:\ntests/analysis/test_surface_analysis.py:10: in <module>\n    from pymatgen.analysis.surface_analysis import NanoscaleStability, SlabEntry, SurfaceEnergyPlotter, WorkFunctionAnalyzer\nE   ModuleNotFoundError: No module named 'pymatgen'\u001b[0m\n\u001b[31m\u001b[1m___________ ERROR collecting tests/analysis/test_transition_state.py ___________\u001b[0m\n\u001b[31mImportError while importing test module '/app/repo_to_process/tests/analysis/test_transition_state.py'.\nHint: make sure your test modules/packages have valid Python names.\nTraceback:\ntests/analysis/test_transition_state.py:7: in <module>\n    from pymatgen.analysis.transition_state import NEBAnalysis, combine_neb_plots\nE   ModuleNotFoundError: No module named 'pymatgen'\u001b[0m\n\u001b[31m\u001b[1m________________ ERROR collecting tests/analysis/test_wulff.py _________________\u001b[0m\n\u001b[31mImportError while importing test module '/app/repo_to_process/tests/analysis/test_wulff.py'.\nHint: make sure your test modules/packages have valid Python names.\nTraceback:\ntests/analysis/test_wulff.py:6: in <module>\n    from pymatgen.analysis.wulff import WulffShape\nE   ModuleNotFoundError: No module named 'pymatgen'\u001b[0m\n\u001b[31m\u001b[1m_________________ ERROR collecting tests/analysis/test_xps.py __________________\u001b[0m\n\u001b[31mImportError while importing test module '/app/repo_to_process/tests/analysis/test_xps.py'.\nHint: make sure your test modules/packages have valid Python names.\nTraceback:\ntests/analysis/test_xps.py:3: in <module>\n    from pymatgen.analysis.xps import XPS\nE   ModuleNotFoundError: No module named 'pymatgen'\u001b[0m\n\u001b[31m\u001b[1m_________ ERROR collecting tests/analysis/topological/test_spillage.py _________\u001b[0m\n\u001b[31mImportError while importing test module '/app/repo_to_process/tests/analysis/topological/test_spillage.py'.\nHint: make sure your test modules/packages have valid Python names.\nTraceback:\ntests/analysis/topological/test_spillage.py:5: in <module>\n    from pymatgen.analysis.topological.spillage import SOCSpillage\nE   ModuleNotFoundError: No module named 'pymatgen'\u001b[0m\n\u001b[31m\u001b[1m_____________ ERROR collecting tests/analysis/xas/test_spectrum.py _____________\u001b[0m\n\u001b[31mImportError while importing test module '/app/repo_to_process/tests/analysis/xas/test_spectrum.py'.\nHint: make sure your test modules/packages have valid Python names.\nTraceback:\ntests/analysis/xas/test_spectrum.py:11: in <module>\n    from pymatgen.analysis.xas.spectrum import XAS, site_weighted_spectrum\nE   ModuleNotFoundError: No module named 'pymatgen'\u001b[0m\n\u001b[31m\u001b[1m_____________ ERROR collecting tests/apps/battery/test_analyzer.py _____________\u001b[0m\n\u001b[31mImportError while importing test module '/app/repo_to_process/tests/apps/battery/test_analyzer.py'.\nHint: make sure your test modules/packages have valid Python names.\nTraceback:\ntests/apps/battery/test_analyzer.py:6: in <module>\n    from pymatgen.apps.battery.analyzer import BatteryAnalyzer\nE   ModuleNotFoundError: No module named 'pymatgen'\u001b[0m\n\u001b[31m\u001b[1m________ ERROR collecting tests/apps/battery/test_conversion_battery.py ________\u001b[0m\n\u001b[31mImportError while importing test module '/app/repo_to_process/tests/apps/battery/test_conversion_battery.py'.\nHint: make sure your test modules/packages have valid Python names.\nTraceback:\ntests/apps/battery/test_conversion_battery.py:8: in <module>\n    from pymatgen.apps.battery.conversion_battery import ConversionElectrode, ConversionVoltagePair\nE   ModuleNotFoundError: No module named 'pymatgen'\u001b[0m\n\u001b[31m\u001b[1m________ ERROR collecting tests/apps/battery/test_insertion_battery.py _________\u001b[0m\n\u001b[31mImportError while importing test module '/app/repo_to_process/tests/apps/battery/test_insertion_battery.py'.\nHint: make sure your test modules/packages have valid Python names.\nTraceback:\ntests/apps/battery/test_insertion_battery.py:8: in <module>\n    from pymatgen.apps.battery.insertion_battery import InsertionElectrode, InsertionVoltagePair\nE   ModuleNotFoundError: No module named 'pymatgen'\u001b[0m\n\u001b[31m\u001b[1m_____________ ERROR collecting tests/apps/battery/test_plotter.py ______________\u001b[0m\n\u001b[31mImportError while importing test module '/app/repo_to_process/tests/apps/battery/test_plotter.py'.\nHint: make sure your test modules/packages have valid Python names.\nTraceback:\ntests/apps/battery/test_plotter.py:7: in <module>\n    from pymatgen.apps.battery.conversion_battery import ConversionElectrode\nE   ModuleNotFoundError: No module named 'pymatgen'\u001b[0m\n\u001b[31m\u001b[1m________________ ERROR collecting tests/apps/borg/test_hive.py _________________\u001b[0m\n\u001b[31mImportError while importing test module '/app/repo_to_process/tests/apps/borg/test_hive.py'.\nHint: make sure your test modules/packages have valid Python names.\nTraceback:\ntests/apps/borg/test_hive.py:8: in <module>\n    from pymatgen.apps.borg.hive import (\nE   ModuleNotFoundError: No module named 'pymatgen'\u001b[0m\n\u001b[31m\u001b[1m________________ ERROR collecting tests/apps/borg/test_queen.py ________________\u001b[0m\n\u001b[31mImportError while importing test module '/app/repo_to_process/tests/apps/borg/test_queen.py'.\nHint: make sure your test modules/packages have valid Python names.\nTraceback:\ntests/apps/borg/test_queen.py:5: in <module>\n    from pymatgen.apps.borg.hive import VaspToComputedEntryDrone\nE   ModuleNotFoundError: No module named 'pymatgen'\u001b[0m\n\u001b[31m\u001b[1m________________ ERROR collecting tests/cli/test_pmg_analyze.py ________________\u001b[0m\n\u001b[31mImportError while importing test module '/app/repo_to_process/tests/cli/test_pmg_analyze.py'.\nHint: make sure your test modules/packages have valid Python names.\nTraceback:\ntests/cli/test_pmg_analyze.py:7: in <module>\n    from pymatgen.util.testing import TEST_FILES_DIR\nE   ModuleNotFoundError: No module named 'pymatgen'\u001b[0m\n\u001b[31m\u001b[1m_________________ ERROR collecting tests/cli/test_pmg_diff.py __________________\u001b[0m\n\u001b[31mImportError while importing test module '/app/repo_to_process/tests/cli/test_pmg_diff.py'.\nHint: make sure your test modules/packages have valid Python names.\nTraceback:\ntests/cli/test_pmg_diff.py:6: in <module>\n    from pymatgen.util.testing import VASP_IN_DIR\nE   ModuleNotFoundError: No module named 'pymatgen'\u001b[0m\n\u001b[31m\u001b[1m_________________ ERROR collecting tests/cli/test_pmg_plot.py __________________\u001b[0m\n\u001b[31mImportError while importing test module '/app/repo_to_process/tests/cli/test_pmg_plot.py'.\nHint: make sure your test modules/packages have valid Python names.\nTraceback:\ntests/cli/test_pmg_plot.py:9: in <module>\n    from pymatgen.util.testing import VASP_IN_DIR, VASP_OUT_DIR\nE   ModuleNotFoundError: No module named 'pymatgen'\u001b[0m\n\u001b[31m\u001b[1m_______________ ERROR collecting tests/cli/test_pmg_structure.py _______________\u001b[0m\n\u001b[31mImportError while importing test module '/app/repo_to_process/tests/cli/test_pmg_structure.py'.\nHint: make sure your test modules/packages have valid Python names.\nTraceback:\ntests/cli/test_pmg_structure.py:7: in <module>\n    from pymatgen.util.testing import TEST_FILES_DIR\nE   ModuleNotFoundError: No module named 'pymatgen'\u001b[0m\n\u001b[31m\u001b[1m___________ ERROR collecting tests/command_line/test_bader_caller.py ___________\u001b[0m\n\u001b[31mImportError while importing test module '/app/repo_to_process/tests/command_line/test_bader_caller.py'.\nHint: make sure your test modules/packages have valid Python names.\nTraceback:\ntests/command_line/test_bader_caller.py:12: in <module>\n    from pymatgen.command_line.bader_caller import BaderAnalysis, bader_analysis_from_path\nE   ModuleNotFoundError: No module named 'pymatgen'\u001b[0m\n\u001b[31m\u001b[1m_________ ERROR collecting tests/command_line/test_chargemol_caller.py _________\u001b[0m\n\u001b[31mImportError while importing test module '/app/repo_to_process/tests/command_line/test_chargemol_caller.py'.\nHint: make sure your test modules/packages have valid Python names.\nTraceback:\ntests/command_line/test_chargemol_caller.py:6: in <module>\n    from pymatgen.command_line.chargemol_caller import ChargemolAnalysis\nE   ModuleNotFoundError: No module named 'pymatgen'\u001b[0m\n\u001b[31m\u001b[1m__________ ERROR collecting tests/command_line/test_critic2_caller.py __________\u001b[0m\n\u001b[31mImportError while importing test module '/app/repo_to_process/tests/command_line/test_critic2_caller.py'.\nHint: make sure your test modules/packages have valid Python names.\nTraceback:\ntests/command_line/test_critic2_caller.py:8: in <module>\n    from pymatgen.command_line.critic2_caller import Critic2Analysis, Critic2Caller\nE   ModuleNotFoundError: No module named 'pymatgen'\u001b[0m\n\u001b[31m\u001b[1m__________ ERROR collecting tests/command_line/test_enumlib_caller.py __________\u001b[0m\n\u001b[31mImportError while importing test module '/app/repo_to_process/tests/command_line/test_enumlib_caller.py'.\nHint: make sure your test modules/packages have valid Python names.\nTraceback:\ntests/command_line/test_enumlib_caller.py:9: in <module>\n    from pymatgen.command_line.enumlib_caller import EnumError, EnumlibAdaptor\nE   ModuleNotFoundError: No module named 'pymatgen'\u001b[0m\n\u001b[31m\u001b[1m___________ ERROR collecting tests/command_line/test_gulp_caller.py ____________\u001b[0m\n\u001b[31mImportError while importing test module '/app/repo_to_process/tests/command_line/test_gulp_caller.py'.\nHint: make sure your test modules/packages have valid Python names.\nTraceback:\ntests/command_line/test_gulp_caller.py:17: in <module>\n    from pymatgen.analysis.bond_valence import BVAnalyzer\nE   ModuleNotFoundError: No module named 'pymatgen'\u001b[0m\n\u001b[31m\u001b[1m___________ ERROR collecting tests/command_line/test_mcsqs_caller.py ___________\u001b[0m\n\u001b[31mImportError while importing test module '/app/repo_to_process/tests/command_line/test_mcsqs_caller.py'.\nHint: make sure your test modules/packages have valid Python names.\nTraceback:\ntests/command_line/test_mcsqs_caller.py:8: in <module>\n    from pymatgen.command_line.mcsqs_caller import run_mcsqs\nE   ModuleNotFoundError: No module named 'pymatgen'\u001b[0m\n\u001b[31m\u001b[1m__________ ERROR collecting tests/command_line/test_vampire_caller.py __________\u001b[0m\n\u001b[31mImportError while importing test module '/app/repo_to_process/tests/command_line/test_vampire_caller.py'.\nHint: make sure your test modules/packages have valid Python names.\nTraceback:\ntests/command_line/test_vampire_caller.py:9: in <module>\n    from pymatgen.command_line.vampire_caller import VampireCaller\nE   ModuleNotFoundError: No module named 'pymatgen'\u001b[0m\n\u001b[31m\u001b[1m__________________ ERROR collecting tests/core/test_bonds.py ___________________\u001b[0m\n\u001b[31mImportError while importing test module '/app/repo_to_process/tests/core/test_bonds.py'.\nHint: make sure your test modules/packages have valid Python names.\nTraceback:\ntests/core/test_bonds.py:6: in <module>\n    from pymatgen.core import Element, Site\nE   ModuleNotFoundError: No module named 'pymatgen'\u001b[0m\n\u001b[31m\u001b[1m_______________ ERROR collecting tests/core/test_composition.py ________________\u001b[0m\n\u001b[31mImportError while importing test module '/app/repo_to_process/tests/core/test_composition.py'.\nHint: make sure your test modules/packages have valid Python names.\nTraceback:\ntests/core/test_composition.py:14: in <module>\n    from pymatgen.core import Composition, DummySpecies, Element, Species\nE   ModuleNotFoundError: No module named 'pymatgen'\u001b[0m\n\u001b[31m\u001b[1m________________ ERROR collecting tests/core/test_interface.py _________________\u001b[0m\n\u001b[31mImportError while importing test module '/app/repo_to_process/tests/core/test_interface.py'.\nHint: make sure your test modules/packages have valid Python names.\nTraceback:\ntests/core/test_interface.py:7: in <module>\n    from pymatgen.core.interface import GrainBoundary, GrainBoundaryGenerator, Interface\nE   ModuleNotFoundError: No module named 'pymatgen'\u001b[0m\n\u001b[31m\u001b[1m___________________ ERROR collecting tests/core/test_ion.py ____________________\u001b[0m\n\u001b[31mImportError while importing test module '/app/repo_to_process/tests/core/test_ion.py'.\nHint: make sure your test modules/packages have valid Python names.\nTraceback:\ntests/core/test_ion.py:6: in <module>\n    from pymatgen.core import Composition, Element\nE   ModuleNotFoundError: No module named 'pymatgen'\u001b[0m\n\u001b[31m\u001b[1m_________________ ERROR collecting tests/core/test_lattice.py __________________\u001b[0m\n\u001b[31mImportError while importing test module '/app/repo_to_process/tests/core/test_lattice.py'.\nHint: make sure your test modules/packages have valid Python names.\nTraceback:\ntests/core/test_lattice.py:10: in <module>\n    from pymatgen.core.lattice import Lattice, get_points_in_spheres\nE   ModuleNotFoundError: No module named 'pymatgen'\u001b[0m\n\u001b[31m\u001b[1m________________ ERROR collecting tests/core/test_libxcfunc.py _________________\u001b[0m\n\u001b[31mImportError while importing test module '/app/repo_to_process/tests/core/test_libxcfunc.py'.\nHint: make sure your test modules/packages have valid Python names.\nTraceback:\ntests/core/test_libxcfunc.py:3: in <module>\n    from pymatgen.core.libxcfunc import LibxcFunc\nE   ModuleNotFoundError: No module named 'pymatgen'\u001b[0m\n\u001b[31m\u001b[1m____________ ERROR collecting tests/core/test_molecular_orbitals.py ____________\u001b[0m\n\u001b[31mImportError while importing test module '/app/repo_to_process/tests/core/test_molecular_orbitals.py'.\nHint: make sure your test modules/packages have valid Python names.\nTraceback:\ntests/core/test_molecular_orbitals.py:5: in <module>\n    from pymatgen.core.molecular_orbitals import MolecularOrbitals\nE   ModuleNotFoundError: No module named 'pymatgen'\u001b[0m\n\u001b[31m\u001b[1m________________ ERROR collecting tests/core/test_operations.py ________________\u001b[0m\n\u001b[31mImportError while importing test module '/app/repo_to_process/tests/core/test_operations.py'.\nHint: make sure your test modules/packages have valid Python names.\nTraceback:\ntests/core/test_operations.py:8: in <module>\n    from pymatgen.core.operations import MagSymmOp, SymmOp\nE   ModuleNotFoundError: No module named 'pymatgen'\u001b[0m\n\u001b[31m\u001b[1m______________ ERROR collecting tests/core/test_periodic_table.py ______________\u001b[0m\n\u001b[31mImportError while importing test module '/app/repo_to_process/tests/core/test_periodic_table.py'.\nHint: make sure your test modules/packages have valid Python names.\nTraceback:\ntests/core/test_periodic_table.py:13: in <module>\n    from pymatgen.core import DummySpecies, Element, Species, get_el_sp\nE   ModuleNotFoundError: No module named 'pymatgen'\u001b[0m\n\u001b[31m\u001b[1m_________________ ERROR collecting tests/core/test_settings.py _________________\u001b[0m\n\u001b[31mImportError while importing test module '/app/repo_to_process/tests/core/test_settings.py'.\nHint: make sure your test modules/packages have valid Python names.\nTraceback:\ntests/core/test_settings.py:5: in <module>\n    from pymatgen.core import _load_pmg_settings\nE   ModuleNotFoundError: No module named 'pymatgen'\u001b[0m\n\u001b[31m\u001b[1m__________________ ERROR collecting tests/core/test_sites.py ___________________\u001b[0m\n\u001b[31mImportError while importing test module '/app/repo_to_process/tests/core/test_sites.py'.\nHint: make sure your test modules/packages have valid Python names.\nTraceback:\ntests/core/test_sites.py:10: in <module>\n    from pymatgen.core import Composition, Element, Lattice, PeriodicSite, Site, Species\nE   ModuleNotFoundError: No module named 'pymatgen'\u001b[0m\n\u001b[31m\u001b[1m_________________ ERROR collecting tests/core/test_spectrum.py _________________\u001b[0m\n\u001b[31mImportError while importing test module '/app/repo_to_process/tests/core/test_spectrum.py'.\nHint: make sure your test modules/packages have valid Python names.\nTraceback:\ntests/core/test_spectrum.py:8: in <module>\n    from pymatgen.core.spectrum import Spectrum\nE   ModuleNotFoundError: No module named 'pymatgen'\u001b[0m\n\u001b[31m\u001b[1m________________ ERROR collecting tests/core/test_structure.py _________________\u001b[0m\n\u001b[31mImportError while importing test module '/app/repo_to_process/tests/core/test_structure.py'.\nHint: make sure your test modules/packages have valid Python names.\nTraceback:\ntests/core/test_structure.py:20: in <module>\n    from pymatgen.core import SETTINGS, Composition, Element, Lattice, Species\nE   ModuleNotFoundError: No module named 'pymatgen'\u001b[0m\n\u001b[31m\u001b[1m_________________ ERROR collecting tests/core/test_surface.py __________________\u001b[0m\n\u001b[31mImportError while importing test module '/app/repo_to_process/tests/core/test_surface.py'.\nHint: make sure your test modules/packages have valid Python names.\nTraceback:\ntests/core/test_surface.py:11: in <module>\n    import pymatgen.core\nE   ModuleNotFoundError: No module named 'pymatgen'\u001b[0m\n\u001b[31m\u001b[1m_________________ ERROR collecting tests/core/test_tensors.py __________________\u001b[0m\n\u001b[31mImportError while importing test module '/app/repo_to_process/tests/core/test_tensors.py'.\nHint: make sure your test modules/packages have valid Python names.\nTraceback:\ntests/core/test_tensors.py:12: in <module>\n    from pymatgen.core.operations import SymmOp\nE   ModuleNotFoundError: No module named 'pymatgen'\u001b[0m\n\u001b[31m\u001b[1m________________ ERROR collecting tests/core/test_trajectory.py ________________\u001b[0m\n\u001b[31mImportError while importing test module '/app/repo_to_process/tests/core/test_trajectory.py'.\nHint: make sure your test modules/packages have valid Python names.\nTraceback:\ntests/core/test_trajectory.py:10: in <module>\n    from pymatgen.core.lattice import Lattice\nE   ModuleNotFoundError: No module named 'pymatgen'\u001b[0m\n\u001b[31m\u001b[1m__________________ ERROR collecting tests/core/test_units.py ___________________\u001b[0m\n\u001b[31mImportError while importing test module '/app/repo_to_process/tests/core/test_units.py'.\nHint: make sure your test modules/packages have valid Python names.\nTraceback:\ntests/core/test_units.py:7: in <module>\n    from pymatgen.core.units import (\nE   ModuleNotFoundError: No module named 'pymatgen'\u001b[0m\n\u001b[31m\u001b[1m__________________ ERROR collecting tests/core/test_xcfunc.py __________________\u001b[0m\n\u001b[31mImportError while importing test module '/app/repo_to_process/tests/core/test_xcfunc.py'.\nHint: make sure your test modules/packages have valid Python names.\nTraceback:\ntests/core/test_xcfunc.py:5: in <module>\n    from pymatgen.core.xcfunc import XcFunc\nE   ModuleNotFoundError: No module named 'pymatgen'\u001b[0m\n\u001b[31m\u001b[1m______ ERROR collecting tests/electronic_structure/test_bandstructure.py _______\u001b[0m\n\u001b[31mImportError while importing test module '/app/repo_to_process/tests/electronic_structure/test_bandstructure.py'.\nHint: make sure your test modules/packages have valid Python names.\nTraceback:\ntests/electronic_structure/test_bandstructure.py:12: in <module>\n    from pymatgen.core.lattice import Lattice\nE   ModuleNotFoundError: No module named 'pymatgen'\u001b[0m\n\u001b[31m\u001b[1m________ ERROR collecting tests/electronic_structure/test_boltztrap.py _________\u001b[0m\n\u001b[31mImportError while importing test module '/app/repo_to_process/tests/electronic_structure/test_boltztrap.py'.\nHint: make sure your test modules/packages have valid Python names.\nTraceback:\ntests/electronic_structure/test_boltztrap.py:11: in <module>\n    from pymatgen.electronic_structure.bandstructure import BandStructure\nE   ModuleNotFoundError: No module named 'pymatgen'\u001b[0m\n\u001b[31m\u001b[1m________ ERROR collecting tests/electronic_structure/test_boltztrap2.py ________\u001b[0m\n\u001b[31mImportError while importing test module '/app/repo_to_process/tests/electronic_structure/test_boltztrap2.py'.\nHint: make sure your test modules/packages have valid Python names.\nTraceback:\ntests/electronic_structure/test_boltztrap2.py:10: in <module>\n    from pymatgen.electronic_structure.core import OrbitalType, Spin\nE   ModuleNotFoundError: No module named 'pymatgen'\u001b[0m\n\u001b[31m\u001b[1m___________ ERROR collecting tests/electronic_structure/test_cohp.py ___________\u001b[0m\n\u001b[31mImportError while importing test module '/app/repo_to_process/tests/electronic_structure/test_cohp.py'.\nHint: make sure your test modules/packages have valid Python names.\nTraceback:\ntests/electronic_structure/test_cohp.py:8: in <module>\n    from pymatgen.electronic_structure.cohp import (\nE   ModuleNotFoundError: No module named 'pymatgen'\u001b[0m\n\u001b[31m\u001b[1m___________ ERROR collecting tests/electronic_structure/test_core.py ___________\u001b[0m\n\u001b[31mImportError while importing test module '/app/repo_to_process/tests/electronic_structure/test_core.py'.\nHint: make sure your test modules/packages have valid Python names.\nTraceback:\ntests/electronic_structure/test_core.py:8: in <module>\n    from pymatgen.core import Lattice\nE   ModuleNotFoundError: No module named 'pymatgen'\u001b[0m\n\u001b[31m\u001b[1m___________ ERROR collecting tests/electronic_structure/test_dos.py ____________\u001b[0m\n\u001b[31mImportError while importing test module '/app/repo_to_process/tests/electronic_structure/test_dos.py'.\nHint: make sure your test modules/packages have valid Python names.\nTraceback:\ntests/electronic_structure/test_dos.py:13: in <module>\n    from pymatgen.core import Element, Structure\nE   ModuleNotFoundError: No module named 'pymatgen'\u001b[0m\n\u001b[31m\u001b[1m_________ ERROR collecting tests/electronic_structure/test_plotter.py __________\u001b[0m\n\u001b[31mImportError while importing test module '/app/repo_to_process/tests/electronic_structure/test_plotter.py'.\nHint: make sure your test modules/packages have valid Python names.\nTraceback:\ntests/electronic_structure/test_plotter.py:14: in <module>\n    from pymatgen.core.structure import Structure\nE   ModuleNotFoundError: No module named 'pymatgen'\u001b[0m\n\u001b[31m\u001b[1m_____________ ERROR collecting tests/entries/test_compatibility.py _____________\u001b[0m\n\u001b[31mImportError while importing test module '/app/repo_to_process/tests/entries/test_compatibility.py'.\nHint: make sure your test modules/packages have valid Python names.\nTraceback:\ntests/entries/test_compatibility.py:16: in <module>\n    import pymatgen.entries\nE   ModuleNotFoundError: No module named 'pymatgen'\u001b[0m\n\u001b[31m\u001b[1m___________ ERROR collecting tests/entries/test_computed_entries.py ____________\u001b[0m\n\u001b[31mImportError while importing test module '/app/repo_to_process/tests/entries/test_computed_entries.py'.\nHint: make sure your test modules/packages have valid Python names.\nTraceback:\ntests/entries/test_computed_entries.py:11: in <module>\n    from pymatgen.analysis.phase_diagram import PhaseDiagram\nE   ModuleNotFoundError: No module named 'pymatgen'\u001b[0m\n\u001b[31m\u001b[1m_________ ERROR collecting tests/entries/test_correction_calculator.py _________\u001b[0m\n\u001b[31mImportError while importing test module '/app/repo_to_process/tests/entries/test_correction_calculator.py'.\nHint: make sure your test modules/packages have valid Python names.\nTraceback:\ntests/entries/test_correction_calculator.py:5: in <module>\n    from pymatgen.entries.correction_calculator import CorrectionCalculator\nE   ModuleNotFoundError: No module named 'pymatgen'\u001b[0m\n\u001b[31m\u001b[1m______________ ERROR collecting tests/entries/test_entry_tools.py ______________\u001b[0m\n\u001b[31mImportError while importing test module '/app/repo_to_process/tests/entries/test_entry_tools.py'.\nHint: make sure your test modules/packages have valid Python names.\nTraceback:\ntests/entries/test_entry_tools.py:9: in <module>\n    from pymatgen.core import Element\nE   ModuleNotFoundError: No module named 'pymatgen'\u001b[0m\n\u001b[31m\u001b[1m______________ ERROR collecting tests/entries/test_exp_entries.py ______________\u001b[0m\n\u001b[31mImportError while importing test module '/app/repo_to_process/tests/entries/test_exp_entries.py'.\nHint: make sure your test modules/packages have valid Python names.\nTraceback:\ntests/entries/test_exp_entries.py:8: in <module>\n    from pymatgen.entries.exp_entries import ExpEntry\nE   ModuleNotFoundError: No module named 'pymatgen'\u001b[0m\n\u001b[31m\u001b[1m_____________ ERROR collecting tests/entries/test_mixing_scheme.py _____________\u001b[0m\n\u001b[31mImportError while importing test module '/app/repo_to_process/tests/entries/test_mixing_scheme.py'.\nHint: make sure your test modules/packages have valid Python names.\nTraceback:\ntests/entries/test_mixing_scheme.py:112: in <module>\n    from pymatgen.analysis.phase_diagram import PhaseDiagram\nE   ModuleNotFoundError: No module named 'pymatgen'\u001b[0m\n\u001b[31m\u001b[1m____________________ ERROR collecting tests/ext/test_cod.py ____________________\u001b[0m\n\u001b[31mImportError while importing test module '/app/repo_to_process/tests/ext/test_cod.py'.\nHint: make sure your test modules/packages have valid Python names.\nTraceback:\ntests/ext/test_cod.py:9: in <module>\n    from pymatgen.ext.cod import COD\nE   ModuleNotFoundError: No module named 'pymatgen'\u001b[0m\n\u001b[31m\u001b[1m__________________ ERROR collecting tests/ext/test_matproj.py __________________\u001b[0m\n\u001b[31mImportError while importing test module '/app/repo_to_process/tests/ext/test_matproj.py'.\nHint: make sure your test modules/packages have valid Python names.\nTraceback:\ntests/ext/test_matproj.py:7: in <module>\n    from pymatgen.core import SETTINGS, Element\nE   ModuleNotFoundError: No module named 'pymatgen'\u001b[0m\n\u001b[31m\u001b[1m_________________ ERROR collecting tests/ext/test_optimade.py __________________\u001b[0m\n\u001b[31mImportError while importing test module '/app/repo_to_process/tests/ext/test_optimade.py'.\nHint: make sure your test modules/packages have valid Python names.\nTraceback:\ntests/ext/test_optimade.py:6: in <module>\n    from pymatgen.ext.optimade import OptimadeRester\nE   ModuleNotFoundError: No module named 'pymatgen'\u001b[0m\n\u001b[31m\u001b[1m_____________ ERROR collecting tests/io/abinit/test_abiobjects.py ______________\u001b[0m\n\u001b[31mImportError while importing test module '/app/repo_to_process/tests/io/abinit/test_abiobjects.py'.\nHint: make sure your test modules/packages have valid Python names.\nTraceback:\ntests/io/abinit/test_abiobjects.py:8: in <module>\n    from pymatgen.core.structure import Structure\nE   ModuleNotFoundError: No module named 'pymatgen'\u001b[0m\n\u001b[31m\u001b[1m______________ ERROR collecting tests/io/abinit/test_abitimer.py _______________\u001b[0m\n\u001b[31mImportError while importing test module '/app/repo_to_process/tests/io/abinit/test_abitimer.py'.\nHint: make sure your test modules/packages have valid Python names.\nTraceback:\ntests/io/abinit/test_abitimer.py:5: in <module>\n    from pymatgen.io.abinit.abitimer import AbinitTimerParser\nE   ModuleNotFoundError: No module named 'pymatgen'\u001b[0m\n\u001b[31m\u001b[1m_______________ ERROR collecting tests/io/abinit/test_inputs.py ________________\u001b[0m\n\u001b[31mImportError while importing test module '/app/repo_to_process/tests/io/abinit/test_inputs.py'.\nHint: make sure your test modules/packages have valid Python names.\nTraceback:\ntests/io/abinit/test_inputs.py:11: in <module>\n    from pymatgen.core.structure import Structure\nE   ModuleNotFoundError: No module named 'pymatgen'\u001b[0m\n\u001b[31m\u001b[1m_______________ ERROR collecting tests/io/abinit/test_netcdf.py ________________\u001b[0m\n\u001b[31mImportError while importing test module '/app/repo_to_process/tests/io/abinit/test_netcdf.py'.\nHint: make sure your test modules/packages have valid Python names.\nTraceback:\ntests/io/abinit/test_netcdf.py:10: in <module>\n    from pymatgen.core.structure import Structure\nE   ModuleNotFoundError: No module named 'pymatgen'\u001b[0m\n\u001b[31m\u001b[1m_______________ ERROR collecting tests/io/abinit/test_pseudos.py _______________\u001b[0m\n\u001b[31mImportError while importing test module '/app/repo_to_process/tests/io/abinit/test_pseudos.py'.\nHint: make sure your test modules/packages have valid Python names.\nTraceback:\ntests/io/abinit/test_pseudos.py:10: in <module>\n    from pymatgen.io.abinit.pseudos import Pseudo, PseudoTable\nE   ModuleNotFoundError: No module named 'pymatgen'\u001b[0m\n\u001b[31m\u001b[1m________________________ ERROR collecting tests/io/aims ________________________\u001b[0m\n\u001b[1m\u001b[31mtests/io/aims/conftest.py\u001b[0m:13: in <module>\n    \u001b[0m\u001b[94mfrom\u001b[39;49;00m\u001b[90m \u001b[39;49;00m\u001b[04m\u001b[96mpymatgen\u001b[39;49;00m\u001b[04m\u001b[96m.\u001b[39;49;00m\u001b[04m\u001b[96mcore\u001b[39;49;00m\u001b[90m \u001b[39;49;00m\u001b[94mimport\u001b[39;49;00m SETTINGS, Molecule, Structure\u001b[90m\u001b[39;49;00m\n\u001b[1m\u001b[31mE   ModuleNotFoundError: No module named 'pymatgen'\u001b[0m\n\u001b[31m\u001b[1m________________ ERROR collecting tests/io/cp2k/test_inputs.py _________________\u001b[0m\n\u001b[31mImportError while importing test module '/app/repo_to_process/tests/io/cp2k/test_inputs.py'.\nHint: make sure your test modules/packages have valid Python names.\nTraceback:\ntests/io/cp2k/test_inputs.py:8: in <module>\n    from pymatgen.core.structure import Molecule, Structure\nE   ModuleNotFoundError: No module named 'pymatgen'\u001b[0m\n\u001b[31m\u001b[1m________________ ERROR collecting tests/io/cp2k/test_outputs.py ________________\u001b[0m\n\u001b[31mImportError while importing test module '/app/repo_to_process/tests/io/cp2k/test_outputs.py'.\nHint: make sure your test modules/packages have valid Python names.\nTraceback:\ntests/io/cp2k/test_outputs.py:7: in <module>\n    from pymatgen.io.cp2k.outputs import Cp2kOutput\nE   ModuleNotFoundError: No module named 'pymatgen'\u001b[0m\n\u001b[31m\u001b[1m_________________ ERROR collecting tests/io/cp2k/test_sets.py __________________\u001b[0m\n\u001b[31mImportError while importing test module '/app/repo_to_process/tests/io/cp2k/test_sets.py'.\nHint: make sure your test modules/packages have valid Python names.\nTraceback:\ntests/io/cp2k/test_sets.py:7: in <module>\n    from pymatgen.core.structure import Molecule, Structure\nE   ModuleNotFoundError: No module named 'pymatgen'\u001b[0m\n\u001b[31m\u001b[1m______________ ERROR collecting tests/io/exciting/test_inputs.py _______________\u001b[0m\n\u001b[31mImportError while importing test module '/app/repo_to_process/tests/io/exciting/test_inputs.py'.\nHint: make sure your test modules/packages have valid Python names.\nTraceback:\ntests/io/exciting/test_inputs.py:9: in <module>\n    from pymatgen.core import Lattice, Structure\nE   ModuleNotFoundError: No module named 'pymatgen'\u001b[0m\n\u001b[31m\u001b[1m________________ ERROR collecting tests/io/feff/test_inputs.py _________________\u001b[0m\n\u001b[31mImportError while importing test module '/app/repo_to_process/tests/io/feff/test_inputs.py'.\nHint: make sure your test modules/packages have valid Python names.\nTraceback:\ntests/io/feff/test_inputs.py:8: in <module>\n    from pymatgen.core import Molecule, Structure\nE   ModuleNotFoundError: No module named 'pymatgen'\u001b[0m\n\u001b[31m\u001b[1m________________ ERROR collecting tests/io/feff/test_outputs.py ________________\u001b[0m\n\u001b[31mImportError while importing test module '/app/repo_to_process/tests/io/feff/test_outputs.py'.\nHint: make sure your test modules/packages have valid Python names.\nTraceback:\ntests/io/feff/test_outputs.py:5: in <module>\n    from pymatgen.io.feff.outputs import LDos, Xmu\nE   ModuleNotFoundError: No module named 'pymatgen'\u001b[0m\n\u001b[31m\u001b[1m_________________ ERROR collecting tests/io/feff/test_sets.py __________________\u001b[0m\n\u001b[31mImportError while importing test module '/app/repo_to_process/tests/io/feff/test_sets.py'.\nHint: make sure your test modules/packages have valid Python names.\nTraceback:\ntests/io/feff/test_sets.py:9: in <module>\n    from pymatgen.core.structure import Lattice, Molecule, Structure\nE   ModuleNotFoundError: No module named 'pymatgen'\u001b[0m\n\u001b[31m\u001b[1m_____________ ERROR collecting tests/io/jdftx/test_generic_tags.py _____________\u001b[0m\n\u001b[31mImportError while importing test module '/app/repo_to_process/tests/io/jdftx/test_generic_tags.py'.\nHint: make sure your test modules/packages have valid Python names.\nTraceback:\ntests/io/jdftx/test_generic_tags.py:7: in <module>\n    from pymatgen.io.jdftx.generic_tags import (\nE   ModuleNotFoundError: No module named 'pymatgen'\u001b[0m\n\u001b[31m\u001b[1m_____________ ERROR collecting tests/io/jdftx/test_input_utils.py ______________\u001b[0m\n\u001b[31mImportError while importing test module '/app/repo_to_process/tests/io/jdftx/test_input_utils.py'.\nHint: make sure your test modules/packages have valid Python names.\nTraceback:\ntests/io/jdftx/test_input_utils.py:5: in <module>\n    from pymatgen.io.jdftx.generic_tags import _flatten_list\nE   ModuleNotFoundError: No module named 'pymatgen'\u001b[0m\n\u001b[31m\u001b[1m_____________ ERROR collecting tests/io/jdftx/test_jdftxinfile.py ______________\u001b[0m\n\u001b[31mImportError while importing test module '/app/repo_to_process/tests/io/jdftx/test_jdftxinfile.py'.\nHint: make sure your test modules/packages have valid Python names.\nTraceback:\ntests/io/jdftx/test_jdftxinfile.py:10: in <module>\n    from pymatgen.core.structure import Structure\nE   ModuleNotFoundError: No module named 'pymatgen'\u001b[0m\n\u001b[31m\u001b[1m_____________ ERROR collecting tests/io/jdftx/test_jdftxoutfile.py _____________\u001b[0m\n\u001b[31mImportError while importing test module '/app/repo_to_process/tests/io/jdftx/test_jdftxoutfile.py'.\nHint: make sure your test modules/packages have valid Python names.\nTraceback:\ntests/io/jdftx/test_jdftxoutfile.py:7: in <module>\n    from pymatgen.io.jdftx._output_utils import read_outfile_slices\nE   ModuleNotFoundError: No module named 'pymatgen'\u001b[0m\n\u001b[31m\u001b[1m__________ ERROR collecting tests/io/jdftx/test_jdftxoutfileslice.py ___________\u001b[0m\n\u001b[31mImportError while importing test module '/app/repo_to_process/tests/io/jdftx/test_jdftxoutfileslice.py'.\nHint: make sure your test modules/packages have valid Python names.\nTraceback:\ntests/io/jdftx/test_jdftxoutfileslice.py:8: in <module>\n    from pymatgen.core.trajectory import Trajectory\nE   ModuleNotFoundError: No module named 'pymatgen'\u001b[0m\n\u001b[31m\u001b[1m_____________ ERROR collecting tests/io/jdftx/test_jdftxoutput.py ______________\u001b[0m\n\u001b[31mImportError while importing test module '/app/repo_to_process/tests/io/jdftx/test_jdftxoutput.py'.\nHint: make sure your test modules/packages have valid Python names.\nTraceback:\ntests/io/jdftx/test_jdftxoutput.py:7: in <module>\n    from pymatgen.io.jdftx.outputs import JDFTXOutputs, implemented_store_vars\nE   ModuleNotFoundError: No module named 'pymatgen'\u001b[0m\n\u001b[31m\u001b[1m_______________ ERROR collecting tests/io/jdftx/test_jelsteps.py _______________\u001b[0m\n\u001b[31mImportError while importing test module '/app/repo_to_process/tests/io/jdftx/test_jelsteps.py'.\nHint: make sure your test modules/packages have valid Python names.\nTraceback:\ntests/io/jdftx/test_jelsteps.py:8: in <module>\n    from pymatgen.io.jdftx.jelstep import JElStep, JElSteps\nE   ModuleNotFoundError: No module named 'pymatgen'\u001b[0m\n\u001b[31m\u001b[1m____________ ERROR collecting tests/io/jdftx/test_joutstructure.py _____________\u001b[0m\n\u001b[31mImportError while importing test module '/app/repo_to_process/tests/io/jdftx/test_joutstructure.py'.\nHint: make sure your test modules/packages have valid Python names.\nTraceback:\ntests/io/jdftx/test_joutstructure.py:10: in <module>\n    from pymatgen.core import Structure\nE   ModuleNotFoundError: No module named 'pymatgen'\u001b[0m\n\u001b[31m\u001b[1m____________ ERROR collecting tests/io/jdftx/test_joutstructures.py ____________\u001b[0m\n\u001b[31mImportError while importing test module '/app/repo_to_process/tests/io/jdftx/test_joutstructures.py'.\nHint: make sure your test modules/packages have valid Python names.\nTraceback:\ntests/io/jdftx/test_joutstructures.py:8: in <module>\n    from pymatgen.io.jdftx.joutstructures import JOutStructure, JOutStructures\nE   ModuleNotFoundError: No module named 'pymatgen'\u001b[0m\n\u001b[31m\u001b[1m_____________ ERROR collecting tests/io/jdftx/test_output_utils.py _____________\u001b[0m\n\u001b[31mImportError while importing test module '/app/repo_to_process/tests/io/jdftx/test_output_utils.py'.\nHint: make sure your test modules/packages have valid Python names.\nTraceback:\ntests/io/jdftx/test_output_utils.py:9: in <module>\n    from pymatgen.io.jdftx._output_utils import find_first_range_key, get_start_lines\nE   ModuleNotFoundError: No module named 'pymatgen'\u001b[0m\n\u001b[31m\u001b[1m_______________ ERROR collecting tests/io/jdftx/test_repr_out.py _______________\u001b[0m\n\u001b[31mImportError while importing test module '/app/repo_to_process/tests/io/jdftx/test_repr_out.py'.\nHint: make sure your test modules/packages have valid Python names.\nTraceback:\ntests/io/jdftx/test_repr_out.py:13: in <module>\n    from pymatgen.io.jdftx.jdftxoutfileslice import JDFTXOutfileSlice\nE   ModuleNotFoundError: No module named 'pymatgen'\u001b[0m\n\u001b[31m\u001b[1m________________ ERROR collecting tests/io/lammps/test_data.py _________________\u001b[0m\n\u001b[31mImportError while importing test module '/app/repo_to_process/tests/io/lammps/test_data.py'.\nHint: make sure your test modules/packages have valid Python names.\nTraceback:\ntests/io/lammps/test_data.py:15: in <module>\n    from pymatgen.core import Element, Lattice, Molecule, Structure\nE   ModuleNotFoundError: No module named 'pymatgen'\u001b[0m\n\u001b[31m\u001b[1m_____________ ERROR collecting tests/io/lammps/test_generators.py ______________\u001b[0m\n\u001b[31mImportError while importing test module '/app/repo_to_process/tests/io/lammps/test_generators.py'.\nHint: make sure your test modules/packages have valid Python names.\nTraceback:\ntests/io/lammps/test_generators.py:3: in <module>\n    from pymatgen.core.structure import Structure\nE   ModuleNotFoundError: No module named 'pymatgen'\u001b[0m\n\u001b[31m\u001b[1m_______________ ERROR collecting tests/io/lammps/test_inputs.py ________________\u001b[0m\n\u001b[31mImportError while importing test module '/app/repo_to_process/tests/io/lammps/test_inputs.py'.\nHint: make sure your test modules/packages have valid Python names.\nTraceback:\ntests/io/lammps/test_inputs.py:10: in <module>\n    from pymatgen.core.lattice import Lattice\nE   ModuleNotFoundError: No module named 'pymatgen'\u001b[0m\n\u001b[31m\u001b[1m_______________ ERROR collecting tests/io/lammps/test_outputs.py _______________\u001b[0m\n\u001b[31mImportError while importing test module '/app/repo_to_process/tests/io/lammps/test_outputs.py'.\nHint: make sure your test modules/packages have valid Python names.\nTraceback:\ntests/io/lammps/test_outputs.py:10: in <module>\n    from pymatgen.io.lammps.outputs import LammpsDump, parse_lammps_dumps, parse_lammps_log\nE   ModuleNotFoundError: No module named 'pymatgen'\u001b[0m\n\u001b[31m\u001b[1m________________ ERROR collecting tests/io/lammps/test_utils.py ________________\u001b[0m\n\u001b[31mImportError while importing test module '/app/repo_to_process/tests/io/lammps/test_utils.py'.\nHint: make sure your test modules/packages have valid Python names.\nTraceback:\ntests/io/lammps/test_utils.py:3: in <module>\n    from pymatgen.core.structure import Molecule\nE   ModuleNotFoundError: No module named 'pymatgen'\u001b[0m\n\u001b[31m\u001b[1m_______________ ERROR collecting tests/io/lobster/test_inputs.py _______________\u001b[0m\n\u001b[31mImportError while importing test module '/app/repo_to_process/tests/io/lobster/test_inputs.py'.\nHint: make sure your test modules/packages have valid Python names.\nTraceback:\ntests/io/lobster/test_inputs.py:7: in <module>\n    from pymatgen.core.structure import Structure\nE   ModuleNotFoundError: No module named 'pymatgen'\u001b[0m\n\u001b[31m\u001b[1m_____________ ERROR collecting tests/io/lobster/test_lobsterenv.py _____________\u001b[0m\n\u001b[31mImportError while importing test module '/app/repo_to_process/tests/io/lobster/test_lobsterenv.py'.\nHint: make sure your test modules/packages have valid Python names.\nTraceback:\ntests/io/lobster/test_lobsterenv.py:8: in <module>\n    from pymatgen.analysis.graphs import StructureGraph\nE   ModuleNotFoundError: No module named 'pymatgen'\u001b[0m\n\u001b[31m\u001b[1m______________ ERROR collecting tests/io/lobster/test_outputs.py _______________\u001b[0m\n\u001b[31mImportError while importing test module '/app/repo_to_process/tests/io/lobster/test_outputs.py'.\nHint: make sure your test modules/packages have valid Python names.\nTraceback:\ntests/io/lobster/test_outputs.py:13: in <module>\n    from pymatgen.core.structure import Structure\nE   ModuleNotFoundError: No module named 'pymatgen'\u001b[0m\n\u001b[31m\u001b[1m________________ ERROR collecting tests/io/pwmat/test_inputs.py ________________\u001b[0m\n\u001b[31mImportError while importing test module '/app/repo_to_process/tests/io/pwmat/test_inputs.py'.\nHint: make sure your test modules/packages have valid Python names.\nTraceback:\ntests/io/pwmat/test_inputs.py:11: in <module>\n    import pymatgen\nE   ModuleNotFoundError: No module named 'pymatgen'\u001b[0m\n\u001b[31m\u001b[1m_______________ ERROR collecting tests/io/pwmat/test_outputs.py ________________\u001b[0m\n\u001b[31mImportError while importing test module '/app/repo_to_process/tests/io/pwmat/test_outputs.py'.\nHint: make sure your test modules/packages have valid Python names.\nTraceback:\ntests/io/pwmat/test_outputs.py:5: in <module>\n    from pymatgen.io.pwmat.outputs import DosSpin, Movement, OutFermi, Report\nE   ModuleNotFoundError: No module named 'pymatgen'\u001b[0m\n\u001b[31m\u001b[1m________________ ERROR collecting tests/io/qchem/test_inputs.py ________________\u001b[0m\n\u001b[31mImportError while importing test module '/app/repo_to_process/tests/io/qchem/test_inputs.py'.\nHint: make sure your test modules/packages have valid Python names.\nTraceback:\ntests/io/qchem/test_inputs.py:8: in <module>\n    from pymatgen.core.structure import Molecule\nE   ModuleNotFoundError: No module named 'pymatgen'\u001b[0m\n\u001b[31m\u001b[1m_______________ ERROR collecting tests/io/qchem/test_outputs.py ________________\u001b[0m\n\u001b[31mImportError while importing test module '/app/repo_to_process/tests/io/qchem/test_outputs.py'.\nHint: make sure your test modules/packages have valid Python names.\nTraceback:\ntests/io/qchem/test_outputs.py:12: in <module>\n    from pymatgen.core.structure import Molecule\nE   ModuleNotFoundError: No module named 'pymatgen'\u001b[0m\n\u001b[31m\u001b[1m_________________ ERROR collecting tests/io/qchem/test_sets.py _________________\u001b[0m\n\u001b[31mImportError while importing test module '/app/repo_to_process/tests/io/qchem/test_sets.py'.\nHint: make sure your test modules/packages have valid Python names.\nTraceback:\ntests/io/qchem/test_sets.py:7: in <module>\n    from pymatgen.io.qchem.sets import (\nE   ModuleNotFoundError: No module named 'pymatgen'\u001b[0m\n\u001b[31m\u001b[1m________________ ERROR collecting tests/io/qchem/test_utils.py _________________\u001b[0m\n\u001b[31mImportError while importing test module '/app/repo_to_process/tests/io/qchem/test_utils.py'.\nHint: make sure your test modules/packages have valid Python names.\nTraceback:\ntests/io/qchem/test_utils.py:9: in <module>\n    from pymatgen.io.qchem.utils import lower_and_check_unique, process_parsed_hess\nE   ModuleNotFoundError: No module named 'pymatgen'\u001b[0m\n\u001b[31m\u001b[1m____________________ ERROR collecting tests/io/test_adf.py _____________________\u001b[0m\n\u001b[31mImportError while importing test module '/app/repo_to_process/tests/io/test_adf.py'.\nHint: make sure your test modules/packages have valid Python names.\nTraceback:\ntests/io/test_adf.py:5: in <module>\n    from pymatgen.core.structure import Molecule\nE   ModuleNotFoundError: No module named 'pymatgen'\u001b[0m\n\u001b[31m\u001b[1m____________________ ERROR collecting tests/io/test_ase.py _____________________\u001b[0m\n\u001b[31mImportError while importing test module '/app/repo_to_process/tests/io/test_ase.py'.\nHint: make sure your test modules/packages have valid Python names.\nTraceback:\ntests/io/test_ase.py:11: in <module>\n    from pymatgen.core import Composition, Lattice, Molecule, Structure\nE   ModuleNotFoundError: No module named 'pymatgen'\u001b[0m\n\u001b[31m\u001b[1m____________________ ERROR collecting tests/io/test_atat.py ____________________\u001b[0m\n\u001b[31mImportError while importing test module '/app/repo_to_process/tests/io/test_atat.py'.\nHint: make sure your test modules/packages have valid Python names.\nTraceback:\ntests/io/test_atat.py:6: in <module>\n    from pymatgen.core.structure import Structure\nE   ModuleNotFoundError: No module named 'pymatgen'\u001b[0m\n\u001b[31m\u001b[1m___________________ ERROR collecting tests/io/test_babel.py ____________________\u001b[0m\n\u001b[31mImportError while importing test module '/app/repo_to_process/tests/io/test_babel.py'.\nHint: make sure your test modules/packages have valid Python names.\nTraceback:\ntests/io/test_babel.py:9: in <module>\n    from pymatgen.analysis.graphs import MoleculeGraph\nE   ModuleNotFoundError: No module named 'pymatgen'\u001b[0m\n\u001b[31m\u001b[1m____________________ ERROR collecting tests/io/test_cif.py _____________________\u001b[0m\n\u001b[31mImportError while importing test module '/app/repo_to_process/tests/io/test_cif.py'.\nHint: make sure your test modules/packages have valid Python names.\nTraceback:\ntests/io/test_cif.py:7: in <module>\n    from pymatgen.analysis.structure_matcher import StructureMatcher\nE   ModuleNotFoundError: No module named 'pymatgen'\u001b[0m\n\u001b[31m\u001b[1m___________________ ERROR collecting tests/io/test_common.py ___________________\u001b[0m\n\u001b[31mImportError while importing test module '/app/repo_to_process/tests/io/test_common.py'.\nHint: make sure your test modules/packages have valid Python names.\nTraceback:\ntests/io/test_common.py:7: in <module>\n    from pymatgen.io.common import PMGDir, VolumetricData\nE   ModuleNotFoundError: No module named 'pymatgen'\u001b[0m\n\u001b[31m\u001b[1m____________________ ERROR collecting tests/io/test_core.py ____________________\u001b[0m\n\u001b[31mImportError while importing test module '/app/repo_to_process/tests/io/test_core.py'.\nHint: make sure your test modules/packages have valid Python names.\nTraceback:\ntests/io/test_core.py:10: in <module>\n    from pymatgen.core.structure import Structure\nE   ModuleNotFoundError: No module named 'pymatgen'\u001b[0m\n\u001b[31m\u001b[1m____________________ ERROR collecting tests/io/test_cssr.py ____________________\u001b[0m\n\u001b[31mImportError while importing test module '/app/repo_to_process/tests/io/test_cssr.py'.\nHint: make sure your test modules/packages have valid Python names.\nTraceback:\ntests/io/test_cssr.py:5: in <module>\n    from pymatgen.core.structure import Structure\nE   ModuleNotFoundError: No module named 'pymatgen'\u001b[0m\n\u001b[31m\u001b[1m___________________ ERROR collecting tests/io/test_fiesta.py ___________________\u001b[0m\n\u001b[31mImportError while importing test module '/app/repo_to_process/tests/io/test_fiesta.py'.\nHint: make sure your test modules/packages have valid Python names.\nTraceback:\ntests/io/test_fiesta.py:3: in <module>\n    from pymatgen.core.structure import Molecule\nE   ModuleNotFoundError: No module named 'pymatgen'\u001b[0m\n\u001b[31m\u001b[1m__________________ ERROR collecting tests/io/test_gaussian.py __________________\u001b[0m\n\u001b[31mImportError while importing test module '/app/repo_to_process/tests/io/test_gaussian.py'.\nHint: make sure your test modules/packages have valid Python names.\nTraceback:\ntests/io/test_gaussian.py:6: in <module>\n    from pymatgen.core.structure import Molecule\nE   ModuleNotFoundError: No module named 'pymatgen'\u001b[0m\n\u001b[31m\u001b[1m___________________ ERROR collecting tests/io/test_jarvis.py ___________________\u001b[0m\n\u001b[31mImportError while importing test module '/app/repo_to_process/tests/io/test_jarvis.py'.\nHint: make sure your test modules/packages have valid Python names.\nTraceback:\ntests/io/test_jarvis.py:5: in <module>\n    from pymatgen.core import Structure\nE   ModuleNotFoundError: No module named 'pymatgen'\u001b[0m\n\u001b[31m\u001b[1m____________________ ERROR collecting tests/io/test_lmto.py ____________________\u001b[0m\n\u001b[31mImportError while importing test module '/app/repo_to_process/tests/io/test_lmto.py'.\nHint: make sure your test modules/packages have valid Python names.\nTraceback:\ntests/io/test_lmto.py:9: in <module>\n    from pymatgen.core.structure import Structure\nE   ModuleNotFoundError: No module named 'pymatgen'\u001b[0m\n\u001b[31m\u001b[1m__________________ ERROR collecting tests/io/test_multiwfn.py __________________\u001b[0m\n\u001b[31mImportError while importing test module '/app/repo_to_process/tests/io/test_multiwfn.py'.\nHint: make sure your test modules/packages have valid Python names.\nTraceback:\ntests/io/test_multiwfn.py:8: in <module>\n    from pymatgen.core.structure import Molecule\nE   ModuleNotFoundError: No module named 'pymatgen'\u001b[0m\n\u001b[31m\u001b[1m___________________ ERROR collecting tests/io/test_nwchem.py ___________________\u001b[0m\n\u001b[31mImportError while importing test module '/app/repo_to_process/tests/io/test_nwchem.py'.\nHint: make sure your test modules/packages have valid Python names.\nTraceback:\ntests/io/test_nwchem.py:8: in <module>\n    from pymatgen.core.structure import Molecule\nE   ModuleNotFoundError: No module named 'pymatgen'\u001b[0m\n\u001b[31m\u001b[1m___________________ ERROR collecting tests/io/test_openff.py ___________________\u001b[0m\n\u001b[31mImportError while importing test module '/app/repo_to_process/tests/io/test_openff.py'.\nHint: make sure your test modules/packages have valid Python names.\nTraceback:\ntests/io/test_openff.py:9: in <module>\n    from pymatgen.analysis.graphs import MoleculeGraph\nE   ModuleNotFoundError: No module named 'pymatgen'\u001b[0m\n\u001b[31m\u001b[1m__________________ ERROR collecting tests/io/test_optimade.py __________________\u001b[0m\n\u001b[31mImportError while importing test module '/app/repo_to_process/tests/io/test_optimade.py'.\nHint: make sure your test modules/packages have valid Python names.\nTraceback:\ntests/io/test_optimade.py:6: in <module>\n    from pymatgen.core import Structure\nE   ModuleNotFoundError: No module named 'pymatgen'\u001b[0m\n\u001b[31m\u001b[1m__________________ ERROR collecting tests/io/test_packmol.py ___________________\u001b[0m\n\u001b[31mImportError while importing test module '/app/repo_to_process/tests/io/test_packmol.py'.\nHint: make sure your test modules/packages have valid Python names.\nTraceback:\ntests/io/test_packmol.py:11: in <module>\n    from pymatgen.analysis.molecule_matcher import MoleculeMatcher\nE   ModuleNotFoundError: No module named 'pymatgen'\u001b[0m\n\u001b[31m\u001b[1m__________________ ERROR collecting tests/io/test_phonopy.py ___________________\u001b[0m\n\u001b[31mImportError while importing test module '/app/repo_to_process/tests/io/test_phonopy.py'.\nHint: make sure your test modules/packages have valid Python names.\nTraceback:\ntests/io/test_phonopy.py:11: in <module>\n    from pymatgen.core import Element, Structure\nE   ModuleNotFoundError: No module named 'pymatgen'\u001b[0m\n\u001b[31m\u001b[1m_________________ ERROR collecting tests/io/test_prismatic.py __________________\u001b[0m\n\u001b[31mImportError while importing test module '/app/repo_to_process/tests/io/test_prismatic.py'.\nHint: make sure your test modules/packages have valid Python names.\nTraceback:\ntests/io/test_prismatic.py:3: in <module>\n    from pymatgen.core.structure import Structure\nE   ModuleNotFoundError: No module named 'pymatgen'\u001b[0m\n\u001b[31m\u001b[1m___________________ ERROR collecting tests/io/test_pwscf.py ____________________\u001b[0m\n\u001b[31mImportError while importing test module '/app/repo_to_process/tests/io/test_pwscf.py'.\nHint: make sure your test modules/packages have valid Python names.\nTraceback:\ntests/io/test_pwscf.py:8: in <module>\n    from pymatgen.io.pwscf import PWInput, PWInputError, PWOutput\nE   ModuleNotFoundError: No module named 'pymatgen'\u001b[0m\n\u001b[31m\u001b[1m____________________ ERROR collecting tests/io/test_res.py _____________________\u001b[0m\n\u001b[31mImportError while importing test module '/app/repo_to_process/tests/io/test_res.py'.\nHint: make sure your test modules/packages have valid Python names.\nTraceback:\ntests/io/test_res.py:6: in <module>\n    from pymatgen.core import Structure\nE   ModuleNotFoundError: No module named 'pymatgen'\u001b[0m\n\u001b[31m\u001b[1m__________________ ERROR collecting tests/io/test_shengbte.py __________________\u001b[0m\n\u001b[31mImportError while importing test module '/app/repo_to_process/tests/io/test_shengbte.py'.\nHint: make sure your test modules/packages have valid Python names.\nTraceback:\ntests/io/test_shengbte.py:7: in <module>\n    from pymatgen.io.shengbte import Control\nE   ModuleNotFoundError: No module named 'pymatgen'\u001b[0m\n\u001b[31m\u001b[1m_______________ ERROR collecting tests/io/test_template_input.py _______________\u001b[0m\n\u001b[31mImportError while importing test module '/app/repo_to_process/tests/io/test_template_input.py'.\nHint: make sure your test modules/packages have valid Python names.\nTraceback:\ntests/io/test_template_input.py:7: in <module>\n    from pymatgen.io.template import TemplateInputGen\nE   ModuleNotFoundError: No module named 'pymatgen'\u001b[0m\n\u001b[31m\u001b[1m_________________ ERROR collecting tests/io/test_wannier90.py __________________\u001b[0m\n\u001b[31mImportError while importing test module '/app/repo_to_process/tests/io/test_wannier90.py'.\nHint: make sure your test modules/packages have valid Python names.\nTraceback:\ntests/io/test_wannier90.py:10: in <module>\n    from pymatgen.io.wannier90 import Unk\nE   ModuleNotFoundError: No module named 'pymatgen'\u001b[0m\n\u001b[31m\u001b[1m__________________ ERROR collecting tests/io/test_xcrysden.py __________________\u001b[0m\n\u001b[31mImportError while importing test module '/app/repo_to_process/tests/io/test_xcrysden.py'.\nHint: make sure your test modules/packages have valid Python names.\nTraceback:\ntests/io/test_xcrysden.py:5: in <module>\n    from pymatgen.core.structure import Structure\nE   ModuleNotFoundError: No module named 'pymatgen'\u001b[0m\n\u001b[31m\u001b[1m_____________________ ERROR collecting tests/io/test_xr.py _____________________\u001b[0m\n\u001b[31mImportError while importing test module '/app/repo_to_process/tests/io/test_xr.py'.\nHint: make sure your test modules/packages have valid Python names.\nTraceback:\ntests/io/test_xr.py:3: in <module>\n    from pymatgen.core.structure import Structure\nE   ModuleNotFoundError: No module named 'pymatgen'\u001b[0m\n\u001b[31m\u001b[1m____________________ ERROR collecting tests/io/test_xyz.py _____________________\u001b[0m\n\u001b[31mImportError while importing test module '/app/repo_to_process/tests/io/test_xyz.py'.\nHint: make sure your test modules/packages have valid Python names.\nTraceback:\ntests/io/test_xyz.py:7: in <module>\n    from pymatgen.core import Structure\nE   ModuleNotFoundError: No module named 'pymatgen'\u001b[0m\n\u001b[31m\u001b[1m___________________ ERROR collecting tests/io/test_zeopp.py ____________________\u001b[0m\n\u001b[31mImportError while importing test module '/app/repo_to_process/tests/io/test_zeopp.py'.\nHint: make sure your test modules/packages have valid Python names.\nTraceback:\ntests/io/test_zeopp.py:6: in <module>\n    from pymatgen.analysis.bond_valence import BVAnalyzer\nE   ModuleNotFoundError: No module named 'pymatgen'\u001b[0m\n\u001b[31m\u001b[1m_________________ ERROR collecting tests/io/vasp/test_help.py __________________\u001b[0m\n\u001b[31mImportError while importing test module '/app/repo_to_process/tests/io/vasp/test_help.py'.\nHint: make sure your test modules/packages have valid Python names.\nTraceback:\ntests/io/vasp/test_help.py:9: in <module>\n    from pymatgen.io.vasp.help import VaspDoc\nE   ModuleNotFoundError: No module named 'pymatgen'\u001b[0m\n\u001b[31m\u001b[1m________________ ERROR collecting tests/io/vasp/test_inputs.py _________________\u001b[0m\n\u001b[31mImportError while importing test module '/app/repo_to_process/tests/io/vasp/test_inputs.py'.\nHint: make sure your test modules/packages have valid Python names.\nTraceback:\ntests/io/vasp/test_inputs.py:20: in <module>\n    from pymatgen.core import SETTINGS\nE   ModuleNotFoundError: No module named 'pymatgen'\u001b[0m\n\u001b[31m\u001b[1m________________ ERROR collecting tests/io/vasp/test_optics.py _________________\u001b[0m\n\u001b[31mImportError while importing test module '/app/repo_to_process/tests/io/vasp/test_optics.py'.\nHint: make sure your test modules/packages have valid Python names.\nTraceback:\ntests/io/vasp/test_optics.py:9: in <module>\n    from pymatgen.io.vasp.optics import DielectricFunctionCalculator, delta_func, delta_methfessel_paxton, step_func\nE   ModuleNotFoundError: No module named 'pymatgen'\u001b[0m\n\u001b[31m\u001b[1m________________ ERROR collecting tests/io/vasp/test_outputs.py ________________\u001b[0m\n\u001b[31mImportError while importing test module '/app/repo_to_process/tests/io/vasp/test_outputs.py'.\nHint: make sure your test modules/packages have valid Python names.\nTraceback:\ntests/io/vasp/test_outputs.py:19: in <module>\n    from pymatgen.core import Element\nE   ModuleNotFoundError: No module named 'pymatgen'\u001b[0m\n\u001b[31m\u001b[1m_________________ ERROR collecting tests/io/vasp/test_sets.py __________________\u001b[0m\n\u001b[31mImportError while importing test module '/app/repo_to_process/tests/io/vasp/test_sets.py'.\nHint: make sure your test modules/packages have valid Python names.\nTraceback:\ntests/io/vasp/test_sets.py:15: in <module>\n    from pymatgen.analysis.structure_matcher import StructureMatcher\nE   ModuleNotFoundError: No module named 'pymatgen'\u001b[0m\n\u001b[31m\u001b[1m_________________ ERROR collecting tests/io/xtb/test_inputs.py _________________\u001b[0m\n\u001b[31mImportError while importing test module '/app/repo_to_process/tests/io/xtb/test_inputs.py'.\nHint: make sure your test modules/packages have valid Python names.\nTraceback:\ntests/io/xtb/test_inputs.py:3: in <module>\n    from pymatgen.core.structure import Molecule\nE   ModuleNotFoundError: No module named 'pymatgen'\u001b[0m\n\u001b[31m\u001b[1m________________ ERROR collecting tests/io/xtb/test_outputs.py _________________\u001b[0m\n\u001b[31mImportError while importing test module '/app/repo_to_process/tests/io/xtb/test_outputs.py'.\nHint: make sure your test modules/packages have valid Python names.\nTraceback:\ntests/io/xtb/test_outputs.py:7: in <module>\n    from pymatgen.core.structure import Molecule\nE   ModuleNotFoundError: No module named 'pymatgen'\u001b[0m\n\u001b[31m\u001b[1m________ ERROR collecting tests/optimization/test_linear_assignment.py _________\u001b[0m\n\u001b[31mImportError while importing test module '/app/repo_to_process/tests/optimization/test_linear_assignment.py'.\nHint: make sure your test modules/packages have valid Python names.\nTraceback:\ntests/optimization/test_linear_assignment.py:7: in <module>\n    from pymatgen.optimization.linear_assignment import LinearAssignment\nE   ModuleNotFoundError: No module named 'pymatgen'\u001b[0m\n\u001b[31m\u001b[1m____________ ERROR collecting tests/optimization/test_neighbors.py _____________\u001b[0m\n\u001b[31mImportError while importing test module '/app/repo_to_process/tests/optimization/test_neighbors.py'.\nHint: make sure your test modules/packages have valid Python names.\nTraceback:\ntests/optimization/test_neighbors.py:5: in <module>\n    from pymatgen.core.lattice import Lattice\nE   ModuleNotFoundError: No module named 'pymatgen'\u001b[0m\n\u001b[31m\u001b[1m____________ ERROR collecting tests/performance/test_import_time.py ____________\u001b[0m\n\u001b[31mImportError while importing test module '/app/repo_to_process/tests/performance/test_import_time.py'.\nHint: make sure your test modules/packages have valid Python names.\nTraceback:\ntests/performance/test_import_time.py:26: in <module>\n    from pymatgen.util.testing import TEST_FILES_DIR\nE   ModuleNotFoundError: No module named 'pymatgen'\u001b[0m\n\u001b[31m\u001b[1m_____________ ERROR collecting tests/phonon/test_bandstructure.py ______________\u001b[0m\n\u001b[31mImportError while importing test module '/app/repo_to_process/tests/phonon/test_bandstructure.py'.\nHint: make sure your test modules/packages have valid Python names.\nTraceback:\ntests/phonon/test_bandstructure.py:9: in <module>\n    from pymatgen.electronic_structure.bandstructure import Kpoint\nE   ModuleNotFoundError: No module named 'pymatgen'\u001b[0m\n\u001b[31m\u001b[1m__________________ ERROR collecting tests/phonon/test_dos.py ___________________\u001b[0m\n\u001b[31mImportError while importing test module '/app/repo_to_process/tests/phonon/test_dos.py'.\nHint: make sure your test modules/packages have valid Python names.\nTraceback:\ntests/phonon/test_dos.py:10: in <module>\n    from pymatgen.core import Element\nE   ModuleNotFoundError: No module named 'pymatgen'\u001b[0m\n\u001b[31m\u001b[1m_______________ ERROR collecting tests/phonon/test_gruneisen.py ________________\u001b[0m\n\u001b[31mImportError while importing test module '/app/repo_to_process/tests/phonon/test_gruneisen.py'.\nHint: make sure your test modules/packages have valid Python names.\nTraceback:\ntests/phonon/test_gruneisen.py:9: in <module>\n    from pymatgen.io.phonopy import get_gruneisen_ph_bs_symm_line, get_gruneisenparameter\nE   ModuleNotFoundError: No module named 'pymatgen'\u001b[0m\n\u001b[31m\u001b[1m__________________ ERROR collecting tests/phonon/test_init.py __________________\u001b[0m\n\u001b[31mImportError while importing test module '/app/repo_to_process/tests/phonon/test_init.py'.\nHint: make sure your test modules/packages have valid Python names.\nTraceback:\ntests/phonon/test_init.py:3: in <module>\n    import pymatgen.phonon as ph\nE   ModuleNotFoundError: No module named 'pymatgen'\u001b[0m\n\u001b[31m\u001b[1m_______________ ERROR collecting tests/phonon/test_ir_spectra.py _______________\u001b[0m\n\u001b[31mImportError while importing test module '/app/repo_to_process/tests/phonon/test_ir_spectra.py'.\nHint: make sure your test modules/packages have valid Python names.\nTraceback:\ntests/phonon/test_ir_spectra.py:5: in <module>\n    from pymatgen.util.testing import TEST_FILES_DIR, MatSciTest\nE   ModuleNotFoundError: No module named 'pymatgen'\u001b[0m\n\u001b[31m\u001b[1m________________ ERROR collecting tests/phonon/test_plotter.py _________________\u001b[0m\n\u001b[31mImportError while importing test module '/app/repo_to_process/tests/phonon/test_plotter.py'.\nHint: make sure your test modules/packages have valid Python names.\nTraceback:\ntests/phonon/test_plotter.py:8: in <module>\n    from pymatgen.phonon import CompletePhononDos, PhononBandStructureSymmLine\nE   ModuleNotFoundError: No module named 'pymatgen'\u001b[0m\n\u001b[31m\u001b[1m_________ ERROR collecting tests/phonon/test_thermal_displacements.py __________\u001b[0m\n\u001b[31mImportError while importing test module '/app/repo_to_process/tests/phonon/test_thermal_displacements.py'.\nHint: make sure your test modules/packages have valid Python names.\nTraceback:\ntests/phonon/test_thermal_displacements.py:7: in <module>\n    from pymatgen.core.structure import Structure\nE   ModuleNotFoundError: No module named 'pymatgen'\u001b[0m\n\u001b[31m\u001b[1m_______________ ERROR collecting tests/symmetry/test_analyzer.py _______________\u001b[0m\n\u001b[31mImportError while importing test module '/app/repo_to_process/tests/symmetry/test_analyzer.py'.\nHint: make sure your test modules/packages have valid Python names.\nTraceback:\ntests/symmetry/test_analyzer.py:11: in <module>\n    from pymatgen.core import Lattice, Molecule, PeriodicSite, Site, Species, Structure\nE   ModuleNotFoundError: No module named 'pymatgen'\u001b[0m\n\u001b[31m\u001b[1m________________ ERROR collecting tests/symmetry/test_groups.py ________________\u001b[0m\n\u001b[31mImportError while importing test module '/app/repo_to_process/tests/symmetry/test_groups.py'.\nHint: make sure your test modules/packages have valid Python names.\nTraceback:\ntests/symmetry/test_groups.py:10: in <module>\n    from pymatgen.core.lattice import Lattice\nE   ModuleNotFoundError: No module named 'pymatgen'\u001b[0m\n\u001b[31m\u001b[1m______________ ERROR collecting tests/symmetry/test_kpath_hin.py _______________\u001b[0m\n\u001b[31mImportError while importing test module '/app/repo_to_process/tests/symmetry/test_kpath_hin.py'.\nHint: make sure your test modules/packages have valid Python names.\nTraceback:\ntests/symmetry/test_kpath_hin.py:6: in <module>\n    from pymatgen.core.lattice import Lattice\nE   ModuleNotFoundError: No module named 'pymatgen'\u001b[0m\n\u001b[31m\u001b[1m_______________ ERROR collecting tests/symmetry/test_kpath_lm.py _______________\u001b[0m\n\u001b[31mImportError while importing test module '/app/repo_to_process/tests/symmetry/test_kpath_lm.py'.\nHint: make sure your test modules/packages have valid Python names.\nTraceback:\ntests/symmetry/test_kpath_lm.py:6: in <module>\n    from pymatgen.analysis.magnetism.analyzer import CollinearMagneticStructureAnalyzer\nE   ModuleNotFoundError: No module named 'pymatgen'\u001b[0m\n\u001b[31m\u001b[1m_______________ ERROR collecting tests/symmetry/test_kpath_sc.py _______________\u001b[0m\n\u001b[31mImportError while importing test module '/app/repo_to_process/tests/symmetry/test_kpath_sc.py'.\nHint: make sure your test modules/packages have valid Python names.\nTraceback:\ntests/symmetry/test_kpath_sc.py:6: in <module>\n    from pymatgen.core.lattice import Lattice\nE   ModuleNotFoundError: No module named 'pymatgen'\u001b[0m\n\u001b[31m\u001b[1m________________ ERROR collecting tests/symmetry/test_kpaths.py ________________\u001b[0m\n\u001b[31mImportError while importing test module '/app/repo_to_process/tests/symmetry/test_kpaths.py'.\nHint: make sure your test modules/packages have valid Python names.\nTraceback:\ntests/symmetry/test_kpaths.py:7: in <module>\n    from pymatgen.core.lattice import Lattice\nE   ModuleNotFoundError: No module named 'pymatgen'\u001b[0m\n\u001b[31m\u001b[1m______________ ERROR collecting tests/symmetry/test_maggroups.py _______________\u001b[0m\n\u001b[31mImportError while importing test module '/app/repo_to_process/tests/symmetry/test_maggroups.py'.\nHint: make sure your test modules/packages have valid Python names.\nTraceback:\ntests/symmetry/test_maggroups.py:8: in <module>\n    from pymatgen.core.lattice import Lattice\nE   ModuleNotFoundError: No module named 'pymatgen'\u001b[0m\n\u001b[31m\u001b[1m_______________ ERROR collecting tests/symmetry/test_settings.py _______________\u001b[0m\n\u001b[31mImportError while importing test module '/app/repo_to_process/tests/symmetry/test_settings.py'.\nHint: make sure your test modules/packages have valid Python names.\nTraceback:\ntests/symmetry/test_settings.py:6: in <module>\n    from pymatgen.symmetry.settings import JonesFaithfulTransformation, Lattice, SymmOp\nE   ModuleNotFoundError: No module named 'pymatgen'\u001b[0m\n\u001b[31m\u001b[1m___________ ERROR collecting tests/symmetry/test_site_symmetries.py ____________\u001b[0m\n\u001b[31mImportError while importing test module '/app/repo_to_process/tests/symmetry/test_site_symmetries.py'.\nHint: make sure your test modules/packages have valid Python names.\nTraceback:\ntests/symmetry/test_site_symmetries.py:8: in <module>\n    from pymatgen.symmetry import site_symmetries as ss\nE   ModuleNotFoundError: No module named 'pymatgen'\u001b[0m\n\u001b[31m\u001b[1m______________ ERROR collecting tests/symmetry/test_structure.py _______________\u001b[0m\n\u001b[31mImportError while importing test module '/app/repo_to_process/tests/symmetry/test_structure.py'.\nHint: make sure your test modules/packages have valid Python names.\nTraceback:\ntests/symmetry/test_structure.py:3: in <module>\n    from pymatgen.analysis.structure_analyzer import SpacegroupAnalyzer\nE   ModuleNotFoundError: No module named 'pymatgen'\u001b[0m\n\u001b[31m\u001b[1m___ ERROR collecting tests/transformations/test_advanced_transformations.py ____\u001b[0m\n\u001b[31mImportError while importing test module '/app/repo_to_process/tests/transformations/test_advanced_transformations.py'.\nHint: make sure your test modules/packages have valid Python names.\nTraceback:\ntests/transformations/test_advanced_transformations.py:12: in <module>\n    from pymatgen.analysis.energy_models import IsingModel, SymmetryModel\nE   ModuleNotFoundError: No module named 'pymatgen'\u001b[0m\n\u001b[31m\u001b[1m_____ ERROR collecting tests/transformations/test_site_transformations.py ______\u001b[0m\n\u001b[31mImportError while importing test module '/app/repo_to_process/tests/transformations/test_site_transformations.py'.\nHint: make sure your test modules/packages have valid Python names.\nTraceback:\ntests/transformations/test_site_transformations.py:10: in <module>\n    from pymatgen.core.structure import Molecule, Structure\nE   ModuleNotFoundError: No module named 'pymatgen'\u001b[0m\n\u001b[31m\u001b[1m___ ERROR collecting tests/transformations/test_standard_transformations.py ____\u001b[0m\n\u001b[31mImportError while importing test module '/app/repo_to_process/tests/transformations/test_standard_transformations.py'.\nHint: make sure your test modules/packages have valid Python names.\nTraceback:\ntests/transformations/test_standard_transformations.py:15: in <module>\n    from pymatgen.alchemy.transmuters import StandardTransmuter\nE   ModuleNotFoundError: No module named 'pymatgen'\u001b[0m\n\u001b[31m\u001b[1m__________________ ERROR collecting tests/util/test_coord.py ___________________\u001b[0m\n\u001b[31mImportError while importing test module '/app/repo_to_process/tests/util/test_coord.py'.\nHint: make sure your test modules/packages have valid Python names.\nTraceback:\ntests/util/test_coord.py:8: in <module>\n    from pymatgen.core.lattice import Lattice\nE   ModuleNotFoundError: No module named 'pymatgen'\u001b[0m\n\u001b[31m\u001b[1m______________ ERROR collecting tests/util/test_graph_hashing.py _______________\u001b[0m\n\u001b[31mImportError while importing test module '/app/repo_to_process/tests/util/test_graph_hashing.py'.\nHint: make sure your test modules/packages have valid Python names.\nTraceback:\ntests/util/test_graph_hashing.py:41: in <module>\n    from pymatgen.util.graph_hashing import weisfeiler_lehman_graph_hash, weisfeiler_lehman_subgraph_hashes\nE   ModuleNotFoundError: No module named 'pymatgen'\u001b[0m\n\u001b[31m\u001b[1m____________________ ERROR collecting tests/util/test_io.py ____________________\u001b[0m\n\u001b[31mImportError while importing test module '/app/repo_to_process/tests/util/test_io.py'.\nHint: make sure your test modules/packages have valid Python names.\nTraceback:\ntests/util/test_io.py:3: in <module>\n    from pymatgen.util.io_utils import micro_pyawk\nE   ModuleNotFoundError: No module named 'pymatgen'\u001b[0m\n\u001b[31m\u001b[1m___________________ ERROR collecting tests/util/test_misc.py ___________________\u001b[0m\n\u001b[31mImportError while importing test module '/app/repo_to_process/tests/util/test_misc.py'.\nHint: make sure your test modules/packages have valid Python names.\nTraceback:\ntests/util/test_misc.py:7: in <module>\n    from pymatgen.util.misc import is_np_dict_equal\nE   ModuleNotFoundError: No module named 'pymatgen'\u001b[0m\n\u001b[31m\u001b[1m___________________ ERROR collecting tests/util/test_num.py ____________________\u001b[0m\n\u001b[31mImportError while importing test module '/app/repo_to_process/tests/util/test_num.py'.\nHint: make sure your test modules/packages have valid Python names.\nTraceback:\ntests/util/test_num.py:10: in <module>\n    from pymatgen.util.num import make_symmetric_matrix_from_upper_tri, round_to_sigfigs\nE   ModuleNotFoundError: No module named 'pymatgen'\u001b[0m\n\u001b[31m\u001b[1m_________________ ERROR collecting tests/util/test_plotting.py _________________\u001b[0m\n\u001b[31mImportError while importing test module '/app/repo_to_process/tests/util/test_plotting.py'.\nHint: make sure your test modules/packages have valid Python names.\nTraceback:\ntests/util/test_plotting.py:5: in <module>\n    from pymatgen.util.plotting import periodic_table_heatmap, van_arkel_triangle\nE   ModuleNotFoundError: No module named 'pymatgen'\u001b[0m\n\u001b[31m\u001b[1m________________ ERROR collecting tests/util/test_provenance.py ________________\u001b[0m\n\u001b[31mImportError while importing test module '/app/repo_to_process/tests/util/test_provenance.py'.\nHint: make sure your test modules/packages have valid Python names.\nTraceback:\ntests/util/test_provenance.py:10: in <module>\n    from pymatgen.core.structure import Molecule, Structure\nE   ModuleNotFoundError: No module named 'pymatgen'\u001b[0m\n\u001b[31m\u001b[1m__________________ ERROR collecting tests/util/test_string.py __________________\u001b[0m\n\u001b[31mImportError while importing test module '/app/repo_to_process/tests/util/test_string.py'.\nHint: make sure your test modules/packages have valid Python names.\nTraceback:\ntests/util/test_string.py:6: in <module>\n    from pymatgen.core import Structure\nE   ModuleNotFoundError: No module named 'pymatgen'\u001b[0m\n\u001b[31m\u001b[1m_________________ ERROR collecting tests/util/test_testing.py __________________\u001b[0m\n\u001b[31mImportError while importing test module '/app/repo_to_process/tests/util/test_testing.py'.\nHint: make sure your test modules/packages have valid Python names.\nTraceback:\ntests/util/test_testing.py:14: in <module>\n    from pymatgen.core import Element, Structure\nE   ModuleNotFoundError: No module named 'pymatgen'\u001b[0m\n\u001b[31m\u001b[1m__________________ ERROR collecting tests/util/test_typing.py __________________\u001b[0m\n\u001b[31mImportError while importing test module '/app/repo_to_process/tests/util/test_typing.py'.\nHint: make sure your test modules/packages have valid Python names.\nTraceback:\ntests/util/test_typing.py:8: in <module>\n    from pymatgen.core import Composition, DummySpecies, Element, Species\nE   ModuleNotFoundError: No module named 'pymatgen'\u001b[0m\n\u001b[31m\u001b[1m_________________ ERROR collecting tests/vis/test_plotters.py __________________\u001b[0m\n\u001b[31mImportError while importing test module '/app/repo_to_process/tests/vis/test_plotters.py'.\nHint: make sure your test modules/packages have valid Python names.\nTraceback:\ntests/vis/test_plotters.py:10: in <module>\n    from pymatgen.analysis.xas.spectrum import XAS\nE   ModuleNotFoundError: No module named 'pymatgen'\u001b[0m\n!!!!!!!!!!!!!!!!!! Interrupted: 232 errors during collection !!!!!!!!!!!!!!!!!!!\n\u001b[31m\u001b[31m\u001b[1m232 errors\u001b[0m\u001b[31m in 13.76s\u001b[0m\u001b[0m\n",
    "stderr": "",
    "execution_time": 14.469669342041016
  }
]