[
  {
    "command": "which g++",
    "success": true,
    "stdout": "/usr/bin/g++\n",
    "stderr": "",
    "execution_time": 0.0018682479858398438
  },
  {
    "command": "apt-get update",
    "success": true,
    "stdout": "Get:1 http://archive.ubuntu.com/ubuntu jammy InRelease [270 kB]\nGet:2 http://security.ubuntu.com/ubuntu jammy-security InRelease [129 kB]\nGet:3 http://archive.ubuntu.com/ubuntu jammy-updates InRelease [128 kB]\nGet:4 http://security.ubuntu.com/ubuntu jammy-security/universe amd64 Packages [1270 kB]\nGet:5 http://archive.ubuntu.com/ubuntu jammy-backports InRelease [127 kB]\nGet:6 http://security.ubuntu.com/ubuntu jammy-security/multiverse amd64 Packages [48.5 kB]\nGet:7 http://archive.ubuntu.com/ubuntu jammy/multiverse amd64 Packages [266 kB]\nGet:8 http://archive.ubuntu.com/ubuntu jammy/restricted amd64 Packages [164 kB]\nGet:9 http://security.ubuntu.com/ubuntu jammy-security/main amd64 Packages [3207 kB]\nGet:10 http://archive.ubuntu.com/ubuntu jammy/main amd64 Packages [1792 kB]\nGet:11 http://security.ubuntu.com/ubuntu jammy-security/restricted amd64 Packages [5103 kB]\nGet:12 http://archive.ubuntu.com/ubuntu jammy/universe amd64 Packages [17.5 MB]\nGet:13 http://archive.ubuntu.com/ubuntu jammy-updates/universe amd64 Packages [1575 kB]\nGet:14 http://archive.ubuntu.com/ubuntu jammy-updates/main amd64 Packages [3518 kB]\nGet:15 http://archive.ubuntu.com/ubuntu jammy-updates/restricted amd64 Packages [5290 kB]\nGet:16 http://archive.ubuntu.com/ubuntu jammy-updates/multiverse amd64 Packages [75.9 kB]\nGet:17 http://archive.ubuntu.com/ubuntu jammy-backports/universe amd64 Packages [35.2 kB]\nGet:18 http://archive.ubuntu.com/ubuntu jammy-backports/main amd64 Packages [83.2 kB]\nFetched 40.6 MB in 27s (1503 kB/s)\nReading package lists...\n",
    "stderr": "",
    "execution_time": 27.813350915908813
  },
  {
    "command": "apt-get install -y build-essential",
    "success": true,
    "stdout": "Reading package lists...\nBuilding dependency tree...\nReading state information...\nbuild-essential is already the newest version (12.9ubuntu3).\n0 upgraded, 0 newly installed, 0 to remove and 8 not upgraded.\n",
    "stderr": "",
    "execution_time": 1.1565189361572266
  },
  {
    "command": "pytest",
    "success": false,
    "stdout": "\u001b[1m============================= test session starts ==============================\u001b[0m\nplatform linux -- Python 3.10.12, pytest-8.4.1, pluggy-1.6.0\nrootdir: /app/repo_to_process\nconfigfile: pyproject.toml\ntestpaths: tests\nplugins: cov-6.2.1\ncollected 3064 items / 5 errors\n\n==================================== ERRORS ====================================\n\u001b[31m\u001b[1m___________ ERROR collecting tests/distributions/test_continuous.py ____________\u001b[0m\n\u001b[1m\u001b[31m/usr/local/lib/python3.10/dist-packages/pytensor/link/vm.py\u001b[0m:1230: in make_all\n    \u001b[0mnode.op.make_thunk(node, storage_map, compute_map, [], impl=impl)\u001b[90m\u001b[39;49;00m\n\u001b[1m\u001b[31m/usr/local/lib/python3.10/dist-packages/pytensor/link/c/op.py\u001b[0m:125: in make_thunk\n    \u001b[0m\u001b[94mreturn\u001b[39;49;00m \u001b[96mself\u001b[39;49;00m.make_c_thunk(node, storage_map, compute_map, no_recycling)\u001b[90m\u001b[39;49;00m\n\u001b[1m\u001b[31m/usr/local/lib/python3.10/dist-packages/pytensor/link/c/op.py\u001b[0m:84: in make_c_thunk\n    \u001b[0moutputs = cl.make_thunk(\u001b[90m\u001b[39;49;00m\n\u001b[1m\u001b[31m/usr/local/lib/python3.10/dist-packages/pytensor/link/c/basic.py\u001b[0m:1185: in make_thunk\n    \u001b[0mcthunk, module, in_storage, out_storage, error_storage = \u001b[96mself\u001b[39;49;00m.__compile__(\u001b[90m\u001b[39;49;00m\n\u001b[1m\u001b[31m/usr/local/lib/python3.10/dist-packages/pytensor/link/c/basic.py\u001b[0m:1102: in __compile__\n    \u001b[0mthunk, module = \u001b[96mself\u001b[39;49;00m.cthunk_factory(\u001b[90m\u001b[39;49;00m\n\u001b[1m\u001b[31m/usr/local/lib/python3.10/dist-packages/pytensor/link/c/basic.py\u001b[0m:1626: in cthunk_factory\n    \u001b[0mmodule = cache.module_from_key(key=key, lnk=\u001b[96mself\u001b[39;49;00m)\u001b[90m\u001b[39;49;00m\n\u001b[1m\u001b[31m/usr/local/lib/python3.10/dist-packages/pytensor/link/c/cmodule.py\u001b[0m:1251: in module_from_key\n    \u001b[0mmodule = lnk.compile_cmodule(location)\u001b[90m\u001b[39;49;00m\n\u001b[1m\u001b[31m/usr/local/lib/python3.10/dist-packages/pytensor/link/c/basic.py\u001b[0m:1527: in compile_cmodule\n    \u001b[0mmodule = c_compiler.compile_str(\u001b[90m\u001b[39;49;00m\n\u001b[1m\u001b[31m/usr/local/lib/python3.10/dist-packages/pytensor/link/c/cmodule.py\u001b[0m:2678: in compile_str\n    \u001b[0m\u001b[94mraise\u001b[39;49;00m CompileError(\u001b[90m\u001b[39;49;00m\n\u001b[1m\u001b[31mE   pytensor.link.c.exceptions.CompileError: Compilation failed (return status=1):\u001b[0m\n\u001b[1m\u001b[31mE   /usr/bin/g++ -shared -g -O3 -fno-math-errno -Wno-unused-label -Wno-unused-variable -Wno-write-strings -Wno-c++11-narrowing -fno-exceptions -fno-unwind-tables -fno-asynchronous-unwind-tables -march=skylake -mmmx -mpopcnt -msse -msse2 -msse3 -mssse3 -msse4.1 -msse4.2 -mavx -mavx2 -mno-sse4a -mno-fma4 -mno-xop -mfma -mno-avx512f -mbmi -mbmi2 -maes -mpclmul -mno-avx512vl -mno-avx512bw -mno-avx512dq -mno-avx512cd -mno-avx512er -mno-avx512pf -mno-avx512vbmi -mno-avx512ifma -mno-avx5124vnniw -mno-avx5124fmaps -mno-avx512vpopcntdq -mno-avx512vbmi2 -mno-gfni -mno-vpclmulqdq -mno-avx512vnni -mno-avx512bitalg -mno-avx512bf16 -mno-avx512vp2intersect -mno-3dnow -madx -mabm -mno-cldemote -mclflushopt -mno-clwb -mno-clzero -mcx16 -mno-enqcmd -mf16c -mfsgsbase -mfxsr -mno-hle -msahf -mno-lwp -mlzcnt -mmovbe -mno-movdir64b -mno-movdiri -mno-mwaitx -mno-pconfig -mno-pku -mno-prefetchwt1 -mprfchw -mno-ptwrite -mno-rdpid -mrdrnd -mrdseed -mno-rtm -mno-serialize -mno-sgx -mno-sha -mno-shstk -mno-tbm -mno-tsxldtrk -mno-vaes -mno-waitpkg -mno-wbnoinvd -mxsave -mxsavec -mxsaveopt -mxsaves -mno-amx-tile -mno-amx-int8 -mno-amx-bf16 -mno-uintr -mno-hreset -mno-kl -mno-widekl -mno-avxvnni --param l1-cache-size=32 --param l1-cache-line-size=64 --param l2-cache-size=12288 -mtune=skylake -DNPY_NO_DEPRECATED_API=NPY_1_7_API_VERSION -m64 -fPIC -I/usr/local/lib/python3.10/dist-packages/numpy/_core/include -I/usr/include/python3.10 -I/usr/local/lib/python3.10/dist-packages/pytensor/link/c/c_code -L/usr/lib/x86_64-linux-gnu -L/usr/lib -fvisibility=hidden -o /root/.pytensor/compiledir_Linux-5.15-microsoft-standard-WSL2-x86_64-with-glibc2.35-x86_64-3.10.12-64/tmp3oseikfr/me0410f3ac90aa92851061f170530427154827a280cb637024f9e242d64d786d6.so /root/.pytensor/compiledir_Linux-5.15-microsoft-standard-WSL2-x86_64-with-glibc2.35-x86_64-3.10.12-64/tmp3oseikfr/mod.cpp -lpython3.10\u001b[0m\n\u001b[1m\u001b[31mE   /root/.pytensor/compiledir_Linux-5.15-microsoft-standard-WSL2-x86_64-with-glibc2.35-x86_64-3.10.12-64/tmp3oseikfr/mod.cpp:1:10: fatal error: Python.h: No such file or directory\u001b[0m\n\u001b[1m\u001b[31mE       1 | #include <Python.h>\u001b[0m\n\u001b[1m\u001b[31mE         |          ^~~~~~~~~~\u001b[0m\n\u001b[1m\u001b[31mE   compilation terminated.\u001b[0m\n\n\u001b[33mDuring handling of the above exception, another exception occurred:\u001b[0m\n\u001b[1m\u001b[31mtests/distributions/test_continuous.py\u001b[0m:2129: in <module>\n    \u001b[0m\u001b[94mclass\u001b[39;49;00m\u001b[90m \u001b[39;49;00m\u001b[04m\u001b[92mTestStudentTLam\u001b[39;49;00m(BaseTestDistributionRandom):\u001b[90m\u001b[39;49;00m\n\u001b[1m\u001b[31mtests/distributions/test_continuous.py\u001b[0m:2134: in TestStudentTLam\n    \u001b[0mreference_dist_params = {\u001b[33m\"\u001b[39;49;00m\u001b[33mdf\u001b[39;49;00m\u001b[33m\"\u001b[39;49;00m: \u001b[94m5.0\u001b[39;49;00m, \u001b[33m\"\u001b[39;49;00m\u001b[33mloc\u001b[39;49;00m\u001b[33m\"\u001b[39;49;00m: -\u001b[94m1.0\u001b[39;49;00m, \u001b[33m\"\u001b[39;49;00m\u001b[33mscale\u001b[39;49;00m\u001b[33m\"\u001b[39;49;00m: sigma.eval()}\u001b[90m\u001b[39;49;00m\n\u001b[1m\u001b[31m/usr/local/lib/python3.10/dist-packages/pytensor/graph/basic.py\u001b[0m:652: in eval\n    \u001b[0mfn = function(inputs, \u001b[96mself\u001b[39;49;00m, **kwargs)\u001b[90m\u001b[39;49;00m\n\u001b[1m\u001b[31m/usr/local/lib/python3.10/dist-packages/pytensor/compile/function/__init__.py\u001b[0m:332: in function\n    \u001b[0mfn = pfunc(\u001b[90m\u001b[39;49;00m\n\u001b[1m\u001b[31m/usr/local/lib/python3.10/dist-packages/pytensor/compile/function/pfunc.py\u001b[0m:466: in pfunc\n    \u001b[0m\u001b[94mreturn\u001b[39;49;00m orig_function(\u001b[90m\u001b[39;49;00m\n\u001b[1m\u001b[31m/usr/local/lib/python3.10/dist-packages/pytensor/compile/function/types.py\u001b[0m:1835: in orig_function\n    \u001b[0mfn = m.create(defaults)\u001b[90m\u001b[39;49;00m\n\u001b[1m\u001b[31m/usr/local/lib/python3.10/dist-packages/pytensor/compile/function/types.py\u001b[0m:1719: in create\n    \u001b[0m_fn, _i, _o = \u001b[96mself\u001b[39;49;00m.linker.make_thunk(\u001b[90m\u001b[39;49;00m\n\u001b[1m\u001b[31m/usr/local/lib/python3.10/dist-packages/pytensor/link/basic.py\u001b[0m:245: in make_thunk\n    \u001b[0m\u001b[94mreturn\u001b[39;49;00m \u001b[96mself\u001b[39;49;00m.make_all(\u001b[90m\u001b[39;49;00m\n\u001b[1m\u001b[31m/usr/local/lib/python3.10/dist-packages/pytensor/link/vm.py\u001b[0m:1239: in make_all\n    \u001b[0mraise_with_op(fgraph, node)\u001b[90m\u001b[39;49;00m\n\u001b[1m\u001b[31m/usr/local/lib/python3.10/dist-packages/pytensor/link/utils.py\u001b[0m:526: in raise_with_op\n    \u001b[0m\u001b[94mraise\u001b[39;49;00m exc_value.with_traceback(exc_trace)\u001b[90m\u001b[39;49;00m\n\u001b[1m\u001b[31m/usr/local/lib/python3.10/dist-packages/pytensor/link/vm.py\u001b[0m:1230: in make_all\n    \u001b[0mnode.op.make_thunk(node, storage_map, compute_map, [], impl=impl)\u001b[90m\u001b[39;49;00m\n\u001b[1m\u001b[31m/usr/local/lib/python3.10/dist-packages/pytensor/link/c/op.py\u001b[0m:125: in make_thunk\n    \u001b[0m\u001b[94mreturn\u001b[39;49;00m \u001b[96mself\u001b[39;49;00m.make_c_thunk(node, storage_map, compute_map, no_recycling)\u001b[90m\u001b[39;49;00m\n\u001b[1m\u001b[31m/usr/local/lib/python3.10/dist-packages/pytensor/link/c/op.py\u001b[0m:84: in make_c_thunk\n    \u001b[0moutputs = cl.make_thunk(\u001b[90m\u001b[39;49;00m\n\u001b[1m\u001b[31m/usr/local/lib/python3.10/dist-packages/pytensor/link/c/basic.py\u001b[0m:1185: in make_thunk\n    \u001b[0mcthunk, module, in_storage, out_storage, error_storage = \u001b[96mself\u001b[39;49;00m.__compile__(\u001b[90m\u001b[39;49;00m\n\u001b[1m\u001b[31m/usr/local/lib/python3.10/dist-packages/pytensor/link/c/basic.py\u001b[0m:1102: in __compile__\n    \u001b[0mthunk, module = \u001b[96mself\u001b[39;49;00m.cthunk_factory(\u001b[90m\u001b[39;49;00m\n\u001b[1m\u001b[31m/usr/local/lib/python3.10/dist-packages/pytensor/link/c/basic.py\u001b[0m:1626: in cthunk_factory\n    \u001b[0mmodule = cache.module_from_key(key=key, lnk=\u001b[96mself\u001b[39;49;00m)\u001b[90m\u001b[39;49;00m\n\u001b[1m\u001b[31m/usr/local/lib/python3.10/dist-packages/pytensor/link/c/cmodule.py\u001b[0m:1251: in module_from_key\n    \u001b[0mmodule = lnk.compile_cmodule(location)\u001b[90m\u001b[39;49;00m\n\u001b[1m\u001b[31m/usr/local/lib/python3.10/dist-packages/pytensor/link/c/basic.py\u001b[0m:1527: in compile_cmodule\n    \u001b[0mmodule = c_compiler.compile_str(\u001b[90m\u001b[39;49;00m\n\u001b[1m\u001b[31m/usr/local/lib/python3.10/dist-packages/pytensor/link/c/cmodule.py\u001b[0m:2678: in compile_str\n    \u001b[0m\u001b[94mraise\u001b[39;49;00m CompileError(\u001b[90m\u001b[39;49;00m\n\u001b[1m\u001b[31mE   pytensor.link.c.exceptions.CompileError: Compilation failed (return status=1):\u001b[0m\n\u001b[1m\u001b[31mE   /usr/bin/g++ -shared -g -O3 -fno-math-errno -Wno-unused-label -Wno-unused-variable -Wno-write-strings -Wno-c++11-narrowing -fno-exceptions -fno-unwind-tables -fno-asynchronous-unwind-tables -march=skylake -mmmx -mpopcnt -msse -msse2 -msse3 -mssse3 -msse4.1 -msse4.2 -mavx -mavx2 -mno-sse4a -mno-fma4 -mno-xop -mfma -mno-avx512f -mbmi -mbmi2 -maes -mpclmul -mno-avx512vl -mno-avx512bw -mno-avx512dq -mno-avx512cd -mno-avx512er -mno-avx512pf -mno-avx512vbmi -mno-avx512ifma -mno-avx5124vnniw -mno-avx5124fmaps -mno-avx512vpopcntdq -mno-avx512vbmi2 -mno-gfni -mno-vpclmulqdq -mno-avx512vnni -mno-avx512bitalg -mno-avx512bf16 -mno-avx512vp2intersect -mno-3dnow -madx -mabm -mno-cldemote -mclflushopt -mno-clwb -mno-clzero -mcx16 -mno-enqcmd -mf16c -mfsgsbase -mfxsr -mno-hle -msahf -mno-lwp -mlzcnt -mmovbe -mno-movdir64b -mno-movdiri -mno-mwaitx -mno-pconfig -mno-pku -mno-prefetchwt1 -mprfchw -mno-ptwrite -mno-rdpid -mrdrnd -mrdseed -mno-rtm -mno-serialize -mno-sgx -mno-sha -mno-shstk -mno-tbm -mno-tsxldtrk -mno-vaes -mno-waitpkg -mno-wbnoinvd -mxsave -mxsavec -mxsaveopt -mxsaves -mno-amx-tile -mno-amx-int8 -mno-amx-bf16 -mno-uintr -mno-hreset -mno-kl -mno-widekl -mno-avxvnni --param l1-cache-size=32 --param l1-cache-line-size=64 --param l2-cache-size=12288 -mtune=skylake -DNPY_NO_DEPRECATED_API=NPY_1_7_API_VERSION -m64 -fPIC -I/usr/local/lib/python3.10/dist-packages/numpy/_core/include -I/usr/include/python3.10 -I/usr/local/lib/python3.10/dist-packages/pytensor/link/c/c_code -L/usr/lib/x86_64-linux-gnu -L/usr/lib -fvisibility=hidden -o /root/.pytensor/compiledir_Linux-5.15-microsoft-standard-WSL2-x86_64-with-glibc2.35-x86_64-3.10.12-64/tmp3oseikfr/me0410f3ac90aa92851061f170530427154827a280cb637024f9e242d64d786d6.so /root/.pytensor/compiledir_Linux-5.15-microsoft-standard-WSL2-x86_64-with-glibc2.35-x86_64-3.10.12-64/tmp3oseikfr/mod.cpp -lpython3.10\u001b[0m\n\u001b[1m\u001b[31mE   /root/.pytensor/compiledir_Linux-5.15-microsoft-standard-WSL2-x86_64-with-glibc2.35-x86_64-3.10.12-64/tmp3oseikfr/mod.cpp:1:10: fatal error: Python.h: No such file or directory\u001b[0m\n\u001b[1m\u001b[31mE       1 | #include <Python.h>\u001b[0m\n\u001b[1m\u001b[31mE         |          ^~~~~~~~~~\u001b[0m\n\u001b[1m\u001b[31mE   compilation terminated.\u001b[0m\n\u001b[1m\u001b[31mE   \u001b[0m\n\u001b[1m\u001b[31mE   Apply node that caused the error: DeepCopyOp(0.70710677)\u001b[0m\n\u001b[1m\u001b[31mE   Toposort index: 0\u001b[0m\n\u001b[1m\u001b[31mE   Inputs types: [TensorType(float32, shape=())]\u001b[0m\n\u001b[1m\u001b[31mE   \u001b[0m\n\u001b[1m\u001b[31mE   HINT: Use a linker other than the C linker to print the inputs' shapes and strides.\u001b[0m\n\u001b[1m\u001b[31mE   HINT: Re-running with most PyTensor optimizations disabled could provide a back-trace showing when this node was created. This can be done by setting the PyTensor flag 'optimizer=fast_compile'. If that does not work, PyTensor optimizations can be disabled with 'optimizer=None'.\u001b[0m\n\u001b[1m\u001b[31mE   HINT: Use the PyTensor flag `exception_verbosity=high` for a debug print-out and storage map footprint of this Apply node.\u001b[0m\n------------------------------- Captured stdout --------------------------------\n\nYou can find the C code in this temporary file: /tmp/pytensor_compilation_error_rptqc7ws\n\u001b[31m\u001b[1m__________ ERROR collecting tests/distributions/test_multivariate.py ___________\u001b[0m\n\u001b[1m\u001b[31m/usr/local/lib/python3.10/dist-packages/pytensor/link/vm.py\u001b[0m:1230: in make_all\n    \u001b[0mnode.op.make_thunk(node, storage_map, compute_map, [], impl=impl)\u001b[90m\u001b[39;49;00m\n\u001b[1m\u001b[31m/usr/local/lib/python3.10/dist-packages/pytensor/link/c/op.py\u001b[0m:125: in make_thunk\n    \u001b[0m\u001b[94mreturn\u001b[39;49;00m \u001b[96mself\u001b[39;49;00m.make_c_thunk(node, storage_map, compute_map, no_recycling)\u001b[90m\u001b[39;49;00m\n\u001b[1m\u001b[31m/usr/local/lib/python3.10/dist-packages/pytensor/link/c/op.py\u001b[0m:84: in make_c_thunk\n    \u001b[0moutputs = cl.make_thunk(\u001b[90m\u001b[39;49;00m\n\u001b[1m\u001b[31m/usr/local/lib/python3.10/dist-packages/pytensor/link/c/basic.py\u001b[0m:1185: in make_thunk\n    \u001b[0mcthunk, module, in_storage, out_storage, error_storage = \u001b[96mself\u001b[39;49;00m.__compile__(\u001b[90m\u001b[39;49;00m\n\u001b[1m\u001b[31m/usr/local/lib/python3.10/dist-packages/pytensor/link/c/basic.py\u001b[0m:1102: in __compile__\n    \u001b[0mthunk, module = \u001b[96mself\u001b[39;49;00m.cthunk_factory(\u001b[90m\u001b[39;49;00m\n\u001b[1m\u001b[31m/usr/local/lib/python3.10/dist-packages/pytensor/link/c/basic.py\u001b[0m:1626: in cthunk_factory\n    \u001b[0mmodule = cache.module_from_key(key=key, lnk=\u001b[96mself\u001b[39;49;00m)\u001b[90m\u001b[39;49;00m\n\u001b[1m\u001b[31m/usr/local/lib/python3.10/dist-packages/pytensor/link/c/cmodule.py\u001b[0m:1251: in module_from_key\n    \u001b[0mmodule = lnk.compile_cmodule(location)\u001b[90m\u001b[39;49;00m\n\u001b[1m\u001b[31m/usr/local/lib/python3.10/dist-packages/pytensor/link/c/basic.py\u001b[0m:1527: in compile_cmodule\n    \u001b[0mmodule = c_compiler.compile_str(\u001b[90m\u001b[39;49;00m\n\u001b[1m\u001b[31m/usr/local/lib/python3.10/dist-packages/pytensor/link/c/cmodule.py\u001b[0m:2678: in compile_str\n    \u001b[0m\u001b[94mraise\u001b[39;49;00m CompileError(\u001b[90m\u001b[39;49;00m\n\u001b[1m\u001b[31mE   pytensor.link.c.exceptions.CompileError: Compilation failed (return status=1):\u001b[0m\n\u001b[1m\u001b[31mE   /usr/bin/g++ -shared -g -O3 -fno-math-errno -Wno-unused-label -Wno-unused-variable -Wno-write-strings -Wno-c++11-narrowing -fno-exceptions -fno-unwind-tables -fno-asynchronous-unwind-tables -march=skylake -mmmx -mpopcnt -msse -msse2 -msse3 -mssse3 -msse4.1 -msse4.2 -mavx -mavx2 -mno-sse4a -mno-fma4 -mno-xop -mfma -mno-avx512f -mbmi -mbmi2 -maes -mpclmul -mno-avx512vl -mno-avx512bw -mno-avx512dq -mno-avx512cd -mno-avx512er -mno-avx512pf -mno-avx512vbmi -mno-avx512ifma -mno-avx5124vnniw -mno-avx5124fmaps -mno-avx512vpopcntdq -mno-avx512vbmi2 -mno-gfni -mno-vpclmulqdq -mno-avx512vnni -mno-avx512bitalg -mno-avx512bf16 -mno-avx512vp2intersect -mno-3dnow -madx -mabm -mno-cldemote -mclflushopt -mno-clwb -mno-clzero -mcx16 -mno-enqcmd -mf16c -mfsgsbase -mfxsr -mno-hle -msahf -mno-lwp -mlzcnt -mmovbe -mno-movdir64b -mno-movdiri -mno-mwaitx -mno-pconfig -mno-pku -mno-prefetchwt1 -mprfchw -mno-ptwrite -mno-rdpid -mrdrnd -mrdseed -mno-rtm -mno-serialize -mno-sgx -mno-sha -mno-shstk -mno-tbm -mno-tsxldtrk -mno-vaes -mno-waitpkg -mno-wbnoinvd -mxsave -mxsavec -mxsaveopt -mxsaves -mno-amx-tile -mno-amx-int8 -mno-amx-bf16 -mno-uintr -mno-hreset -mno-kl -mno-widekl -mno-avxvnni --param l1-cache-size=32 --param l1-cache-line-size=64 --param l2-cache-size=12288 -mtune=skylake -DNPY_NO_DEPRECATED_API=NPY_1_7_API_VERSION -m64 -fPIC -I/usr/local/lib/python3.10/dist-packages/numpy/_core/include -I/usr/include/python3.10 -I/usr/local/lib/python3.10/dist-packages/pytensor/link/c/c_code -L/usr/lib/x86_64-linux-gnu -L/usr/lib -fvisibility=hidden -o /root/.pytensor/compiledir_Linux-5.15-microsoft-standard-WSL2-x86_64-with-glibc2.35-x86_64-3.10.12-64/tmpo4sn133u/m16b7c1d87cf011cb519d4575f8cfe9ff600c8ff28dc0782715d63bdbeb813074.so /root/.pytensor/compiledir_Linux-5.15-microsoft-standard-WSL2-x86_64-with-glibc2.35-x86_64-3.10.12-64/tmpo4sn133u/mod.cpp -lpython3.10\u001b[0m\n\u001b[1m\u001b[31mE   /root/.pytensor/compiledir_Linux-5.15-microsoft-standard-WSL2-x86_64-with-glibc2.35-x86_64-3.10.12-64/tmpo4sn133u/mod.cpp:1:10: fatal error: Python.h: No such file or directory\u001b[0m\n\u001b[1m\u001b[31mE       1 | #include <Python.h>\u001b[0m\n\u001b[1m\u001b[31mE         |          ^~~~~~~~~~\u001b[0m\n\u001b[1m\u001b[31mE   compilation terminated.\u001b[0m\n\n\u001b[33mDuring handling of the above exception, another exception occurred:\u001b[0m\n\u001b[1m\u001b[31mtests/distributions/test_multivariate.py\u001b[0m:1408: in <module>\n    \u001b[0m\u001b[94mclass\u001b[39;49;00m\u001b[90m \u001b[39;49;00m\u001b[04m\u001b[92mTestMvNormalChol\u001b[39;49;00m(BaseTestDistributionRandom):\u001b[90m\u001b[39;49;00m\n\u001b[1m\u001b[31mtests/distributions/test_multivariate.py\u001b[0m:1416: in TestMvNormalChol\n    \u001b[0m\u001b[33m\"\u001b[39;49;00m\u001b[33mcov\u001b[39;49;00m\u001b[33m\"\u001b[39;49;00m: quaddist_matrix(chol=pymc_dist_params[\u001b[33m\"\u001b[39;49;00m\u001b[33mchol\u001b[39;49;00m\u001b[33m\"\u001b[39;49;00m]).eval(),\u001b[90m\u001b[39;49;00m\n\u001b[1m\u001b[31m/usr/local/lib/python3.10/dist-packages/pytensor/graph/basic.py\u001b[0m:652: in eval\n    \u001b[0mfn = function(inputs, \u001b[96mself\u001b[39;49;00m, **kwargs)\u001b[90m\u001b[39;49;00m\n\u001b[1m\u001b[31m/usr/local/lib/python3.10/dist-packages/pytensor/compile/function/__init__.py\u001b[0m:332: in function\n    \u001b[0mfn = pfunc(\u001b[90m\u001b[39;49;00m\n\u001b[1m\u001b[31m/usr/local/lib/python3.10/dist-packages/pytensor/compile/function/pfunc.py\u001b[0m:466: in pfunc\n    \u001b[0m\u001b[94mreturn\u001b[39;49;00m orig_function(\u001b[90m\u001b[39;49;00m\n\u001b[1m\u001b[31m/usr/local/lib/python3.10/dist-packages/pytensor/compile/function/types.py\u001b[0m:1835: in orig_function\n    \u001b[0mfn = m.create(defaults)\u001b[90m\u001b[39;49;00m\n\u001b[1m\u001b[31m/usr/local/lib/python3.10/dist-packages/pytensor/compile/function/types.py\u001b[0m:1719: in create\n    \u001b[0m_fn, _i, _o = \u001b[96mself\u001b[39;49;00m.linker.make_thunk(\u001b[90m\u001b[39;49;00m\n\u001b[1m\u001b[31m/usr/local/lib/python3.10/dist-packages/pytensor/link/basic.py\u001b[0m:245: in make_thunk\n    \u001b[0m\u001b[94mreturn\u001b[39;49;00m \u001b[96mself\u001b[39;49;00m.make_all(\u001b[90m\u001b[39;49;00m\n\u001b[1m\u001b[31m/usr/local/lib/python3.10/dist-packages/pytensor/link/vm.py\u001b[0m:1239: in make_all\n    \u001b[0mraise_with_op(fgraph, node)\u001b[90m\u001b[39;49;00m\n\u001b[1m\u001b[31m/usr/local/lib/python3.10/dist-packages/pytensor/link/utils.py\u001b[0m:526: in raise_with_op\n    \u001b[0m\u001b[94mraise\u001b[39;49;00m exc_value.with_traceback(exc_trace)\u001b[90m\u001b[39;49;00m\n\u001b[1m\u001b[31m/usr/local/lib/python3.10/dist-packages/pytensor/link/vm.py\u001b[0m:1230: in make_all\n    \u001b[0mnode.op.make_thunk(node, storage_map, compute_map, [], impl=impl)\u001b[90m\u001b[39;49;00m\n\u001b[1m\u001b[31m/usr/local/lib/python3.10/dist-packages/pytensor/link/c/op.py\u001b[0m:125: in make_thunk\n    \u001b[0m\u001b[94mreturn\u001b[39;49;00m \u001b[96mself\u001b[39;49;00m.make_c_thunk(node, storage_map, compute_map, no_recycling)\u001b[90m\u001b[39;49;00m\n\u001b[1m\u001b[31m/usr/local/lib/python3.10/dist-packages/pytensor/link/c/op.py\u001b[0m:84: in make_c_thunk\n    \u001b[0moutputs = cl.make_thunk(\u001b[90m\u001b[39;49;00m\n\u001b[1m\u001b[31m/usr/local/lib/python3.10/dist-packages/pytensor/link/c/basic.py\u001b[0m:1185: in make_thunk\n    \u001b[0mcthunk, module, in_storage, out_storage, error_storage = \u001b[96mself\u001b[39;49;00m.__compile__(\u001b[90m\u001b[39;49;00m\n\u001b[1m\u001b[31m/usr/local/lib/python3.10/dist-packages/pytensor/link/c/basic.py\u001b[0m:1102: in __compile__\n    \u001b[0mthunk, module = \u001b[96mself\u001b[39;49;00m.cthunk_factory(\u001b[90m\u001b[39;49;00m\n\u001b[1m\u001b[31m/usr/local/lib/python3.10/dist-packages/pytensor/link/c/basic.py\u001b[0m:1626: in cthunk_factory\n    \u001b[0mmodule = cache.module_from_key(key=key, lnk=\u001b[96mself\u001b[39;49;00m)\u001b[90m\u001b[39;49;00m\n\u001b[1m\u001b[31m/usr/local/lib/python3.10/dist-packages/pytensor/link/c/cmodule.py\u001b[0m:1251: in module_from_key\n    \u001b[0mmodule = lnk.compile_cmodule(location)\u001b[90m\u001b[39;49;00m\n\u001b[1m\u001b[31m/usr/local/lib/python3.10/dist-packages/pytensor/link/c/basic.py\u001b[0m:1527: in compile_cmodule\n    \u001b[0mmodule = c_compiler.compile_str(\u001b[90m\u001b[39;49;00m\n\u001b[1m\u001b[31m/usr/local/lib/python3.10/dist-packages/pytensor/link/c/cmodule.py\u001b[0m:2678: in compile_str\n    \u001b[0m\u001b[94mraise\u001b[39;49;00m CompileError(\u001b[90m\u001b[39;49;00m\n\u001b[1m\u001b[31mE   pytensor.link.c.exceptions.CompileError: Compilation failed (return status=1):\u001b[0m\n\u001b[1m\u001b[31mE   /usr/bin/g++ -shared -g -O3 -fno-math-errno -Wno-unused-label -Wno-unused-variable -Wno-write-strings -Wno-c++11-narrowing -fno-exceptions -fno-unwind-tables -fno-asynchronous-unwind-tables -march=skylake -mmmx -mpopcnt -msse -msse2 -msse3 -mssse3 -msse4.1 -msse4.2 -mavx -mavx2 -mno-sse4a -mno-fma4 -mno-xop -mfma -mno-avx512f -mbmi -mbmi2 -maes -mpclmul -mno-avx512vl -mno-avx512bw -mno-avx512dq -mno-avx512cd -mno-avx512er -mno-avx512pf -mno-avx512vbmi -mno-avx512ifma -mno-avx5124vnniw -mno-avx5124fmaps -mno-avx512vpopcntdq -mno-avx512vbmi2 -mno-gfni -mno-vpclmulqdq -mno-avx512vnni -mno-avx512bitalg -mno-avx512bf16 -mno-avx512vp2intersect -mno-3dnow -madx -mabm -mno-cldemote -mclflushopt -mno-clwb -mno-clzero -mcx16 -mno-enqcmd -mf16c -mfsgsbase -mfxsr -mno-hle -msahf -mno-lwp -mlzcnt -mmovbe -mno-movdir64b -mno-movdiri -mno-mwaitx -mno-pconfig -mno-pku -mno-prefetchwt1 -mprfchw -mno-ptwrite -mno-rdpid -mrdrnd -mrdseed -mno-rtm -mno-serialize -mno-sgx -mno-sha -mno-shstk -mno-tbm -mno-tsxldtrk -mno-vaes -mno-waitpkg -mno-wbnoinvd -mxsave -mxsavec -mxsaveopt -mxsaves -mno-amx-tile -mno-amx-int8 -mno-amx-bf16 -mno-uintr -mno-hreset -mno-kl -mno-widekl -mno-avxvnni --param l1-cache-size=32 --param l1-cache-line-size=64 --param l2-cache-size=12288 -mtune=skylake -DNPY_NO_DEPRECATED_API=NPY_1_7_API_VERSION -m64 -fPIC -I/usr/local/lib/python3.10/dist-packages/numpy/_core/include -I/usr/include/python3.10 -I/usr/local/lib/python3.10/dist-packages/pytensor/link/c/c_code -L/usr/lib/x86_64-linux-gnu -L/usr/lib -fvisibility=hidden -o /root/.pytensor/compiledir_Linux-5.15-microsoft-standard-WSL2-x86_64-with-glibc2.35-x86_64-3.10.12-64/tmpo4sn133u/m16b7c1d87cf011cb519d4575f8cfe9ff600c8ff28dc0782715d63bdbeb813074.so /root/.pytensor/compiledir_Linux-5.15-microsoft-standard-WSL2-x86_64-with-glibc2.35-x86_64-3.10.12-64/tmpo4sn133u/mod.cpp -lpython3.10\u001b[0m\n\u001b[1m\u001b[31mE   /root/.pytensor/compiledir_Linux-5.15-microsoft-standard-WSL2-x86_64-with-glibc2.35-x86_64-3.10.12-64/tmpo4sn133u/mod.cpp:1:10: fatal error: Python.h: No such file or directory\u001b[0m\n\u001b[1m\u001b[31mE       1 | #include <Python.h>\u001b[0m\n\u001b[1m\u001b[31mE         |          ^~~~~~~~~~\u001b[0m\n\u001b[1m\u001b[31mE   compilation terminated.\u001b[0m\n\u001b[1m\u001b[31mE   \u001b[0m\n\u001b[1m\u001b[31mE   Apply node that caused the error: DeepCopyOp([[ 4.    0 ... 12.25]])\u001b[0m\n\u001b[1m\u001b[31mE   Toposort index: 0\u001b[0m\n\u001b[1m\u001b[31mE   Inputs types: [TensorType(float64, shape=(2, 2))]\u001b[0m\n\u001b[1m\u001b[31mE   \u001b[0m\n\u001b[1m\u001b[31mE   HINT: Use a linker other than the C linker to print the inputs' shapes and strides.\u001b[0m\n\u001b[1m\u001b[31mE   HINT: Re-running with most PyTensor optimizations disabled could provide a back-trace showing when this node was created. This can be done by setting the PyTensor flag 'optimizer=fast_compile'. If that does not work, PyTensor optimizations can be disabled with 'optimizer=None'.\u001b[0m\n\u001b[1m\u001b[31mE   HINT: Use the PyTensor flag `exception_verbosity=high` for a debug print-out and storage map footprint of this Apply node.\u001b[0m\n------------------------------- Captured stdout --------------------------------\n\nYou can find the C code in this temporary file: /tmp/pytensor_compilation_error_4dh31ty6\n\u001b[31m\u001b[1m________________ ERROR collecting tests/logprob/test_checks.py _________________\u001b[0m\n\u001b[1m\u001b[31m/usr/local/lib/python3.10/dist-packages/pytensor/link/vm.py\u001b[0m:1230: in make_all\n    \u001b[0mnode.op.make_thunk(node, storage_map, compute_map, [], impl=impl)\u001b[90m\u001b[39;49;00m\n\u001b[1m\u001b[31m/usr/local/lib/python3.10/dist-packages/pytensor/link/c/op.py\u001b[0m:125: in make_thunk\n    \u001b[0m\u001b[94mreturn\u001b[39;49;00m \u001b[96mself\u001b[39;49;00m.make_c_thunk(node, storage_map, compute_map, no_recycling)\u001b[90m\u001b[39;49;00m\n\u001b[1m\u001b[31m/usr/local/lib/python3.10/dist-packages/pytensor/link/c/op.py\u001b[0m:84: in make_c_thunk\n    \u001b[0moutputs = cl.make_thunk(\u001b[90m\u001b[39;49;00m\n\u001b[1m\u001b[31m/usr/local/lib/python3.10/dist-packages/pytensor/link/c/basic.py\u001b[0m:1185: in make_thunk\n    \u001b[0mcthunk, module, in_storage, out_storage, error_storage = \u001b[96mself\u001b[39;49;00m.__compile__(\u001b[90m\u001b[39;49;00m\n\u001b[1m\u001b[31m/usr/local/lib/python3.10/dist-packages/pytensor/link/c/basic.py\u001b[0m:1102: in __compile__\n    \u001b[0mthunk, module = \u001b[96mself\u001b[39;49;00m.cthunk_factory(\u001b[90m\u001b[39;49;00m\n\u001b[1m\u001b[31m/usr/local/lib/python3.10/dist-packages/pytensor/link/c/basic.py\u001b[0m:1626: in cthunk_factory\n    \u001b[0mmodule = cache.module_from_key(key=key, lnk=\u001b[96mself\u001b[39;49;00m)\u001b[90m\u001b[39;49;00m\n\u001b[1m\u001b[31m/usr/local/lib/python3.10/dist-packages/pytensor/link/c/cmodule.py\u001b[0m:1251: in module_from_key\n    \u001b[0mmodule = lnk.compile_cmodule(location)\u001b[90m\u001b[39;49;00m\n\u001b[1m\u001b[31m/usr/local/lib/python3.10/dist-packages/pytensor/link/c/basic.py\u001b[0m:1527: in compile_cmodule\n    \u001b[0mmodule = c_compiler.compile_str(\u001b[90m\u001b[39;49;00m\n\u001b[1m\u001b[31m/usr/local/lib/python3.10/dist-packages/pytensor/link/c/cmodule.py\u001b[0m:2678: in compile_str\n    \u001b[0m\u001b[94mraise\u001b[39;49;00m CompileError(\u001b[90m\u001b[39;49;00m\n\u001b[1m\u001b[31mE   pytensor.link.c.exceptions.CompileError: Compilation failed (return status=1):\u001b[0m\n\u001b[1m\u001b[31mE   /usr/bin/g++ -shared -g -O3 -fno-math-errno -Wno-unused-label -Wno-unused-variable -Wno-write-strings -Wno-c++11-narrowing -fno-exceptions -fno-unwind-tables -fno-asynchronous-unwind-tables -march=skylake -mmmx -mpopcnt -msse -msse2 -msse3 -mssse3 -msse4.1 -msse4.2 -mavx -mavx2 -mno-sse4a -mno-fma4 -mno-xop -mfma -mno-avx512f -mbmi -mbmi2 -maes -mpclmul -mno-avx512vl -mno-avx512bw -mno-avx512dq -mno-avx512cd -mno-avx512er -mno-avx512pf -mno-avx512vbmi -mno-avx512ifma -mno-avx5124vnniw -mno-avx5124fmaps -mno-avx512vpopcntdq -mno-avx512vbmi2 -mno-gfni -mno-vpclmulqdq -mno-avx512vnni -mno-avx512bitalg -mno-avx512bf16 -mno-avx512vp2intersect -mno-3dnow -madx -mabm -mno-cldemote -mclflushopt -mno-clwb -mno-clzero -mcx16 -mno-enqcmd -mf16c -mfsgsbase -mfxsr -mno-hle -msahf -mno-lwp -mlzcnt -mmovbe -mno-movdir64b -mno-movdiri -mno-mwaitx -mno-pconfig -mno-pku -mno-prefetchwt1 -mprfchw -mno-ptwrite -mno-rdpid -mrdrnd -mrdseed -mno-rtm -mno-serialize -mno-sgx -mno-sha -mno-shstk -mno-tbm -mno-tsxldtrk -mno-vaes -mno-waitpkg -mno-wbnoinvd -mxsave -mxsavec -mxsaveopt -mxsaves -mno-amx-tile -mno-amx-int8 -mno-amx-bf16 -mno-uintr -mno-hreset -mno-kl -mno-widekl -mno-avxvnni --param l1-cache-size=32 --param l1-cache-line-size=64 --param l2-cache-size=12288 -mtune=skylake -DNPY_NO_DEPRECATED_API=NPY_1_7_API_VERSION -m64 -fPIC -I/usr/local/lib/python3.10/dist-packages/numpy/_core/include -I/usr/include/python3.10 -I/usr/local/lib/python3.10/dist-packages/pytensor/link/c/c_code -L/usr/lib/x86_64-linux-gnu -L/usr/lib -fvisibility=hidden -o /root/.pytensor/compiledir_Linux-5.15-microsoft-standard-WSL2-x86_64-with-glibc2.35-x86_64-3.10.12-64/tmpo7idqz1q/m16b7c1d87cf011cb519d4575f8cfe9ff600c8ff28dc0782715d63bdbeb813074.so /root/.pytensor/compiledir_Linux-5.15-microsoft-standard-WSL2-x86_64-with-glibc2.35-x86_64-3.10.12-64/tmpo7idqz1q/mod.cpp -lpython3.10\u001b[0m\n\u001b[1m\u001b[31mE   /root/.pytensor/compiledir_Linux-5.15-microsoft-standard-WSL2-x86_64-with-glibc2.35-x86_64-3.10.12-64/tmpo7idqz1q/mod.cpp:1:10: fatal error: Python.h: No such file or directory\u001b[0m\n\u001b[1m\u001b[31mE       1 | #include <Python.h>\u001b[0m\n\u001b[1m\u001b[31mE         |          ^~~~~~~~~~\u001b[0m\n\u001b[1m\u001b[31mE   compilation terminated.\u001b[0m\n\n\u001b[33mDuring handling of the above exception, another exception occurred:\u001b[0m\n\u001b[1m\u001b[31mtests/logprob/test_checks.py\u001b[0m:48: in <module>\n    \u001b[0m\u001b[94mfrom\u001b[39;49;00m\u001b[90m \u001b[39;49;00m\u001b[04m\u001b[96mtests\u001b[39;49;00m\u001b[04m\u001b[96m.\u001b[39;49;00m\u001b[04m\u001b[96mdistributions\u001b[39;49;00m\u001b[04m\u001b[96m.\u001b[39;49;00m\u001b[04m\u001b[96mtest_multivariate\u001b[39;49;00m\u001b[90m \u001b[39;49;00m\u001b[94mimport\u001b[39;49;00m dirichlet_logpdf\u001b[90m\u001b[39;49;00m\n\u001b[1m\u001b[31m<frozen importlib._bootstrap>\u001b[0m:1027: in _find_and_load\n    \u001b[0m\u001b[04m\u001b[91m?\u001b[39;49;00m\u001b[04m\u001b[91m?\u001b[39;49;00m\u001b[04m\u001b[91m?\u001b[39;49;00m\u001b[90m\u001b[39;49;00m\n\u001b[1m\u001b[31m<frozen importlib._bootstrap>\u001b[0m:1006: in _find_and_load_unlocked\n    \u001b[0m\u001b[04m\u001b[91m?\u001b[39;49;00m\u001b[04m\u001b[91m?\u001b[39;49;00m\u001b[04m\u001b[91m?\u001b[39;49;00m\u001b[90m\u001b[39;49;00m\n\u001b[1m\u001b[31m<frozen importlib._bootstrap>\u001b[0m:688: in _load_unlocked\n    \u001b[0m\u001b[04m\u001b[91m?\u001b[39;49;00m\u001b[04m\u001b[91m?\u001b[39;49;00m\u001b[04m\u001b[91m?\u001b[39;49;00m\u001b[90m\u001b[39;49;00m\n\u001b[1m\u001b[31m/usr/local/lib/python3.10/dist-packages/_pytest/assertion/rewrite.py\u001b[0m:186: in exec_module\n    \u001b[0mexec(co, module.\u001b[91m__dict__\u001b[39;49;00m)\u001b[90m\u001b[39;49;00m\n\u001b[1m\u001b[31mtests/distributions/test_multivariate.py\u001b[0m:1408: in <module>\n    \u001b[0m\u001b[94mclass\u001b[39;49;00m\u001b[90m \u001b[39;49;00m\u001b[04m\u001b[92mTestMvNormalChol\u001b[39;49;00m(BaseTestDistributionRandom):\u001b[90m\u001b[39;49;00m\n\u001b[1m\u001b[31mtests/distributions/test_multivariate.py\u001b[0m:1416: in TestMvNormalChol\n    \u001b[0m\u001b[33m\"\u001b[39;49;00m\u001b[33mcov\u001b[39;49;00m\u001b[33m\"\u001b[39;49;00m: quaddist_matrix(chol=pymc_dist_params[\u001b[33m\"\u001b[39;49;00m\u001b[33mchol\u001b[39;49;00m\u001b[33m\"\u001b[39;49;00m]).eval(),\u001b[90m\u001b[39;49;00m\n\u001b[1m\u001b[31m/usr/local/lib/python3.10/dist-packages/pytensor/graph/basic.py\u001b[0m:652: in eval\n    \u001b[0mfn = function(inputs, \u001b[96mself\u001b[39;49;00m, **kwargs)\u001b[90m\u001b[39;49;00m\n\u001b[1m\u001b[31m/usr/local/lib/python3.10/dist-packages/pytensor/compile/function/__init__.py\u001b[0m:332: in function\n    \u001b[0mfn = pfunc(\u001b[90m\u001b[39;49;00m\n\u001b[1m\u001b[31m/usr/local/lib/python3.10/dist-packages/pytensor/compile/function/pfunc.py\u001b[0m:466: in pfunc\n    \u001b[0m\u001b[94mreturn\u001b[39;49;00m orig_function(\u001b[90m\u001b[39;49;00m\n\u001b[1m\u001b[31m/usr/local/lib/python3.10/dist-packages/pytensor/compile/function/types.py\u001b[0m:1835: in orig_function\n    \u001b[0mfn = m.create(defaults)\u001b[90m\u001b[39;49;00m\n\u001b[1m\u001b[31m/usr/local/lib/python3.10/dist-packages/pytensor/compile/function/types.py\u001b[0m:1719: in create\n    \u001b[0m_fn, _i, _o = \u001b[96mself\u001b[39;49;00m.linker.make_thunk(\u001b[90m\u001b[39;49;00m\n\u001b[1m\u001b[31m/usr/local/lib/python3.10/dist-packages/pytensor/link/basic.py\u001b[0m:245: in make_thunk\n    \u001b[0m\u001b[94mreturn\u001b[39;49;00m \u001b[96mself\u001b[39;49;00m.make_all(\u001b[90m\u001b[39;49;00m\n\u001b[1m\u001b[31m/usr/local/lib/python3.10/dist-packages/pytensor/link/vm.py\u001b[0m:1239: in make_all\n    \u001b[0mraise_with_op(fgraph, node)\u001b[90m\u001b[39;49;00m\n\u001b[1m\u001b[31m/usr/local/lib/python3.10/dist-packages/pytensor/link/utils.py\u001b[0m:526: in raise_with_op\n    \u001b[0m\u001b[94mraise\u001b[39;49;00m exc_value.with_traceback(exc_trace)\u001b[90m\u001b[39;49;00m\n\u001b[1m\u001b[31m/usr/local/lib/python3.10/dist-packages/pytensor/link/vm.py\u001b[0m:1230: in make_all\n    \u001b[0mnode.op.make_thunk(node, storage_map, compute_map, [], impl=impl)\u001b[90m\u001b[39;49;00m\n\u001b[1m\u001b[31m/usr/local/lib/python3.10/dist-packages/pytensor/link/c/op.py\u001b[0m:125: in make_thunk\n    \u001b[0m\u001b[94mreturn\u001b[39;49;00m \u001b[96mself\u001b[39;49;00m.make_c_thunk(node, storage_map, compute_map, no_recycling)\u001b[90m\u001b[39;49;00m\n\u001b[1m\u001b[31m/usr/local/lib/python3.10/dist-packages/pytensor/link/c/op.py\u001b[0m:84: in make_c_thunk\n    \u001b[0moutputs = cl.make_thunk(\u001b[90m\u001b[39;49;00m\n\u001b[1m\u001b[31m/usr/local/lib/python3.10/dist-packages/pytensor/link/c/basic.py\u001b[0m:1185: in make_thunk\n    \u001b[0mcthunk, module, in_storage, out_storage, error_storage = \u001b[96mself\u001b[39;49;00m.__compile__(\u001b[90m\u001b[39;49;00m\n\u001b[1m\u001b[31m/usr/local/lib/python3.10/dist-packages/pytensor/link/c/basic.py\u001b[0m:1102: in __compile__\n    \u001b[0mthunk, module = \u001b[96mself\u001b[39;49;00m.cthunk_factory(\u001b[90m\u001b[39;49;00m\n\u001b[1m\u001b[31m/usr/local/lib/python3.10/dist-packages/pytensor/link/c/basic.py\u001b[0m:1626: in cthunk_factory\n    \u001b[0mmodule = cache.module_from_key(key=key, lnk=\u001b[96mself\u001b[39;49;00m)\u001b[90m\u001b[39;49;00m\n\u001b[1m\u001b[31m/usr/local/lib/python3.10/dist-packages/pytensor/link/c/cmodule.py\u001b[0m:1251: in module_from_key\n    \u001b[0mmodule = lnk.compile_cmodule(location)\u001b[90m\u001b[39;49;00m\n\u001b[1m\u001b[31m/usr/local/lib/python3.10/dist-packages/pytensor/link/c/basic.py\u001b[0m:1527: in compile_cmodule\n    \u001b[0mmodule = c_compiler.compile_str(\u001b[90m\u001b[39;49;00m\n\u001b[1m\u001b[31m/usr/local/lib/python3.10/dist-packages/pytensor/link/c/cmodule.py\u001b[0m:2678: in compile_str\n    \u001b[0m\u001b[94mraise\u001b[39;49;00m CompileError(\u001b[90m\u001b[39;49;00m\n\u001b[1m\u001b[31mE   pytensor.link.c.exceptions.CompileError: Compilation failed (return status=1):\u001b[0m\n\u001b[1m\u001b[31mE   /usr/bin/g++ -shared -g -O3 -fno-math-errno -Wno-unused-label -Wno-unused-variable -Wno-write-strings -Wno-c++11-narrowing -fno-exceptions -fno-unwind-tables -fno-asynchronous-unwind-tables -march=skylake -mmmx -mpopcnt -msse -msse2 -msse3 -mssse3 -msse4.1 -msse4.2 -mavx -mavx2 -mno-sse4a -mno-fma4 -mno-xop -mfma -mno-avx512f -mbmi -mbmi2 -maes -mpclmul -mno-avx512vl -mno-avx512bw -mno-avx512dq -mno-avx512cd -mno-avx512er -mno-avx512pf -mno-avx512vbmi -mno-avx512ifma -mno-avx5124vnniw -mno-avx5124fmaps -mno-avx512vpopcntdq -mno-avx512vbmi2 -mno-gfni -mno-vpclmulqdq -mno-avx512vnni -mno-avx512bitalg -mno-avx512bf16 -mno-avx512vp2intersect -mno-3dnow -madx -mabm -mno-cldemote -mclflushopt -mno-clwb -mno-clzero -mcx16 -mno-enqcmd -mf16c -mfsgsbase -mfxsr -mno-hle -msahf -mno-lwp -mlzcnt -mmovbe -mno-movdir64b -mno-movdiri -mno-mwaitx -mno-pconfig -mno-pku -mno-prefetchwt1 -mprfchw -mno-ptwrite -mno-rdpid -mrdrnd -mrdseed -mno-rtm -mno-serialize -mno-sgx -mno-sha -mno-shstk -mno-tbm -mno-tsxldtrk -mno-vaes -mno-waitpkg -mno-wbnoinvd -mxsave -mxsavec -mxsaveopt -mxsaves -mno-amx-tile -mno-amx-int8 -mno-amx-bf16 -mno-uintr -mno-hreset -mno-kl -mno-widekl -mno-avxvnni --param l1-cache-size=32 --param l1-cache-line-size=64 --param l2-cache-size=12288 -mtune=skylake -DNPY_NO_DEPRECATED_API=NPY_1_7_API_VERSION -m64 -fPIC -I/usr/local/lib/python3.10/dist-packages/numpy/_core/include -I/usr/include/python3.10 -I/usr/local/lib/python3.10/dist-packages/pytensor/link/c/c_code -L/usr/lib/x86_64-linux-gnu -L/usr/lib -fvisibility=hidden -o /root/.pytensor/compiledir_Linux-5.15-microsoft-standard-WSL2-x86_64-with-glibc2.35-x86_64-3.10.12-64/tmpo7idqz1q/m16b7c1d87cf011cb519d4575f8cfe9ff600c8ff28dc0782715d63bdbeb813074.so /root/.pytensor/compiledir_Linux-5.15-microsoft-standard-WSL2-x86_64-with-glibc2.35-x86_64-3.10.12-64/tmpo7idqz1q/mod.cpp -lpython3.10\u001b[0m\n\u001b[1m\u001b[31mE   /root/.pytensor/compiledir_Linux-5.15-microsoft-standard-WSL2-x86_64-with-glibc2.35-x86_64-3.10.12-64/tmpo7idqz1q/mod.cpp:1:10: fatal error: Python.h: No such file or directory\u001b[0m\n\u001b[1m\u001b[31mE       1 | #include <Python.h>\u001b[0m\n\u001b[1m\u001b[31mE         |          ^~~~~~~~~~\u001b[0m\n\u001b[1m\u001b[31mE   compilation terminated.\u001b[0m\n\u001b[1m\u001b[31mE   \u001b[0m\n\u001b[1m\u001b[31mE   Apply node that caused the error: DeepCopyOp([[ 4.    0 ... 12.25]])\u001b[0m\n\u001b[1m\u001b[31mE   Toposort index: 0\u001b[0m\n\u001b[1m\u001b[31mE   Inputs types: [TensorType(float64, shape=(2, 2))]\u001b[0m\n\u001b[1m\u001b[31mE   \u001b[0m\n\u001b[1m\u001b[31mE   HINT: Use a linker other than the C linker to print the inputs' shapes and strides.\u001b[0m\n\u001b[1m\u001b[31mE   HINT: Re-running with most PyTensor optimizations disabled could provide a back-trace showing when this node was created. This can be done by setting the PyTensor flag 'optimizer=fast_compile'. If that does not work, PyTensor optimizations can be disabled with 'optimizer=None'.\u001b[0m\n\u001b[1m\u001b[31mE   HINT: Use the PyTensor flag `exception_verbosity=high` for a debug print-out and storage map footprint of this Apply node.\u001b[0m\n------------------------------- Captured stdout --------------------------------\n\nYou can find the C code in this temporary file: /tmp/pytensor_compilation_error_mf4iozra\n\u001b[31m\u001b[1m_________________ ERROR collecting tests/sampling/test_jax.py __________________\u001b[0m\n\u001b[31mImportError while importing test module '/app/repo_to_process/tests/sampling/test_jax.py'.\nHint: make sure your test modules/packages have valid Python names.\nTraceback:\n/usr/lib/python3.10/importlib/__init__.py:126: in import_module\n    return _bootstrap._gcd_import(name[level:], package, level)\ntests/sampling/test_jax.py:23: in <module>\n    import jax\nE   ModuleNotFoundError: No module named 'jax'\u001b[0m\n\u001b[31m\u001b[1m_______________ ERROR collecting tests/stats/test_log_density.py _______________\u001b[0m\n\u001b[1m\u001b[31m/usr/local/lib/python3.10/dist-packages/pytensor/link/vm.py\u001b[0m:1230: in make_all\n    \u001b[0mnode.op.make_thunk(node, storage_map, compute_map, [], impl=impl)\u001b[90m\u001b[39;49;00m\n\u001b[1m\u001b[31m/usr/local/lib/python3.10/dist-packages/pytensor/link/c/op.py\u001b[0m:125: in make_thunk\n    \u001b[0m\u001b[94mreturn\u001b[39;49;00m \u001b[96mself\u001b[39;49;00m.make_c_thunk(node, storage_map, compute_map, no_recycling)\u001b[90m\u001b[39;49;00m\n\u001b[1m\u001b[31m/usr/local/lib/python3.10/dist-packages/pytensor/link/c/op.py\u001b[0m:84: in make_c_thunk\n    \u001b[0moutputs = cl.make_thunk(\u001b[90m\u001b[39;49;00m\n\u001b[1m\u001b[31m/usr/local/lib/python3.10/dist-packages/pytensor/link/c/basic.py\u001b[0m:1185: in make_thunk\n    \u001b[0mcthunk, module, in_storage, out_storage, error_storage = \u001b[96mself\u001b[39;49;00m.__compile__(\u001b[90m\u001b[39;49;00m\n\u001b[1m\u001b[31m/usr/local/lib/python3.10/dist-packages/pytensor/link/c/basic.py\u001b[0m:1102: in __compile__\n    \u001b[0mthunk, module = \u001b[96mself\u001b[39;49;00m.cthunk_factory(\u001b[90m\u001b[39;49;00m\n\u001b[1m\u001b[31m/usr/local/lib/python3.10/dist-packages/pytensor/link/c/basic.py\u001b[0m:1626: in cthunk_factory\n    \u001b[0mmodule = cache.module_from_key(key=key, lnk=\u001b[96mself\u001b[39;49;00m)\u001b[90m\u001b[39;49;00m\n\u001b[1m\u001b[31m/usr/local/lib/python3.10/dist-packages/pytensor/link/c/cmodule.py\u001b[0m:1251: in module_from_key\n    \u001b[0mmodule = lnk.compile_cmodule(location)\u001b[90m\u001b[39;49;00m\n\u001b[1m\u001b[31m/usr/local/lib/python3.10/dist-packages/pytensor/link/c/basic.py\u001b[0m:1527: in compile_cmodule\n    \u001b[0mmodule = c_compiler.compile_str(\u001b[90m\u001b[39;49;00m\n\u001b[1m\u001b[31m/usr/local/lib/python3.10/dist-packages/pytensor/link/c/cmodule.py\u001b[0m:2678: in compile_str\n    \u001b[0m\u001b[94mraise\u001b[39;49;00m CompileError(\u001b[90m\u001b[39;49;00m\n\u001b[1m\u001b[31mE   pytensor.link.c.exceptions.CompileError: Compilation failed (return status=1):\u001b[0m\n\u001b[1m\u001b[31mE   /usr/bin/g++ -shared -g -O3 -fno-math-errno -Wno-unused-label -Wno-unused-variable -Wno-write-strings -Wno-c++11-narrowing -fno-exceptions -fno-unwind-tables -fno-asynchronous-unwind-tables -march=skylake -mmmx -mpopcnt -msse -msse2 -msse3 -mssse3 -msse4.1 -msse4.2 -mavx -mavx2 -mno-sse4a -mno-fma4 -mno-xop -mfma -mno-avx512f -mbmi -mbmi2 -maes -mpclmul -mno-avx512vl -mno-avx512bw -mno-avx512dq -mno-avx512cd -mno-avx512er -mno-avx512pf -mno-avx512vbmi -mno-avx512ifma -mno-avx5124vnniw -mno-avx5124fmaps -mno-avx512vpopcntdq -mno-avx512vbmi2 -mno-gfni -mno-vpclmulqdq -mno-avx512vnni -mno-avx512bitalg -mno-avx512bf16 -mno-avx512vp2intersect -mno-3dnow -madx -mabm -mno-cldemote -mclflushopt -mno-clwb -mno-clzero -mcx16 -mno-enqcmd -mf16c -mfsgsbase -mfxsr -mno-hle -msahf -mno-lwp -mlzcnt -mmovbe -mno-movdir64b -mno-movdiri -mno-mwaitx -mno-pconfig -mno-pku -mno-prefetchwt1 -mprfchw -mno-ptwrite -mno-rdpid -mrdrnd -mrdseed -mno-rtm -mno-serialize -mno-sgx -mno-sha -mno-shstk -mno-tbm -mno-tsxldtrk -mno-vaes -mno-waitpkg -mno-wbnoinvd -mxsave -mxsavec -mxsaveopt -mxsaves -mno-amx-tile -mno-amx-int8 -mno-amx-bf16 -mno-uintr -mno-hreset -mno-kl -mno-widekl -mno-avxvnni --param l1-cache-size=32 --param l1-cache-line-size=64 --param l2-cache-size=12288 -mtune=skylake -DNPY_NO_DEPRECATED_API=NPY_1_7_API_VERSION -m64 -fPIC -I/usr/local/lib/python3.10/dist-packages/numpy/_core/include -I/usr/include/python3.10 -I/usr/local/lib/python3.10/dist-packages/pytensor/link/c/c_code -L/usr/lib/x86_64-linux-gnu -L/usr/lib -fvisibility=hidden -o /root/.pytensor/compiledir_Linux-5.15-microsoft-standard-WSL2-x86_64-with-glibc2.35-x86_64-3.10.12-64/tmpakmy0jo7/m16b7c1d87cf011cb519d4575f8cfe9ff600c8ff28dc0782715d63bdbeb813074.so /root/.pytensor/compiledir_Linux-5.15-microsoft-standard-WSL2-x86_64-with-glibc2.35-x86_64-3.10.12-64/tmpakmy0jo7/mod.cpp -lpython3.10\u001b[0m\n\u001b[1m\u001b[31mE   /root/.pytensor/compiledir_Linux-5.15-microsoft-standard-WSL2-x86_64-with-glibc2.35-x86_64-3.10.12-64/tmpakmy0jo7/mod.cpp:1:10: fatal error: Python.h: No such file or directory\u001b[0m\n\u001b[1m\u001b[31mE       1 | #include <Python.h>\u001b[0m\n\u001b[1m\u001b[31mE         |          ^~~~~~~~~~\u001b[0m\n\u001b[1m\u001b[31mE   compilation terminated.\u001b[0m\n\n\u001b[33mDuring handling of the above exception, another exception occurred:\u001b[0m\n\u001b[1m\u001b[31mtests/stats/test_log_density.py\u001b[0m:26: in <module>\n    \u001b[0m\u001b[94mfrom\u001b[39;49;00m\u001b[90m \u001b[39;49;00m\u001b[04m\u001b[96mtests\u001b[39;49;00m\u001b[04m\u001b[96m.\u001b[39;49;00m\u001b[04m\u001b[96mdistributions\u001b[39;49;00m\u001b[04m\u001b[96m.\u001b[39;49;00m\u001b[04m\u001b[96mtest_multivariate\u001b[39;49;00m\u001b[90m \u001b[39;49;00m\u001b[94mimport\u001b[39;49;00m dirichlet_logpdf\u001b[90m\u001b[39;49;00m\n\u001b[1m\u001b[31m<frozen importlib._bootstrap>\u001b[0m:1027: in _find_and_load\n    \u001b[0m\u001b[04m\u001b[91m?\u001b[39;49;00m\u001b[04m\u001b[91m?\u001b[39;49;00m\u001b[04m\u001b[91m?\u001b[39;49;00m\u001b[90m\u001b[39;49;00m\n\u001b[1m\u001b[31m<frozen importlib._bootstrap>\u001b[0m:1006: in _find_and_load_unlocked\n    \u001b[0m\u001b[04m\u001b[91m?\u001b[39;49;00m\u001b[04m\u001b[91m?\u001b[39;49;00m\u001b[04m\u001b[91m?\u001b[39;49;00m\u001b[90m\u001b[39;49;00m\n\u001b[1m\u001b[31m<frozen importlib._bootstrap>\u001b[0m:688: in _load_unlocked\n    \u001b[0m\u001b[04m\u001b[91m?\u001b[39;49;00m\u001b[04m\u001b[91m?\u001b[39;49;00m\u001b[04m\u001b[91m?\u001b[39;49;00m\u001b[90m\u001b[39;49;00m\n\u001b[1m\u001b[31m/usr/local/lib/python3.10/dist-packages/_pytest/assertion/rewrite.py\u001b[0m:186: in exec_module\n    \u001b[0mexec(co, module.\u001b[91m__dict__\u001b[39;49;00m)\u001b[90m\u001b[39;49;00m\n\u001b[1m\u001b[31mtests/distributions/test_multivariate.py\u001b[0m:1408: in <module>\n    \u001b[0m\u001b[94mclass\u001b[39;49;00m\u001b[90m \u001b[39;49;00m\u001b[04m\u001b[92mTestMvNormalChol\u001b[39;49;00m(BaseTestDistributionRandom):\u001b[90m\u001b[39;49;00m\n\u001b[1m\u001b[31mtests/distributions/test_multivariate.py\u001b[0m:1416: in TestMvNormalChol\n    \u001b[0m\u001b[33m\"\u001b[39;49;00m\u001b[33mcov\u001b[39;49;00m\u001b[33m\"\u001b[39;49;00m: quaddist_matrix(chol=pymc_dist_params[\u001b[33m\"\u001b[39;49;00m\u001b[33mchol\u001b[39;49;00m\u001b[33m\"\u001b[39;49;00m]).eval(),\u001b[90m\u001b[39;49;00m\n\u001b[1m\u001b[31m/usr/local/lib/python3.10/dist-packages/pytensor/graph/basic.py\u001b[0m:652: in eval\n    \u001b[0mfn = function(inputs, \u001b[96mself\u001b[39;49;00m, **kwargs)\u001b[90m\u001b[39;49;00m\n\u001b[1m\u001b[31m/usr/local/lib/python3.10/dist-packages/pytensor/compile/function/__init__.py\u001b[0m:332: in function\n    \u001b[0mfn = pfunc(\u001b[90m\u001b[39;49;00m\n\u001b[1m\u001b[31m/usr/local/lib/python3.10/dist-packages/pytensor/compile/function/pfunc.py\u001b[0m:466: in pfunc\n    \u001b[0m\u001b[94mreturn\u001b[39;49;00m orig_function(\u001b[90m\u001b[39;49;00m\n\u001b[1m\u001b[31m/usr/local/lib/python3.10/dist-packages/pytensor/compile/function/types.py\u001b[0m:1835: in orig_function\n    \u001b[0mfn = m.create(defaults)\u001b[90m\u001b[39;49;00m\n\u001b[1m\u001b[31m/usr/local/lib/python3.10/dist-packages/pytensor/compile/function/types.py\u001b[0m:1719: in create\n    \u001b[0m_fn, _i, _o = \u001b[96mself\u001b[39;49;00m.linker.make_thunk(\u001b[90m\u001b[39;49;00m\n\u001b[1m\u001b[31m/usr/local/lib/python3.10/dist-packages/pytensor/link/basic.py\u001b[0m:245: in make_thunk\n    \u001b[0m\u001b[94mreturn\u001b[39;49;00m \u001b[96mself\u001b[39;49;00m.make_all(\u001b[90m\u001b[39;49;00m\n\u001b[1m\u001b[31m/usr/local/lib/python3.10/dist-packages/pytensor/link/vm.py\u001b[0m:1239: in make_all\n    \u001b[0mraise_with_op(fgraph, node)\u001b[90m\u001b[39;49;00m\n\u001b[1m\u001b[31m/usr/local/lib/python3.10/dist-packages/pytensor/link/utils.py\u001b[0m:526: in raise_with_op\n    \u001b[0m\u001b[94mraise\u001b[39;49;00m exc_value.with_traceback(exc_trace)\u001b[90m\u001b[39;49;00m\n\u001b[1m\u001b[31m/usr/local/lib/python3.10/dist-packages/pytensor/link/vm.py\u001b[0m:1230: in make_all\n    \u001b[0mnode.op.make_thunk(node, storage_map, compute_map, [], impl=impl)\u001b[90m\u001b[39;49;00m\n\u001b[1m\u001b[31m/usr/local/lib/python3.10/dist-packages/pytensor/link/c/op.py\u001b[0m:125: in make_thunk\n    \u001b[0m\u001b[94mreturn\u001b[39;49;00m \u001b[96mself\u001b[39;49;00m.make_c_thunk(node, storage_map, compute_map, no_recycling)\u001b[90m\u001b[39;49;00m\n\u001b[1m\u001b[31m/usr/local/lib/python3.10/dist-packages/pytensor/link/c/op.py\u001b[0m:84: in make_c_thunk\n    \u001b[0moutputs = cl.make_thunk(\u001b[90m\u001b[39;49;00m\n\u001b[1m\u001b[31m/usr/local/lib/python3.10/dist-packages/pytensor/link/c/basic.py\u001b[0m:1185: in make_thunk\n    \u001b[0mcthunk, module, in_storage, out_storage, error_storage = \u001b[96mself\u001b[39;49;00m.__compile__(\u001b[90m\u001b[39;49;00m\n\u001b[1m\u001b[31m/usr/local/lib/python3.10/dist-packages/pytensor/link/c/basic.py\u001b[0m:1102: in __compile__\n    \u001b[0mthunk, module = \u001b[96mself\u001b[39;49;00m.cthunk_factory(\u001b[90m\u001b[39;49;00m\n\u001b[1m\u001b[31m/usr/local/lib/python3.10/dist-packages/pytensor/link/c/basic.py\u001b[0m:1626: in cthunk_factory\n    \u001b[0mmodule = cache.module_from_key(key=key, lnk=\u001b[96mself\u001b[39;49;00m)\u001b[90m\u001b[39;49;00m\n\u001b[1m\u001b[31m/usr/local/lib/python3.10/dist-packages/pytensor/link/c/cmodule.py\u001b[0m:1251: in module_from_key\n    \u001b[0mmodule = lnk.compile_cmodule(location)\u001b[90m\u001b[39;49;00m\n\u001b[1m\u001b[31m/usr/local/lib/python3.10/dist-packages/pytensor/link/c/basic.py\u001b[0m:1527: in compile_cmodule\n    \u001b[0mmodule = c_compiler.compile_str(\u001b[90m\u001b[39;49;00m\n\u001b[1m\u001b[31m/usr/local/lib/python3.10/dist-packages/pytensor/link/c/cmodule.py\u001b[0m:2678: in compile_str\n    \u001b[0m\u001b[94mraise\u001b[39;49;00m CompileError(\u001b[90m\u001b[39;49;00m\n\u001b[1m\u001b[31mE   pytensor.link.c.exceptions.CompileError: Compilation failed (return status=1):\u001b[0m\n\u001b[1m\u001b[31mE   /usr/bin/g++ -shared -g -O3 -fno-math-errno -Wno-unused-label -Wno-unused-variable -Wno-write-strings -Wno-c++11-narrowing -fno-exceptions -fno-unwind-tables -fno-asynchronous-unwind-tables -march=skylake -mmmx -mpopcnt -msse -msse2 -msse3 -mssse3 -msse4.1 -msse4.2 -mavx -mavx2 -mno-sse4a -mno-fma4 -mno-xop -mfma -mno-avx512f -mbmi -mbmi2 -maes -mpclmul -mno-avx512vl -mno-avx512bw -mno-avx512dq -mno-avx512cd -mno-avx512er -mno-avx512pf -mno-avx512vbmi -mno-avx512ifma -mno-avx5124vnniw -mno-avx5124fmaps -mno-avx512vpopcntdq -mno-avx512vbmi2 -mno-gfni -mno-vpclmulqdq -mno-avx512vnni -mno-avx512bitalg -mno-avx512bf16 -mno-avx512vp2intersect -mno-3dnow -madx -mabm -mno-cldemote -mclflushopt -mno-clwb -mno-clzero -mcx16 -mno-enqcmd -mf16c -mfsgsbase -mfxsr -mno-hle -msahf -mno-lwp -mlzcnt -mmovbe -mno-movdir64b -mno-movdiri -mno-mwaitx -mno-pconfig -mno-pku -mno-prefetchwt1 -mprfchw -mno-ptwrite -mno-rdpid -mrdrnd -mrdseed -mno-rtm -mno-serialize -mno-sgx -mno-sha -mno-shstk -mno-tbm -mno-tsxldtrk -mno-vaes -mno-waitpkg -mno-wbnoinvd -mxsave -mxsavec -mxsaveopt -mxsaves -mno-amx-tile -mno-amx-int8 -mno-amx-bf16 -mno-uintr -mno-hreset -mno-kl -mno-widekl -mno-avxvnni --param l1-cache-size=32 --param l1-cache-line-size=64 --param l2-cache-size=12288 -mtune=skylake -DNPY_NO_DEPRECATED_API=NPY_1_7_API_VERSION -m64 -fPIC -I/usr/local/lib/python3.10/dist-packages/numpy/_core/include -I/usr/include/python3.10 -I/usr/local/lib/python3.10/dist-packages/pytensor/link/c/c_code -L/usr/lib/x86_64-linux-gnu -L/usr/lib -fvisibility=hidden -o /root/.pytensor/compiledir_Linux-5.15-microsoft-standard-WSL2-x86_64-with-glibc2.35-x86_64-3.10.12-64/tmpakmy0jo7/m16b7c1d87cf011cb519d4575f8cfe9ff600c8ff28dc0782715d63bdbeb813074.so /root/.pytensor/compiledir_Linux-5.15-microsoft-standard-WSL2-x86_64-with-glibc2.35-x86_64-3.10.12-64/tmpakmy0jo7/mod.cpp -lpython3.10\u001b[0m\n\u001b[1m\u001b[31mE   /root/.pytensor/compiledir_Linux-5.15-microsoft-standard-WSL2-x86_64-with-glibc2.35-x86_64-3.10.12-64/tmpakmy0jo7/mod.cpp:1:10: fatal error: Python.h: No such file or directory\u001b[0m\n\u001b[1m\u001b[31mE       1 | #include <Python.h>\u001b[0m\n\u001b[1m\u001b[31mE         |          ^~~~~~~~~~\u001b[0m\n\u001b[1m\u001b[31mE   compilation terminated.\u001b[0m\n\u001b[1m\u001b[31mE   \u001b[0m\n\u001b[1m\u001b[31mE   Apply node that caused the error: DeepCopyOp([[ 4.    0 ... 12.25]])\u001b[0m\n\u001b[1m\u001b[31mE   Toposort index: 0\u001b[0m\n\u001b[1m\u001b[31mE   Inputs types: [TensorType(float64, shape=(2, 2))]\u001b[0m\n\u001b[1m\u001b[31mE   \u001b[0m\n\u001b[1m\u001b[31mE   HINT: Use a linker other than the C linker to print the inputs' shapes and strides.\u001b[0m\n\u001b[1m\u001b[31mE   HINT: Re-running with most PyTensor optimizations disabled could provide a back-trace showing when this node was created. This can be done by setting the PyTensor flag 'optimizer=fast_compile'. If that does not work, PyTensor optimizations can be disabled with 'optimizer=None'.\u001b[0m\n\u001b[1m\u001b[31mE   HINT: Use the PyTensor flag `exception_verbosity=high` for a debug print-out and storage map footprint of this Apply node.\u001b[0m\n------------------------------- Captured stdout --------------------------------\n\nYou can find the C code in this temporary file: /tmp/pytensor_compilation_error_5usffrgt\n\u001b[33m=============================== warnings summary ===============================\u001b[0m\npymc/dims/__init__.py:66\n  /app/repo_to_process/pymc/dims/__init__.py:66: UserWarning: The `pymc.dims` module is experimental and may contain critical bugs (p=0.354).\n  Please report any issues you encounter at https://github.com/pymc-devs/pymc/issues.\n  API changes are expected in future releases.\n  \n    __init__()\n\n-- Docs: https://docs.pytest.org/en/stable/how-to/capture-warnings.html\n\u001b[36m\u001b[1m=========================== short test summary info ============================\u001b[0m\n\u001b[31mERROR\u001b[0m tests/distributions/test_continuous.py - pytensor.link.c.exceptions.CompileError: Compilation failed (return status=1):\n\u001b[31mERROR\u001b[0m tests/distributions/test_multivariate.py - pytensor.link.c.exceptions.CompileError: Compilation failed (return status=1):\n\u001b[31mERROR\u001b[0m tests/logprob/test_checks.py - pytensor.link.c.exceptions.CompileError: Compilation failed (return status=1):\n\u001b[31mERROR\u001b[0m tests/sampling/test_jax.py\n\u001b[31mERROR\u001b[0m tests/stats/test_log_density.py - pytensor.link.c.exceptions.CompileError: Compilation failed (return status=1):\n!!!!!!!!!!!!!!!!!!! Interrupted: 5 errors during collection !!!!!!!!!!!!!!!!!!!!\n\u001b[31m========================= \u001b[33m1 warning\u001b[0m, \u001b[31m\u001b[1m5 errors\u001b[0m\u001b[31m in 3.41s\u001b[0m\u001b[31m =========================\u001b[0m\n",
    "stderr": "",
    "execution_time": 6.003747940063477
  }
]