[
  {
    "command": "apt-get update",
    "success": true,
    "stdout": "Get:1 http://security.ubuntu.com/ubuntu jammy-security InRelease [129 kB]\nGet:2 http://archive.ubuntu.com/ubuntu jammy InRelease [270 kB]\nGet:3 http://security.ubuntu.com/ubuntu jammy-security/multiverse amd64 Packages [48.5 kB]\nGet:4 http://archive.ubuntu.com/ubuntu jammy-updates InRelease [128 kB]\nGet:5 http://archive.ubuntu.com/ubuntu jammy-backports InRelease [127 kB]\nGet:6 http://security.ubuntu.com/ubuntu jammy-security/universe amd64 Packages [1270 kB]\nGet:7 http://security.ubuntu.com/ubuntu jammy-security/main amd64 Packages [3207 kB]\nGet:8 http://archive.ubuntu.com/ubuntu jammy/universe amd64 Packages [17.5 MB]\nGet:9 http://security.ubuntu.com/ubuntu jammy-security/restricted amd64 Packages [5103 kB]\nGet:10 http://archive.ubuntu.com/ubuntu jammy/multiverse amd64 Packages [266 kB]\nGet:11 http://archive.ubuntu.com/ubuntu jammy/main amd64 Packages [1792 kB]\nGet:12 http://archive.ubuntu.com/ubuntu jammy/restricted amd64 Packages [164 kB]\nGet:13 http://archive.ubuntu.com/ubuntu jammy-updates/universe amd64 Packages [1575 kB]\nGet:14 http://archive.ubuntu.com/ubuntu jammy-updates/main amd64 Packages [3518 kB]\nGet:15 http://archive.ubuntu.com/ubuntu jammy-updates/multiverse amd64 Packages [75.9 kB]\nGet:16 http://archive.ubuntu.com/ubuntu jammy-updates/restricted amd64 Packages [5290 kB]\nGet:17 http://archive.ubuntu.com/ubuntu jammy-backports/universe amd64 Packages [35.2 kB]\nGet:18 http://archive.ubuntu.com/ubuntu jammy-backports/main amd64 Packages [83.2 kB]\nFetched 40.6 MB in 45s (911 kB/s)\nReading package lists...\n",
    "stderr": "",
    "execution_time": 45.409855127334595
  },
  {
    "command": "apt-get install -y build-essential python3-dev",
    "success": true,
    "stdout": "Reading package lists...\nBuilding dependency tree...\nReading state information...\nbuild-essential is already the newest version (12.9ubuntu3).\nThe following additional packages will be installed:\n  javascript-common libexpat1-dev libjs-jquery libjs-sphinxdoc\n  libjs-underscore libpython3-dev libpython3.10 libpython3.10-dev\n  python3.10-dev zlib1g-dev\nSuggested packages:\n  apache2 | lighttpd | httpd\nThe following NEW packages will be installed:\n  javascript-common libexpat1-dev libjs-jquery libjs-sphinxdoc\n  libjs-underscore libpython3-dev libpython3.10 libpython3.10-dev python3-dev\n  python3.10-dev zlib1g-dev\n0 upgraded, 11 newly installed, 0 to remove and 8 not upgraded.\nNeed to get 8149 kB of archives.\nAfter this operation, 30.4 MB of additional disk space will be used.\nGet:1 http://archive.ubuntu.com/ubuntu jammy/main amd64 javascript-common all 11+nmu1 [5936 B]\nGet:2 http://archive.ubuntu.com/ubuntu jammy-updates/main amd64 libexpat1-dev amd64 2.4.7-1ubuntu0.6 [148 kB]\nGet:3 http://archive.ubuntu.com/ubuntu jammy/main amd64 libjs-jquery all 3.6.0+dfsg+~3.5.13-1 [321 kB]\nGet:4 http://archive.ubuntu.com/ubuntu jammy/main amd64 libjs-underscore all 1.13.2~dfsg-2 [118 kB]\nGet:5 http://archive.ubuntu.com/ubuntu jammy/main amd64 libjs-sphinxdoc all 4.3.2-1 [139 kB]\nGet:6 http://archive.ubuntu.com/ubuntu jammy-updates/main amd64 libpython3.10 amd64 3.10.12-1~22.04.10 [1950 kB]\nGet:7 http://archive.ubuntu.com/ubuntu jammy-updates/main amd64 zlib1g-dev amd64 1:1.2.11.dfsg-2ubuntu9.2 [164 kB]\nGet:8 http://archive.ubuntu.com/ubuntu jammy-updates/main amd64 libpython3.10-dev amd64 3.10.12-1~22.04.10 [4763 kB]\nGet:9 http://archive.ubuntu.com/ubuntu jammy-updates/main amd64 libpython3-dev amd64 3.10.6-1~22.04.1 [7064 B]\nGet:10 http://archive.ubuntu.com/ubuntu jammy-updates/main amd64 python3.10-dev amd64 3.10.12-1~22.04.10 [508 kB]\nGet:11 http://archive.ubuntu.com/ubuntu jammy-updates/main amd64 python3-dev amd64 3.10.6-1~22.04.1 [26.0 kB]\nFetched 8149 kB in 31s (264 kB/s)\nSelecting previously unselected package javascript-common.\n(Reading database ... \n(Reading database ... 5%\n(Reading database ... 10%\n(Reading database ... 15%\n(Reading database ... 20%\n(Reading database ... 25%\n(Reading database ... 30%\n(Reading database ... 35%\n(Reading database ... 40%\n(Reading database ... 45%\n(Reading database ... 50%\n(Reading database ... 55%\n(Reading database ... 60%\n(Reading database ... 65%\n(Reading database ... 70%\n(Reading database ... 75%\n(Reading database ... 80%\n(Reading database ... 85%\n(Reading database ... 90%\n(Reading database ... 95%\n(Reading database ... 100%\n(Reading database ... 13507 files and directories currently installed.)\nPreparing to unpack .../00-javascript-common_11+nmu1_all.deb ...\nUnpacking javascript-common (11+nmu1) ...\nSelecting previously unselected package libexpat1-dev:amd64.\nPreparing to unpack .../01-libexpat1-dev_2.4.7-1ubuntu0.6_amd64.deb ...\nUnpacking libexpat1-dev:amd64 (2.4.7-1ubuntu0.6) ...\nSelecting previously unselected package libjs-jquery.\nPreparing to unpack .../02-libjs-jquery_3.6.0+dfsg+~3.5.13-1_all.deb ...\nUnpacking libjs-jquery (3.6.0+dfsg+~3.5.13-1) ...\nSelecting previously unselected package libjs-underscore.\nPreparing to unpack .../03-libjs-underscore_1.13.2~dfsg-2_all.deb ...\nUnpacking libjs-underscore (1.13.2~dfsg-2) ...\nSelecting previously unselected package libjs-sphinxdoc.\nPreparing to unpack .../04-libjs-sphinxdoc_4.3.2-1_all.deb ...\nUnpacking libjs-sphinxdoc (4.3.2-1) ...\nSelecting previously unselected package libpython3.10:amd64.\nPreparing to unpack .../05-libpython3.10_3.10.12-1~22.04.10_amd64.deb ...\nUnpacking libpython3.10:amd64 (3.10.12-1~22.04.10) ...\nSelecting previously unselected package zlib1g-dev:amd64.\nPreparing to unpack .../06-zlib1g-dev_1%3a1.2.11.dfsg-2ubuntu9.2_amd64.deb ...\nUnpacking zlib1g-dev:amd64 (1:1.2.11.dfsg-2ubuntu9.2) ...\nSelecting previously unselected package libpython3.10-dev:amd64.\nPreparing to unpack .../07-libpython3.10-dev_3.10.12-1~22.04.10_amd64.deb ...\nUnpacking libpython3.10-dev:amd64 (3.10.12-1~22.04.10) ...\nSelecting previously unselected package libpython3-dev:amd64.\nPreparing to unpack .../08-libpython3-dev_3.10.6-1~22.04.1_amd64.deb ...\nUnpacking libpython3-dev:amd64 (3.10.6-1~22.04.1) ...\nSelecting previously unselected package python3.10-dev.\nPreparing to unpack .../09-python3.10-dev_3.10.12-1~22.04.10_amd64.deb ...\nUnpacking python3.10-dev (3.10.12-1~22.04.10) ...\nSelecting previously unselected package python3-dev.\nPreparing to unpack .../10-python3-dev_3.10.6-1~22.04.1_amd64.deb ...\nUnpacking python3-dev (3.10.6-1~22.04.1) ...\nSetting up javascript-common (11+nmu1) ...\nSetting up libpython3.10:amd64 (3.10.12-1~22.04.10) ...\nSetting up libexpat1-dev:amd64 (2.4.7-1ubuntu0.6) ...\nSetting up zlib1g-dev:amd64 (1:1.2.11.dfsg-2ubuntu9.2) ...\nSetting up libjs-jquery (3.6.0+dfsg+~3.5.13-1) ...\nSetting up libjs-underscore (1.13.2~dfsg-2) ...\nSetting up libpython3.10-dev:amd64 (3.10.12-1~22.04.10) ...\nSetting up libjs-sphinxdoc (4.3.2-1) ...\nSetting up python3.10-dev (3.10.12-1~22.04.10) ...\nSetting up libpython3-dev:amd64 (3.10.6-1~22.04.1) ...\nSetting up python3-dev (3.10.6-1~22.04.1) ...\nProcessing triggers for libc-bin (2.35-0ubuntu3.10) ...\n",
    "stderr": "debconf: delaying package configuration, since apt-utils is not installed\n",
    "execution_time": 33.38071584701538
  },
  {
    "command": "pip install ./package",
    "success": true,
    "stdout": "Looking in indexes: https://repo.huaweicloud.com/repository/pypi/simple/\nProcessing ./package\n  Installing build dependencies: started\n  Installing build dependencies: finished with status 'done'\n  Getting requirements to build wheel: started\n  Getting requirements to build wheel: finished with status 'done'\n  Preparing metadata (pyproject.toml): started\n  Preparing metadata (pyproject.toml): finished with status 'done'\nRequirement already satisfied: numpy>=1.23.2 in /usr/local/lib/python3.10/dist-packages (from MDAnalysis==2.10.0.dev0) (2.2.6)\nRequirement already satisfied: GridDataFormats>=0.4.0 in /usr/local/lib/python3.10/dist-packages (from MDAnalysis==2.10.0.dev0) (1.0.2)\nRequirement already satisfied: mmtf-python>=1.0.0 in /usr/local/lib/python3.10/dist-packages (from MDAnalysis==2.10.0.dev0) (1.1.3)\nRequirement already satisfied: joblib>=0.12 in /usr/local/lib/python3.10/dist-packages (from MDAnalysis==2.10.0.dev0) (1.5.1)\nRequirement already satisfied: scipy>=1.5.0 in /usr/local/lib/python3.10/dist-packages (from MDAnalysis==2.10.0.dev0) (1.15.3)\nRequirement already satisfied: matplotlib>=1.5.1 in /usr/local/lib/python3.10/dist-packages (from MDAnalysis==2.10.0.dev0) (3.10.5)\nRequirement already satisfied: tqdm>=4.43.0 in /usr/local/lib/python3.10/dist-packages (from MDAnalysis==2.10.0.dev0) (4.67.1)\nRequirement already satisfied: threadpoolctl in /usr/local/lib/python3.10/dist-packages (from MDAnalysis==2.10.0.dev0) (3.6.0)\nRequirement already satisfied: packaging in /usr/local/lib/python3.10/dist-packages (from MDAnalysis==2.10.0.dev0) (25.0)\nRequirement already satisfied: filelock in /usr/local/lib/python3.10/dist-packages (from MDAnalysis==2.10.0.dev0) (3.18.0)\nCollecting mda-xdrlib (from MDAnalysis==2.10.0.dev0)\n  Using cached https://repo.huaweicloud.com/repository/pypi/packages/4f/4b/5fe3a00833a9f9775b3c237624a6212798167278ffe10fe0de04f58612d0/mda_xdrlib-0.2.0-py3-none-any.whl (14 kB)\nRequirement already satisfied: mrcfile in /usr/local/lib/python3.10/dist-packages (from GridDataFormats>=0.4.0->MDAnalysis==2.10.0.dev0) (1.5.4)\nRequirement already satisfied: contourpy>=1.0.1 in /usr/local/lib/python3.10/dist-packages (from matplotlib>=1.5.1->MDAnalysis==2.10.0.dev0) (1.3.2)\nRequirement already satisfied: cycler>=0.10 in /usr/local/lib/python3.10/dist-packages (from matplotlib>=1.5.1->MDAnalysis==2.10.0.dev0) (0.12.1)\nRequirement already satisfied: fonttools>=4.22.0 in /usr/local/lib/python3.10/dist-packages (from matplotlib>=1.5.1->MDAnalysis==2.10.0.dev0) (4.59.0)\nRequirement already satisfied: kiwisolver>=1.3.1 in /usr/local/lib/python3.10/dist-packages (from matplotlib>=1.5.1->MDAnalysis==2.10.0.dev0) (1.4.8)\nRequirement already satisfied: pillow>=8 in /usr/local/lib/python3.10/dist-packages (from matplotlib>=1.5.1->MDAnalysis==2.10.0.dev0) (11.3.0)\nRequirement already satisfied: pyparsing>=2.3.1 in /usr/local/lib/python3.10/dist-packages (from matplotlib>=1.5.1->MDAnalysis==2.10.0.dev0) (3.2.3)\nRequirement already satisfied: python-dateutil>=2.7 in /usr/local/lib/python3.10/dist-packages (from matplotlib>=1.5.1->MDAnalysis==2.10.0.dev0) (2.9.0.post0)\nRequirement already satisfied: msgpack>=1.0.0 in /usr/local/lib/python3.10/dist-packages (from mmtf-python>=1.0.0->MDAnalysis==2.10.0.dev0) (1.1.1)\nRequirement already satisfied: six>=1.5 in /usr/local/lib/python3.10/dist-packages (from python-dateutil>=2.7->matplotlib>=1.5.1->MDAnalysis==2.10.0.dev0) (1.17.0)\nBuilding wheels for collected packages: MDAnalysis\n  Building wheel for MDAnalysis (pyproject.toml): started\n  Building wheel for MDAnalysis (pyproject.toml): still running...\n  Building wheel for MDAnalysis (pyproject.toml): finished with status 'done'\n  Created wheel for MDAnalysis: filename=mdanalysis-2.10.0.dev0-cp310-cp310-linux_x86_64.whl size=12574061 sha256=6214a7bcba3b3fb0723982bceb1518474cd58cbac59346ba0680cf49b8bd57b0\n  Stored in directory: /tmp/pip-ephem-wheel-cache-62mk8bnz/wheels/76/56/98/6f8196a8e8f7ae441ceff057cb7f99725e924b54f0e5e4232a\nSuccessfully built MDAnalysis\nInstalling collected packages: mda-xdrlib, MDAnalysis\n\nSuccessfully installed MDAnalysis-2.10.0.dev0 mda-xdrlib-0.2.0\n",
    "stderr": "WARNING: Running pip as the 'root' user can result in broken permissions and conflicting behaviour with the system package manager, possibly rendering your system unusable. It is recommended to use a virtual environment instead: https://pip.pypa.io/warnings/venv. Use the --root-user-action option if you know what you are doing and want to suppress this warning.\n",
    "execution_time": 127.18540906906128
  },
  {
    "command": "pytest",
    "success": true,
    "stdout": "============================= test session starts ==============================\nplatform linux -- Python 3.10.12, pytest-8.4.1, pluggy-1.6.0\nrootdir: /app/repo_to_process\nplugins: hypothesis-6.137.1\ncollected 21496 items / 5 skipped\n\ntestsuite/MDAnalysisTests/analysis/test_align.py ....................... [  0%]\n.....................s.ss.s........                                      [  0%]\ntestsuite/MDAnalysisTests/analysis/test_atomicdistances.py ...           [  0%]\ntestsuite/MDAnalysisTests/analysis/test_backends.py ..........           [  0%]\ntestsuite/MDAnalysisTests/analysis/test_base.py ........................ [  0%]\n........................................................................ [  0%]\n.                                                                        [  0%]\ntestsuite/MDAnalysisTests/analysis/test_bat.py ...................       [  0%]\ntestsuite/MDAnalysisTests/analysis/test_contacts.py .................... [  0%]\n...............................                                          [  1%]\ntestsuite/MDAnalysisTests/analysis/test_data.py .                        [  1%]\ntestsuite/MDAnalysisTests/analysis/test_density.py ..................... [  1%]\n.......................................                                  [  1%]\ntestsuite/MDAnalysisTests/analysis/test_dielectric.py ......             [  1%]\ntestsuite/MDAnalysisTests/analysis/test_diffusionmap.py ...........      [  1%]\ntestsuite/MDAnalysisTests/analysis/test_dihedrals.py ................... [  1%]\n.......................                                                  [  1%]\ntestsuite/MDAnalysisTests/analysis/test_distances.py ............        [  1%]\ntestsuite/MDAnalysisTests/analysis/test_dssp.py ........................ [  1%]\n........................................................................ [  2%]\n................                                                         [  2%]\ntestsuite/MDAnalysisTests/analysis/test_encore.py ..................X..X [  2%]\n......................................                                   [  2%]\ntestsuite/MDAnalysisTests/analysis/test_gnm.py ............              [  2%]\ntestsuite/MDAnalysisTests/analysis/test_helix_analysis.py .............. [  2%]\n................................                                         [  2%]\ntestsuite/MDAnalysisTests/analysis/test_hole2.py s.                      [  2%]\ntestsuite/MDAnalysisTests/analysis/test_hydrogenbondautocorrel.py ...... [  2%]\n.........                                                                [  2%]\ntestsuite/MDAnalysisTests/analysis/test_hydrogenbondautocorrel_deprecated.py . [  2%]\n.................                                                        [  2%]\ntestsuite/MDAnalysisTests/analysis/test_hydrogenbonds_analysis.py ...... [  2%]\n........................................................................ [  3%]\n                                                                         [  3%]\ntestsuite/MDAnalysisTests/analysis/test_leaflet.py s............         [  3%]\ntestsuite/MDAnalysisTests/analysis/test_lineardensity.py ............... [  3%]\n.                                                                        [  3%]\ntestsuite/MDAnalysisTests/analysis/test_msd.py .......................ss [  3%]\nsssssssssssssssssssssssssssss                                            [  3%]\ntestsuite/MDAnalysisTests/analysis/test_nucleicacids.py ................ [  3%]\n...........                                                              [  3%]\ntestsuite/MDAnalysisTests/analysis/test_nuclinfo.py .................... [  3%]\n..............                                                           [  3%]\ntestsuite/MDAnalysisTests/analysis/test_pca.py ......................... [  4%]\n.........................                                                [  4%]\ntestsuite/MDAnalysisTests/analysis/test_persistencelength.py ........... [  4%]\n..................                                                       [  4%]\ntestsuite/MDAnalysisTests/analysis/test_psa.py s.                        [  4%]\ntestsuite/MDAnalysisTests/analysis/test_rdf.py ...................       [  4%]\ntestsuite/MDAnalysisTests/analysis/test_rdf_s.py ....................... [  4%]\n                                                                         [  4%]\ntestsuite/MDAnalysisTests/analysis/test_results.py ..................... [  4%]\n........................................................................ [  4%]\n..........................................                               [  5%]\ntestsuite/MDAnalysisTests/analysis/test_rms.py ......................... [  5%]\n...................................                                      [  5%]\ntestsuite/MDAnalysisTests/analysis/test_waterdynamics.py s.              [  5%]\ntestsuite/MDAnalysisTests/analysis/test_wbridge.py ..................... [  5%]\n...........................                                              [  5%]\ntestsuite/MDAnalysisTests/auxiliary/test_core.py .....                   [  5%]\ntestsuite/MDAnalysisTests/auxiliary/test_edr.py .sssssssssssssssssssssss [  5%]\nssssssssssssssssssssssssssssssssssssssssssss                             [  6%]\ntestsuite/MDAnalysisTests/auxiliary/test_xvg.py ........................ [  6%]\n........................................................................ [  6%]\n....                                                                     [  6%]\ntestsuite/MDAnalysisTests/converters/test_base.py ..                     [  6%]\ntestsuite/MDAnalysisTests/converters/test_parmed.py .................... [  6%]\n.....................................................................    [  6%]\ntestsuite/MDAnalysisTests/converters/test_parmed_parser.py ............. [  6%]\n..................................................                       [  7%]\ntestsuite/MDAnalysisTests/converters/test_rdkit.py .ssssssssssssssssssss [  7%]\nssssssssssssssssssssssssssssssssssssssssssssssssssssssssssssssssssssssss [  7%]\nssssssssssssssssssssssssssssssssssssssssssssssssssssssssssssssssssssssss [  7%]\nssssssssssssssssssssssssssssssssssssssssssssssssssssssssssssssssssssssss [  8%]\nsssssssssssssss                                                          [  8%]\ntestsuite/MDAnalysisTests/coordinates/test_amber_inpcrd.py ...           [  8%]\ntestsuite/MDAnalysisTests/coordinates/test_chainreader.py .............. [  8%]\n........................................................                 [  8%]\ntestsuite/MDAnalysisTests/coordinates/test_copying.py .................. [  8%]\n...............................................................ss.ss.s.s [  9%]\ns.sss....ss...s.ssss.ss.s.ss.sss....ss...s.ssss.ss.s.ss.sss....ss.s.ssss [  9%]\n.......................................................s                 [  9%]\ntestsuite/MDAnalysisTests/coordinates/test_crd.py ..............         [  9%]\ntestsuite/MDAnalysisTests/coordinates/test_dcd.py ...................... [  9%]\n.......x.......ss....................................................... [ 10%]\n.........................................s.                              [ 10%]\ntestsuite/MDAnalysisTests/coordinates/test_dlpoly.py ................... [ 10%]\n....................................                                     [ 10%]\ntestsuite/MDAnalysisTests/coordinates/test_dms.py .........              [ 10%]\ntestsuite/MDAnalysisTests/coordinates/test_fhiaims.py .................. [ 10%]\n.......                                                                  [ 10%]\ntestsuite/MDAnalysisTests/coordinates/test_gms.py ..................     [ 10%]\ntestsuite/MDAnalysisTests/coordinates/test_gro.py ...................... [ 11%]\n.......................sss.............................................. [ 11%]\n..............sss...................................................sss. [ 11%]\n..................................................sss................... [ 12%]\n....................                                                     [ 12%]\ntestsuite/MDAnalysisTests/coordinates/test_gsd.py ss....                 [ 12%]\ntestsuite/MDAnalysisTests/coordinates/test_h5md.py sssssssssssssssssssss [ 12%]\nssssssssssssssssssssssssssssssssssssssssssssssssssssssssssssssssssssssss [ 12%]\nsssssssssssssssssssssssssssssssssssssssssssssssssssssssss..ss            [ 12%]\ntestsuite/MDAnalysisTests/coordinates/test_lammps.py ................... [ 12%]\n........................................................................ [ 13%]\n.................................................................        [ 13%]\ntestsuite/MDAnalysisTests/coordinates/test_memory.py ................... [ 13%]\n........x......xxx...................................................... [ 14%]\n..........................                                               [ 14%]\ntestsuite/MDAnalysisTests/coordinates/test_mmtf.py ............          [ 14%]\ntestsuite/MDAnalysisTests/coordinates/test_mol2.py ..................... [ 14%]\n                                                                         [ 14%]\ntestsuite/MDAnalysisTests/coordinates/test_namdbin.py .................. [ 14%]\n.....                                                                    [ 14%]\ntestsuite/MDAnalysisTests/coordinates/test_netcdf.py ................... [ 14%]\n........................................................................ [ 14%]\n........................................................................ [ 15%]\n..................                                                       [ 15%]\ntestsuite/MDAnalysisTests/coordinates/test_null.py .                     [ 15%]\ntestsuite/MDAnalysisTests/coordinates/test_pdb.py ...................... [ 15%]\n........................................................................ [ 15%]\n........................................................................ [ 16%]\n.................                                                        [ 16%]\ntestsuite/MDAnalysisTests/coordinates/test_pdbqt.py ...............      [ 16%]\ntestsuite/MDAnalysisTests/coordinates/test_pqr.py ...................... [ 16%]\n........                                                                 [ 16%]\ntestsuite/MDAnalysisTests/coordinates/test_reader_api.py ............... [ 16%]\n........................................................................ [ 16%]\n........................................................................ [ 17%]\n.............................                                            [ 17%]\ntestsuite/MDAnalysisTests/coordinates/test_timestep_api.py ............. [ 17%]\n........................................................................ [ 17%]\n........................................................................ [ 17%]\n.................                                                        [ 18%]\ntestsuite/MDAnalysisTests/coordinates/test_tng.py ..ssssssssssssssssssss [ 18%]\nssssssssssssssssssssssssssssssssssssssssssssssssssssssssssssssssssssssss [ 18%]\ns                                                                        [ 18%]\ntestsuite/MDAnalysisTests/coordinates/test_tpr.py ...................... [ 18%]\n.................................................................        [ 18%]\ntestsuite/MDAnalysisTests/coordinates/test_trc.py ...................... [ 18%]\n.........................                                                [ 19%]\ntestsuite/MDAnalysisTests/coordinates/test_trj.py ...................... [ 19%]\n..............                                                           [ 19%]\ntestsuite/MDAnalysisTests/coordinates/test_trz.py ...................... [ 19%]\n..                                                                       [ 19%]\ntestsuite/MDAnalysisTests/coordinates/test_txyz.py ......                [ 19%]\ntestsuite/MDAnalysisTests/coordinates/test_windows.py .................. [ 19%]\n...........................................................              [ 19%]\ntestsuite/MDAnalysisTests/coordinates/test_writer_api.py .ss....s....... [ 19%]\n......ss....ss............ss....ss...........                            [ 20%]\ntestsuite/MDAnalysisTests/coordinates/test_writer_registration.py ....   [ 20%]\ntestsuite/MDAnalysisTests/coordinates/test_xdr.py ...................... [ 20%]\n........................................................................ [ 20%]\n............ss.......................................................... [ 20%]\n.........ss.........................................................     [ 21%]\ntestsuite/MDAnalysisTests/coordinates/test_xyz.py ...................... [ 21%]\n...............ss....................................................... [ 21%]\n..................ss........................................             [ 21%]\ntestsuite/MDAnalysisTests/core/test_accessors.py ssss..s                 [ 21%]\ntestsuite/MDAnalysisTests/core/test_accumulate.py ...................... [ 21%]\n...................................................................      [ 22%]\ntestsuite/MDAnalysisTests/core/test_atom.py ....................         [ 22%]\ntestsuite/MDAnalysisTests/core/test_atomgroup.py ....................... [ 22%]\n........................................................................ [ 22%]\n........................................................................ [ 23%]\n........................................................................ [ 23%]\n........................................................................ [ 23%]\n........................................................................ [ 24%]\n..........................................................               [ 24%]\ntestsuite/MDAnalysisTests/core/test_atomselections.py .................. [ 24%]\n........................................................................ [ 24%]\n........................................................................ [ 25%]\n..................sssssssssssssssssss................................... [ 25%]\n........................................................................ [ 25%]\n........................................................................ [ 26%]\n........................................................................ [ 26%]\n........................................sssss...........ssssss....       [ 26%]\ntestsuite/MDAnalysisTests/core/test_copying.py ......................... [ 26%]\n....................                                                     [ 27%]\ntestsuite/MDAnalysisTests/core/test_fragments.py ................        [ 27%]\ntestsuite/MDAnalysisTests/core/test_group_traj_access.py ............... [ 27%]\n.................................................                        [ 27%]\ntestsuite/MDAnalysisTests/core/test_groups.py .......................... [ 27%]\n........................................................................ [ 27%]\n........................................................................ [ 28%]\n........................................................................ [ 28%]\n........................................................................ [ 28%]\n........................................................................ [ 29%]\n........................................................................ [ 29%]\n........................................................................ [ 29%]\n.......................................................................  [ 30%]\ntestsuite/MDAnalysisTests/core/test_index_dtype.py ...............       [ 30%]\ntestsuite/MDAnalysisTests/core/test_requires.py ....                     [ 30%]\ntestsuite/MDAnalysisTests/core/test_residue.py ....                      [ 30%]\ntestsuite/MDAnalysisTests/core/test_residuegroup.py s..................s [ 30%]\nssss.....                                                                [ 30%]\ntestsuite/MDAnalysisTests/core/test_segment.py .......                   [ 30%]\ntestsuite/MDAnalysisTests/core/test_segmentgroup.py ...........          [ 30%]\ntestsuite/MDAnalysisTests/core/test_topology.py ........................ [ 30%]\n........................................                                 [ 30%]\ntestsuite/MDAnalysisTests/core/test_topologyattrs.py ................... [ 30%]\n...................................................................x.... [ 31%]\n........................................................                 [ 31%]\ntestsuite/MDAnalysisTests/core/test_topologyobjects.py ................. [ 31%]\n......................................................................   [ 31%]\ntestsuite/MDAnalysisTests/core/test_universe.py ...........s.....sssssss [ 32%]\ns....................................................................... [ 32%]\n........................................................................ [ 32%]\n........................................................................ [ 33%]\n............................................                             [ 33%]\ntestsuite/MDAnalysisTests/core/test_unwrap.py .......................... [ 33%]\n........................................................................ [ 33%]\n........................................................................ [ 34%]\n........................................................................ [ 34%]\n........................................................................ [ 34%]\n........................................................................ [ 35%]\n........................................................................ [ 35%]\n...................................................                      [ 35%]\ntestsuite/MDAnalysisTests/core/test_updating_atomgroup.py .............. [ 35%]\n.                                                                        [ 35%]\ntestsuite/MDAnalysisTests/core/test_wrap.py ............................ [ 35%]\n........................................................................ [ 36%]\n........................................................................ [ 36%]\n........................................................................ [ 36%]\n........................................................................ [ 37%]\n........................................................................ [ 37%]\n........................................................................ [ 37%]\n.........................................................                [ 38%]\ntestsuite/MDAnalysisTests/formats/test_libdcd.py ....................... [ 38%]\n........................................................................ [ 38%]\n......s                                                                  [ 38%]\ntestsuite/MDAnalysisTests/formats/test_libmdaxdr.py .................... [ 38%]\n........................................................................ [ 38%]\n...                                                                      [ 39%]\ntestsuite/MDAnalysisTests/guesser/test_base.py ........................  [ 39%]\ntestsuite/MDAnalysisTests/guesser/test_default_guesser.py .............. [ 39%]\n...........................sssssssssss                                   [ 39%]\ntestsuite/MDAnalysisTests/import/test_import.py ..                       [ 39%]\ntestsuite/MDAnalysisTests/lib/test_augment.py .......................... [ 39%]\n..........                                                               [ 39%]\ntestsuite/MDAnalysisTests/lib/test_cutil.py .............                [ 39%]\ntestsuite/MDAnalysisTests/lib/test_distances.py ........................ [ 39%]\n........................................................................ [ 40%]\n........................................................................ [ 40%]\n........................................................................ [ 40%]\n........................................................................ [ 41%]\n........................................................................ [ 41%]\n........................................................................ [ 41%]\n........................................................................ [ 42%]\n........................................................................ [ 42%]\n........................................................................ [ 42%]\n........................................................................ [ 43%]\n........................................................................ [ 43%]\n........................................................................ [ 43%]\n........................................................................ [ 44%]\n........................................................................ [ 44%]\n........................................................................ [ 44%]\n........................................................................ [ 45%]\n........................................................................ [ 45%]\n........................................................................ [ 45%]\n........................................................................ [ 46%]\n........................................................................ [ 46%]\n........................................................................ [ 46%]\n........................................................................ [ 47%]\n........................................................................ [ 47%]\n........................................................................ [ 47%]\n........................................................................ [ 48%]\n........................................................................ [ 48%]\n........................................................................ [ 48%]\n........................................................................ [ 49%]\n........................................................................ [ 49%]\n........................................................................ [ 49%]\n........................................................................ [ 50%]\n........................................................................ [ 50%]\n........................................................................ [ 50%]\n........................................................................ [ 51%]\n........................................................................ [ 51%]\n........................................................................ [ 51%]\n........................................................................ [ 52%]\n........................................................................ [ 52%]\n........................................................................ [ 52%]\n........................................................................ [ 53%]\n........................................................................ [ 53%]\n........................................................................ [ 53%]\n........................................................................ [ 54%]\n........................................................................ [ 54%]\n........................................................................ [ 54%]\n........................................................................ [ 55%]\n........................................................................ [ 55%]\n........................................................................ [ 55%]\n........................................................................ [ 56%]\n........................................................................ [ 56%]\n........................................................................ [ 56%]\n...........................................................              [ 57%]\ntestsuite/MDAnalysisTests/lib/test_log.py ...                            [ 57%]\ntestsuite/MDAnalysisTests/lib/test_neighborsearch.py ..                  [ 57%]\ntestsuite/MDAnalysisTests/lib/test_nsgrid.py ........................... [ 57%]\n..s                                                                      [ 57%]\ntestsuite/MDAnalysisTests/lib/test_pkdtree.py .................          [ 57%]\ntestsuite/MDAnalysisTests/lib/test_qcprot.py ....                        [ 57%]\ntestsuite/MDAnalysisTests/lib/test_util.py ............................. [ 57%]\n........................................................................ [ 57%]\n........................................................................ [ 58%]\n........................................................................ [ 58%]\n........................................................................ [ 58%]\n........................................................................ [ 59%]\n........................................................................ [ 59%]\n........................................................................ [ 59%]\n........................................................................ [ 60%]\n........................................................................ [ 60%]\n........................................................................ [ 60%]\n........................................................................ [ 61%]\n........................................................................ [ 61%]\n........................................................................ [ 61%]\n........................................................................ [ 62%]\n........................................................................ [ 62%]\n........................................................................ [ 62%]\n........................................................................ [ 63%]\n........................................................................ [ 63%]\n........................................................................ [ 63%]\n........................................................................ [ 64%]\n........................................................................ [ 64%]\n........................................................................ [ 64%]\n........................................................................ [ 65%]\n........................................................................ [ 65%]\n........................................................................ [ 65%]\n........................................................................ [ 66%]\n........................................................................ [ 66%]\n........................................................................ [ 66%]\n........................................................................ [ 67%]\n........................................................................ [ 67%]\n........................................................................ [ 67%]\n........................................................................ [ 68%]\n........................................................................ [ 68%]\n........................................................................ [ 68%]\n........................................................................ [ 69%]\n........................................................................ [ 69%]\n........................................................................ [ 69%]\n........................................................................ [ 70%]\n........................................................................ [ 70%]\n........................................................................ [ 70%]\n........................................................................ [ 71%]\n........................................................................ [ 71%]\n........................................................................ [ 71%]\n........................................................................ [ 72%]\n........................................................................ [ 72%]\n........................................................................ [ 72%]\n........................................................................ [ 73%]\n........................................................................ [ 73%]\n........................................................................ [ 73%]\n........................................................................ [ 74%]\n........................................................................ [ 74%]\n........................................................................ [ 74%]\n........................................................................ [ 75%]\n........................................................................ [ 75%]\n........................................................................ [ 75%]\n........................................................................ [ 76%]\n........................................................................ [ 76%]\n........................................................................ [ 76%]\n........................................................................ [ 77%]\n........................................................................ [ 77%]\n........................................................................ [ 77%]\n........................................................................ [ 78%]\n........................................................................ [ 78%]\n........................................................................ [ 78%]\n........................................................................ [ 79%]\n........................................................................ [ 79%]\n........................................................................ [ 79%]\n........................................................................ [ 80%]\n........................................................................ [ 80%]\n........................................................................ [ 80%]\n........................................................................ [ 81%]\n........................................................................ [ 81%]\n........................................................................ [ 81%]\n........................................................................ [ 82%]\n........................................................................ [ 82%]\n........................................................................ [ 82%]\n........................................................................ [ 83%]\n........................................................................ [ 83%]\n........................................................................ [ 83%]\n.........................................s.............................. [ 84%]\n........................................................................ [ 84%]\n.............s.......................................................... [ 84%]\n........................................................................ [ 85%]\n.....................................................                    [ 85%]\ntestsuite/MDAnalysisTests/parallelism/test_multiprocessing.py .......... [ 85%]\n.......................................                                  [ 85%]\ntestsuite/MDAnalysisTests/parallelism/test_pickle_transformation.py .... [ 85%]\n....                                                                     [ 85%]\ntestsuite/MDAnalysisTests/test_api.py .................................. [ 85%]\n                                                                         [ 85%]\ntestsuite/MDAnalysisTests/topology/test_altloc.py ...                    [ 85%]\ntestsuite/MDAnalysisTests/topology/test_crd.py ..........                [ 85%]\ntestsuite/MDAnalysisTests/topology/test_dlpoly.py ...................... [ 86%]\n..............................................                           [ 86%]\ntestsuite/MDAnalysisTests/topology/test_dms.py ......................    [ 86%]\ntestsuite/MDAnalysisTests/topology/test_fhiaims.py ............          [ 86%]\ntestsuite/MDAnalysisTests/topology/test_gms.py ......................... [ 86%]\n.........                                                                [ 86%]\ntestsuite/MDAnalysisTests/topology/test_gro.py .................         [ 86%]\ntestsuite/MDAnalysisTests/topology/test_gsd.py ......................... [ 86%]\n......                                                                   [ 86%]\ntestsuite/MDAnalysisTests/topology/test_guessers.py .................... [ 86%]\n..............ssssssssss..........s                                      [ 87%]\ntestsuite/MDAnalysisTests/topology/test_hoomdxml.py ..................   [ 87%]\ntestsuite/MDAnalysisTests/topology/test_itp.py ......................... [ 87%]\n........................................................................ [ 87%]\n.........................................                                [ 87%]\ntestsuite/MDAnalysisTests/topology/test_lammpsdata.py .................. [ 87%]\n........................................................................ [ 88%]\n........................................................................ [ 88%]\n..........................                                               [ 88%]\ntestsuite/MDAnalysisTests/topology/test_minimal.py ..................... [ 88%]\n...........                                                              [ 88%]\ntestsuite/MDAnalysisTests/topology/test_mmtf.py ........................ [ 88%]\n..............................................                           [ 89%]\ntestsuite/MDAnalysisTests/topology/test_mol2.py ........................ [ 89%]\n........                                                                 [ 89%]\ntestsuite/MDAnalysisTests/topology/test_pdb.py ......................... [ 89%]\n............................                                             [ 89%]\ntestsuite/MDAnalysisTests/topology/test_pdbqt.py ..........              [ 89%]\ntestsuite/MDAnalysisTests/topology/test_pqr.py ........................  [ 89%]\ntestsuite/MDAnalysisTests/topology/test_psf.py ......................... [ 89%]\n........................................                                 [ 90%]\ntestsuite/MDAnalysisTests/topology/test_tables.py .                      [ 90%]\ntestsuite/MDAnalysisTests/topology/test_top.py ......................... [ 90%]\n........................................................................ [ 90%]\n........................................................................ [ 90%]\n...........                                                              [ 90%]\ntestsuite/MDAnalysisTests/topology/test_topology_base.py ...             [ 90%]\ntestsuite/MDAnalysisTests/topology/test_topology_str_types.py .......... [ 90%]\n........................................................................ [ 91%]\n..................                                                       [ 91%]\ntestsuite/MDAnalysisTests/topology/test_tprparser.py ................... [ 91%]\n........................................................................ [ 91%]\n........................................................................ [ 92%]\n........................................................................ [ 92%]\n........................................................................ [ 92%]\n........................................................................ [ 93%]\n........................................................................ [ 93%]\n........................................................................ [ 93%]\n........................................................................ [ 94%]\n........................................................................ [ 94%]\n........................................................................ [ 94%]\n........................................................................ [ 95%]\n........................................................................ [ 95%]\n........................................................................ [ 95%]\n........................................................................ [ 96%]\n............................................                             [ 96%]\ntestsuite/MDAnalysisTests/topology/test_txyz.py .......................  [ 96%]\ntestsuite/MDAnalysisTests/topology/test_xpdb.py ..........               [ 96%]\ntestsuite/MDAnalysisTests/topology/test_xyz.py ......................... [ 96%]\n...                                                                      [ 96%]\ntestsuite/MDAnalysisTests/transformations/test_base.py .....             [ 96%]\ntestsuite/MDAnalysisTests/transformations/test_boxdimensions.py ........ [ 96%]\n......                                                                   [ 96%]\ntestsuite/MDAnalysisTests/transformations/test_fit.py .................. [ 96%]\n.........................................                                [ 96%]\ntestsuite/MDAnalysisTests/transformations/test_nojump.py ............    [ 97%]\ntestsuite/MDAnalysisTests/transformations/test_positionaveraging.py .... [ 97%]\n.                                                                        [ 97%]\ntestsuite/MDAnalysisTests/transformations/test_rotate.py ............... [ 97%]\n............................                                             [ 97%]\ntestsuite/MDAnalysisTests/transformations/test_translate.py ............ [ 97%]\n............                                                             [ 97%]\ntestsuite/MDAnalysisTests/transformations/test_wrap.py ................. [ 97%]\n.......                                                                  [ 97%]\ntestsuite/MDAnalysisTests/utils/test_authors.py .                        [ 97%]\ntestsuite/MDAnalysisTests/utils/test_datafiles.py ....                   [ 97%]\ntestsuite/MDAnalysisTests/utils/test_failure.py .                        [ 97%]\ntestsuite/MDAnalysisTests/utils/test_imports.py ........................ [ 97%]\n........................................................................ [ 97%]\n........................................................................ [ 98%]\n..............................................                           [ 98%]\ntestsuite/MDAnalysisTests/utils/test_log.py .                            [ 98%]\ntestsuite/MDAnalysisTests/utils/test_meta.py ....                        [ 98%]\ntestsuite/MDAnalysisTests/utils/test_modelling.py .............          [ 98%]\ntestsuite/MDAnalysisTests/utils/test_persistence.py .......              [ 98%]\ntestsuite/MDAnalysisTests/utils/test_pickleio.py ....................... [ 98%]\n..............ssss                                                       [ 98%]\ntestsuite/MDAnalysisTests/utils/test_qcprot.py ......                    [ 98%]\ntestsuite/MDAnalysisTests/utils/test_selections.py ..................... [ 98%]\n                                                                         [ 98%]\ntestsuite/MDAnalysisTests/utils/test_streamio.py ....................... [ 99%]\n...............                                                          [ 99%]\ntestsuite/MDAnalysisTests/utils/test_transformations.py ................ [ 99%]\n........................................................................ [ 99%]\n........................................................                 [ 99%]\ntestsuite/MDAnalysisTests/utils/test_units.py .......................... [ 99%]\n.......                                                                  [ 99%]\ntestsuite/MDAnalysisTests/visualization/test_streamlines.py ............ [100%]\n\n=============================== warnings summary ===============================\n../../usr/local/lib/python3.10/dist-packages/Bio/Application/__init__.py:39\n  /usr/local/lib/python3.10/dist-packages/Bio/Application/__init__.py:39: BiopythonDeprecationWarning: The Bio.Application modules and modules relying on it have been deprecated.\n  \n  Due to the on going maintenance burden of keeping command line application\n  wrappers up to date, we have decided to deprecate and eventually remove these\n  modules.\n  \n  We instead now recommend building your command line and invoking it directly\n  with the subprocess module.\n    warnings.warn(\n\n../../usr/local/lib/python3.10/dist-packages/parmed/utils/netcdf.py:46\n  /usr/local/lib/python3.10/dist-packages/parmed/utils/netcdf.py:46: DeprecationWarning: `np.compat`, which was used during the Python 2 to 3 transition, is deprecated since 1.26.0, and will be removed\n    from numpy.compat import asbytes, asstr\n\n../../usr/local/lib/python3.10/dist-packages/MDAnalysis/coordinates/DCD.py:171: 2 warnings\ntestsuite/MDAnalysisTests/analysis/test_align.py: 87 warnings\ntestsuite/MDAnalysisTests/analysis/test_base.py: 3 warnings\ntestsuite/MDAnalysisTests/analysis/test_bat.py: 3 warnings\ntestsuite/MDAnalysisTests/analysis/test_contacts.py: 35 warnings\ntestsuite/MDAnalysisTests/analysis/test_dielectric.py: 6 warnings\ntestsuite/MDAnalysisTests/analysis/test_encore.py: 10 warnings\ntestsuite/MDAnalysisTests/analysis/test_helix_analysis.py: 7 warnings\ntestsuite/MDAnalysisTests/analysis/test_hydrogenbondautocorrel.py: 1 warning\ntestsuite/MDAnalysisTests/analysis/test_hydrogenbondautocorrel_deprecated.py: 1 warning\ntestsuite/MDAnalysisTests/analysis/test_hydrogenbonds_analysis.py: 11 warnings\ntestsuite/MDAnalysisTests/analysis/test_lineardensity.py: 11 warnings\ntestsuite/MDAnalysisTests/analysis/test_msd.py: 2 warnings\ntestsuite/MDAnalysisTests/analysis/test_pca.py: 12 warnings\ntestsuite/MDAnalysisTests/analysis/test_rms.py: 54 warnings\ntestsuite/MDAnalysisTests/coordinates/test_chainreader.py: 74 warnings\ntestsuite/MDAnalysisTests/coordinates/test_copying.py: 18 warnings\ntestsuite/MDAnalysisTests/coordinates/test_dcd.py: 113 warnings\ntestsuite/MDAnalysisTests/coordinates/test_lammps.py: 5 warnings\ntestsuite/MDAnalysisTests/coordinates/test_memory.py: 88 warnings\ntestsuite/MDAnalysisTests/coordinates/test_pdb.py: 7 warnings\ntestsuite/MDAnalysisTests/coordinates/test_timestep_api.py: 5 warnings\ntestsuite/MDAnalysisTests/core/test_accumulate.py: 48 warnings\ntestsuite/MDAnalysisTests/core/test_atom.py: 16 warnings\ntestsuite/MDAnalysisTests/core/test_atomgroup.py: 172 warnings\ntestsuite/MDAnalysisTests/core/test_atomselections.py: 4 warnings\ntestsuite/MDAnalysisTests/core/test_copying.py: 6 warnings\ntestsuite/MDAnalysisTests/core/test_groups.py: 11 warnings\ntestsuite/MDAnalysisTests/core/test_residue.py: 4 warnings\ntestsuite/MDAnalysisTests/core/test_residuegroup.py: 23 warnings\ntestsuite/MDAnalysisTests/core/test_segmentgroup.py: 9 warnings\ntestsuite/MDAnalysisTests/core/test_topologyattrs.py: 8 warnings\ntestsuite/MDAnalysisTests/core/test_topologyobjects.py: 4 warnings\ntestsuite/MDAnalysisTests/core/test_universe.py: 31 warnings\ntestsuite/MDAnalysisTests/guesser/test_base.py: 1 warning\ntestsuite/MDAnalysisTests/guesser/test_default_guesser.py: 1 warning\ntestsuite/MDAnalysisTests/lib/test_distances.py: 46 warnings\ntestsuite/MDAnalysisTests/lib/test_neighborsearch.py: 2 warnings\ntestsuite/MDAnalysisTests/lib/test_qcprot.py: 2 warnings\ntestsuite/MDAnalysisTests/lib/test_util.py: 67 warnings\ntestsuite/MDAnalysisTests/parallelism/test_multiprocessing.py: 3 warnings\ntestsuite/MDAnalysisTests/parallelism/test_pickle_transformation.py: 8 warnings\ntestsuite/MDAnalysisTests/topology/test_guessers.py: 1 warning\ntestsuite/MDAnalysisTests/topology/test_minimal.py: 2 warnings\ntestsuite/MDAnalysisTests/transformations/test_base.py: 1 warning\ntestsuite/MDAnalysisTests/transformations/test_nojump.py: 3 warnings\ntestsuite/MDAnalysisTests/utils/test_modelling.py: 3 warnings\ntestsuite/MDAnalysisTests/utils/test_selections.py: 20 warnings\n  /usr/local/lib/python3.10/dist-packages/MDAnalysis/coordinates/DCD.py:171: DeprecationWarning: DCDReader currently makes independent timesteps by copying self.ts while other readers update self.ts inplace. This behavior will be changed in 3.0 to be the same as other readers. Read more at https://github.com/MDAnalysis/mdanalysis/issues/3889 to learn if this change in behavior might affect you.\n    warnings.warn(\"DCDReader currently makes independent timesteps\"\n\n../../usr/local/lib/python3.10/dist-packages/MDAnalysis/analysis/encore/__init__.py:45\n  /usr/local/lib/python3.10/dist-packages/MDAnalysis/analysis/encore/__init__.py:45: DeprecationWarning: Deprecation in version 2.8.0\n  MDAnalysis.analysis.encore is deprecated in favour of the MDAKit mdaencore (https://www.mdanalysis.org/mdaencore/) and will be removed in MDAnalysis version 3.0.0.\n    warnings.warn(wmsg, category=DeprecationWarning)\n\n../../usr/local/lib/python3.10/dist-packages/MDAnalysis/analysis/hole2/__init__.py:50\n  /usr/local/lib/python3.10/dist-packages/MDAnalysis/analysis/hole2/__init__.py:50: UserWarning: Please install the mdahole2 mdakit to use it in MDAnalysis.\n  More details can be found here: https://www.mdanalysis.org/mdahole2/getting_started.html\n    warnings.warn(wmsg, category=UserWarning)\n\n../../usr/local/lib/python3.10/dist-packages/MDAnalysis/analysis/hbonds/hbond_autocorrel.py:54\n  /usr/local/lib/python3.10/dist-packages/MDAnalysis/analysis/hbonds/hbond_autocorrel.py:54: DeprecationWarning: This module was moved to MDAnalysis.analysis.hydrogenbonds.hbond_autocorrel; hbonds.hbond_autocorrel will be removed in 3.0.0.\n    warnings.warn(wmsg, category=DeprecationWarning)\n\n../../usr/local/lib/python3.10/dist-packages/MDAnalysis/analysis/psa.py:72\n  /usr/local/lib/python3.10/dist-packages/MDAnalysis/analysis/psa.py:72: UserWarning: Please install the PathSimAnalysis mdakit to use it in MDAnalysis.\n  More details can be found here: https://www.mdanalysis.org/PathSimAnalysis/getting_started.html\n    warnings.warn(wmsg, category=UserWarning)\n\n../../usr/local/lib/python3.10/dist-packages/MDAnalysis/analysis/waterdynamics.py:57\n  /usr/local/lib/python3.10/dist-packages/MDAnalysis/analysis/waterdynamics.py:57: UserWarning: Please install the waterdynamics mdakit to use it in MDAnalysis.\n  More details can be found here: https://www.mdanalysis.org/waterdynamics/getting_started.html\n    warnings.warn(wmsg, category=UserWarning)\n\n../../usr/local/lib/python3.10/dist-packages/MDAnalysis/topology/tables.py:52\n  /usr/local/lib/python3.10/dist-packages/MDAnalysis/topology/tables.py:52: DeprecationWarning: Deprecated in version 2.8.0\n  MDAnalysis.topology.tables has been moved to MDAnalysis.guesser.tables. This import point will be removed in MDAnalysis version 3.0.0\n    warnings.warn(wmsg, category=DeprecationWarning)\n\n../../usr/local/lib/python3.10/dist-packages/MDAnalysis/coordinates/chemfiles.py:119\ntestsuite/MDAnalysisTests/coordinates/test_writer_api.py::test_ts_error[ChemfilesWriter]\ntestsuite/MDAnalysisTests/coordinates/test_writer_api.py::test_write_with_atomgroup[ChemfilesWriter]\ntestsuite/MDAnalysisTests/coordinates/test_writer_api.py::test_write_with_universe[ChemfilesWriter]\n  /usr/local/lib/python3.10/dist-packages/MDAnalysis/coordinates/chemfiles.py:119: UserWarning: chemfiles package not found, try installing it with 'pip install chemfiles'\n    warnings.warn(\n\ntestsuite/MDAnalysisTests/analysis/test_align.py: 8 warnings\ntestsuite/MDAnalysisTests/coordinates/test_chainreader.py: 1 warning\ntestsuite/MDAnalysisTests/coordinates/test_dcd.py: 8 warnings\ntestsuite/MDAnalysisTests/coordinates/test_writer_api.py: 4 warnings\ntestsuite/MDAnalysisTests/core/test_atomgroup.py: 13 warnings\n  /usr/local/lib/python3.10/dist-packages/MDAnalysis/coordinates/DCD.py:493: UserWarning: No dimensions set for current frame, zeroed unitcell will be written\n    warnings.warn(wmsg)\n\ntestsuite/MDAnalysisTests/analysis/test_align.py: 5 warnings\ntestsuite/MDAnalysisTests/analysis/test_encore.py: 203 warnings\ntestsuite/MDAnalysisTests/coordinates/test_memory.py: 9 warnings\ntestsuite/MDAnalysisTests/core/test_universe.py: 17 warnings\n  /usr/local/lib/python3.10/dist-packages/MDAnalysis/coordinates/memory.py:558: DeprecationWarning: asel argument to timeseries will be renamed to'atomgroup' in 3.0, see #3911\n    warnings.warn(\n\ntestsuite/MDAnalysisTests/analysis/test_align.py: 2 warnings\ntestsuite/MDAnalysisTests/core/test_topologyobjects.py: 1 warning\ntestsuite/MDAnalysisTests/core/test_universe.py: 47 warnings\ntestsuite/MDAnalysisTests/core/test_updating_atomgroup.py: 1 warning\ntestsuite/MDAnalysisTests/topology/test_psf.py: 5 warnings\ntestsuite/MDAnalysisTests/topology/test_topology_str_types.py: 5 warnings\ntestsuite/MDAnalysisTests/utils/test_modelling.py: 1 warning\ntestsuite/MDAnalysisTests/utils/test_streamio.py: 1 warning\n  /usr/local/lib/python3.10/dist-packages/MDAnalysis/core/universe.py:272: UserWarning: No coordinate reader found for /app/repo_to_process/testsuite/MDAnalysisTests/data/adk.psf. Skipping this file.\n    warnings.warn(\n\ntestsuite/MDAnalysisTests/analysis/test_bat.py: 16 warnings\ntestsuite/MDAnalysisTests/coordinates/test_mol2.py: 2 warnings\n  /usr/local/lib/python3.10/dist-packages/MDAnalysis/topology/MOL2Parser.py:254: UserWarning: Unknown elements found for some atoms: {'c3', 'hc', 'oh', 'h1', 'ho'}. These have been given an empty element record.\n    warnings.warn(\n\ntestsuite/MDAnalysisTests/analysis/test_bat.py: 145 warnings\ntestsuite/MDAnalysisTests/analysis/test_dssp.py: 51838 warnings\ntestsuite/MDAnalysisTests/analysis/test_hydrogenbondautocorrel.py: 1 warning\ntestsuite/MDAnalysisTests/analysis/test_hydrogenbondautocorrel_deprecated.py: 1 warning\ntestsuite/MDAnalysisTests/analysis/test_leaflet.py: 14040 warnings\ntestsuite/MDAnalysisTests/analysis/test_msd.py: 100 warnings\ntestsuite/MDAnalysisTests/analysis/test_pca.py: 100 warnings\ntestsuite/MDAnalysisTests/analysis/test_rdf_s.py: 48 warnings\ntestsuite/MDAnalysisTests/coordinates/test_amber_inpcrd.py: 4 warnings\ntestsuite/MDAnalysisTests/coordinates/test_copying.py: 1 warning\ntestsuite/MDAnalysisTests/coordinates/test_crd.py: 347 warnings\ntestsuite/MDAnalysisTests/coordinates/test_dlpoly.py: 31 warnings\ntestsuite/MDAnalysisTests/coordinates/test_fhiaims.py: 125 warnings\ntestsuite/MDAnalysisTests/coordinates/test_gro.py: 273 warnings\ntestsuite/MDAnalysisTests/coordinates/test_mol2.py: 27 warnings\ntestsuite/MDAnalysisTests/coordinates/test_netcdf.py: 4 warnings\ntestsuite/MDAnalysisTests/coordinates/test_pdb.py: 900 warnings\ntestsuite/MDAnalysisTests/coordinates/test_pdbqt.py: 11866 warnings\ntestsuite/MDAnalysisTests/coordinates/test_pqr.py: 347 warnings\ntestsuite/MDAnalysisTests/coordinates/test_timestep_api.py: 1460 warnings\ntestsuite/MDAnalysisTests/coordinates/test_txyz.py: 12 warnings\ntestsuite/MDAnalysisTests/coordinates/test_xyz.py: 125 warnings\ntestsuite/MDAnalysisTests/core/test_atom.py: 4 warnings\ntestsuite/MDAnalysisTests/core/test_atomgroup.py: 816 warnings\ntestsuite/MDAnalysisTests/core/test_universe.py: 20 warnings\ntestsuite/MDAnalysisTests/guesser/test_default_guesser.py: 1 warning\ntestsuite/MDAnalysisTests/lib/test_nsgrid.py: 1170 warnings\ntestsuite/MDAnalysisTests/lib/test_util.py: 56 warnings\ntestsuite/MDAnalysisTests/topology/test_dlpoly.py: 10 warnings\ntestsuite/MDAnalysisTests/topology/test_mol2.py: 7 warnings\ntestsuite/MDAnalysisTests/topology/test_pdb.py: 2 warnings\ntestsuite/MDAnalysisTests/topology/test_pdbqt.py: 2188 warnings\ntestsuite/MDAnalysisTests/topology/test_topology_str_types.py: 3645 warnings\ntestsuite/MDAnalysisTests/topology/test_txyz.py: 6 warnings\ntestsuite/MDAnalysisTests/topology/test_xyz.py: 2 warnings\ntestsuite/MDAnalysisTests/transformations/test_nojump.py: 1 warning\ntestsuite/MDAnalysisTests/utils/test_streamio.py: 726 warnings\ntestsuite/MDAnalysisTests/visualization/test_streamlines.py: 3510 warnings\n  /usr/local/lib/python3.10/dist-packages/MDAnalysis/guesser/default_guesser.py:259: PendingDeprecationWarning: Unknown masses are set to 0.0 for current version, this will be deprecated in version 3.0.0 and replaced by Masse's no_value_label (np.nan)\n    warnings.warn(\n\ntestsuite/MDAnalysisTests/analysis/test_bat.py: 7 warnings\ntestsuite/MDAnalysisTests/analysis/test_contacts.py: 2 warnings\ntestsuite/MDAnalysisTests/analysis/test_dssp.py: 50 warnings\ntestsuite/MDAnalysisTests/analysis/test_nucleicacids.py: 3 warnings\ntestsuite/MDAnalysisTests/analysis/test_persistencelength.py: 9 warnings\ntestsuite/MDAnalysisTests/parallelism/test_multiprocessing.py: 9 warnings\n  /usr/lib/python3.10/multiprocessing/reduction.py:51: UserWarning: Reader has no dt information, set to 1.0 ps\n    cls(buf, protocol).dump(obj)\n\ntestsuite/MDAnalysisTests/analysis/test_bat.py: 1 warning\ntestsuite/MDAnalysisTests/analysis/test_contacts.py: 3 warnings\ntestsuite/MDAnalysisTests/analysis/test_density.py: 1 warning\ntestsuite/MDAnalysisTests/analysis/test_dihedrals.py: 2 warnings\ntestsuite/MDAnalysisTests/analysis/test_dssp.py: 50 warnings\ntestsuite/MDAnalysisTests/analysis/test_hydrogenbonds_analysis.py: 3 warnings\ntestsuite/MDAnalysisTests/analysis/test_nucleicacids.py: 3 warnings\ntestsuite/MDAnalysisTests/analysis/test_persistencelength.py: 9 warnings\ntestsuite/MDAnalysisTests/analysis/test_rms.py: 1 warning\n  /usr/local/lib/python3.10/dist-packages/MDAnalysis/analysis/base.py:632: UserWarning: Set `n_parts` to 1 to match the total number of frames being analyzed\n    warnings.warn(\n\ntestsuite/MDAnalysisTests/analysis/test_bat.py: 7 warnings\ntestsuite/MDAnalysisTests/analysis/test_contacts.py: 2 warnings\ntestsuite/MDAnalysisTests/analysis/test_dssp.py: 50 warnings\ntestsuite/MDAnalysisTests/analysis/test_helix_analysis.py: 1 warning\ntestsuite/MDAnalysisTests/analysis/test_nucleicacids.py: 3 warnings\ntestsuite/MDAnalysisTests/analysis/test_persistencelength.py: 9 warnings\ntestsuite/MDAnalysisTests/analysis/test_wbridge.py: 36 warnings\n  /usr/local/lib/python3.10/dist-packages/MDAnalysis/analysis/base.py:562: UserWarning: Reader has no dt information, set to 1.0 ps\n    self.times[idx] = ts.time\n\ntestsuite/MDAnalysisTests/analysis/test_contacts.py::TestContacts::test_villin_folded[client_Contacts0]\ntestsuite/MDAnalysisTests/analysis/test_contacts.py::TestContacts::test_villin_unfolded[client_Contacts0]\ntestsuite/MDAnalysisTests/analysis/test_contacts.py::TestContacts::test_villin_folded[client_Contacts1]\ntestsuite/MDAnalysisTests/analysis/test_contacts.py::TestContacts::test_villin_unfolded[client_Contacts1]\n  /app/repo_to_process/testsuite/MDAnalysisTests/analysis/test_contacts.py:159: UserWarning: Reader has no dt information, set to 1.0 ps\n    results.append((ts.time, x.sum() / mask.sum()))\n\ntestsuite/MDAnalysisTests/analysis/test_density.py: 14 warnings\n  /usr/local/lib/python3.10/dist-packages/MDAnalysis/analysis/density.py:451: UserWarning: Box padding (currently set at 2.0) is not used in user defined grids.\n    warnings.warn(msg)\n\ntestsuite/MDAnalysisTests/analysis/test_density.py::TestDensityAnalysis::test_userdefn_neqbox[client_DensityAnalysis0]\ntestsuite/MDAnalysisTests/analysis/test_density.py::TestDensityAnalysis::test_userdefn_boxshape[client_DensityAnalysis0]\ntestsuite/MDAnalysisTests/analysis/test_density.py::TestDensityAnalysis::test_warn_userdefn_padding[client_DensityAnalysis0]\ntestsuite/MDAnalysisTests/analysis/test_density.py::TestDensityAnalysis::test_userdefn_neqbox[client_DensityAnalysis1]\ntestsuite/MDAnalysisTests/analysis/test_density.py::TestDensityAnalysis::test_userdefn_boxshape[client_DensityAnalysis1]\ntestsuite/MDAnalysisTests/analysis/test_density.py::TestDensityAnalysis::test_warn_userdefn_padding[client_DensityAnalysis1]\n  /usr/local/lib/python3.10/dist-packages/MDAnalysis/analysis/density.py:604: UserWarning: Atom selection does not fit grid --- you may want to define a larger box\n    warnings.warn(msg)\n\ntestsuite/MDAnalysisTests/analysis/test_diffusionmap.py: 1 warning\ntestsuite/MDAnalysisTests/analysis/test_helix_analysis.py: 1 warning\ntestsuite/MDAnalysisTests/auxiliary/test_xvg.py: 8 warnings\ntestsuite/MDAnalysisTests/converters/test_parmed.py: 1 warning\ntestsuite/MDAnalysisTests/coordinates/test_chainreader.py: 3 warnings\ntestsuite/MDAnalysisTests/coordinates/test_copying.py: 16 warnings\ntestsuite/MDAnalysisTests/coordinates/test_dcd.py: 6 warnings\ntestsuite/MDAnalysisTests/coordinates/test_gro.py: 1 warning\ntestsuite/MDAnalysisTests/coordinates/test_namdbin.py: 21 warnings\ntestsuite/MDAnalysisTests/coordinates/test_netcdf.py: 2 warnings\ntestsuite/MDAnalysisTests/coordinates/test_pdb.py: 80 warnings\ntestsuite/MDAnalysisTests/coordinates/test_pdbqt.py: 1 warning\ntestsuite/MDAnalysisTests/coordinates/test_timestep_api.py: 2 warnings\ntestsuite/MDAnalysisTests/coordinates/test_trc.py: 11 warnings\ntestsuite/MDAnalysisTests/coordinates/test_trz.py: 1 warning\ntestsuite/MDAnalysisTests/coordinates/test_xdr.py: 17 warnings\ntestsuite/MDAnalysisTests/core/test_atomgroup.py: 14 warnings\ntestsuite/MDAnalysisTests/core/test_atomselections.py: 2 warnings\ntestsuite/MDAnalysisTests/core/test_copying.py: 1 warning\ntestsuite/MDAnalysisTests/core/test_group_traj_access.py: 9 warnings\ntestsuite/MDAnalysisTests/core/test_universe.py: 16 warnings\ntestsuite/MDAnalysisTests/guesser/test_base.py: 6 warnings\ntestsuite/MDAnalysisTests/guesser/test_default_guesser.py: 1 warning\ntestsuite/MDAnalysisTests/lib/test_nsgrid.py: 3 warnings\ntestsuite/MDAnalysisTests/parallelism/test_multiprocessing.py: 6 warnings\ntestsuite/MDAnalysisTests/topology/test_pdb.py: 20 warnings\ntestsuite/MDAnalysisTests/topology/test_topology_str_types.py: 10 warnings\ntestsuite/MDAnalysisTests/topology/test_xpdb.py: 10 warnings\ntestsuite/MDAnalysisTests/transformations/test_nojump.py: 1 warning\ntestsuite/MDAnalysisTests/utils/test_modelling.py: 1 warning\ntestsuite/MDAnalysisTests/utils/test_persistence.py: 7 warnings\ntestsuite/MDAnalysisTests/utils/test_streamio.py: 2 warnings\n  /usr/local/lib/python3.10/dist-packages/MDAnalysis/topology/PDBParser.py:376: UserWarning: Element information is missing, elements attribute will not be populated. If needed these can be guessed using universe.guess_TopologyAttrs(context='default', to_guess=['elements']).\n    warnings.warn(\"Element information is missing, elements attribute \"\n\ntestsuite/MDAnalysisTests/analysis/test_dihedrals.py::TestRamachandran::test_ramachandran[client_Ramachandran0]\ntestsuite/MDAnalysisTests/analysis/test_dihedrals.py::TestRamachandran::test_ramachandran_single_frame[client_Ramachandran0]\ntestsuite/MDAnalysisTests/analysis/test_dihedrals.py::TestRamachandran::test_ramachandran_residue_selections[client_Ramachandran0]\ntestsuite/MDAnalysisTests/analysis/test_dihedrals.py::TestRamachandran::test_ramachandran[client_Ramachandran1]\ntestsuite/MDAnalysisTests/analysis/test_dihedrals.py::TestRamachandran::test_ramachandran_single_frame[client_Ramachandran1]\ntestsuite/MDAnalysisTests/analysis/test_dihedrals.py::TestRamachandran::test_ramachandran_residue_selections[client_Ramachandran1]\ntestsuite/MDAnalysisTests/analysis/test_dihedrals.py::TestRamachandran::test_ramachandran_attr_warning\n  /usr/local/lib/python3.10/dist-packages/MDAnalysis/analysis/dihedrals.py:444: UserWarning: Cannot determine phi and psi angles for the first or last residues\n    warnings.warn(\n\ntestsuite/MDAnalysisTests/analysis/test_dihedrals.py::TestJanin::test_janin[client_Janin0]\ntestsuite/MDAnalysisTests/analysis/test_dihedrals.py::TestJanin::test_janin_tpr[client_Janin0]\ntestsuite/MDAnalysisTests/analysis/test_dihedrals.py::TestJanin::test_janin[client_Janin1]\ntestsuite/MDAnalysisTests/analysis/test_dihedrals.py::TestJanin::test_janin_tpr[client_Janin1]\ntestsuite/MDAnalysisTests/analysis/test_dihedrals.py::TestJanin::test_janin_single_frame\ntestsuite/MDAnalysisTests/analysis/test_dihedrals.py::TestJanin::test_plot\ntestsuite/MDAnalysisTests/analysis/test_dihedrals.py::TestJanin::test_janin_attr_warning\n  /usr/local/lib/python3.10/dist-packages/MDAnalysis/analysis/dihedrals.py:656: UserWarning: All residues selected with 'resname ALA CYS* GLY PRO SER THR VAL' have been removed from the selection.\n    warnings.warn(\n\ntestsuite/MDAnalysisTests/analysis/test_dssp.py: 104 warnings\ntestsuite/MDAnalysisTests/coordinates/test_pdb.py: 1 warning\ntestsuite/MDAnalysisTests/topology/test_pdb.py: 1 warning\n  /usr/local/lib/python3.10/dist-packages/MDAnalysis/topology/PDBParser.py:372: UserWarning: Unknown element  found for some atoms. These have been given an empty element record. If needed they can be guessed using universe.guess_TopologyAttrs(context='default', to_guess=['elements']).\n    warnings.warn(wmsg)\n\ntestsuite/MDAnalysisTests/analysis/test_helix_analysis.py::test_local_screw_angles_plane_circle\ntestsuite/MDAnalysisTests/analysis/test_helix_analysis.py::test_local_screw_angles_ortho_circle\ntestsuite/MDAnalysisTests/analysis/test_helix_analysis.py::test_local_screw_angles_parallel_axes\n  /usr/local/lib/python3.10/dist-packages/MDAnalysis/analysis/helix_analysis.py:182: RuntimeWarning: invalid value encountered in divide\n    cos = cos_perp, cos_ortho = np.matmul(refs, proj_plane.T) / norms\n\ntestsuite/MDAnalysisTests/analysis/test_helix_analysis.py: 30 warnings\n  /usr/local/lib/python3.10/dist-packages/MDAnalysis/analysis/helix_analysis.py:263: RuntimeWarning: invalid value encountered in divide\n    local_axes = (cross_bi.T / mdamath.pnorm(cross_bi)).T  # (n_res-3, 3)\n\ntestsuite/MDAnalysisTests/analysis/test_helix_analysis.py: 16 warnings\n  /usr/local/lib/python3.10/dist-packages/numpy/_core/_methods.py:223: RuntimeWarning: Degrees of freedom <= 0 for slice\n    ret = _var(a, axis=axis, dtype=dtype, out=out, ddof=ddof,\n\ntestsuite/MDAnalysisTests/analysis/test_helix_analysis.py: 16 warnings\n  /usr/local/lib/python3.10/dist-packages/numpy/_core/_methods.py:212: RuntimeWarning: invalid value encountered in divide\n    ret = um.true_divide(\n\ntestsuite/MDAnalysisTests/analysis/test_helix_analysis.py: 16 warnings\n  /usr/local/lib/python3.10/dist-packages/numpy/_core/_methods.py:215: RuntimeWarning: invalid value encountered in scalar divide\n    ret = ret.dtype.type(ret / rcount)\n\ntestsuite/MDAnalysisTests/analysis/test_hydrogenbondautocorrel.py: 13 warnings\ntestsuite/MDAnalysisTests/analysis/test_hydrogenbondautocorrel_deprecated.py: 14 warnings\ntestsuite/MDAnalysisTests/analysis/test_persistencelength.py: 1 warning\ntestsuite/MDAnalysisTests/coordinates/test_copying.py: 18 warnings\ntestsuite/MDAnalysisTests/coordinates/test_timestep_api.py: 3 warnings\ntestsuite/MDAnalysisTests/coordinates/test_trz.py: 5 warnings\ntestsuite/MDAnalysisTests/core/test_atomgroup.py: 39 warnings\ntestsuite/MDAnalysisTests/core/test_atomselections.py: 14 warnings\ntestsuite/MDAnalysisTests/core/test_topologyobjects.py: 1 warning\ntestsuite/MDAnalysisTests/core/test_universe.py: 3 warnings\ntestsuite/MDAnalysisTests/core/test_wrap.py: 13 warnings\ntestsuite/MDAnalysisTests/parallelism/test_multiprocessing.py: 1 warning\ntestsuite/MDAnalysisTests/topology/test_minimal.py: 1 warning\n  /usr/local/lib/python3.10/dist-packages/MDAnalysis/coordinates/TRZ.py:119: DeprecationWarning: The TRZ reader is deprecated and will be removed in MDAnalysis version 3.0.0\n    warnings.warn(wmsg, DeprecationWarning)\n\ntestsuite/MDAnalysisTests/analysis/test_hydrogenbondautocorrel.py: 9 warnings\ntestsuite/MDAnalysisTests/analysis/test_hydrogenbondautocorrel_deprecated.py: 10 warnings\n  /usr/local/lib/python3.10/dist-packages/MDAnalysis/analysis/hydrogenbonds/hbond_autocorrel.py:395: RuntimeWarning: Desired number of sample points too high, using 6\n    warnings.warn(\n\ntestsuite/MDAnalysisTests/analysis/test_hydrogenbondautocorrel_deprecated.py::TestHydrogenBondAutocorrel::test_continuous\n  /app/repo_to_process/testsuite/MDAnalysisTests/analysis/test_hydrogenbondautocorrel_deprecated.py:66: DeprecationWarning: `HydrogenBondAutoCorrel` is deprecated!\n  `HydrogenBondAutoCorrel` will be removed in release 3.0.0.\n  The class was moved to MDAnalysis.analysis.hbonds.hbond_autocorrel.\n    hbond = HBAC(\n\ntestsuite/MDAnalysisTests/analysis/test_hydrogenbondautocorrel_deprecated.py::TestHydrogenBondAutocorrel::test_continuous_excl\n  /app/repo_to_process/testsuite/MDAnalysisTests/analysis/test_hydrogenbondautocorrel_deprecated.py:92: DeprecationWarning: `HydrogenBondAutoCorrel` is deprecated!\n  `HydrogenBondAutoCorrel` will be removed in release 3.0.0.\n  The class was moved to MDAnalysis.analysis.hbonds.hbond_autocorrel.\n    hbond = HBAC(\n\ntestsuite/MDAnalysisTests/analysis/test_hydrogenbondautocorrel_deprecated.py::TestHydrogenBondAutocorrel::test_intermittent\n  /app/repo_to_process/testsuite/MDAnalysisTests/analysis/test_hydrogenbondautocorrel_deprecated.py:122: DeprecationWarning: `HydrogenBondAutoCorrel` is deprecated!\n  `HydrogenBondAutoCorrel` will be removed in release 3.0.0.\n  The class was moved to MDAnalysis.analysis.hbonds.hbond_autocorrel.\n    hbond = HBAC(\n\ntestsuite/MDAnalysisTests/analysis/test_hydrogenbondautocorrel_deprecated.py::TestHydrogenBondAutocorrel::test_intermittent_timecut\n  /app/repo_to_process/testsuite/MDAnalysisTests/analysis/test_hydrogenbondautocorrel_deprecated.py:148: DeprecationWarning: `HydrogenBondAutoCorrel` is deprecated!\n  `HydrogenBondAutoCorrel` will be removed in release 3.0.0.\n  The class was moved to MDAnalysis.analysis.hbonds.hbond_autocorrel.\n    hbond = HBAC(\n\ntestsuite/MDAnalysisTests/analysis/test_hydrogenbondautocorrel_deprecated.py::TestHydrogenBondAutocorrel::test_intermittent_excl\n  /app/repo_to_process/testsuite/MDAnalysisTests/analysis/test_hydrogenbondautocorrel_deprecated.py:175: DeprecationWarning: `HydrogenBondAutoCorrel` is deprecated!\n  `HydrogenBondAutoCorrel` will be removed in release 3.0.0.\n  The class was moved to MDAnalysis.analysis.hbonds.hbond_autocorrel.\n    hbond = HBAC(\n\ntestsuite/MDAnalysisTests/analysis/test_hydrogenbondautocorrel_deprecated.py::TestHydrogenBondAutocorrel::test_solve_continuous\n  /app/repo_to_process/testsuite/MDAnalysisTests/analysis/test_hydrogenbondautocorrel_deprecated.py:207: DeprecationWarning: `HydrogenBondAutoCorrel` is deprecated!\n  `HydrogenBondAutoCorrel` will be removed in release 3.0.0.\n  The class was moved to MDAnalysis.analysis.hbonds.hbond_autocorrel.\n    hbond = HBAC(\n\ntestsuite/MDAnalysisTests/analysis/test_hydrogenbondautocorrel_deprecated.py::TestHydrogenBondAutocorrel::test_solve_intermittent\n  /app/repo_to_process/testsuite/MDAnalysisTests/analysis/test_hydrogenbondautocorrel_deprecated.py:234: DeprecationWarning: `HydrogenBondAutoCorrel` is deprecated!\n  `HydrogenBondAutoCorrel` will be removed in release 3.0.0.\n  The class was moved to MDAnalysis.analysis.hbonds.hbond_autocorrel.\n    hbond = HBAC(\n\ntestsuite/MDAnalysisTests/analysis/test_hydrogenbondautocorrel_deprecated.py::TestHydrogenBondAutocorrel::test_wronglength_DA\n  /app/repo_to_process/testsuite/MDAnalysisTests/analysis/test_hydrogenbondautocorrel_deprecated.py:269: DeprecationWarning: `HydrogenBondAutoCorrel` is deprecated!\n  `HydrogenBondAutoCorrel` will be removed in release 3.0.0.\n  The class was moved to MDAnalysis.analysis.hbonds.hbond_autocorrel.\n    HBAC(\n\ntestsuite/MDAnalysisTests/analysis/test_hydrogenbondautocorrel_deprecated.py::TestHydrogenBondAutocorrel::test_exclusions\n  /app/repo_to_process/testsuite/MDAnalysisTests/analysis/test_hydrogenbondautocorrel_deprecated.py:289: DeprecationWarning: `HydrogenBondAutoCorrel` is deprecated!\n  `HydrogenBondAutoCorrel` will be removed in release 3.0.0.\n  The class was moved to MDAnalysis.analysis.hbonds.hbond_autocorrel.\n    HBAC(\n\ntestsuite/MDAnalysisTests/analysis/test_hydrogenbondautocorrel_deprecated.py::TestHydrogenBondAutocorrel::test_bond_type_VE\n  /app/repo_to_process/testsuite/MDAnalysisTests/analysis/test_hydrogenbondautocorrel_deprecated.py:301: DeprecationWarning: `HydrogenBondAutoCorrel` is deprecated!\n  `HydrogenBondAutoCorrel` will be removed in release 3.0.0.\n  The class was moved to MDAnalysis.analysis.hbonds.hbond_autocorrel.\n    HBAC(\n\ntestsuite/MDAnalysisTests/analysis/test_hydrogenbondautocorrel_deprecated.py::TestHydrogenBondAutocorrel::test_solve_before_run_VE\n  /app/repo_to_process/testsuite/MDAnalysisTests/analysis/test_hydrogenbondautocorrel_deprecated.py:315: DeprecationWarning: `HydrogenBondAutoCorrel` is deprecated!\n  `HydrogenBondAutoCorrel` will be removed in release 3.0.0.\n  The class was moved to MDAnalysis.analysis.hbonds.hbond_autocorrel.\n    hbond = HBAC(\n\ntestsuite/MDAnalysisTests/analysis/test_hydrogenbondautocorrel_deprecated.py::TestHydrogenBondAutocorrel::test_unslicable_traj_VE\n  /app/repo_to_process/testsuite/MDAnalysisTests/analysis/test_hydrogenbondautocorrel_deprecated.py:333: DeprecationWarning: `HydrogenBondAutoCorrel` is deprecated!\n  `HydrogenBondAutoCorrel` will be removed in release 3.0.0.\n  The class was moved to MDAnalysis.analysis.hbonds.hbond_autocorrel.\n    HBAC(\n\ntestsuite/MDAnalysisTests/analysis/test_hydrogenbondautocorrel_deprecated.py::TestHydrogenBondAutocorrel::test_repr\n  /app/repo_to_process/testsuite/MDAnalysisTests/analysis/test_hydrogenbondautocorrel_deprecated.py:343: DeprecationWarning: `HydrogenBondAutoCorrel` is deprecated!\n  `HydrogenBondAutoCorrel` will be removed in release 3.0.0.\n  The class was moved to MDAnalysis.analysis.hbonds.hbond_autocorrel.\n    hbond = HBAC(\n\ntestsuite/MDAnalysisTests/analysis/test_hydrogenbondautocorrel_deprecated.py::test_find_donors\n  /app/repo_to_process/testsuite/MDAnalysisTests/analysis/test_hydrogenbondautocorrel_deprecated.py:373: DeprecationWarning: `find_hydrogen_donors` is deprecated!\n  `find_hydrogen_donors` will be removed in release 3.0.0.\n  The function was moved to MDAnalysis.analysis.hbonds.hbond_autocorrel.\n    D = hbonds.find_hydrogen_donors(H)\n\ntestsuite/MDAnalysisTests/analysis/test_hydrogenbondautocorrel_deprecated.py::test_donors_nobonds\n  /app/repo_to_process/testsuite/MDAnalysisTests/analysis/test_hydrogenbondautocorrel_deprecated.py:385: DeprecationWarning: `find_hydrogen_donors` is deprecated!\n  `find_hydrogen_donors` will be removed in release 3.0.0.\n  The function was moved to MDAnalysis.analysis.hbonds.hbond_autocorrel.\n    hbonds.find_hydrogen_donors(u.atoms)\n\ntestsuite/MDAnalysisTests/analysis/test_hydrogenbonds_analysis.py::TestHydrogenBondAnalysisIdeal::test_logging_step_not_1[client_HydrogenBondAnalysis0]\ntestsuite/MDAnalysisTests/analysis/test_hydrogenbonds_analysis.py::TestHydrogenBondAnalysisNoRes::test_logging_step_not_1[client_HydrogenBondAnalysis0]\ntestsuite/MDAnalysisTests/analysis/test_hydrogenbonds_analysis.py::TestHydrogenBondAnalysisIdeal::test_logging_step_not_1[client_HydrogenBondAnalysis1]\ntestsuite/MDAnalysisTests/analysis/test_hydrogenbonds_analysis.py::TestHydrogenBondAnalysisNoRes::test_logging_step_not_1[client_HydrogenBondAnalysis1]\n  /usr/local/lib/python3.10/dist-packages/numpy/_core/fromnumeric.py:3860: RuntimeWarning: Mean of empty slice.\n    return _methods._mean(a, axis=axis, dtype=dtype,\n\ntestsuite/MDAnalysisTests/analysis/test_hydrogenbonds_analysis.py::TestHydrogenBondAnalysisIdeal::test_logging_step_not_1[client_HydrogenBondAnalysis0]\ntestsuite/MDAnalysisTests/analysis/test_hydrogenbonds_analysis.py::TestHydrogenBondAnalysisNoRes::test_logging_step_not_1[client_HydrogenBondAnalysis0]\ntestsuite/MDAnalysisTests/analysis/test_hydrogenbonds_analysis.py::TestHydrogenBondAnalysisIdeal::test_logging_step_not_1[client_HydrogenBondAnalysis1]\ntestsuite/MDAnalysisTests/analysis/test_hydrogenbonds_analysis.py::TestHydrogenBondAnalysisNoRes::test_logging_step_not_1[client_HydrogenBondAnalysis1]\n  /usr/local/lib/python3.10/dist-packages/numpy/_core/_methods.py:145: RuntimeWarning: invalid value encountered in scalar divide\n    ret = ret.dtype.type(ret / rcount)\n\ntestsuite/MDAnalysisTests/analysis/test_hydrogenbonds_analysis.py::TestHydrogenBondAnalysisEmptySelections::test_hbond_analysis[client_HydrogenBondAnalysis0]\ntestsuite/MDAnalysisTests/analysis/test_hydrogenbonds_analysis.py::TestHydrogenBondAnalysisEmptySelections::test_hbond_analysis[client_HydrogenBondAnalysis1]\n  /usr/local/lib/python3.10/dist-packages/MDAnalysis/analysis/hydrogenbonds/hbond_analysis.py:368: UserWarning: donors_sel is an empty selection string - no hydrogen bonds will be found. This may be intended, but please check your selection.\n    warnings.warn(msg.format(sel))\n\ntestsuite/MDAnalysisTests/analysis/test_hydrogenbonds_analysis.py::TestHydrogenBondAnalysisEmptySelections::test_hbond_analysis[client_HydrogenBondAnalysis0]\ntestsuite/MDAnalysisTests/analysis/test_hydrogenbonds_analysis.py::TestHydrogenBondAnalysisEmptySelections::test_hbond_analysis[client_HydrogenBondAnalysis1]\n  /usr/local/lib/python3.10/dist-packages/MDAnalysis/analysis/hydrogenbonds/hbond_analysis.py:368: UserWarning: hydrogens_sel is an empty selection string - no hydrogen bonds will be found. This may be intended, but please check your selection.\n    warnings.warn(msg.format(sel))\n\ntestsuite/MDAnalysisTests/analysis/test_hydrogenbonds_analysis.py::TestHydrogenBondAnalysisEmptySelections::test_hbond_analysis[client_HydrogenBondAnalysis0]\ntestsuite/MDAnalysisTests/analysis/test_hydrogenbonds_analysis.py::TestHydrogenBondAnalysisEmptySelections::test_hbond_analysis[client_HydrogenBondAnalysis1]\n  /usr/local/lib/python3.10/dist-packages/MDAnalysis/analysis/hydrogenbonds/hbond_analysis.py:368: UserWarning: acceptors_sel is an empty selection string - no hydrogen bonds will be found. This may be intended, but please check your selection.\n    warnings.warn(msg.format(sel))\n\ntestsuite/MDAnalysisTests/analysis/test_hydrogenbonds_analysis.py::TestHydrogenBondAnalysisEmptySelections::test_hbond_analysis[client_HydrogenBondAnalysis0]\ntestsuite/MDAnalysisTests/analysis/test_hydrogenbonds_analysis.py::TestHydrogenBondAnalysisEmptySelections::test_hbond_analysis[client_HydrogenBondAnalysis1]\ntestsuite/MDAnalysisTests/analysis/test_hydrogenbonds_analysis.py::TestHydrogenBondAnalysisEmptySelections::test_empty_sel[donors_sel]\ntestsuite/MDAnalysisTests/analysis/test_hydrogenbonds_analysis.py::TestHydrogenBondAnalysisEmptySelections::test_empty_sel[hydrogens_sel]\ntestsuite/MDAnalysisTests/analysis/test_hydrogenbonds_analysis.py::TestHydrogenBondAnalysisEmptySelections::test_empty_sel[acceptors_sel]\n  /usr/local/lib/python3.10/dist-packages/MDAnalysis/core/groups.py:3536: UserWarning: Empty string to select atoms, empty group returned.\n    warnings.warn(\n\ntestsuite/MDAnalysisTests/analysis/test_hydrogenbonds_analysis.py::TestHydrogenBondAnalysisIdeal::test_count_by_type[client_HydrogenBondAnalysis1]\n  /usr/local/lib/python3.10/dist-packages/MDAnalysis/analysis/hydrogenbonds/hbond_analysis.py:747: UserWarning: No hydrogen bonds were found given d-a cutoff of 3.0 between Donor, name O, and Acceptor, name O.\n    warnings.warn(\n\ntestsuite/MDAnalysisTests/analysis/test_hydrogenbonds_analysis.py::TestHydrogenBondAnalysisIdeal::test_count_by_type[client_HydrogenBondAnalysis1]\n  /usr/local/lib/python3.10/dist-packages/MDAnalysis/analysis/hydrogenbonds/hbond_analysis.py:779: UserWarning: No hydrogen bonds were found given angle of 120.0 between Donor, name O, and Acceptor, name O.\n    warnings.warn(\n\ntestsuite/MDAnalysisTests/analysis/test_hydrogenbonds_analysis.py::TestHydrogenBondAnalysisNoRes::test_count_by_type[client_HydrogenBondAnalysis1]\ntestsuite/MDAnalysisTests/analysis/test_hydrogenbonds_analysis.py::TestHydrogenBondAnalysisNoRes::test_no_hydrogen_bonds\n  /usr/local/lib/python3.10/dist-packages/MDAnalysis/analysis/hydrogenbonds/hbond_analysis.py:747: UserWarning: No hydrogen bonds were found given d-a cutoff of 3.0 between Donor, type O, and Acceptor, type O.\n    warnings.warn(\n\ntestsuite/MDAnalysisTests/analysis/test_hydrogenbonds_analysis.py::TestHydrogenBondAnalysisNoRes::test_count_by_type[client_HydrogenBondAnalysis1]\n  /usr/local/lib/python3.10/dist-packages/MDAnalysis/analysis/hydrogenbonds/hbond_analysis.py:779: UserWarning: No hydrogen bonds were found given angle of 120.0 between Donor, type O, and Acceptor, type O.\n    warnings.warn(\n\ntestsuite/MDAnalysisTests/analysis/test_hydrogenbonds_analysis.py::TestHydrogenBondAnalysisTIP3P_GuessAcceptors_GuessHydrogens_UseTopology_::test_no_hydrogens[client_HydrogenBondAnalysis1]\n  /usr/local/lib/python3.10/dist-packages/MDAnalysis/analysis/hydrogenbonds/hbond_analysis.py:747: UserWarning: No hydrogen bonds were found given d-a cutoff of 3.0 between Donor, None, and Acceptor, name OH2.\n    warnings.warn(\n\ntestsuite/MDAnalysisTests/analysis/test_hydrogenbonds_analysis.py::TestHydrogenBondAnalysisTIP3P_GuessAcceptors_GuessHydrogens_UseTopology_::test_no_hydrogens[client_HydrogenBondAnalysis1]\n  /usr/local/lib/python3.10/dist-packages/MDAnalysis/analysis/hydrogenbonds/hbond_analysis.py:779: UserWarning: No hydrogen bonds were found given angle of 120.0 between Donor, None, and Acceptor, name OH2.\n    warnings.warn(\n\ntestsuite/MDAnalysisTests/analysis/test_hydrogenbonds_analysis.py::TestHydrogenBondAnalysisEmptySelections::test_hbond_analysis[client_HydrogenBondAnalysis1]\n  /usr/local/lib/python3.10/dist-packages/MDAnalysis/analysis/hydrogenbonds/hbond_analysis.py:747: UserWarning: No hydrogen bonds were found given d-a cutoff of 3.0 between Donor, , and Acceptor, .\n    warnings.warn(\n\ntestsuite/MDAnalysisTests/analysis/test_hydrogenbonds_analysis.py::TestHydrogenBondAnalysisEmptySelections::test_hbond_analysis[client_HydrogenBondAnalysis1]\n  /usr/local/lib/python3.10/dist-packages/MDAnalysis/analysis/hydrogenbonds/hbond_analysis.py:779: UserWarning: No hydrogen bonds were found given angle of 150 between Donor, , and Acceptor, .\n    warnings.warn(\n\ntestsuite/MDAnalysisTests/analysis/test_msd.py::TestMSDSimple::test_random_walk_u_simple\ntestsuite/MDAnalysisTests/analysis/test_pca.py::test_cosine_content\n  /usr/local/lib/python3.10/dist-packages/MDAnalysis/topology/PDBParser.py:372: UserWarning: Unknown element X found for some atoms. These have been given an empty element record. If needed they can be guessed using universe.guess_TopologyAttrs(context='default', to_guess=['elements']).\n    warnings.warn(wmsg)\n\ntestsuite/MDAnalysisTests/analysis/test_rdf.py: 19 warnings\n  /usr/local/lib/python3.10/dist-packages/MDAnalysis/core/universe.py:939: UserWarning: Reader has no dt information, set to 1.0 ps\n    dt=self.trajectory.ts.dt * step,\n\ntestsuite/MDAnalysisTests/analysis/test_rdf.py::test_ignore_same_residues[residue-8]\ntestsuite/MDAnalysisTests/analysis/test_rdf.py::test_ignore_same_residues[segment-0]\ntestsuite/MDAnalysisTests/analysis/test_rdf.py::test_ignore_same_residues[chain-8]\n  /usr/local/lib/python3.10/dist-packages/MDAnalysis/analysis/rdf.py:378: DeprecationWarning: The `rdf` attribute was deprecated in MDAnalysis 2.0.0 and will be removed in MDAnalysis 3.0.0. Please use `results.rdf` instead\n    warnings.warn(wmsg, DeprecationWarning)\n\ntestsuite/MDAnalysisTests/analysis/test_rdf_s.py: 15 warnings\n  /usr/local/lib/python3.10/dist-packages/MDAnalysis/analysis/rdf.py:596: DeprecationWarning: The `u` attribute is superflous and will be removed in MDAnalysis 3.0.0.\n    warnings.warn(\n\ntestsuite/MDAnalysisTests/analysis/test_rdf_s.py::test_density[True-0.021915460340071267]\ntestsuite/MDAnalysisTests/analysis/test_rdf_s.py::test_overwrite_norm\n  /usr/local/lib/python3.10/dist-packages/MDAnalysis/analysis/rdf.py:613: DeprecationWarning: The `density` attribute was deprecated in MDAnalysis 2.3.0 and will be removed in MDAnalysis 3.0.0. Please use `norm=density` instead.\n    warnings.warn(\n\ntestsuite/MDAnalysisTests/analysis/test_wbridge.py::TestWaterBridgeAnalysis::test_nodata\n  /usr/local/lib/python3.10/dist-packages/MDAnalysis/analysis/hydrogenbonds/wbridge_analysis.py:2074: MissingDataWarning: No data computed, do run() first.\n    warnings.warn(msg, category=MissingDataWarning)\n\ntestsuite/MDAnalysisTests/analysis/test_wbridge.py: 36 warnings\n  /usr/local/lib/python3.10/dist-packages/MDAnalysis/analysis/hydrogenbonds/wbridge_analysis.py:1399: UserWarning: Reader has no dt information, set to 1.0 ps\n    self.timesteps.append(self._ts.time)\n\ntestsuite/MDAnalysisTests/auxiliary/test_core.py: 1 warning\ntestsuite/MDAnalysisTests/auxiliary/test_xvg.py: 16 warnings\n  /usr/local/lib/python3.10/dist-packages/MDAnalysis/auxiliary/base.py:182: UserWarning: AuxStep does not support time selection. Reverting to default\n    warnings.warn(\n\ntestsuite/MDAnalysisTests/auxiliary/test_xvg.py: 20 warnings\n  /usr/local/lib/python3.10/dist-packages/MDAnalysis/auxiliary/base.py:223: UserWarning: AuxStep does not support data selection. Reverting to default\n    warnings.warn(\n\ntestsuite/MDAnalysisTests/converters/test_parmed.py: 1 warning\ntestsuite/MDAnalysisTests/coordinates/test_dcd.py: 1 warning\ntestsuite/MDAnalysisTests/coordinates/test_netcdf.py: 102 warnings\ntestsuite/MDAnalysisTests/coordinates/test_timestep_api.py: 5 warnings\ntestsuite/MDAnalysisTests/coordinates/test_trj.py: 3 warnings\ntestsuite/MDAnalysisTests/coordinates/test_windows.py: 2 warnings\ntestsuite/MDAnalysisTests/core/test_atomselections.py: 3 warnings\ntestsuite/MDAnalysisTests/topology/test_top.py: 63 warnings\ntestsuite/MDAnalysisTests/topology/test_topology_str_types.py: 10 warnings\n  /usr/local/lib/python3.10/dist-packages/MDAnalysis/topology/TOPParser.py:332: UserWarning: ATOMIC_NUMBER record not found, elements attribute will not be populated. If needed these can be guessed using universe.guess_TopologyAttrs(to_guess=['elements']).\n    warnings.warn(msg)\n\ntestsuite/MDAnalysisTests/converters/test_parmed.py: 1 warning\ntestsuite/MDAnalysisTests/topology/test_top.py: 6 warnings\ntestsuite/MDAnalysisTests/topology/test_topology_str_types.py: 5 warnings\n  /usr/local/lib/python3.10/dist-packages/MDAnalysis/core/universe.py:272: UserWarning: No coordinate reader found for /app/repo_to_process/testsuite/MDAnalysisTests/data/Amber/ache.prmtop. Skipping this file.\n    warnings.warn(\n\ntestsuite/MDAnalysisTests/converters/test_parmed.py::TestParmEdConverterPSF::test_equivalent_connectivity_counts\ntestsuite/MDAnalysisTests/topology/test_psf.py::TestNAMDPSFParser::test_creates_universe\ntestsuite/MDAnalysisTests/topology/test_psf.py::TestNAMDPSFParser::test_guessed_attributes\n  /usr/local/lib/python3.10/dist-packages/MDAnalysis/core/universe.py:272: UserWarning: No coordinate reader found for /app/repo_to_process/testsuite/MDAnalysisTests/data/namd_cgenff.psf. Skipping this file.\n    warnings.warn(\n\ntestsuite/MDAnalysisTests/coordinates/test_chainreader.py: 24 warnings\ntestsuite/MDAnalysisTests/coordinates/test_copying.py: 7 warnings\ntestsuite/MDAnalysisTests/coordinates/test_gms.py: 3 warnings\ntestsuite/MDAnalysisTests/coordinates/test_gro.py: 12 warnings\ntestsuite/MDAnalysisTests/coordinates/test_lammps.py: 1 warning\ntestsuite/MDAnalysisTests/coordinates/test_namdbin.py: 1 warning\ntestsuite/MDAnalysisTests/coordinates/test_netcdf.py: 2 warnings\ntestsuite/MDAnalysisTests/coordinates/test_pdb.py: 5 warnings\ntestsuite/MDAnalysisTests/coordinates/test_pqr.py: 1 warning\ntestsuite/MDAnalysisTests/coordinates/test_timestep_api.py: 13 warnings\ntestsuite/MDAnalysisTests/coordinates/test_xyz.py: 6 warnings\ntestsuite/MDAnalysisTests/core/test_universe.py: 1 warning\ntestsuite/MDAnalysisTests/parallelism/test_multiprocessing.py: 4 warnings\ntestsuite/MDAnalysisTests/utils/test_persistence.py: 5 warnings\n  /usr/local/lib/python3.10/dist-packages/MDAnalysis/coordinates/base.py:728: UserWarning: Reader has no dt information, set to 1.0 ps\n    return self.ts.dt\n\ntestsuite/MDAnalysisTests/coordinates/test_chainreader.py: 1 warning\ntestsuite/MDAnalysisTests/coordinates/test_lammps.py: 38 warnings\ntestsuite/MDAnalysisTests/coordinates/test_windows.py: 28 warnings\ntestsuite/MDAnalysisTests/parallelism/test_multiprocessing.py: 1 warning\ntestsuite/MDAnalysisTests/topology/test_lammpsdata.py: 10 warnings\n  /usr/local/lib/python3.10/dist-packages/MDAnalysis/coordinates/LAMMPS.py:751: UserWarning: Reader has no dt information, set to 1.0 ps\n    ts.data[\"time\"] = step_num * ts.dt\n\ntestsuite/MDAnalysisTests/coordinates/test_chainreader.py::TestChainReaderContinuous::test_missing\ntestsuite/MDAnalysisTests/coordinates/test_trc.py::TestTRCReaderVacuumBox::test_initial_frame_is_0\ntestsuite/MDAnalysisTests/coordinates/test_trc.py::TestTRCReaderVacuumBoxWhitespace::test_initial_frame_is_0\n  /usr/local/lib/python3.10/dist-packages/MDAnalysis/coordinates/chain.py:391: UserWarning: Missing frame in continuous chain\n    warnings.warn(\n\ntestsuite/MDAnalysisTests/coordinates/test_chainreader.py::TestChainReaderContinuous::test_unsupported_filetypes\n  /usr/local/lib/python3.10/dist-packages/_pytest/unraisableexception.py:67: PytestUnraisableExceptionWarning: Exception ignored in: <function ReaderBase.__del__ at 0x7fc48ce3eb00>\n  \n  Traceback (most recent call last):\n    File \"/usr/local/lib/python3.10/dist-packages/MDAnalysis/coordinates/base.py\", line 1531, in __del__\n      self.close()\n    File \"/usr/local/lib/python3.10/dist-packages/MDAnalysis/coordinates/chain.py\", line 656, in close\n      self._apply(\"close\")\n    File \"/usr/local/lib/python3.10/dist-packages/MDAnalysis/coordinates/chain.py\", line 558, in _apply\n      for reader in self.readers\n  AttributeError: 'ChainReader' object has no attribute 'readers'\n  \n  Enable tracemalloc to get traceback where the object was allocated.\n  See https://docs.pytest.org/en/stable/how-to/capture-warnings.html#resource-warnings for more info.\n    warnings.warn(pytest.PytestUnraisableExceptionWarning(msg))\n\ntestsuite/MDAnalysisTests/coordinates/test_copying.py: 16 warnings\ntestsuite/MDAnalysisTests/coordinates/test_mmtf.py: 3 warnings\ntestsuite/MDAnalysisTests/coordinates/test_pdb.py: 1 warning\ntestsuite/MDAnalysisTests/core/test_topologyattrs.py: 5 warnings\ntestsuite/MDAnalysisTests/parallelism/test_multiprocessing.py: 1 warning\ntestsuite/MDAnalysisTests/topology/test_mmtf.py: 46 warnings\ntestsuite/MDAnalysisTests/topology/test_topology_str_types.py: 5 warnings\n  /usr/local/lib/python3.10/dist-packages/MDAnalysis/coordinates/MMTF.py:77: DeprecationWarning: The MMTF Reader is deprecated and will be removed in MDAnalysis version 3.0.0\n    warnings.warn(wmsg, DeprecationWarning)\n\ntestsuite/MDAnalysisTests/coordinates/test_copying.py: 1 warning\ntestsuite/MDAnalysisTests/coordinates/test_gro.py: 214 warnings\ntestsuite/MDAnalysisTests/coordinates/test_xyz.py: 300 warnings\n  /usr/local/lib/python3.10/dist-packages/MDAnalysis/auxiliary/base.py:632: UserWarning: Reader has no dt information, set to 1.0 ps\n    time_frame_0 = ts.time - ts.frame * ts.dt  # assumes ts.dt is constant\n\ntestsuite/MDAnalysisTests/coordinates/test_copying.py: 1 warning\ntestsuite/MDAnalysisTests/coordinates/test_gro.py: 214 warnings\ntestsuite/MDAnalysisTests/coordinates/test_xyz.py: 300 warnings\n  /usr/local/lib/python3.10/dist-packages/MDAnalysis/auxiliary/base.py:635: UserWarning: Reader has no dt information, set to 1.0 ps\n    math.floor((time_step - time_frame_0 + ts.dt / 2.0) / ts.dt)\n\ntestsuite/MDAnalysisTests/coordinates/test_copying.py: 1 warning\ntestsuite/MDAnalysisTests/coordinates/test_gro.py: 160 warnings\ntestsuite/MDAnalysisTests/coordinates/test_xyz.py: 124 warnings\n  /usr/local/lib/python3.10/dist-packages/MDAnalysis/auxiliary/base.py:662: UserWarning: Reader has no dt information, set to 1.0 ps\n    math.floor((ts.time - ts.dt / 2 - self.initial_time) / self.dt)\n\ntestsuite/MDAnalysisTests/coordinates/test_copying.py: 1 warning\ntestsuite/MDAnalysisTests/coordinates/test_gro.py: 151 warnings\ntestsuite/MDAnalysisTests/coordinates/test_xyz.py: 136 warnings\n  /usr/local/lib/python3.10/dist-packages/MDAnalysis/auxiliary/base.py:486: UserWarning: Reader has no dt information, set to 1.0 ps\n    self._add_step_to_frame_data(ts.time)\n\ntestsuite/MDAnalysisTests/coordinates/test_crd.py::TestCRDWriterMissingAttrs::test_write[resnames]\n  /usr/local/lib/python3.10/dist-packages/MDAnalysis/coordinates/CRD.py:265: UserWarning: Supplied AtomGroup was missing the following attributes: resnames, tempfactors. These will be written with default values. \n    warnings.warn(\n\ntestsuite/MDAnalysisTests/coordinates/test_crd.py::TestCRDWriterMissingAttrs::test_write[resids]\n  /usr/local/lib/python3.10/dist-packages/MDAnalysis/coordinates/CRD.py:265: UserWarning: Supplied AtomGroup was missing the following attributes: resids, tempfactors. These will be written with default values. \n    warnings.warn(\n\ntestsuite/MDAnalysisTests/coordinates/test_crd.py::TestCRDWriterMissingAttrs::test_write[names]\n  /usr/local/lib/python3.10/dist-packages/MDAnalysis/coordinates/CRD.py:265: UserWarning: Supplied AtomGroup was missing the following attributes: names, tempfactors. These will be written with default values. \n    warnings.warn(\n\ntestsuite/MDAnalysisTests/coordinates/test_crd.py::TestCRDWriterMissingAttrs::test_write[tempfactors]\n  /usr/local/lib/python3.10/dist-packages/MDAnalysis/coordinates/CRD.py:265: UserWarning: Supplied AtomGroup was missing the following attributes: tempfactors, tempfactors. These will be written with default values. \n    warnings.warn(\n\ntestsuite/MDAnalysisTests/coordinates/test_dcd.py: 5 warnings\ntestsuite/MDAnalysisTests/coordinates/test_fhiaims.py: 3 warnings\ntestsuite/MDAnalysisTests/coordinates/test_gro.py: 23 warnings\ntestsuite/MDAnalysisTests/coordinates/test_namdbin.py: 3 warnings\ntestsuite/MDAnalysisTests/coordinates/test_timestep_api.py: 7 warnings\ntestsuite/MDAnalysisTests/coordinates/test_xdr.py: 10 warnings\ntestsuite/MDAnalysisTests/coordinates/test_xyz.py: 24 warnings\n  /app/repo_to_process/testsuite/MDAnalysisTests/coordinates/base.py:915: UserWarning: Reader has no dt information, set to 1.0 ps\n    if not np.allclose(A.time, B.time):\n\ntestsuite/MDAnalysisTests/coordinates/test_dcd.py::TestDCDReader::test_timeseries_asel_shape[index 1]\ntestsuite/MDAnalysisTests/coordinates/test_dcd.py::TestDCDReader::test_timeseries_asel_shape[index 2]\ntestsuite/MDAnalysisTests/coordinates/test_dcd.py::TestDCDReader::test_timeseries_asel_shape[index 1 to 3]\ntestsuite/MDAnalysisTests/coordinates/test_dcd.py::TestDCDReader::test_timeseries_empty_asel\ntestsuite/MDAnalysisTests/coordinates/test_dcd.py::TestDCDReader::test_timeseries_atomgroup_asel_mutex\ntestsuite/MDAnalysisTests/coordinates/test_dcd.py::test_timeseries_atomindices[indices0]\ntestsuite/MDAnalysisTests/coordinates/test_dcd.py::test_timeseries_atomindices[indices1]\ntestsuite/MDAnalysisTests/coordinates/test_dcd.py::test_timeseries_atomindices[indices2]\ntestsuite/MDAnalysisTests/coordinates/test_memory.py::TestMemoryReader::test_filename_array\n  /usr/local/lib/python3.10/dist-packages/MDAnalysis/coordinates/DCD.py:332: DeprecationWarning: asel argument to timeseries will be renamed to'atomgroup' in 3.0, see #3911\n    warnings.warn(\n\ntestsuite/MDAnalysisTests/coordinates/test_dcd.py::TestDCDReader::test_empty_dcd\n  /usr/local/lib/python3.10/dist-packages/_pytest/unraisableexception.py:67: PytestUnraisableExceptionWarning: Exception ignored in: <function ReaderBase.__del__ at 0x7fc48ce3eb00>\n  \n  Traceback (most recent call last):\n    File \"/usr/local/lib/python3.10/dist-packages/MDAnalysis/coordinates/base.py\", line 1531, in __del__\n      self.close()\n    File \"/usr/local/lib/python3.10/dist-packages/MDAnalysis/coordinates/DCD.py\", line 187, in close\n      self._file.close()\n  AttributeError: 'DCDReader' object has no attribute '_file'\n  \n  Enable tracemalloc to get traceback where the object was allocated.\n  See https://docs.pytest.org/en/stable/how-to/capture-warnings.html#resource-warnings for more info.\n    warnings.warn(pytest.PytestUnraisableExceptionWarning(msg))\n\ntestsuite/MDAnalysisTests/coordinates/test_dcd.py::TestDCDWriter::test_no_container\ntestsuite/MDAnalysisTests/coordinates/test_dcd.py::test_write_no_natoms\ntestsuite/MDAnalysisTests/coordinates/test_lammps.py::TestLAMMPSDCDWriterClass::test_wrong_time_unit\ntestsuite/MDAnalysisTests/coordinates/test_lammps.py::TestLAMMPSDCDWriterClass::test_wrong_unit\n  /usr/local/lib/python3.10/dist-packages/_pytest/unraisableexception.py:67: PytestUnraisableExceptionWarning: Exception ignored in: <function DCDWriter.__del__ at 0x7fc48ce4e680>\n  \n  Traceback (most recent call last):\n    File \"/usr/local/lib/python3.10/dist-packages/MDAnalysis/coordinates/DCD.py\", line 516, in __del__\n      self.close()\n    File \"/usr/local/lib/python3.10/dist-packages/MDAnalysis/coordinates/DCD.py\", line 513, in close\n      self._file.close()\n  AttributeError: 'DCDWriter' object has no attribute '_file'\n  \n  Enable tracemalloc to get traceback where the object was allocated.\n  See https://docs.pytest.org/en/stable/how-to/capture-warnings.html#resource-warnings for more info.\n    warnings.warn(pytest.PytestUnraisableExceptionWarning(msg))\n\ntestsuite/MDAnalysisTests/coordinates/test_dms.py: 1 warning\ntestsuite/MDAnalysisTests/coordinates/test_fhiaims.py: 1 warning\ntestsuite/MDAnalysisTests/coordinates/test_gro.py: 1 warning\ntestsuite/MDAnalysisTests/coordinates/test_namdbin.py: 1 warning\ntestsuite/MDAnalysisTests/coordinates/test_pdb.py: 5 warnings\ntestsuite/MDAnalysisTests/coordinates/test_pdbqt.py: 1 warning\ntestsuite/MDAnalysisTests/coordinates/test_pqr.py: 1 warning\n  /usr/local/lib/python3.10/dist-packages/MDAnalysis/coordinates/base.py:757: UserWarning: Reader has no dt information, set to 1.0 ps\n    return self.ts.time\n\ntestsuite/MDAnalysisTests/coordinates/test_fhiaims.py::TestFHIAIMSWriter::test_writer_no_atom_names\ntestsuite/MDAnalysisTests/coordinates/test_writer_api.py::test_write_with_atomgroup[FHIAIMSWriter]\ntestsuite/MDAnalysisTests/coordinates/test_writer_api.py::test_write_with_universe[FHIAIMSWriter]\n  /usr/local/lib/python3.10/dist-packages/MDAnalysis/coordinates/FHIAIMS.py:294: UserWarning: Supplied AtomGroup was missing the following attributes: names, ids. These will be written with default values. \n    warnings.warn(\n\ntestsuite/MDAnalysisTests/coordinates/test_gro.py::TestGROReader::test_ts_dt_matches_reader\ntestsuite/MDAnalysisTests/coordinates/test_gro.py::TestGROReaderNoConversion::test_ts_dt_matches_reader\ntestsuite/MDAnalysisTests/coordinates/test_gro.py::TestGROReaderIncompleteVelocities::test_ts_dt_matches_reader\ntestsuite/MDAnalysisTests/coordinates/test_gro.py::TestGROBZ2Reader::test_ts_dt_matches_reader\ntestsuite/MDAnalysisTests/coordinates/test_xyz.py::TestXYZReader::test_ts_dt_matches_reader\ntestsuite/MDAnalysisTests/coordinates/test_xyz.py::Test_XYZBZReader::test_ts_dt_matches_reader\n  /app/repo_to_process/testsuite/MDAnalysisTests/coordinates/base.py:328: UserWarning: Reader has no dt information, set to 1.0 ps\n    assert_equal(reader.ts.dt, reader.dt)\n\ntestsuite/MDAnalysisTests/coordinates/test_gro.py: 4 warnings\ntestsuite/MDAnalysisTests/coordinates/test_xyz.py: 6 warnings\n  /usr/local/lib/python3.10/dist-packages/MDAnalysis/auxiliary/base.py:640: UserWarning: Reader has no dt information, set to 1.0 ps\n    time_frame = time_frame_0 + frame_index * ts.dt\n\ntestsuite/MDAnalysisTests/coordinates/test_gro.py::TestGROReader::test_pickle_reader\ntestsuite/MDAnalysisTests/coordinates/test_gro.py::TestGROReaderNoConversion::test_pickle_reader\ntestsuite/MDAnalysisTests/coordinates/test_gro.py::TestGROReaderIncompleteVelocities::test_pickle_reader\ntestsuite/MDAnalysisTests/coordinates/test_gro.py::TestGROBZ2Reader::test_pickle_reader\ntestsuite/MDAnalysisTests/coordinates/test_xyz.py::TestXYZReader::test_pickle_reader\ntestsuite/MDAnalysisTests/coordinates/test_xyz.py::Test_XYZBZReader::test_pickle_reader\n  /app/repo_to_process/testsuite/MDAnalysisTests/coordinates/base.py:549: UserWarning: Reader has no dt information, set to 1.0 ps\n    reader_p = pickle.loads(pickle.dumps(reader))\n\ntestsuite/MDAnalysisTests/coordinates/test_gro.py::TestGROReader::test_pickle_reader\ntestsuite/MDAnalysisTests/coordinates/test_gro.py::TestGROReaderNoConversion::test_pickle_reader\ntestsuite/MDAnalysisTests/coordinates/test_gro.py::TestGROReaderIncompleteVelocities::test_pickle_reader\ntestsuite/MDAnalysisTests/coordinates/test_gro.py::TestGROBZ2Reader::test_pickle_reader\ntestsuite/MDAnalysisTests/coordinates/test_xyz.py::TestXYZReader::test_pickle_reader\ntestsuite/MDAnalysisTests/coordinates/test_xyz.py::Test_XYZBZReader::test_pickle_reader\n  /app/repo_to_process/testsuite/MDAnalysisTests/coordinates/base.py:554: UserWarning: Reader has no dt information, set to 1.0 ps\n    reader_p_p = pickle.loads(pickle.dumps(reader_p))\n\ntestsuite/MDAnalysisTests/coordinates/test_gro.py::TestGROReader::test_pickle_reader\ntestsuite/MDAnalysisTests/coordinates/test_gro.py::TestGROReaderNoConversion::test_pickle_reader\ntestsuite/MDAnalysisTests/coordinates/test_gro.py::TestGROReaderIncompleteVelocities::test_pickle_reader\ntestsuite/MDAnalysisTests/coordinates/test_gro.py::TestGROBZ2Reader::test_pickle_reader\ntestsuite/MDAnalysisTests/coordinates/test_xyz.py::TestXYZReader::test_pickle_reader\ntestsuite/MDAnalysisTests/coordinates/test_xyz.py::Test_XYZBZReader::test_pickle_reader\n  /app/repo_to_process/testsuite/MDAnalysisTests/coordinates/base.py:562: UserWarning: Reader has no dt information, set to 1.0 ps\n    reader_p = pickle.loads(pickle.dumps(reader))\n\ntestsuite/MDAnalysisTests/coordinates/test_gro.py: 20 warnings\ntestsuite/MDAnalysisTests/coordinates/test_xdr.py: 10 warnings\ntestsuite/MDAnalysisTests/coordinates/test_xyz.py: 10 warnings\n  /usr/local/lib/python3.10/dist-packages/MDAnalysis/coordinates/base.py:1037: DeprecationWarning: asel argument to timeseries will be renamed to'atomgroup' in 3.0, see #3911\n    warnings.warn(\n\ntestsuite/MDAnalysisTests/coordinates/test_gro.py::TestGROWriter::test_write_no_resnames\n  /usr/local/lib/python3.10/dist-packages/MDAnalysis/coordinates/GRO.py:444: UserWarning: Supplied AtomGroup was missing the following attributes: resnames. These will be written with default values. Alternatively these can be supplied as keyword arguments.\n    warnings.warn(\n\ntestsuite/MDAnalysisTests/coordinates/test_gro.py: 4 warnings\ntestsuite/MDAnalysisTests/coordinates/test_writer_api.py: 2 warnings\ntestsuite/MDAnalysisTests/core/test_atomgroup.py: 8 warnings\n  /usr/local/lib/python3.10/dist-packages/MDAnalysis/coordinates/GRO.py:518: UserWarning: missing dimension - setting unit cell to zeroed box [0., 0., 0.]\n    warnings.warn(wmsg)\n\ntestsuite/MDAnalysisTests/coordinates/test_gro.py: 3 warnings\ntestsuite/MDAnalysisTests/core/test_atomgroup.py: 8 warnings\n  /usr/local/lib/python3.10/dist-packages/MDAnalysis/coordinates/GRO.py:245: UserWarning: Empty box [0., 0., 0.] found - treating as missing unit cell. Dimensions set to `None`.\n    warnings.warn(wmsg)\n\ntestsuite/MDAnalysisTests/coordinates/test_gro.py::TestGROWriter::test_write_no_resids\n  /usr/local/lib/python3.10/dist-packages/MDAnalysis/coordinates/GRO.py:444: UserWarning: Supplied AtomGroup was missing the following attributes: resids. These will be written with default values. Alternatively these can be supplied as keyword arguments.\n    warnings.warn(\n\ntestsuite/MDAnalysisTests/coordinates/test_gro.py::TestGROWriter::test_writer_no_atom_names\n  /usr/local/lib/python3.10/dist-packages/MDAnalysis/coordinates/GRO.py:444: UserWarning: Supplied AtomGroup was missing the following attributes: names. These will be written with default values. Alternatively these can be supplied as keyword arguments.\n    warnings.warn(\n\ntestsuite/MDAnalysisTests/coordinates/test_gro.py: 55 warnings\n  /usr/local/lib/python3.10/dist-packages/MDAnalysis/coordinates/GRO.py:229: UserWarning: Not all velocities were present.  Unset velocities set to zero.\n    warnings.warn(\n\ntestsuite/MDAnalysisTests/coordinates/test_gro.py::test_growriter_resid_truncation\n  /usr/local/lib/python3.10/dist-packages/MDAnalysis/coordinates/GRO.py:444: UserWarning: Supplied AtomGroup was missing the following attributes: names, resnames. These will be written with default values. Alternatively these can be supplied as keyword arguments.\n    warnings.warn(\n\ntestsuite/MDAnalysisTests/coordinates/test_h5md.py::TestH5PYNotInstalled::test_reader_no_h5py\n  /usr/local/lib/python3.10/dist-packages/_pytest/unraisableexception.py:67: PytestUnraisableExceptionWarning: Exception ignored in: <function ReaderBase.__del__ at 0x7fc48ce3eb00>\n  \n  Traceback (most recent call last):\n    File \"/usr/local/lib/python3.10/dist-packages/MDAnalysis/coordinates/base.py\", line 1529, in __del__\n      for aux in self.aux_list:\n    File \"/usr/local/lib/python3.10/dist-packages/MDAnalysis/coordinates/base.py\", line 1173, in aux_list\n      return self._auxs.keys()\n  AttributeError: 'H5MDReader' object has no attribute '_auxs'\n  \n  Enable tracemalloc to get traceback where the object was allocated.\n  See https://docs.pytest.org/en/stable/how-to/capture-warnings.html#resource-warnings for more info.\n    warnings.warn(pytest.PytestUnraisableExceptionWarning(msg))\n\ntestsuite/MDAnalysisTests/coordinates/test_lammps.py: 33 warnings\ntestsuite/MDAnalysisTests/coordinates/test_windows.py: 20 warnings\ntestsuite/MDAnalysisTests/topology/test_lammpsdata.py: 28 warnings\n  /usr/local/lib/python3.10/dist-packages/MDAnalysis/topology/LAMMPSParser.py:670: UserWarning: Guessed all Masses to 1.0\n    warnings.warn(\"Guessed all Masses to 1.0\")\n\ntestsuite/MDAnalysisTests/coordinates/test_lammps.py::TestLAMMPSDCDReader::test_wrong_time_unit\ntestsuite/MDAnalysisTests/coordinates/test_lammps.py::TestLAMMPSDCDReader::test_wrong_unit\n  /usr/local/lib/python3.10/dist-packages/_pytest/unraisableexception.py:67: PytestUnraisableExceptionWarning: Exception ignored in: <function ReaderBase.__del__ at 0x7fc48ce3eb00>\n  \n  Traceback (most recent call last):\n    File \"/usr/local/lib/python3.10/dist-packages/MDAnalysis/coordinates/base.py\", line 1529, in __del__\n      for aux in self.aux_list:\n    File \"/usr/local/lib/python3.10/dist-packages/MDAnalysis/coordinates/base.py\", line 1173, in aux_list\n      return self._auxs.keys()\n  AttributeError: 'DCDReader' object has no attribute '_auxs'\n  \n  Enable tracemalloc to get traceback where the object was allocated.\n  See https://docs.pytest.org/en/stable/how-to/capture-warnings.html#resource-warnings for more info.\n    warnings.warn(pytest.PytestUnraisableExceptionWarning(msg))\n\ntestsuite/MDAnalysisTests/coordinates/test_memory.py::TestMemoryReader::test_timeseries_subarray_view\n  /usr/local/lib/python3.10/dist-packages/MDAnalysis/coordinates/memory.py:570: DeprecationWarning: MemoryReader.timeseries inclusive `stop` indexing will be removed in 3.0 in favour of exclusive indexing\n    warnings.warn(\n\ntestsuite/MDAnalysisTests/coordinates/test_namdbin.py::TestNAMDBINReader::test_pickle_singleframe_reader\ntestsuite/MDAnalysisTests/coordinates/test_pdb.py::TestPDBReader::test_pickle_singleframe_reader\ntestsuite/MDAnalysisTests/coordinates/test_pdb.py::TestExtendedPDBReader::test_pickle_singleframe_reader\ntestsuite/MDAnalysisTests/coordinates/test_pdb.py::TestPSF_CRDReader::test_pickle_singleframe_reader\ntestsuite/MDAnalysisTests/coordinates/test_pdb.py::TestPSF_PDBReader::test_pickle_singleframe_reader\ntestsuite/MDAnalysisTests/coordinates/test_pqr.py::TestPQRReader::test_pickle_singleframe_reader\n  /app/repo_to_process/testsuite/MDAnalysisTests/coordinates/base.py:152: UserWarning: Reader has no dt information, set to 1.0 ps\n    reader_p = pickle.loads(pickle.dumps(reader))\n\ntestsuite/MDAnalysisTests/coordinates/test_namdbin.py::TestNAMDBINReader::test_pickle_singleframe_reader\ntestsuite/MDAnalysisTests/coordinates/test_pdb.py::TestPDBReader::test_pickle_singleframe_reader\ntestsuite/MDAnalysisTests/coordinates/test_pdb.py::TestExtendedPDBReader::test_pickle_singleframe_reader\ntestsuite/MDAnalysisTests/coordinates/test_pdb.py::TestPSF_CRDReader::test_pickle_singleframe_reader\ntestsuite/MDAnalysisTests/coordinates/test_pdb.py::TestPSF_PDBReader::test_pickle_singleframe_reader\ntestsuite/MDAnalysisTests/coordinates/test_pqr.py::TestPQRReader::test_pickle_singleframe_reader\n  /app/repo_to_process/testsuite/MDAnalysisTests/coordinates/base.py:153: UserWarning: Reader has no dt information, set to 1.0 ps\n    reader_p_p = pickle.loads(pickle.dumps(reader_p))\n\ntestsuite/MDAnalysisTests/coordinates/test_namdbin.py::TestNAMDBINReader::test_pickle_singleframe_reader\ntestsuite/MDAnalysisTests/coordinates/test_pdb.py::TestPDBReader::test_pickle_singleframe_reader\ntestsuite/MDAnalysisTests/coordinates/test_pdb.py::TestExtendedPDBReader::test_pickle_singleframe_reader\ntestsuite/MDAnalysisTests/coordinates/test_pdb.py::TestPSF_CRDReader::test_pickle_singleframe_reader\ntestsuite/MDAnalysisTests/coordinates/test_pdb.py::TestPSF_PDBReader::test_pickle_singleframe_reader\ntestsuite/MDAnalysisTests/coordinates/test_pqr.py::TestPQRReader::test_pickle_singleframe_reader\n  /app/repo_to_process/testsuite/MDAnalysisTests/coordinates/base.py:167: UserWarning: Reader has no dt information, set to 1.0 ps\n    reader_p = pickle.loads(pickle.dumps(reader))\n\ntestsuite/MDAnalysisTests/coordinates/test_netcdf.py::TestNCDFReader4::test_chain_times\n  /usr/local/lib/python3.10/dist-packages/MDAnalysis/coordinates/TRJ.py:554: UserWarning: NCDF trajectory does not contain `time` information; `time` will be set as an increasing index\n    warnings.warn(wmsg)\n\ntestsuite/MDAnalysisTests/coordinates/test_netcdf.py::TestNCDFReader4::test_chain_times\ntestsuite/MDAnalysisTests/coordinates/test_netcdf.py::TestNCDFReader4::test_warn_user_no_time_information\n  /usr/local/lib/python3.10/dist-packages/MDAnalysis/coordinates/TRJ.py:667: UserWarning: Reader has no dt information, set to 1.0 ps\n    ts.time)  # in-place ! (hope this works...)\n\ntestsuite/MDAnalysisTests/coordinates/test_netcdf.py::TestNCDFReader4::test_chain_times\n  /app/repo_to_process/testsuite/MDAnalysisTests/coordinates/test_netcdf.py:375: UserWarning: Reader has no dt information, set to 1.0 ps\n    time_list = [ts.time for ts in u.trajectory]\n\ntestsuite/MDAnalysisTests/coordinates/test_netcdf.py::TestNCDFReader4::test_dt\n  /app/repo_to_process/testsuite/MDAnalysisTests/coordinates/test_netcdf.py:381: UserWarning: Reader has no dt information, set to 1.0 ps\n    assert u.trajectory.ts.dt == pytest.approx(ref)\n\ntestsuite/MDAnalysisTests/coordinates/test_netcdf.py::TestNCDFWriter::test_write_trajectory_netCDF4\ntestsuite/MDAnalysisTests/coordinates/test_netcdf.py::TestNCDFWriterTZ2::test_write_trajectory_netCDF4\n  /app/repo_to_process/testsuite/MDAnalysisTests/coordinates/test_netcdf.py:806: RuntimeWarning: Cannot close a netcdf_file opened with mmap=True, when netcdf_variables or arrays referring to its data still exist. All data arrays obtained from such files refer directly to data on disk, and must be copied before the file can be cleanly closed. (See netcdf_file docstring for more information on mmap.)\n    return self._test_write_trajectory(universe, outfile)\n\ntestsuite/MDAnalysisTests/coordinates/test_netcdf.py::TestNCDFWriter::test_write_trajectory_netcdf\ntestsuite/MDAnalysisTests/coordinates/test_netcdf.py::TestNCDFWriterTZ2::test_write_trajectory_netcdf\ntestsuite/MDAnalysisTests/coordinates/test_netcdf.py::TestScipyScaleFactors::test_write_read_factors_default\ntestsuite/MDAnalysisTests/coordinates/test_netcdf.py::TestScipyScaleFactors::test_write_read_write[-2.0--2.0--2.0--2.0--2.0--2.0]\ntestsuite/MDAnalysisTests/coordinates/test_netcdf.py::TestScipyScaleFactors::test_write_read_write[1.0-1.0-1.0-1.0-1.0-1.0]\ntestsuite/MDAnalysisTests/coordinates/test_netcdf.py::TestScipyScaleFactors::test_write_read_write[2.0-4.0-8.0-16.0-32.0-64.0]\n  /usr/local/lib/python3.10/dist-packages/MDAnalysis/coordinates/TRJ.py:969: UserWarning: Could not find netCDF4 module. Falling back to MUCH slower scipy.io.netcdf implementation for writing.\n    warnings.warn(wmsg)\n\ntestsuite/MDAnalysisTests/coordinates/test_netcdf.py::TestNCDFWriter::test_write_trajectory_netcdf\ntestsuite/MDAnalysisTests/coordinates/test_netcdf.py::TestNCDFWriterTZ2::test_write_trajectory_netcdf\n  /app/repo_to_process/testsuite/MDAnalysisTests/coordinates/test_netcdf.py:820: RuntimeWarning: Cannot close a netcdf_file opened with mmap=True, when netcdf_variables or arrays referring to its data still exist. All data arrays obtained from such files refer directly to data on disk, and must be copied before the file can be cleanly closed. (See netcdf_file docstring for more information on mmap.)\n    return self._test_write_trajectory(universe, outfile)\n\ntestsuite/MDAnalysisTests/coordinates/test_netcdf.py: 2 warnings\ntestsuite/MDAnalysisTests/coordinates/test_pdb.py: 17 warnings\ntestsuite/MDAnalysisTests/coordinates/test_trz.py: 1 warning\ntestsuite/MDAnalysisTests/coordinates/test_writer_api.py: 4 warnings\ntestsuite/MDAnalysisTests/core/test_atomgroup.py: 15 warnings\ntestsuite/MDAnalysisTests/transformations/test_nojump.py: 1 warning\ntestsuite/MDAnalysisTests/utils/test_modelling.py: 2 warnings\n  /usr/local/lib/python3.10/dist-packages/MDAnalysis/coordinates/PDB.py:1282: UserWarning: Found no information for attr: 'altLocs' Using default value of ' '\n    warnings.warn(\n\ntestsuite/MDAnalysisTests/coordinates/test_netcdf.py: 2 warnings\ntestsuite/MDAnalysisTests/coordinates/test_pdb.py: 17 warnings\ntestsuite/MDAnalysisTests/coordinates/test_trz.py: 1 warning\ntestsuite/MDAnalysisTests/coordinates/test_writer_api.py: 4 warnings\ntestsuite/MDAnalysisTests/core/test_atomgroup.py: 15 warnings\ntestsuite/MDAnalysisTests/transformations/test_nojump.py: 1 warning\ntestsuite/MDAnalysisTests/utils/test_modelling.py: 2 warnings\n  /usr/local/lib/python3.10/dist-packages/MDAnalysis/coordinates/PDB.py:1282: UserWarning: Found no information for attr: 'icodes' Using default value of ' '\n    warnings.warn(\n\ntestsuite/MDAnalysisTests/coordinates/test_netcdf.py: 2 warnings\ntestsuite/MDAnalysisTests/coordinates/test_pdb.py: 19 warnings\ntestsuite/MDAnalysisTests/coordinates/test_trz.py: 1 warning\ntestsuite/MDAnalysisTests/coordinates/test_writer_api.py: 4 warnings\ntestsuite/MDAnalysisTests/core/test_atomgroup.py: 15 warnings\ntestsuite/MDAnalysisTests/transformations/test_nojump.py: 1 warning\ntestsuite/MDAnalysisTests/utils/test_modelling.py: 2 warnings\n  /usr/local/lib/python3.10/dist-packages/MDAnalysis/coordinates/PDB.py:1282: UserWarning: Found no information for attr: 'chainIDs' Using default value of ''\n    warnings.warn(\n\ntestsuite/MDAnalysisTests/coordinates/test_netcdf.py: 2 warnings\ntestsuite/MDAnalysisTests/coordinates/test_pdb.py: 17 warnings\ntestsuite/MDAnalysisTests/coordinates/test_trz.py: 1 warning\ntestsuite/MDAnalysisTests/coordinates/test_writer_api.py: 4 warnings\ntestsuite/MDAnalysisTests/core/test_atomgroup.py: 15 warnings\ntestsuite/MDAnalysisTests/transformations/test_nojump.py: 1 warning\ntestsuite/MDAnalysisTests/utils/test_modelling.py: 2 warnings\n  /usr/local/lib/python3.10/dist-packages/MDAnalysis/coordinates/PDB.py:1282: UserWarning: Found no information for attr: 'occupancies' Using default value of '1.0'\n    warnings.warn(\n\ntestsuite/MDAnalysisTests/coordinates/test_netcdf.py: 2 warnings\ntestsuite/MDAnalysisTests/coordinates/test_pdb.py: 17 warnings\ntestsuite/MDAnalysisTests/coordinates/test_trz.py: 1 warning\ntestsuite/MDAnalysisTests/coordinates/test_writer_api.py: 4 warnings\ntestsuite/MDAnalysisTests/core/test_atomgroup.py: 15 warnings\ntestsuite/MDAnalysisTests/transformations/test_nojump.py: 1 warning\ntestsuite/MDAnalysisTests/utils/test_modelling.py: 2 warnings\n  /usr/local/lib/python3.10/dist-packages/MDAnalysis/coordinates/PDB.py:1282: UserWarning: Found no information for attr: 'tempfactors' Using default value of '0.0'\n    warnings.warn(\n\ntestsuite/MDAnalysisTests/coordinates/test_netcdf.py: 2 warnings\ntestsuite/MDAnalysisTests/coordinates/test_pdb.py: 22 warnings\ntestsuite/MDAnalysisTests/coordinates/test_trz.py: 1 warning\ntestsuite/MDAnalysisTests/coordinates/test_writer_api.py: 4 warnings\ntestsuite/MDAnalysisTests/core/test_atomgroup.py: 15 warnings\ntestsuite/MDAnalysisTests/transformations/test_nojump.py: 1 warning\ntestsuite/MDAnalysisTests/utils/test_modelling.py: 2 warnings\n  /usr/local/lib/python3.10/dist-packages/MDAnalysis/coordinates/PDB.py:1282: UserWarning: Found no information for attr: 'elements' Using default value of ' '\n    warnings.warn(\n\ntestsuite/MDAnalysisTests/coordinates/test_netcdf.py: 2 warnings\ntestsuite/MDAnalysisTests/coordinates/test_pdb.py: 16 warnings\ntestsuite/MDAnalysisTests/coordinates/test_trz.py: 1 warning\ntestsuite/MDAnalysisTests/coordinates/test_writer_api.py: 4 warnings\ntestsuite/MDAnalysisTests/core/test_atomgroup.py: 15 warnings\ntestsuite/MDAnalysisTests/transformations/test_nojump.py: 1 warning\ntestsuite/MDAnalysisTests/utils/test_modelling.py: 2 warnings\n  /usr/local/lib/python3.10/dist-packages/MDAnalysis/coordinates/PDB.py:1282: UserWarning: Found no information for attr: 'record_types' Using default value of 'ATOM'\n    warnings.warn(\n\ntestsuite/MDAnalysisTests/coordinates/test_netcdf.py: 2 warnings\ntestsuite/MDAnalysisTests/coordinates/test_pdb.py: 32 warnings\ntestsuite/MDAnalysisTests/coordinates/test_trz.py: 1 warning\ntestsuite/MDAnalysisTests/coordinates/test_writer_api.py: 4 warnings\ntestsuite/MDAnalysisTests/core/test_atomgroup.py: 15 warnings\ntestsuite/MDAnalysisTests/topology/test_altloc.py: 1 warning\ntestsuite/MDAnalysisTests/transformations/test_nojump.py: 1 warning\ntestsuite/MDAnalysisTests/utils/test_modelling.py: 3 warnings\n  /usr/local/lib/python3.10/dist-packages/MDAnalysis/coordinates/PDB.py:1282: UserWarning: Found no information for attr: 'formalcharges' Using default value of '0'\n    warnings.warn(\n\ntestsuite/MDAnalysisTests/coordinates/test_netcdf.py: 2 warnings\ntestsuite/MDAnalysisTests/coordinates/test_pdb.py: 28 warnings\ntestsuite/MDAnalysisTests/coordinates/test_trz.py: 1 warning\ntestsuite/MDAnalysisTests/coordinates/test_writer_api.py: 4 warnings\ntestsuite/MDAnalysisTests/core/test_atomgroup.py: 15 warnings\ntestsuite/MDAnalysisTests/transformations/test_nojump.py: 1 warning\ntestsuite/MDAnalysisTests/utils/test_modelling.py: 2 warnings\n  /usr/local/lib/python3.10/dist-packages/MDAnalysis/coordinates/PDB.py:1336: UserWarning: Found missing chainIDs. Corresponding atoms will use value of 'X'\n    warnings.warn(\n\ntestsuite/MDAnalysisTests/coordinates/test_netcdf.py::TestNCDFWriterUnits::test_writer_units[coordinates-angstrom]\ntestsuite/MDAnalysisTests/coordinates/test_netcdf.py::TestNCDFWriterUnits::test_writer_units[time-picosecond]\ntestsuite/MDAnalysisTests/coordinates/test_netcdf.py::TestNCDFWriterUnits::test_writer_units[cell_lengths-angstrom]\ntestsuite/MDAnalysisTests/coordinates/test_netcdf.py::TestNCDFWriterUnits::test_writer_units[cell_angles-degree]\ntestsuite/MDAnalysisTests/coordinates/test_netcdf.py::TestNCDFWriterUnits::test_writer_units[velocities-angstrom/picosecond]\ntestsuite/MDAnalysisTests/coordinates/test_netcdf.py::TestNCDFWriterUnits::test_writer_units[forces-kilocalorie/mole/angstrom]\n  /usr/local/lib/python3.10/dist-packages/MDAnalysis/coordinates/TRJ.py:1134: UserWarning: Reader has no dt information, set to 1.0 ps\n    time = ts.time\n\ntestsuite/MDAnalysisTests/coordinates/test_netcdf.py::TestNCDFWriterErrorsWarnings::test_zero_atoms_VE\n  /usr/local/lib/python3.10/dist-packages/_pytest/unraisableexception.py:67: PytestUnraisableExceptionWarning: Exception ignored in: <function WriterBase.__del__ at 0x7fc48ce3ed40>\n  \n  Traceback (most recent call last):\n    File \"/usr/local/lib/python3.10/dist-packages/MDAnalysis/coordinates/base.py\", line 1611, in __del__\n      self.close()\n    File \"/usr/local/lib/python3.10/dist-packages/MDAnalysis/coordinates/TRJ.py\", line 1184, in close\n      if self.trjfile is not None:\n  AttributeError: 'NCDFWriter' object has no attribute 'trjfile'\n  \n  Enable tracemalloc to get traceback where the object was allocated.\n  See https://docs.pytest.org/en/stable/how-to/capture-warnings.html#resource-warnings for more info.\n    warnings.warn(pytest.PytestUnraisableExceptionWarning(msg))\n\ntestsuite/MDAnalysisTests/coordinates/test_pdb.py: 23 warnings\ntestsuite/MDAnalysisTests/coordinates/test_writer_api.py: 4 warnings\ntestsuite/MDAnalysisTests/core/test_atomgroup.py: 15 warnings\ntestsuite/MDAnalysisTests/utils/test_modelling.py: 1 warning\n  /usr/local/lib/python3.10/dist-packages/MDAnalysis/coordinates/PDB.py:885: UserWarning: Unit cell dimensions not found. CRYST1 record set to unitary values.\n    warnings.warn(\n\ntestsuite/MDAnalysisTests/coordinates/test_pdb.py::TestPDBWriter::test_writer_no_resnames\ntestsuite/MDAnalysisTests/coordinates/test_writer_api.py::test_write_with_atomgroup[MultiPDBWriter]\ntestsuite/MDAnalysisTests/coordinates/test_writer_api.py::test_write_with_atomgroup[PDBWriter]\ntestsuite/MDAnalysisTests/coordinates/test_writer_api.py::test_write_with_universe[MultiPDBWriter]\ntestsuite/MDAnalysisTests/coordinates/test_writer_api.py::test_write_with_universe[PDBWriter]\ntestsuite/MDAnalysisTests/transformations/test_nojump.py::test_nojump_iterate_twice\n  /usr/local/lib/python3.10/dist-packages/MDAnalysis/coordinates/PDB.py:1282: UserWarning: Found no information for attr: 'resnames' Using default value of 'UNK'\n    warnings.warn(\n\ntestsuite/MDAnalysisTests/coordinates/test_pdb.py: 8 warnings\ntestsuite/MDAnalysisTests/coordinates/test_writer_api.py: 4 warnings\ntestsuite/MDAnalysisTests/transformations/test_nojump.py: 1 warning\n  /usr/local/lib/python3.10/dist-packages/MDAnalysis/coordinates/PDB.py:1282: UserWarning: Found no information for attr: 'segids' Using default value of ' '\n    warnings.warn(\n\ntestsuite/MDAnalysisTests/coordinates/test_pdb.py: 15 warnings\ntestsuite/MDAnalysisTests/core/test_atomgroup.py: 14 warnings\ntestsuite/MDAnalysisTests/core/test_atomselections.py: 1 warning\ntestsuite/MDAnalysisTests/core/test_topologyattrs.py: 1 warning\ntestsuite/MDAnalysisTests/topology/test_pdb.py: 1 warning\ntestsuite/MDAnalysisTests/utils/test_modelling.py: 1 warning\n  /usr/local/lib/python3.10/dist-packages/MDAnalysis/coordinates/PDB.py:479: UserWarning: 1 A^3 CRYST1 record, this is usually a placeholder. Unit cell dimensions will be set to None.\n    warnings.warn(\n\ntestsuite/MDAnalysisTests/coordinates/test_pdb.py::TestPDBWriter::test_writer_no_resids\ntestsuite/MDAnalysisTests/coordinates/test_writer_api.py::test_write_with_atomgroup[MultiPDBWriter]\ntestsuite/MDAnalysisTests/coordinates/test_writer_api.py::test_write_with_atomgroup[PDBWriter]\ntestsuite/MDAnalysisTests/coordinates/test_writer_api.py::test_write_with_universe[MultiPDBWriter]\ntestsuite/MDAnalysisTests/coordinates/test_writer_api.py::test_write_with_universe[PDBWriter]\ntestsuite/MDAnalysisTests/transformations/test_nojump.py::test_nojump_iterate_twice\n  /usr/local/lib/python3.10/dist-packages/MDAnalysis/coordinates/PDB.py:1282: UserWarning: Found no information for attr: 'resids' Using default value of '1'\n    warnings.warn(\n\ntestsuite/MDAnalysisTests/coordinates/test_pdb.py: 6 warnings\ntestsuite/MDAnalysisTests/coordinates/test_writer_api.py: 4 warnings\ntestsuite/MDAnalysisTests/transformations/test_nojump.py: 1 warning\n  /usr/local/lib/python3.10/dist-packages/MDAnalysis/coordinates/PDB.py:1282: UserWarning: Found no information for attr: 'names' Using default value of 'X'\n    warnings.warn(\n\ntestsuite/MDAnalysisTests/coordinates/test_pdb.py::TestPDBWriter::test_chainid_validated[@]\n  /usr/local/lib/python3.10/dist-packages/MDAnalysis/coordinates/PDB.py:1330: UserWarning: Found chainIDs using unnaccepted character. Corresponding atoms will use value of 'X'\n    warnings.warn(\n\ntestsuite/MDAnalysisTests/coordinates/test_pdb.py::TestPDBWriter::test_chainid_validated[AA]\n  /usr/local/lib/python3.10/dist-packages/MDAnalysis/coordinates/PDB.py:1324: UserWarning: Found chainIDs with invalid length. Corresponding atoms will use value of 'X'\n    warnings.warn(\n\ntestsuite/MDAnalysisTests/coordinates/test_pdb.py: 5 warnings\ntestsuite/MDAnalysisTests/coordinates/test_windows.py: 1 warning\ntestsuite/MDAnalysisTests/core/test_universe.py: 4 warnings\ntestsuite/MDAnalysisTests/lib/test_util.py: 1 warning\ntestsuite/MDAnalysisTests/topology/test_altloc.py: 3 warnings\n  /usr/local/lib/python3.10/dist-packages/MDAnalysis/core/universe.py:607: DeprecationWarning: Bond guessing through the `guess_bonds` keyword is deprecated and will be removed in MDAnalysis 3.0. Instead, pass 'bonds', 'angles', and 'dihedrals' to the `to_guess` keyword in Universe for guessing these if they are not present, or `force_guess` if they are and you wish to replace these bonds with guessed values. The kwargs `fudge_factor`, `vdwradii`, and `lower_bound` are also deprecated and will be removed in MDAnalysis 3.0, where they should be passed into the Context for guessing on Universe instantiation. If using guess_TopologyAttrs, pass these kwargs to the method instead, as they will override the previous Context values.\n    warnings.warn(\n\ntestsuite/MDAnalysisTests/coordinates/test_pdb.py::TestPDBXLSerial::test_load\n  /usr/local/lib/python3.10/dist-packages/MDAnalysis/topology/PDBParser.py:323: UserWarning: Serial numbers went over 100,000.  Higher serials have been guessed\n    warnings.warn(\"Serial numbers went over 100,000.  \"\n\ntestsuite/MDAnalysisTests/coordinates/test_pdb.py::TestPDBXLSerial::test_load\n  /usr/local/lib/python3.10/dist-packages/MDAnalysis/topology/PDBParser.py:453: UserWarning: Invalid atom serials were present, bonds will not be parsed\n    warnings.warn(\"Invalid atom serials were present, bonds will not\"\n\ntestsuite/MDAnalysisTests/coordinates/test_pdb.py::TestPDBXLSerial::test_load\n  /usr/local/lib/python3.10/dist-packages/MDAnalysis/topology/PDBParser.py:234: UserWarning: Invalid atom serials were present, bonds will not be parsed\n    warnings.warn(\"Invalid atom serials were present, \"\n\ntestsuite/MDAnalysisTests/coordinates/test_pdbqt.py::TestPDBQTWriter::test_write_no_chainids_with_segids\n  /usr/local/lib/python3.10/dist-packages/MDAnalysis/coordinates/PDBQT.py:304: UserWarning: Supplied AtomGroup was missing the following attributes: altLocs, charges, icodes, occupancies, tempfactors. These will be written with default values. \n    warnings.warn(\n\ntestsuite/MDAnalysisTests/coordinates/test_timestep_api.py::TestTimestep::test_delete_dt\n  /app/repo_to_process/testsuite/MDAnalysisTests/coordinates/test_timestep_api.py:333: UserWarning: Reader has no dt information, set to 1.0 ps\n    assert_equal(ts.dt, 1.0)  # default value\n\ntestsuite/MDAnalysisTests/coordinates/test_timestep_api.py::TestTimestep::test_delete_time\n  /app/repo_to_process/testsuite/MDAnalysisTests/coordinates/test_timestep_api.py:354: UserWarning: Reader has no dt information, set to 1.0 ps\n    assert_equal(ts.time, 0.0)  # default to 1.0 (dt) * 0 (frame)\n\ntestsuite/MDAnalysisTests/coordinates/test_timestep_api.py: 13 warnings\n  /app/repo_to_process/testsuite/MDAnalysisTests/coordinates/test_timestep_api.py:742: UserWarning: Reader has no dt information, set to 1.0 ps\n    assert_equal(universe.trajectory.dt, universe.trajectory.ts.dt)\n\ntestsuite/MDAnalysisTests/coordinates/test_tng.py::test_pytng_not_present_raises\n  /usr/local/lib/python3.10/dist-packages/_pytest/unraisableexception.py:67: PytestUnraisableExceptionWarning: Exception ignored in: <function ReaderBase.__del__ at 0x7fc48ce3eb00>\n  \n  Traceback (most recent call last):\n    File \"/usr/local/lib/python3.10/dist-packages/MDAnalysis/coordinates/base.py\", line 1529, in __del__\n      for aux in self.aux_list:\n    File \"/usr/local/lib/python3.10/dist-packages/MDAnalysis/coordinates/base.py\", line 1173, in aux_list\n      return self._auxs.keys()\n  AttributeError: 'TNGReader' object has no attribute '_auxs'\n  \n  Enable tracemalloc to get traceback where the object was allocated.\n  See https://docs.pytest.org/en/stable/how-to/capture-warnings.html#resource-warnings for more info.\n    warnings.warn(pytest.PytestUnraisableExceptionWarning(msg))\n\ntestsuite/MDAnalysisTests/coordinates/test_trc.py::TestTRCReaderTriclinicBox::test_trc_n_atoms\ntestsuite/MDAnalysisTests/coordinates/test_trc.py::TestTRCReaderTruncOctBox::test_universe\ntestsuite/MDAnalysisTests/coordinates/test_trc.py::TestTRCGenboxOrigin::test_universe\ntestsuite/MDAnalysisTests/coordinates/test_trc.py::TestTRCGenboxEuler::test_universe\n  /usr/local/lib/python3.10/dist-packages/MDAnalysis/coordinates/TRC.py:303: UserWarning: The trajectory does not contain TIMESTEP blocks!\n    warnings.warn(warnmsg, UserWarning)\n\ntestsuite/MDAnalysisTests/coordinates/test_trj.py::test_trj_no_natoms\n  /usr/local/lib/python3.10/dist-packages/_pytest/unraisableexception.py:67: PytestUnraisableExceptionWarning: Exception ignored in: <function ReaderBase.__del__ at 0x7fc48ce3eb00>\n  \n  Traceback (most recent call last):\n    File \"/usr/local/lib/python3.10/dist-packages/MDAnalysis/coordinates/base.py\", line 1531, in __del__\n      self.close()\n    File \"/usr/local/lib/python3.10/dist-packages/MDAnalysis/coordinates/TRJ.py\", line 352, in close\n      if self.trjfile is None:\n  AttributeError: 'TRJReader' object has no attribute 'trjfile'\n  \n  Enable tracemalloc to get traceback where the object was allocated.\n  See https://docs.pytest.org/en/stable/how-to/capture-warnings.html#resource-warnings for more info.\n    warnings.warn(pytest.PytestUnraisableExceptionWarning(msg))\n\ntestsuite/MDAnalysisTests/coordinates/test_trz.py::test_deprecated_trz_writer\ntestsuite/MDAnalysisTests/coordinates/test_trz.py::TestTRZWriter2::test_writer_trz_from_other\ntestsuite/MDAnalysisTests/coordinates/test_trz.py::TestTRZWriter2::test_no_dt_warning\n  /usr/local/lib/python3.10/dist-packages/MDAnalysis/coordinates/TRZ.py:546: UserWarning: Reader has no dt information, set to 1.0 ps\n    data['time'] = ts.time\n\ntestsuite/MDAnalysisTests/coordinates/test_trz.py::test_deprecated_trz_writer\ntestsuite/MDAnalysisTests/coordinates/test_trz.py::TestTRZReader::test_read_zero_box\ntestsuite/MDAnalysisTests/coordinates/test_trz.py::TestTRZWriter::test_no_box_warning\ntestsuite/MDAnalysisTests/coordinates/test_trz.py::TestTRZWriter2::test_writer_trz_from_other\ntestsuite/MDAnalysisTests/coordinates/test_trz.py::TestTRZWriter2::test_no_dt_warning\ntestsuite/MDAnalysisTests/coordinates/test_writer_api.py::test_write_with_atomgroup[TRZWriter]\ntestsuite/MDAnalysisTests/coordinates/test_writer_api.py::test_write_with_universe[TRZWriter]\n  /usr/local/lib/python3.10/dist-packages/MDAnalysis/coordinates/TRZ.py:551: UserWarning: Timestep didn't have the following attributes: 'pressure, pressure_tensor, total_energy, potential_energy, kinetic_energy, temperature, step', these will be set to 0 in the output trajectory\n    warnings.warn(\"Timestep didn't have the following attributes: '{0}', \"\n\ntestsuite/MDAnalysisTests/coordinates/test_trz.py::test_deprecated_trz_writer\ntestsuite/MDAnalysisTests/coordinates/test_trz.py::TestTRZReader::test_read_zero_box\ntestsuite/MDAnalysisTests/coordinates/test_trz.py::TestTRZWriter::test_no_box_warning\ntestsuite/MDAnalysisTests/coordinates/test_trz.py::TestTRZWriter2::test_writer_trz_from_other\ntestsuite/MDAnalysisTests/coordinates/test_trz.py::TestTRZWriter2::test_no_dt_warning\ntestsuite/MDAnalysisTests/coordinates/test_writer_api.py::test_write_with_atomgroup[TRZWriter]\ntestsuite/MDAnalysisTests/coordinates/test_writer_api.py::test_write_with_universe[TRZWriter]\n  /usr/local/lib/python3.10/dist-packages/MDAnalysis/coordinates/TRZ.py:567: UserWarning: Timestep didn't have velocity information, this will be set to zero in output trajectory. \n    warnings.warn(\"Timestep didn't have velocity information, \"\n\ntestsuite/MDAnalysisTests/coordinates/test_trz.py::TestTRZReader::test_read_zero_box\ntestsuite/MDAnalysisTests/coordinates/test_writer_api.py::test_write_with_atomgroup[TRZWriter]\ntestsuite/MDAnalysisTests/coordinates/test_writer_api.py::test_write_with_universe[TRZWriter]\n  /usr/local/lib/python3.10/dist-packages/MDAnalysis/coordinates/TRZ.py:559: UserWarning: Timestep didn't have dimensions information, box will be written as all zero values\n    warnings.warn(\"Timestep didn't have dimensions information, \"\n\ntestsuite/MDAnalysisTests/coordinates/test_trz.py::TestTRZWriter::test_long_title\n  /usr/local/lib/python3.10/dist-packages/_pytest/unraisableexception.py:67: PytestUnraisableExceptionWarning: Exception ignored in: <function WriterBase.__del__ at 0x7fc48ce3ed40>\n  \n  Traceback (most recent call last):\n    File \"/usr/local/lib/python3.10/dist-packages/MDAnalysis/coordinates/base.py\", line 1611, in __del__\n      self.close()\n    File \"/usr/local/lib/python3.10/dist-packages/MDAnalysis/coordinates/TRZ.py\", line 605, in close\n      if self.trzfile is None:\n  AttributeError: 'TRZWriter' object has no attribute 'trzfile'\n  \n  Enable tracemalloc to get traceback where the object was allocated.\n  See https://docs.pytest.org/en/stable/how-to/capture-warnings.html#resource-warnings for more info.\n    warnings.warn(pytest.PytestUnraisableExceptionWarning(msg))\n\ntestsuite/MDAnalysisTests/coordinates/test_txyz.py::test_arcpbc_traj_length\ntestsuite/MDAnalysisTests/coordinates/test_txyz.py::test_pbc_boxsize\n  /usr/local/lib/python3.10/dist-packages/MDAnalysis/topology/TXYZParser.py:147: UserWarning: Element information is missing, elements attribute will not be populated. If needed these can be guessed using universe.guess_TopologyAttrs(to_guess=['elements']).\n    warnings.warn(\n\ntestsuite/MDAnalysisTests/coordinates/test_writer_api.py::test_ts_error[TRZWriter]\ntestsuite/MDAnalysisTests/coordinates/test_writer_api.py::test_write_with_atomgroup[TRZWriter]\ntestsuite/MDAnalysisTests/coordinates/test_writer_api.py::test_write_with_universe[TRZWriter]\n  /usr/local/lib/python3.10/dist-packages/MDAnalysis/coordinates/TRZ.py:428: DeprecationWarning: The TRZ writer is deprecated and will be removed in MDAnalysis version 3.0.0\n    warnings.warn(wmsg, DeprecationWarning)\n\ntestsuite/MDAnalysisTests/coordinates/test_writer_api.py::test_write_with_atomgroup[CRDWriter]\ntestsuite/MDAnalysisTests/coordinates/test_writer_api.py::test_write_with_universe[CRDWriter]\n  /usr/local/lib/python3.10/dist-packages/MDAnalysis/coordinates/CRD.py:265: UserWarning: Supplied AtomGroup was missing the following attributes: resnames, resids, names, tempfactors, tempfactors. These will be written with default values. \n    warnings.warn(\n\ntestsuite/MDAnalysisTests/coordinates/test_writer_api.py::test_write_with_atomgroup[GROWriter]\ntestsuite/MDAnalysisTests/coordinates/test_writer_api.py::test_write_with_universe[GROWriter]\n  /usr/local/lib/python3.10/dist-packages/MDAnalysis/coordinates/GRO.py:444: UserWarning: Supplied AtomGroup was missing the following attributes: names, resnames, resids. These will be written with default values. Alternatively these can be supplied as keyword arguments.\n    warnings.warn(\n\ntestsuite/MDAnalysisTests/coordinates/test_writer_api.py::test_write_with_atomgroup[PDBQTWriter]\ntestsuite/MDAnalysisTests/coordinates/test_writer_api.py::test_write_with_universe[PDBQTWriter]\n  /usr/local/lib/python3.10/dist-packages/MDAnalysis/coordinates/PDBQT.py:304: UserWarning: Supplied AtomGroup was missing the following attributes: altLocs, charges, icodes, names, occupancies, resids, resnames, tempfactors, types, chainids. These will be written with default values. \n    warnings.warn(\n\ntestsuite/MDAnalysisTests/coordinates/test_writer_api.py::test_write_with_atomgroup[PQRWriter]\ntestsuite/MDAnalysisTests/coordinates/test_writer_api.py::test_write_with_universe[PQRWriter]\n  /usr/local/lib/python3.10/dist-packages/MDAnalysis/coordinates/PQR.py:311: UserWarning: Supplied AtomGroup was missing the following attributes: names, resnames, resids, charges, radii. These will be written with default values. \n    warnings.warn(\n\ntestsuite/MDAnalysisTests/coordinates/test_writer_api.py::test_write_with_atomgroup[XYZWriter]\ntestsuite/MDAnalysisTests/coordinates/test_writer_api.py::test_write_with_universe[XYZWriter]\n  /usr/local/lib/python3.10/dist-packages/MDAnalysis/coordinates/XYZ.py:208: UserWarning: Input AtomGroup or Universe does not have atom elements or names attributes, writer will default atom names to 'X'\n    warnings.warn(wmsg)\n\ntestsuite/MDAnalysisTests/coordinates/test_xdr.py::TestXTCWriterSingleFrame::test_single_frame_GRO\ntestsuite/MDAnalysisTests/coordinates/test_xdr.py::TestXTCWriterSingleFrame::test_single_frame_PDB\ntestsuite/MDAnalysisTests/coordinates/test_xdr.py::TestXTCWriterSingleFrame::test_single_frame_CRD\ntestsuite/MDAnalysisTests/visualization/test_streamlines.py::test_per_core_work_2D\n  /usr/local/lib/python3.10/dist-packages/MDAnalysis/coordinates/XTC.py:119: UserWarning: Reader has no dt information, set to 1.0 ps\n    time = ts.time\n\ntestsuite/MDAnalysisTests/coordinates/test_xdr.py::TestTRRWriterSingleFrame::test_single_frame_GRO\ntestsuite/MDAnalysisTests/coordinates/test_xdr.py::TestTRRWriterSingleFrame::test_single_frame_PDB\ntestsuite/MDAnalysisTests/coordinates/test_xdr.py::TestTRRWriterSingleFrame::test_single_frame_CRD\n  /usr/local/lib/python3.10/dist-packages/MDAnalysis/coordinates/TRR.py:121: UserWarning: Reader has no dt information, set to 1.0 ps\n    time = ts.time\n\ntestsuite/MDAnalysisTests/coordinates/test_xdr.py::TestXTCWriter_2::test_no_container\n  /usr/local/lib/python3.10/dist-packages/_pytest/unraisableexception.py:67: PytestUnraisableExceptionWarning: Exception ignored in: <function XDRBaseWriter.__del__ at 0x7fc48ca1a710>\n  \n  Traceback (most recent call last):\n    File \"/usr/local/lib/python3.10/dist-packages/MDAnalysis/coordinates/XDR.py\", line 358, in __del__\n      self.close()\n    File \"/usr/local/lib/python3.10/dist-packages/MDAnalysis/coordinates/XDR.py\", line 355, in close\n      self._xdr.close()\n  AttributeError: 'XTCWriter' object has no attribute '_xdr'\n  \n  Enable tracemalloc to get traceback where the object was allocated.\n  See https://docs.pytest.org/en/stable/how-to/capture-warnings.html#resource-warnings for more info.\n    warnings.warn(pytest.PytestUnraisableExceptionWarning(msg))\n\ntestsuite/MDAnalysisTests/coordinates/test_xdr.py::TestTRRWriter_2::test_no_container\n  /usr/local/lib/python3.10/dist-packages/_pytest/unraisableexception.py:67: PytestUnraisableExceptionWarning: Exception ignored in: <function XDRBaseWriter.__del__ at 0x7fc48ca1a710>\n  \n  Traceback (most recent call last):\n    File \"/usr/local/lib/python3.10/dist-packages/MDAnalysis/coordinates/XDR.py\", line 358, in __del__\n      self.close()\n    File \"/usr/local/lib/python3.10/dist-packages/MDAnalysis/coordinates/XDR.py\", line 355, in close\n      self._xdr.close()\n  AttributeError: 'TRRWriter' object has no attribute '_xdr'\n  \n  Enable tracemalloc to get traceback where the object was allocated.\n  See https://docs.pytest.org/en/stable/how-to/capture-warnings.html#resource-warnings for more info.\n    warnings.warn(pytest.PytestUnraisableExceptionWarning(msg))\n\ntestsuite/MDAnalysisTests/coordinates/test_xdr.py::TestXTCReader_offsets::test_reload_offsets_if_offsets_readin_io_fails\ntestsuite/MDAnalysisTests/coordinates/test_xdr.py::TestXTCReader_offsets::test_reload_offsets_if_offsets_readin_value_fails\n  /usr/local/lib/python3.10/dist-packages/MDAnalysis/coordinates/XDR.py:241: UserWarning: Reading offsets from /tmp/pytest-of-root/pytest-0/xtc0/.adk_oplsaa.xtc_offsets.npz failed, reading offsets from trajectory instead.\n  Consider setting 'refresh_offsets=True' when loading your Universe.\n    warnings.warn(\n\ntestsuite/MDAnalysisTests/coordinates/test_xdr.py::TestTRRReader_offsets::test_reload_offsets_if_offsets_readin_io_fails\ntestsuite/MDAnalysisTests/coordinates/test_xdr.py::TestTRRReader_offsets::test_reload_offsets_if_offsets_readin_value_fails\n  /usr/local/lib/python3.10/dist-packages/MDAnalysis/coordinates/XDR.py:241: UserWarning: Reading offsets from /tmp/pytest-of-root/pytest-0/xtc1/.adk_oplsaa.trr_offsets.npz failed, reading offsets from trajectory instead.\n  Consider setting 'refresh_offsets=True' when loading your Universe.\n    warnings.warn(\n\ntestsuite/MDAnalysisTests/coordinates/test_xyz.py::TestXYZReader::test_pickle_next_ts_reader\ntestsuite/MDAnalysisTests/coordinates/test_xyz.py::Test_XYZBZReader::test_pickle_next_ts_reader\n  /app/repo_to_process/testsuite/MDAnalysisTests/coordinates/base.py:748: UserWarning: Reader has no dt information, set to 1.0 ps\n    reader_p = pickle.loads(pickle.dumps(reader))\n\ntestsuite/MDAnalysisTests/coordinates/test_xyz.py::TestXYZReader::test_pickle_next_ts_reader\ntestsuite/MDAnalysisTests/coordinates/test_xyz.py::Test_XYZBZReader::test_pickle_next_ts_reader\n  /app/repo_to_process/testsuite/MDAnalysisTests/coordinates/base.py:754: UserWarning: Reader has no dt information, set to 1.0 ps\n    reader_p_p = pickle.loads(pickle.dumps(reader_p))\n\ntestsuite/MDAnalysisTests/coordinates/test_xyz.py::TestXYZReader::test_pickle_last_ts_reader\ntestsuite/MDAnalysisTests/coordinates/test_xyz.py::Test_XYZBZReader::test_pickle_last_ts_reader\n  /app/repo_to_process/testsuite/MDAnalysisTests/coordinates/base.py:765: UserWarning: Reader has no dt information, set to 1.0 ps\n    reader_p = pickle.loads(pickle.dumps(reader))\n\ntestsuite/MDAnalysisTests/core/test_accumulate.py::TestAccumulate::test_accumulate_different_func[atoms]\ntestsuite/MDAnalysisTests/core/test_accumulate.py::TestAccumulate::test_accumulate_different_func[residues]\ntestsuite/MDAnalysisTests/core/test_accumulate.py::TestAccumulate::test_accumulate_different_func[segments]\n  /usr/local/lib/python3.10/dist-packages/numpy/_core/fromnumeric.py:86: RuntimeWarning: overflow encountered in reduce\n    return ufunc.reduce(obj, axis, dtype, out, **passkwargs)\n\ntestsuite/MDAnalysisTests/core/test_atomgroup.py: 17 warnings\ntestsuite/MDAnalysisTests/core/test_universe.py: 2 warnings\n  /usr/local/lib/python3.10/dist-packages/MDAnalysis/core/universe.py:1119: DeprecationWarning: The bfactor topology attribute is only provided as an alias to the tempfactor attribute. It will be removed in 3.0. Please use the tempfactor attribute instead.\n    warnings.warn(BFACTOR_WARNING, DeprecationWarning)\n\ntestsuite/MDAnalysisTests/core/test_atomgroup.py: 20 warnings\ntestsuite/MDAnalysisTests/core/test_universe.py: 4 warnings\ntestsuite/MDAnalysisTests/topology/test_mmtf.py: 2 warnings\n  /usr/local/lib/python3.10/dist-packages/MDAnalysis/core/topologyattrs.py:329: DeprecationWarning: The bfactor topology attribute is only provided as an alias to the tempfactor attribute. It will be removed in 3.0. Please use the tempfactor attribute instead.\n    warnings.warn(BFACTOR_WARNING, DeprecationWarning)\n\ntestsuite/MDAnalysisTests/core/test_atomgroup.py: 7 warnings\ntestsuite/MDAnalysisTests/core/test_wrap.py: 3 warnings\n  /usr/local/lib/python3.10/dist-packages/MDAnalysis/core/groups.py:1191: RuntimeWarning: invalid value encountered in divide\n    np.einsum(\"ij,ij->j\", coords, weights[:, None]) / weights.sum()\n\ntestsuite/MDAnalysisTests/core/test_atomgroup.py: 19 warnings\ntestsuite/MDAnalysisTests/core/test_wrap.py: 12 warnings\n  /usr/local/lib/python3.10/dist-packages/MDAnalysis/core/groups.py:1224: RuntimeWarning: invalid value encountered in divide\n    _centers /= _weights.sum(axis=1)[:, None]\n\ntestsuite/MDAnalysisTests/core/test_atomselections.py::TestSelectionsNucleicAcids::test_nucleic\n  /usr/local/lib/python3.10/dist-packages/MDAnalysis/core/universe.py:272: UserWarning: No coordinate reader found for /app/repo_to_process/testsuite/MDAnalysisTests/data/analysis/1k5i_c36.psf.gz. Skipping this file.\n    warnings.warn(\n\ntestsuite/MDAnalysisTests/core/test_atomselections.py::TestSelectionsWater::test_water_tip3\n  /usr/local/lib/python3.10/dist-packages/MDAnalysis/core/universe.py:272: UserWarning: No coordinate reader found for /app/repo_to_process/testsuite/MDAnalysisTests/data/watdyn.psf. Skipping this file.\n    warnings.warn(\n\ntestsuite/MDAnalysisTests/core/test_atomselections.py::test_mass_sel[mass -10 -3-0-selkwargs11]\n  /usr/local/lib/python3.10/dist-packages/MDAnalysis/core/selection.py:1041: SelectionWarning: Using float equality to select atoms is not recommended because of inherent limitations in representing numbers on computers (see https://docs.python.org/3.8/tutorial/floatingpoint.html for more). Instead, we recommend using a range to select, e.g. 'mass -11.0 to -9.0'. If you still want to compare floats, use the `atol` and `rtol` keywords to modify the tolerance for `np.isclose`.\n    warnings.warn(msg, category=SelectionWarning)\n\ntestsuite/MDAnalysisTests/core/test_atomselections.py::test_mass_sel[mass -10 -3-0-selkwargs11]\n  /usr/local/lib/python3.10/dist-packages/MDAnalysis/core/selection.py:1041: SelectionWarning: Using float equality to select atoms is not recommended because of inherent limitations in representing numbers on computers (see https://docs.python.org/3.8/tutorial/floatingpoint.html for more). Instead, we recommend using a range to select, e.g. 'mass -4.0 to -2.0'. If you still want to compare floats, use the `atol` and `rtol` keywords to modify the tolerance for `np.isclose`.\n    warnings.warn(msg, category=SelectionWarning)\n\ntestsuite/MDAnalysisTests/core/test_atomselections.py::test_mass_sel[mass 0.3-5-selkwargs12]\ntestsuite/MDAnalysisTests/core/test_atomselections.py::test_mass_sel[mass 0.3-5-selkwargs13]\ntestsuite/MDAnalysisTests/core/test_atomselections.py::test_mass_sel[mass 0.30000000000000004-5-selkwargs15]\ntestsuite/MDAnalysisTests/core/test_atomselections.py::test_mass_sel[mass 0.3 0.30000000000000001-5-selkwargs16]\ntestsuite/MDAnalysisTests/core/test_atomselections.py::test_mass_sel[mass 0.3-10-selkwargs17]\ntestsuite/MDAnalysisTests/core/test_atomselections.py::test_mass_sel[mass 0.30000000000000004-10-selkwargs18]\ntestsuite/MDAnalysisTests/core/test_atomselections.py::test_mass_sel[mass 0.3 0.30000000000000001-10-selkwargs19]\n  /usr/local/lib/python3.10/dist-packages/MDAnalysis/core/selection.py:1041: SelectionWarning: Using float equality to select atoms is not recommended because of inherent limitations in representing numbers on computers (see https://docs.python.org/3.8/tutorial/floatingpoint.html for more). Instead, we recommend using a range to select, e.g. 'mass -0.7 to 1.3'. If you still want to compare floats, use the `atol` and `rtol` keywords to modify the tolerance for `np.isclose`.\n    warnings.warn(msg, category=SelectionWarning)\n\ntestsuite/MDAnalysisTests/core/test_groups.py::TestDecorator::test_wrap_and_unwrap_deprecation[True-True-fragments]\ntestsuite/MDAnalysisTests/core/test_groups.py::TestDecorator::test_wrap_and_unwrap_deprecation[True-True-molecules]\ntestsuite/MDAnalysisTests/core/test_groups.py::TestDecorator::test_wrap_and_unwrap_deprecation[True-True-residues]\ntestsuite/MDAnalysisTests/core/test_groups.py::TestDecorator::test_wrap_and_unwrap_deprecation[True-True-group]\ntestsuite/MDAnalysisTests/core/test_groups.py::TestDecorator::test_wrap_and_unwrap_deprecation[True-True-segments]\ntestsuite/MDAnalysisTests/transformations/test_rotate.py::test_rotateby_atomgroup_cog_pbc\ntestsuite/MDAnalysisTests/transformations/test_rotate.py::test_rotateby_atomgroup_com_pbc\ntestsuite/MDAnalysisTests/transformations/test_translate.py::test_center_in_box_coords_all_options\n  /usr/local/lib/python3.10/dist-packages/MDAnalysis/core/groups.py:494: DeprecationWarning: The 'pbc' kwarg has been deprecated and will be removed in version 3.0., please use 'wrap' instead\n    warnings.warn(\n\ntestsuite/MDAnalysisTests/core/test_topologyattrs.py::TestDeprecateBFactor::test_deprecate_bfactor_sel\n  /usr/local/lib/python3.10/dist-packages/MDAnalysis/core/selection.py:1041: SelectionWarning: Using float equality to select atoms is not recommended because of inherent limitations in representing numbers on computers (see https://docs.python.org/3.8/tutorial/floatingpoint.html for more). Instead, we recommend using a range to select, e.g. 'bfactor 2.0 to 4.0'. If you still want to compare floats, use the `atol` and `rtol` keywords to modify the tolerance for `np.isclose`.\n    warnings.warn(msg, category=SelectionWarning)\n\ntestsuite/MDAnalysisTests/core/test_universe.py::TestUniverseCreation::test_load_new_VE\ntestsuite/MDAnalysisTests/core/test_universe.py::TestEmpty::test_empty_no_atoms\ntestsuite/MDAnalysisTests/topology/test_itp.py::TestRelativePath::test_relstring\ntestsuite/MDAnalysisTests/topology/test_itp.py::TestRelativePath::test_relpath\n  /usr/local/lib/python3.10/dist-packages/MDAnalysis/core/universe.py:1945: UserWarning: Can not guess attributes for universe with 0 atoms\n    warnings.warn(\n\ntestsuite/MDAnalysisTests/core/test_universe.py: 1 warning\ntestsuite/MDAnalysisTests/topology/test_itp.py: 123 warnings\n  /usr/local/lib/python3.10/dist-packages/MDAnalysis/topology/ITPParser.py:646: DeprecationWarning: The elements attribute has been populated by guessing elements from atom types. This behaviour has been temporarily added to the ITPParser as we transition to the new guessing API. This behavior will be removed in release 3.0. Please see issue #4698 for more information. \n    warnings.warn(\n\ntestsuite/MDAnalysisTests/core/test_universe.py::TestUniverseSetGroups::test_with_ITP\ntestsuite/MDAnalysisTests/topology/test_itp.py::TestITPNoKeywords::test_creates_universe\ntestsuite/MDAnalysisTests/topology/test_itp.py::TestITPNoKeywords::test_guessed_attributes\ntestsuite/MDAnalysisTests/topology/test_itp.py::TestITPNoKeywords::test_whether_settles_types\ntestsuite/MDAnalysisTests/topology/test_itp.py::TestITPNoKeywords::test_guessed_masses\ntestsuite/MDAnalysisTests/topology/test_itp.py::TestITPKeywords::test_creates_universe\ntestsuite/MDAnalysisTests/topology/test_itp.py::TestITPKeywords::test_guessed_attributes\ntestsuite/MDAnalysisTests/topology/test_itp.py::TestITPKeywords::test_guessed_masses\ntestsuite/MDAnalysisTests/topology/test_itp.py::TestITPKeywords::test_whether_settles_types\n  /usr/local/lib/python3.10/dist-packages/MDAnalysis/core/universe.py:272: UserWarning: No coordinate reader found for /app/repo_to_process/testsuite/MDAnalysisTests/data/tip5p.itp. Skipping this file.\n    warnings.warn(\n\ntestsuite/MDAnalysisTests/guesser/test_base.py::test_universe_creation_from_coordinates[/app/repo_to_process/testsuite/MDAnalysisTests/data/adk_dims.dcd]\ntestsuite/MDAnalysisTests/guesser/test_base.py::test_universe_creation_from_coordinates[/app/repo_to_process/testsuite/MDAnalysisTests/data/adk_oplsaa.xtc]\ntestsuite/MDAnalysisTests/guesser/test_base.py::test_universe_creation_from_coordinates[universe_input2]\ntestsuite/MDAnalysisTests/guesser/test_base.py::test_universe_creation_from_specific_array\n  /usr/local/lib/python3.10/dist-packages/MDAnalysis/core/universe.py:1916: UserWarning: there is no reference attributes in this universe to guess types from\n    warnings.warn(str(e))\n\ntestsuite/MDAnalysisTests/guesser/test_base.py::test_universe_creation_from_coordinates[/app/repo_to_process/testsuite/MDAnalysisTests/data/adk_dims.dcd]\ntestsuite/MDAnalysisTests/guesser/test_base.py::test_universe_creation_from_coordinates[/app/repo_to_process/testsuite/MDAnalysisTests/data/adk_oplsaa.xtc]\ntestsuite/MDAnalysisTests/guesser/test_base.py::test_universe_creation_from_coordinates[universe_input2]\ntestsuite/MDAnalysisTests/guesser/test_base.py::test_universe_creation_from_specific_array\n  /usr/local/lib/python3.10/dist-packages/MDAnalysis/core/universe.py:1916: UserWarning: there is no reference attributes (elements, types, or names) in this universe to guess mass from\n    warnings.warn(str(e))\n\ntestsuite/MDAnalysisTests/lib/test_distances.py::test_HAS_DISTOPIA_distopia_too_old\n  /usr/local/lib/python3.10/dist-packages/MDAnalysis/lib/_distopia.py:51: RuntimeWarning: distopia version 0.1.0 is too old; need at least 0.4.0, Your installed version of distopia will NOT be used.\n    warnings.warn(\n\ntestsuite/MDAnalysisTests/lib/test_distances.py::TestCythonFunctions::test_numpy_compliance_angles[serial]\ntestsuite/MDAnalysisTests/lib/test_distances.py::TestCythonFunctions::test_numpy_compliance_angles[openmp]\ntestsuite/MDAnalysisTests/lib/test_distances.py::TestCythonFunctions::test_numpy_compliance_dihedrals[serial]\ntestsuite/MDAnalysisTests/lib/test_distances.py::TestCythonFunctions::test_numpy_compliance_dihedrals[openmp]\ntestsuite/MDAnalysisTests/lib/test_util.py::TestGeometryFunctions::test_vectors[x_axis5-y_axis5-nan]\n  /usr/local/lib/python3.10/dist-packages/MDAnalysis/lib/mdamath.py:160: RuntimeWarning: invalid value encountered in scalar divide\n    x = np.dot(a, b) / (norm(a) * norm(b))\n\ntestsuite/MDAnalysisTests/lib/test_util.py: 48 warnings\n  /app/repo_to_process/testsuite/MDAnalysisTests/lib/test_util.py:346: RuntimeWarning: invalid value encountered in sqrt\n    ref[2, 2] = np.sqrt(z * z - ref[2, 0] ** 2 - ref[2, 1] ** 2)\n\ntestsuite/MDAnalysisTests/lib/test_util.py: 53 warnings\n  /usr/local/lib/python3.10/dist-packages/MDAnalysis/lib/mdamath.py:404: RuntimeWarning: invalid value encountered in sqrt\n    box_matrix[2, 2] = np.sqrt(\n\ntestsuite/MDAnalysisTests/lib/test_util.py: 339 warnings\n  /app/repo_to_process/testsuite/MDAnalysisTests/lib/test_util.py:377: RuntimeWarning: invalid value encountered in scalar divide\n    a = np.rad2deg(np.arccos(np.dot(tri_vecs[1], tri_vecs[2]) / (y * z)))\n\ntestsuite/MDAnalysisTests/lib/test_util.py: 363 warnings\n  /app/repo_to_process/testsuite/MDAnalysisTests/lib/test_util.py:378: RuntimeWarning: invalid value encountered in scalar divide\n    b = np.rad2deg(np.arccos(np.dot(tri_vecs[0], tri_vecs[2]) / (x * z)))\n\ntestsuite/MDAnalysisTests/lib/test_util.py: 756 warnings\n  /app/repo_to_process/testsuite/MDAnalysisTests/lib/test_util.py:379: RuntimeWarning: invalid value encountered in scalar divide\n    c = np.rad2deg(np.arccos(np.dot(tri_vecs[0], tri_vecs[1]) / (x * y)))\n\ntestsuite/MDAnalysisTests/lib/test_util.py: 43 warnings\n  /app/repo_to_process/testsuite/MDAnalysisTests/lib/test_util.py:368: RuntimeWarning: invalid value encountered in scalar divide\n    ref[2, 1] = z * (cos_a - cos_b * cos_c) / sin_c\n\ntestsuite/MDAnalysisTests/lib/test_util.py: 17 warnings\n  /app/repo_to_process/testsuite/MDAnalysisTests/lib/test_util.py:368: RuntimeWarning: divide by zero encountered in scalar divide\n    ref[2, 1] = z * (cos_a - cos_b * cos_c) / sin_c\n\ntestsuite/MDAnalysisTests/parallelism/test_multiprocessing.py: 23 warnings\n  /app/repo_to_process/testsuite/MDAnalysisTests/parallelism/test_multiprocessing.py:225: UserWarning: Reader has no dt information, set to 1.0 ps\n    ps = pickle.dumps(ref_reader)\n\ntestsuite/MDAnalysisTests/parallelism/test_pickle_transformation.py::test_add_PositionAverager_pickle[u0]\ntestsuite/MDAnalysisTests/transformations/test_positionaveraging.py::test_posavging_fwd\ntestsuite/MDAnalysisTests/transformations/test_positionaveraging.py::test_posavging_bwd\ntestsuite/MDAnalysisTests/transformations/test_positionaveraging.py::test_posavging_reset\ntestsuite/MDAnalysisTests/transformations/test_positionaveraging.py::test_posavging_specific\n  /usr/local/lib/python3.10/dist-packages/MDAnalysis/transformations/positionaveraging.py:203: Warning: Cannot average position for non sequentialiterations. Averager will be reset.\n    warnings.warn(\n\ntestsuite/MDAnalysisTests/topology/test_guessers.py::TestGuessMasses::test_guess_masses\n  /app/repo_to_process/testsuite/MDAnalysisTests/topology/test_guessers.py:52: DeprecationWarning: `guess_masses` is deprecated!\n  `guess_masses` will be removed in release 3.0.0.\n  MDAnalysis.topology.guessers is deprecated in favour of the new Guessers API. See MDAnalysis.guesser.default_guesser for more details.\n    out = guessers.guess_masses([\"C\", \"C\", \"H\"])\n\ntestsuite/MDAnalysisTests/topology/test_guessers.py::TestGuessMasses::test_guess_masses\ntestsuite/MDAnalysisTests/topology/test_guessers.py::TestGuessMasses::test_guess_masses_warn\ntestsuite/MDAnalysisTests/topology/test_guessers.py::TestGuessMasses::test_guess_masses_miss\n  /usr/local/lib/python3.10/dist-packages/MDAnalysis/topology/guessers.py:133: DeprecationWarning: `validate_atom_types` is deprecated!\n  `validate_atom_types` will be removed in release 3.0.0.\n  MDAnalysis.topology.guessers is deprecated in favour of the new Guessers API. See MDAnalysis.guesser.default_guesser for more details.\n    validate_atom_types(atom_types)\n\ntestsuite/MDAnalysisTests/topology/test_guessers.py::TestGuessMasses::test_guess_masses\ntestsuite/MDAnalysisTests/topology/test_guessers.py::TestGuessMasses::test_guess_masses\ntestsuite/MDAnalysisTests/topology/test_guessers.py::TestGuessMasses::test_guess_masses\ntestsuite/MDAnalysisTests/topology/test_guessers.py::TestGuessMasses::test_guess_masses_warn\ntestsuite/MDAnalysisTests/topology/test_guessers.py::TestGuessMasses::test_guess_masses_miss\ntestsuite/MDAnalysisTests/topology/test_guessers.py::TestGuessMasses::test_guess_masses_miss\n  /usr/local/lib/python3.10/dist-packages/MDAnalysis/topology/guessers.py:135: DeprecationWarning: `get_atom_mass` is deprecated!\n  `get_atom_mass` will be removed in release 3.0.0.\n  MDAnalysis.topology.guessers is deprecated in favour of the new Guessers API. See MDAnalysis.guesser.default_guesser for more details.\n    [get_atom_mass(atom_t) for atom_t in atom_types], dtype=np.float64\n\ntestsuite/MDAnalysisTests/topology/test_guessers.py::TestGuessMasses::test_guess_masses_warn\n  /app/repo_to_process/testsuite/MDAnalysisTests/topology/test_guessers.py:59: DeprecationWarning: `guess_masses` is deprecated!\n  `guess_masses` will be removed in release 3.0.0.\n  MDAnalysis.topology.guessers is deprecated in favour of the new Guessers API. See MDAnalysis.guesser.default_guesser for more details.\n    guessers.guess_masses([\"X\"])\n\ntestsuite/MDAnalysisTests/topology/test_guessers.py::TestGuessMasses::test_guess_masses_miss\n  /app/repo_to_process/testsuite/MDAnalysisTests/topology/test_guessers.py:62: DeprecationWarning: `guess_masses` is deprecated!\n  `guess_masses` will be removed in release 3.0.0.\n  MDAnalysis.topology.guessers is deprecated in favour of the new Guessers API. See MDAnalysis.guesser.default_guesser for more details.\n    out = guessers.guess_masses([\"X\", \"Z\"])\n\ntestsuite/MDAnalysisTests/topology/test_guessers.py::TestGuessMasses::test_guess_masses_miss\n  /usr/local/lib/python3.10/dist-packages/MDAnalysis/topology/guessers.py:163: UserWarning: Failed to guess the mass for the following atom types: X\n    warnings.warn(\n\ntestsuite/MDAnalysisTests/topology/test_guessers.py::TestGuessMasses::test_guess_masses_miss\n  /usr/local/lib/python3.10/dist-packages/MDAnalysis/topology/guessers.py:163: UserWarning: Failed to guess the mass for the following atom types: Z\n    warnings.warn(\n\ntestsuite/MDAnalysisTests/topology/test_guessers.py::TestGuessMasses::test_get_atom_mass[H-1.008]\ntestsuite/MDAnalysisTests/topology/test_guessers.py::TestGuessMasses::test_get_atom_mass[XYZ-0.0]\n  /app/repo_to_process/testsuite/MDAnalysisTests/topology/test_guessers.py:73: DeprecationWarning: `get_atom_mass` is deprecated!\n  `get_atom_mass` will be removed in release 3.0.0.\n  MDAnalysis.topology.guessers is deprecated in favour of the new Guessers API. See MDAnalysis.guesser.default_guesser for more details.\n    assert guessers.get_atom_mass(element) == value\n\ntestsuite/MDAnalysisTests/topology/test_guessers.py::TestGuessMasses::test_guess_atom_mass\n  /app/repo_to_process/testsuite/MDAnalysisTests/topology/test_guessers.py:76: DeprecationWarning: `guess_atom_mass` is deprecated!\n  `guess_atom_mass` will be removed in release 3.0.0.\n  MDAnalysis.topology.guessers is deprecated in favour of the new Guessers API. See MDAnalysis.guesser.default_guesser for more details.\n    assert guessers.guess_atom_mass(\"1H\") == 1.008\n\ntestsuite/MDAnalysisTests/topology/test_guessers.py::TestGuessMasses::test_guess_atom_mass\n  /usr/local/lib/python3.10/dist-packages/MDAnalysis/topology/guessers.py:509: DeprecationWarning: `guess_atom_element` is deprecated!\n  `guess_atom_element` will be removed in release 3.0.0.\n  MDAnalysis.topology.guessers is deprecated in favour of the new Guessers API. See MDAnalysis.guesser.default_guesser for more details.\n    return get_atom_mass(guess_atom_element(atomname))\n\ntestsuite/MDAnalysisTests/topology/test_guessers.py::TestGuessMasses::test_guess_atom_mass\n  /usr/local/lib/python3.10/dist-packages/MDAnalysis/topology/guessers.py:509: DeprecationWarning: `get_atom_mass` is deprecated!\n  `get_atom_mass` will be removed in release 3.0.0.\n  MDAnalysis.topology.guessers is deprecated in favour of the new Guessers API. See MDAnalysis.guesser.default_guesser for more details.\n    return get_atom_mass(guess_atom_element(atomname))\n\ntestsuite/MDAnalysisTests/topology/test_guessers.py::TestGuessTypes::test_guess_types\n  /app/repo_to_process/testsuite/MDAnalysisTests/topology/test_guessers.py:84: DeprecationWarning: `guess_types` is deprecated!\n  `guess_types` will be removed in release 3.0.0.\n  MDAnalysis.topology.guessers is deprecated in favour of the new Guessers API. See MDAnalysis.guesser.default_guesser for more details.\n    out = guessers.guess_types([\"MG2+\", \"C12\"])\n\ntestsuite/MDAnalysisTests/topology/test_guessers.py: 3473 warnings\n  /usr/local/lib/python3.10/dist-packages/MDAnalysis/topology/guessers.py:184: DeprecationWarning: `guess_atom_element` is deprecated!\n  `guess_atom_element` will be removed in release 3.0.0.\n  MDAnalysis.topology.guessers is deprecated in favour of the new Guessers API. See MDAnalysis.guesser.default_guesser for more details.\n    [guess_atom_element(name) for name in atom_names], dtype=object\n\ntestsuite/MDAnalysisTests/topology/test_guessers.py::TestGuessTypes::test_guess_atom_element\n  /app/repo_to_process/testsuite/MDAnalysisTests/topology/test_guessers.py:90: DeprecationWarning: `guess_atom_element` is deprecated!\n  `guess_atom_element` will be removed in release 3.0.0.\n  MDAnalysis.topology.guessers is deprecated in favour of the new Guessers API. See MDAnalysis.guesser.default_guesser for more details.\n    assert guessers.guess_atom_element(\"MG2+\") == \"MG\"\n\ntestsuite/MDAnalysisTests/topology/test_guessers.py::TestGuessTypes::test_guess_atom_element_empty\n  /app/repo_to_process/testsuite/MDAnalysisTests/topology/test_guessers.py:93: DeprecationWarning: `guess_atom_element` is deprecated!\n  `guess_atom_element` will be removed in release 3.0.0.\n  MDAnalysis.topology.guessers is deprecated in favour of the new Guessers API. See MDAnalysis.guesser.default_guesser for more details.\n    assert guessers.guess_atom_element(\"\") == \"\"\n\ntestsuite/MDAnalysisTests/topology/test_guessers.py::TestGuessTypes::test_guess_atom_element_singledigit\n  /app/repo_to_process/testsuite/MDAnalysisTests/topology/test_guessers.py:96: DeprecationWarning: `guess_atom_element` is deprecated!\n  `guess_atom_element` will be removed in release 3.0.0.\n  MDAnalysis.topology.guessers is deprecated in favour of the new Guessers API. See MDAnalysis.guesser.default_guesser for more details.\n    assert guessers.guess_atom_element(\"1\") == \"1\"\n\ntestsuite/MDAnalysisTests/topology/test_guessers.py::TestGuessTypes::test_guess_atom_element_1H\n  /app/repo_to_process/testsuite/MDAnalysisTests/topology/test_guessers.py:99: DeprecationWarning: `guess_atom_element` is deprecated!\n  `guess_atom_element` will be removed in release 3.0.0.\n  MDAnalysis.topology.guessers is deprecated in favour of the new Guessers API. See MDAnalysis.guesser.default_guesser for more details.\n    assert guessers.guess_atom_element(\"1H\") == \"H\"\n\ntestsuite/MDAnalysisTests/topology/test_guessers.py::TestGuessTypes::test_guess_atom_element_1H\n  /app/repo_to_process/testsuite/MDAnalysisTests/topology/test_guessers.py:100: DeprecationWarning: `guess_atom_element` is deprecated!\n  `guess_atom_element` will be removed in release 3.0.0.\n  MDAnalysis.topology.guessers is deprecated in favour of the new Guessers API. See MDAnalysis.guesser.default_guesser for more details.\n    assert guessers.guess_atom_element(\"2H\") == \"H\"\n\ntestsuite/MDAnalysisTests/topology/test_guessers.py: 17 warnings\n  /app/repo_to_process/testsuite/MDAnalysisTests/topology/test_guessers.py:125: DeprecationWarning: `guess_atom_element` is deprecated!\n  `guess_atom_element` will be removed in release 3.0.0.\n  MDAnalysis.topology.guessers is deprecated in favour of the new Guessers API. See MDAnalysis.guesser.default_guesser for more details.\n    assert guessers.guess_atom_element(name) == element\n\ntestsuite/MDAnalysisTests/topology/test_guessers.py::test_guess_charge\n  /app/repo_to_process/testsuite/MDAnalysisTests/topology/test_guessers.py:130: DeprecationWarning: `guess_atom_charge` is deprecated!\n  `guess_atom_charge` will be removed in release 3.0.0.\n  MDAnalysis.topology.guessers is deprecated in favour of the new Guessers API. See MDAnalysis.guesser.default_guesser for more details.\n    assert guessers.guess_atom_charge(\"this\") == 0.0\n\ntestsuite/MDAnalysisTests/topology/test_guessers.py::test_guess_bonds_Error\n  /app/repo_to_process/testsuite/MDAnalysisTests/topology/test_guessers.py:136: DeprecationWarning: `guess_bonds` is deprecated!\n  `guess_bonds` will be removed in release 3.0.0.\n  MDAnalysis.topology.guessers is deprecated in favour of the new Guessers API. See MDAnalysis.guesser.default_guesser for more details.\n    guessers.guess_bonds(u.atoms[:4], u.atoms.positions[:5])\n\ntestsuite/MDAnalysisTests/topology/test_guessers.py::test_guess_impropers\n  /app/repo_to_process/testsuite/MDAnalysisTests/topology/test_guessers.py:144: DeprecationWarning: `guess_angles` is deprecated!\n  `guess_angles` will be removed in release 3.0.0.\n  MDAnalysis.topology.guessers is deprecated in favour of the new Guessers API. See MDAnalysis.guesser.default_guesser for more details.\n    u.add_TopologyAttr(Angles(guessers.guess_angles(ag.bonds)))\n\ntestsuite/MDAnalysisTests/topology/test_guessers.py::test_guess_impropers\n  /app/repo_to_process/testsuite/MDAnalysisTests/topology/test_guessers.py:146: DeprecationWarning: `guess_improper_dihedrals` is deprecated!\n  `guess_improper_dihedrals` will be removed in release 3.0.0.\n  MDAnalysis.topology.guessers is deprecated in favour of the new Guessers API. See MDAnalysis.guesser.default_guesser for more details.\n    vals = guessers.guess_improper_dihedrals(ag.angles)\n\ntestsuite/MDAnalysisTests/topology/test_guessers.py::test_guess_bonds_water\n  /app/repo_to_process/testsuite/MDAnalysisTests/topology/test_guessers.py:164: DeprecationWarning: `guess_bonds` is deprecated!\n  `guess_bonds` will be removed in release 3.0.0.\n  MDAnalysis.topology.guessers is deprecated in favour of the new Guessers API. See MDAnalysis.guesser.default_guesser for more details.\n    guessers.guess_bonds(u.atoms, u.atoms.positions, u.dimensions)\n\ntestsuite/MDAnalysisTests/topology/test_guessers.py::test_guess_bonds_adk\n  /app/repo_to_process/testsuite/MDAnalysisTests/topology/test_guessers.py:171: DeprecationWarning: `guess_types` is deprecated!\n  `guess_types` will be removed in release 3.0.0.\n  MDAnalysis.topology.guessers is deprecated in favour of the new Guessers API. See MDAnalysis.guesser.default_guesser for more details.\n    u.atoms.types = guessers.guess_types(u.atoms.names)\n\ntestsuite/MDAnalysisTests/topology/test_guessers.py::test_guess_bonds_adk\n  /app/repo_to_process/testsuite/MDAnalysisTests/topology/test_guessers.py:172: DeprecationWarning: `guess_bonds` is deprecated!\n  `guess_bonds` will be removed in release 3.0.0.\n  MDAnalysis.topology.guessers is deprecated in favour of the new Guessers API. See MDAnalysis.guesser.default_guesser for more details.\n    bonds = bond_sort(guessers.guess_bonds(u.atoms, u.atoms.positions))\n\ntestsuite/MDAnalysisTests/topology/test_guessers.py::test_guess_bonds_peptide\n  /app/repo_to_process/testsuite/MDAnalysisTests/topology/test_guessers.py:178: DeprecationWarning: `guess_types` is deprecated!\n  `guess_types` will be removed in release 3.0.0.\n  MDAnalysis.topology.guessers is deprecated in favour of the new Guessers API. See MDAnalysis.guesser.default_guesser for more details.\n    u.atoms.types = guessers.guess_types(u.atoms.names)\n\ntestsuite/MDAnalysisTests/topology/test_guessers.py::test_guess_bonds_peptide\n  /app/repo_to_process/testsuite/MDAnalysisTests/topology/test_guessers.py:179: DeprecationWarning: `guess_bonds` is deprecated!\n  `guess_bonds` will be removed in release 3.0.0.\n  MDAnalysis.topology.guessers is deprecated in favour of the new Guessers API. See MDAnalysis.guesser.default_guesser for more details.\n    bonds = bond_sort(guessers.guess_bonds(u.atoms, u.atoms.positions))\n\ntestsuite/MDAnalysisTests/topology/test_hoomdxml.py::TestHoomdXMLParser::test_creates_universe\ntestsuite/MDAnalysisTests/topology/test_hoomdxml.py::TestHoomdXMLParser::test_guessed_attributes\ntestsuite/MDAnalysisTests/topology/test_topology_str_types.py::test_str_types[XML-/app/repo_to_process/testsuite/MDAnalysisTests/data/C12x64.xml.bz2-name]\ntestsuite/MDAnalysisTests/topology/test_topology_str_types.py::test_str_types[XML-/app/repo_to_process/testsuite/MDAnalysisTests/data/C12x64.xml.bz2-resname]\ntestsuite/MDAnalysisTests/topology/test_topology_str_types.py::test_str_types[XML-/app/repo_to_process/testsuite/MDAnalysisTests/data/C12x64.xml.bz2-type]\ntestsuite/MDAnalysisTests/topology/test_topology_str_types.py::test_str_types[XML-/app/repo_to_process/testsuite/MDAnalysisTests/data/C12x64.xml.bz2-segid]\ntestsuite/MDAnalysisTests/topology/test_topology_str_types.py::test_str_types[XML-/app/repo_to_process/testsuite/MDAnalysisTests/data/C12x64.xml.bz2-moltype]\n  /usr/local/lib/python3.10/dist-packages/MDAnalysis/core/universe.py:272: UserWarning: No coordinate reader found for /app/repo_to_process/testsuite/MDAnalysisTests/data/C12x64.xml.bz2. Skipping this file.\n    warnings.warn(\n\ntestsuite/MDAnalysisTests/topology/test_itp.py: 11 warnings\n  /usr/local/lib/python3.10/dist-packages/MDAnalysis/core/universe.py:272: UserWarning: No coordinate reader found for /app/repo_to_process/testsuite/MDAnalysisTests/data/gromacs_ala10.itp. Skipping this file.\n    warnings.warn(\n\ntestsuite/MDAnalysisTests/topology/test_itp.py::TestITPNoMass::test_creates_universe\ntestsuite/MDAnalysisTests/topology/test_itp.py::TestITPNoMass::test_guessed_attributes\ntestsuite/MDAnalysisTests/topology/test_itp.py::TestITPNoMass::test_mass_guess\ntestsuite/MDAnalysisTests/topology/test_itp.py::test_elements_deprecation_warning\n  /usr/local/lib/python3.10/dist-packages/MDAnalysis/core/universe.py:272: UserWarning: No coordinate reader found for /app/repo_to_process/testsuite/MDAnalysisTests/data/itp_nomass.itp. Skipping this file.\n    warnings.warn(\n\ntestsuite/MDAnalysisTests/topology/test_itp.py: 10 warnings\n  /usr/local/lib/python3.10/dist-packages/MDAnalysis/topology/ITPParser.py:656: UserWarning: Element information is missing, elements attribute will not be populated. If needed these can be guessed using universe.guess_TopologyAttrs(to_guess=['elements']).\n    warnings.warn(\n\ntestsuite/MDAnalysisTests/topology/test_itp.py::TestITPAtomtypes::test_creates_universe\ntestsuite/MDAnalysisTests/topology/test_itp.py::TestITPAtomtypes::test_guessed_attributes\ntestsuite/MDAnalysisTests/topology/test_itp.py::TestITPAtomtypes::test_charge_parse\ntestsuite/MDAnalysisTests/topology/test_itp.py::TestITPAtomtypes::test_mass_parse_or_guess\ntestsuite/MDAnalysisTests/topology/test_itp.py::test_missing_elements_no_attribute\n  /usr/local/lib/python3.10/dist-packages/MDAnalysis/core/universe.py:272: UserWarning: No coordinate reader found for /app/repo_to_process/testsuite/MDAnalysisTests/data/atomtypes.itp. Skipping this file.\n    warnings.warn(\n\ntestsuite/MDAnalysisTests/topology/test_itp.py::TestITPCharges::test_creates_universe\ntestsuite/MDAnalysisTests/topology/test_itp.py::TestITPCharges::test_guessed_attributes\ntestsuite/MDAnalysisTests/topology/test_itp.py::TestITPCharges::test_charge_parse\ntestsuite/MDAnalysisTests/topology/test_itp.py::TestITPCharges::test_masses_are_read\n  /usr/local/lib/python3.10/dist-packages/MDAnalysis/core/universe.py:272: UserWarning: No coordinate reader found for /app/repo_to_process/testsuite/MDAnalysisTests/data/atomtypes_charge.itp. Skipping this file.\n    warnings.warn(\n\ntestsuite/MDAnalysisTests/topology/test_itp.py::TestDifferentDirectivesITP::test_creates_universe\ntestsuite/MDAnalysisTests/topology/test_itp.py::TestDifferentDirectivesITP::test_guessed_attributes\ntestsuite/MDAnalysisTests/topology/test_itp.py::TestDifferentDirectivesITP::test_bonds_atom_counts\ntestsuite/MDAnalysisTests/topology/test_itp.py::TestDifferentDirectivesITP::test_dihedrals_atom_counts\ntestsuite/MDAnalysisTests/topology/test_itp.py::TestDifferentDirectivesITP::test_dihedrals_identity\n  /usr/local/lib/python3.10/dist-packages/MDAnalysis/core/universe.py:272: UserWarning: No coordinate reader found for /app/repo_to_process/testsuite/MDAnalysisTests/data/edited_itp.itp. Skipping this file.\n    warnings.warn(\n\ntestsuite/MDAnalysisTests/topology/test_itp.py::TestNestedIfs::test_creates_universe\ntestsuite/MDAnalysisTests/topology/test_itp.py::TestNestedIfs::test_guessed_attributes\ntestsuite/MDAnalysisTests/topology/test_itp.py::TestNestedIfs::test_heavy_atom\n  /usr/local/lib/python3.10/dist-packages/MDAnalysis/core/universe.py:272: UserWarning: No coordinate reader found for /app/repo_to_process/testsuite/MDAnalysisTests/data/spce.itp. Skipping this file.\n    warnings.warn(\n\ntestsuite/MDAnalysisTests/topology/test_itp.py::TestReadTop::test_creates_universe\ntestsuite/MDAnalysisTests/topology/test_itp.py::TestReadTop::test_guessed_attributes\ntestsuite/MDAnalysisTests/topology/test_itp.py::TestReadTop::test_sequential\n  /usr/local/lib/python3.10/dist-packages/MDAnalysis/core/universe.py:272: UserWarning: No coordinate reader found for /app/repo_to_process/testsuite/MDAnalysisTests/data/gromacs_ala10.top. Skipping this file.\n    warnings.warn(\n\ntestsuite/MDAnalysisTests/topology/test_itp.py::TestRelativePath::test_relstring\ntestsuite/MDAnalysisTests/topology/test_itp.py::TestRelativePath::test_relpath\n  /usr/local/lib/python3.10/dist-packages/MDAnalysis/core/universe.py:272: UserWarning: No coordinate reader found for ../sub1/test.itp. Skipping this file.\n    warnings.warn(\n\ntestsuite/MDAnalysisTests/topology/test_itp.py::TestRelativePath::test_relative_path\n  /usr/local/lib/python3.10/dist-packages/MDAnalysis/core/universe.py:272: UserWarning: No coordinate reader found for ../test.itp. Skipping this file.\n    warnings.warn(\n\ntestsuite/MDAnalysisTests/topology/test_lammpsdata.py: 15 warnings\n  /usr/local/lib/python3.10/dist-packages/MDAnalysis/topology/LAMMPSParser.py:665: UserWarning: No mass column found in dump file. Using guessed masses from element info.\n    warnings.warn(\n\ntestsuite/MDAnalysisTests/topology/test_lammpsdata.py: 15 warnings\n  /usr/local/lib/python3.10/dist-packages/MDAnalysis/topology/LAMMPSParser.py:704: UserWarning: Unknown element X found for some atoms. These have been given an empty element record. \n    warnings.warn(wmsg)\n\ntestsuite/MDAnalysisTests/topology/test_lammpsdata.py::test_notypes\n  /usr/local/lib/python3.10/dist-packages/MDAnalysis/topology/LAMMPSParser.py:672: UserWarning: Set all atom types to 1\n    warnings.warn(\"Set all atom types to 1\")\n\ntestsuite/MDAnalysisTests/topology/test_pdb.py::test_PDB_no_resid\n  /usr/local/lib/python3.10/dist-packages/MDAnalysis/topology/PDBParser.py:309: UserWarning: PDB file is missing resid information.  Defaulted to '1'\n    warnings.warn(\"PDB file is missing resid information.  \"\n\ntestsuite/MDAnalysisTests/topology/test_psf.py::TestPSFParser::test_creates_universe[bz2]\n  /usr/local/lib/python3.10/dist-packages/MDAnalysis/core/universe.py:272: UserWarning: No coordinate reader found for /tmp/pytest-of-root/pytest-0/test_creates_universe_bz2_0/file.psf.bz2. Skipping this file.\n    warnings.warn(\n\ntestsuite/MDAnalysisTests/topology/test_psf.py::TestPSFParser::test_guessed_attributes[bz2]\n  /usr/local/lib/python3.10/dist-packages/MDAnalysis/core/universe.py:272: UserWarning: No coordinate reader found for /tmp/pytest-of-root/pytest-0/test_guessed_attributes_bz2_0/file.psf.bz2. Skipping this file.\n    warnings.warn(\n\ntestsuite/MDAnalysisTests/topology/test_psf.py::TestPSFParser::test_bonds_atom_counts[bz2]\n  /usr/local/lib/python3.10/dist-packages/MDAnalysis/core/universe.py:272: UserWarning: No coordinate reader found for /tmp/pytest-of-root/pytest-0/test_bonds_atom_counts_bz2_0/file.psf.bz2. Skipping this file.\n    warnings.warn(\n\ntestsuite/MDAnalysisTests/topology/test_psf.py::TestPSFParser::test_angles_atom_counts[bz2]\n  /usr/local/lib/python3.10/dist-packages/MDAnalysis/core/universe.py:272: UserWarning: No coordinate reader found for /tmp/pytest-of-root/pytest-0/test_angles_atom_counts_bz2_0/file.psf.bz2. Skipping this file.\n    warnings.warn(\n\ntestsuite/MDAnalysisTests/topology/test_psf.py::TestPSFParser::test_dihedrals_atom_counts[bz2]\n  /usr/local/lib/python3.10/dist-packages/MDAnalysis/core/universe.py:272: UserWarning: No coordinate reader found for /tmp/pytest-of-root/pytest-0/test_dihedrals_atom_counts_bz20/file.psf.bz2. Skipping this file.\n    warnings.warn(\n\ntestsuite/MDAnalysisTests/topology/test_psf.py::TestPSFParser2::test_creates_universe\ntestsuite/MDAnalysisTests/topology/test_psf.py::TestPSFParser2::test_guessed_attributes\n  /usr/local/lib/python3.10/dist-packages/MDAnalysis/core/universe.py:272: UserWarning: No coordinate reader found for /app/repo_to_process/testsuite/MDAnalysisTests/data/2r9r-1b.psf. Skipping this file.\n    warnings.warn(\n\ntestsuite/MDAnalysisTests/topology/test_psf.py::TestPSFParserNoTop::test_creates_universe\ntestsuite/MDAnalysisTests/topology/test_psf.py::TestPSFParserNoTop::test_guessed_attributes\n  /usr/local/lib/python3.10/dist-packages/MDAnalysis/core/universe.py:272: UserWarning: No coordinate reader found for /app/repo_to_process/testsuite/MDAnalysisTests/data/adk_notop.psf. Skipping this file.\n    warnings.warn(\n\ntestsuite/MDAnalysisTests/topology/test_psf.py::test_psf_nosegid\n  /usr/local/lib/python3.10/dist-packages/MDAnalysis/core/universe.py:272: UserWarning: No coordinate reader found for /app/repo_to_process/testsuite/MDAnalysisTests/data/nosegid.psf. Skipping this file.\n    warnings.warn(\n\ntestsuite/MDAnalysisTests/topology/test_psf.py::test_psf_inscode\n  /usr/local/lib/python3.10/dist-packages/MDAnalysis/core/universe.py:272: UserWarning: No coordinate reader found for /app/repo_to_process/testsuite/MDAnalysisTests/data/1a2c_ins_code.psf. Skipping this file.\n    warnings.warn(\n\ntestsuite/MDAnalysisTests/topology/test_top.py::TestPRMChainidParser::test_creates_universe\ntestsuite/MDAnalysisTests/topology/test_top.py::TestPRMChainidParser::test_guessed_attributes\ntestsuite/MDAnalysisTests/topology/test_top.py::TestPRMChainidParser::test_bonds_atom_counts\ntestsuite/MDAnalysisTests/topology/test_top.py::TestPRMChainidParser::test_angles_atom_counts\ntestsuite/MDAnalysisTests/topology/test_top.py::TestPRMChainidParser::test_dihedrals_atom_counts\ntestsuite/MDAnalysisTests/topology/test_top.py::TestPRMChainidParser::test_impropers_atom_counts\ntestsuite/MDAnalysisTests/topology/test_top.py::TestPRMChainidParser::test_chainIDs\n  /usr/local/lib/python3.10/dist-packages/MDAnalysis/core/universe.py:272: UserWarning: No coordinate reader found for /app/repo_to_process/testsuite/MDAnalysisTests/data/Amber/ache_chainid.prmtop.bz2. Skipping this file.\n    warnings.warn(\n\ntestsuite/MDAnalysisTests/topology/test_top.py: 6 warnings\ntestsuite/MDAnalysisTests/topology/test_topology_str_types.py: 5 warnings\n  /usr/local/lib/python3.10/dist-packages/MDAnalysis/core/universe.py:272: UserWarning: No coordinate reader found for /app/repo_to_process/testsuite/MDAnalysisTests/data/Amber/anti.top. Skipping this file.\n    warnings.warn(\n\ntestsuite/MDAnalysisTests/topology/test_top.py: 6 warnings\ntestsuite/MDAnalysisTests/topology/test_topology_str_types.py: 5 warnings\n  /usr/local/lib/python3.10/dist-packages/MDAnalysis/core/universe.py:272: UserWarning: No coordinate reader found for /app/repo_to_process/testsuite/MDAnalysisTests/data/Amber/tz2.truncoct.parm7.bz2. Skipping this file.\n    warnings.warn(\n\ntestsuite/MDAnalysisTests/topology/test_top.py::TestPRM2::test_creates_universe\ntestsuite/MDAnalysisTests/topology/test_top.py::TestPRM2::test_guessed_attributes\ntestsuite/MDAnalysisTests/topology/test_top.py::TestPRM2::test_bonds_atom_counts\ntestsuite/MDAnalysisTests/topology/test_top.py::TestPRM2::test_angles_atom_counts\ntestsuite/MDAnalysisTests/topology/test_top.py::TestPRM2::test_dihedrals_atom_counts\ntestsuite/MDAnalysisTests/topology/test_top.py::TestPRM2::test_impropers_atom_counts\n  /usr/local/lib/python3.10/dist-packages/MDAnalysis/core/universe.py:272: UserWarning: No coordinate reader found for /app/repo_to_process/testsuite/MDAnalysisTests/data/Amber/capped-ala.prmtop. Skipping this file.\n    warnings.warn(\n\ntestsuite/MDAnalysisTests/topology/test_top.py::TestPRMNCRST::test_creates_universe\ntestsuite/MDAnalysisTests/topology/test_top.py::TestPRMNCRST::test_guessed_attributes\ntestsuite/MDAnalysisTests/topology/test_top.py::TestPRMNCRST::test_bonds_atom_counts\ntestsuite/MDAnalysisTests/topology/test_top.py::TestPRMNCRST::test_angles_atom_counts\ntestsuite/MDAnalysisTests/topology/test_top.py::TestPRMNCRST::test_dihedrals_atom_counts\ntestsuite/MDAnalysisTests/topology/test_top.py::TestPRMNCRST::test_impropers_atom_counts\n  /usr/local/lib/python3.10/dist-packages/MDAnalysis/core/universe.py:272: UserWarning: No coordinate reader found for /app/repo_to_process/testsuite/MDAnalysisTests/data/Amber/ace_mbondi3.parm7. Skipping this file.\n    warnings.warn(\n\ntestsuite/MDAnalysisTests/topology/test_top.py: 42 warnings\n  /usr/local/lib/python3.10/dist-packages/MDAnalysis/topology/TOPParser.py:342: UserWarning: Unknown ATOMIC_NUMBER value found for some atoms, these have been given an empty element record. If needed these can be guessed using universe.guess_TopologyAttrs(to_guess=['elements']).\n    warnings.warn(msg)\n\ntestsuite/MDAnalysisTests/topology/test_top.py::TestPRMNCRST_negative::test_creates_universe\ntestsuite/MDAnalysisTests/topology/test_top.py::TestPRMNCRST_negative::test_guessed_attributes\ntestsuite/MDAnalysisTests/topology/test_top.py::TestPRMNCRST_negative::test_bonds_atom_counts\ntestsuite/MDAnalysisTests/topology/test_top.py::TestPRMNCRST_negative::test_angles_atom_counts\ntestsuite/MDAnalysisTests/topology/test_top.py::TestPRMNCRST_negative::test_dihedrals_atom_counts\ntestsuite/MDAnalysisTests/topology/test_top.py::TestPRMNCRST_negative::test_impropers_atom_counts\n  /usr/local/lib/python3.10/dist-packages/MDAnalysis/core/universe.py:272: UserWarning: No coordinate reader found for /app/repo_to_process/testsuite/MDAnalysisTests/data/Amber/ace_mbondi3.negative.parm7. Skipping this file.\n    warnings.warn(\n\ntestsuite/MDAnalysisTests/topology/test_top.py::TestPRMEP::test_creates_universe\ntestsuite/MDAnalysisTests/topology/test_top.py::TestPRMEP::test_guessed_attributes\ntestsuite/MDAnalysisTests/topology/test_top.py::TestPRMEP::test_bonds_atom_counts\ntestsuite/MDAnalysisTests/topology/test_top.py::TestPRMEP::test_angles_atom_counts\ntestsuite/MDAnalysisTests/topology/test_top.py::TestPRMEP::test_dihedrals_atom_counts\ntestsuite/MDAnalysisTests/topology/test_top.py::TestPRMEP::test_impropers_atom_counts\n  /usr/local/lib/python3.10/dist-packages/MDAnalysis/core/universe.py:272: UserWarning: No coordinate reader found for /app/repo_to_process/testsuite/MDAnalysisTests/data/Amber/ala.ff19SB.OPC.parm7.bz2. Skipping this file.\n    warnings.warn(\n\ntestsuite/MDAnalysisTests/transformations/test_fit.py::test_fit_translation_no_masses\n  /usr/local/lib/python3.10/dist-packages/MDAnalysis/analysis/align.py:1773: SelectionWarning: Atoms could not be matched since they don't contain masses.\n    warnings.warn(msg, category=SelectionWarning)\n\ntestsuite/MDAnalysisTests/transformations/test_nojump.py::test_nojump_constantvel_stride_2\n  /usr/local/lib/python3.10/dist-packages/MDAnalysis/transformations/nojump.py:139: UserWarning: NoJump detected that the interval between frames is unequal.We are resetting the reference frame to the current timestep.\n    warnings.warn(\n\ntestsuite/MDAnalysisTests/utils/test_persistence.py::TestAtomGroupPickle::test_unpickle\n  /app/repo_to_process/testsuite/MDAnalysisTests/utils/test_persistence.py:57: UserWarning: Reader has no dt information, set to 1.0 ps\n    return pickle.dumps(ag, protocol=pickle.HIGHEST_PROTOCOL)\n\ntestsuite/MDAnalysisTests/utils/test_persistence.py::TestAtomGroupPickle::test_pickle_unpickle_empty\n  /app/repo_to_process/testsuite/MDAnalysisTests/utils/test_persistence.py:83: UserWarning: Reader has no dt information, set to 1.0 ps\n    pickle_str = pickle.dumps(ag, protocol=pickle.HIGHEST_PROTOCOL)\n\ntestsuite/MDAnalysisTests/utils/test_persistence.py::TestAtomGroupPickle::test_unpickle_two_ag\n  /app/repo_to_process/testsuite/MDAnalysisTests/utils/test_persistence.py:62: UserWarning: Reader has no dt information, set to 1.0 ps\n    return pickle.dumps((ag, ag_2), protocol=pickle.HIGHEST_PROTOCOL)\n\ntestsuite/MDAnalysisTests/utils/test_persistence.py::TestAtomGroupPickle::test_unpickle_ag_with_universe_f\n  /app/repo_to_process/testsuite/MDAnalysisTests/utils/test_persistence.py:67: UserWarning: Reader has no dt information, set to 1.0 ps\n    return pickle.dumps((universe, ag), protocol=pickle.HIGHEST_PROTOCOL)\n\ntestsuite/MDAnalysisTests/utils/test_persistence.py::TestAtomGroupPickle::test_unpickle_ag_with_universe\n  /app/repo_to_process/testsuite/MDAnalysisTests/utils/test_persistence.py:72: UserWarning: Reader has no dt information, set to 1.0 ps\n    return pickle.dumps((ag, universe), protocol=pickle.HIGHEST_PROTOCOL)\n\ntestsuite/MDAnalysisTests/utils/test_persistence.py::TestPicklingUpdatingAtomGroups::test_pickling_uag\n  /app/repo_to_process/testsuite/MDAnalysisTests/utils/test_persistence.py:118: UserWarning: Reader has no dt information, set to 1.0 ps\n    pickle_str = pickle.dumps(uag, protocol=pickle.HIGHEST_PROTOCOL)\n\ntestsuite/MDAnalysisTests/utils/test_persistence.py::TestPicklingUpdatingAtomGroups::test_pickling_uag_of_uag\n  /app/repo_to_process/testsuite/MDAnalysisTests/utils/test_persistence.py:126: UserWarning: Reader has no dt information, set to 1.0 ps\n    pickle_str = pickle.dumps(uag2, protocol=pickle.HIGHEST_PROTOCOL)\n\ntestsuite/MDAnalysisTests/utils/test_streamio.py: 10 warnings\n  /usr/local/lib/python3.10/dist-packages/MDAnalysis/lib/util.py:708: RuntimeWarning: Constructed NamedStream from a NamedStream\n    warnings.warn(\n\ntestsuite/MDAnalysisTests/utils/test_units.py::TestConstants::test_constant[Boltzman_constant-0.008314462159]\n  /usr/local/lib/python3.10/dist-packages/MDAnalysis/units.py:185: DeprecationWarning: Please use 'Boltzmann_constant' henceforth. The key 'Boltzman_constant' was a typo and will be removed in MDAnalysis 2.8.0.\n    warnings.warn(wmsg, DeprecationWarning)\n\n-- Docs: https://docs.pytest.org/en/stable/how-to/capture-warnings.html\n= 20722 passed, 771 skipped, 6 xfailed, 2 xpassed, 105147 warnings in 901.17s (0:15:01) =\n",
    "stderr": "",
    "execution_time": 907.4007680416107
  }
]