[
  {
    "command": "pip install -e .",
    "success": false,
    "stdout": "Looking in indexes: https://repo.huaweicloud.com/repository/pypi/simple/\nObtaining file:///app/repo_to_process\n  Installing build dependencies: started\n  Installing build dependencies: finished with status 'done'\n  Checking if build backend supports build_editable: started\n  Checking if build backend supports build_editable: finished with status 'done'\n  Getting requirements to build editable: started\n  Getting requirements to build editable: finished with status 'done'\n  Preparing editable metadata (pyproject.toml): started\n  Preparing editable metadata (pyproject.toml): finished with status 'done'\nRequirement already satisfied: numpy<3,>=1.22.3 in /usr/local/lib/python3.10/dist-packages (from statsmodels==0.15.0.dev697+g53dc966d7) (2.2.6)\nRequirement already satisfied: scipy!=1.9.2,>=1.8 in /usr/local/lib/python3.10/dist-packages (from statsmodels==0.15.0.dev697+g53dc966d7) (1.15.3)\nRequirement already satisfied: pandas!=2.1.0,>=1.4 in /usr/local/lib/python3.10/dist-packages (from statsmodels==0.15.0.dev697+g53dc966d7) (2.3.1)\nRequirement already satisfied: patsy>=0.5.6 in /usr/local/lib/python3.10/dist-packages (from statsmodels==0.15.0.dev697+g53dc966d7) (1.0.1)\nRequirement already satisfied: packaging>=21.3 in /usr/local/lib/python3.10/dist-packages (from statsmodels==0.15.0.dev697+g53dc966d7) (25.0)\nRequirement already satisfied: formulaic>=1.1.0 in /usr/local/lib/python3.10/dist-packages (from statsmodels==0.15.0.dev697+g53dc966d7) (1.2.0)\nRequirement already satisfied: interface-meta>=1.2.0 in /usr/local/lib/python3.10/dist-packages (from formulaic>=1.1.0->statsmodels==0.15.0.dev697+g53dc966d7) (1.3.0)\nRequirement already satisfied: narwhals>=1.17 in /usr/local/lib/python3.10/dist-packages (from formulaic>=1.1.0->statsmodels==0.15.0.dev697+g53dc966d7) (2.0.1)\nRequirement already satisfied: typing-extensions>=4.2.0 in /usr/local/lib/python3.10/dist-packages (from formulaic>=1.1.0->statsmodels==0.15.0.dev697+g53dc966d7) (4.14.1)\nRequirement already satisfied: wrapt>=1.0 in /usr/local/lib/python3.10/dist-packages (from formulaic>=1.1.0->statsmodels==0.15.0.dev697+g53dc966d7) (1.17.2)\nRequirement already satisfied: python-dateutil>=2.8.2 in /usr/local/lib/python3.10/dist-packages (from pandas!=2.1.0,>=1.4->statsmodels==0.15.0.dev697+g53dc966d7) (2.9.0.post0)\nRequirement already satisfied: pytz>=2020.1 in /usr/local/lib/python3.10/dist-packages (from pandas!=2.1.0,>=1.4->statsmodels==0.15.0.dev697+g53dc966d7) (2025.2)\nRequirement already satisfied: tzdata>=2022.7 in /usr/local/lib/python3.10/dist-packages (from pandas!=2.1.0,>=1.4->statsmodels==0.15.0.dev697+g53dc966d7) (2025.2)\nRequirement already satisfied: six>=1.5 in /usr/local/lib/python3.10/dist-packages (from python-dateutil>=2.8.2->pandas!=2.1.0,>=1.4->statsmodels==0.15.0.dev697+g53dc966d7) (1.17.0)\nBuilding wheels for collected packages: statsmodels\n  Building editable for statsmodels (pyproject.toml): started\n  Building editable for statsmodels (pyproject.toml): finished with status 'error'\nFailed to build statsmodels\n",
    "stderr": "  error: subprocess-exited-with-error\n  \n  × Building editable for statsmodels (pyproject.toml) did not run successfully.\n  │ exit code: 1\n  ╰─> [181 lines of output]\n      /tmp/pip-build-env-__08je3f/overlay/local/lib/python3.10/dist-packages/setuptools/dist.py:759: SetuptoolsDeprecationWarning: License classifiers are deprecated.\n      !!\n      \n              ********************************************************************************\n              Please consider removing the following classifiers in favor of a SPDX license expression:\n      \n              License :: OSI Approved :: BSD License\n      \n              See https://packaging.python.org/en/latest/guides/writing-pyproject-toml/#license for details.\n              ********************************************************************************\n      \n      !!\n        self._finalize_license_expression()\n      running editable_wheel\n      creating /tmp/pip-wheel-28guvbyo/.tmp-xq1ify6n/statsmodels.egg-info\n      writing /tmp/pip-wheel-28guvbyo/.tmp-xq1ify6n/statsmodels.egg-info/PKG-INFO\n      writing dependency_links to /tmp/pip-wheel-28guvbyo/.tmp-xq1ify6n/statsmodels.egg-info/dependency_links.txt\n      writing requirements to /tmp/pip-wheel-28guvbyo/.tmp-xq1ify6n/statsmodels.egg-info/requires.txt\n      writing top-level names to /tmp/pip-wheel-28guvbyo/.tmp-xq1ify6n/statsmodels.egg-info/top_level.txt\n      writing manifest file '/tmp/pip-wheel-28guvbyo/.tmp-xq1ify6n/statsmodels.egg-info/SOURCES.txt'\n      dependency /tmp/pip-build-env-__08je3f/overlay/local/lib/python3.10/dist-packages/numpy/_core/include/numpy/arrayobject.h won't be automatically included in the manifest: the path must be relative\n      dependency /tmp/pip-build-env-__08je3f/overlay/local/lib/python3.10/dist-packages/numpy/_core/include/numpy/arrayscalars.h won't be automatically included in the manifest: the path must be relative\n      dependency /tmp/pip-build-env-__08je3f/overlay/local/lib/python3.10/dist-packages/numpy/_core/include/numpy/ndarrayobject.h won't be automatically included in the manifest: the path must be relative\n      dependency /tmp/pip-build-env-__08je3f/overlay/local/lib/python3.10/dist-packages/numpy/_core/include/numpy/ndarraytypes.h won't be automatically included in the manifest: the path must be relative\n      dependency /tmp/pip-build-env-__08je3f/overlay/local/lib/python3.10/dist-packages/numpy/_core/include/numpy/ufuncobject.h won't be automatically included in the manifest: the path must be relative\n      dependency /tmp/pip-build-env-__08je3f/overlay/local/lib/python3.10/dist-packages/numpy/_core/include/numpy/arrayobject.h won't be automatically included in the manifest: the path must be relative\n      dependency /tmp/pip-build-env-__08je3f/overlay/local/lib/python3.10/dist-packages/numpy/_core/include/numpy/arrayscalars.h won't be automatically included in the manifest: the path must be relative\n      dependency /tmp/pip-build-env-__08je3f/overlay/local/lib/python3.10/dist-packages/numpy/_core/include/numpy/ndarrayobject.h won't be automatically included in the manifest: the path must be relative\n      dependency /tmp/pip-build-env-__08je3f/overlay/local/lib/python3.10/dist-packages/numpy/_core/include/numpy/ndarraytypes.h won't be automatically included in the manifest: the path must be relative\n      dependency /tmp/pip-build-env-__08je3f/overlay/local/lib/python3.10/dist-packages/numpy/_core/include/numpy/ufuncobject.h won't be automatically included in the manifest: the path must be relative\n      dependency /tmp/pip-build-env-__08je3f/overlay/local/lib/python3.10/dist-packages/numpy/_core/include/numpy/arrayobject.h won't be automatically included in the manifest: the path must be relative\n      dependency /tmp/pip-build-env-__08je3f/overlay/local/lib/python3.10/dist-packages/numpy/_core/include/numpy/arrayscalars.h won't be automatically included in the manifest: the path must be relative\n      dependency /tmp/pip-build-env-__08je3f/overlay/local/lib/python3.10/dist-packages/numpy/_core/include/numpy/ndarrayobject.h won't be automatically included in the manifest: the path must be relative\n      dependency /tmp/pip-build-env-__08je3f/overlay/local/lib/python3.10/dist-packages/numpy/_core/include/numpy/ndarraytypes.h won't be automatically included in the manifest: the path must be relative\n      dependency /tmp/pip-build-env-__08je3f/overlay/local/lib/python3.10/dist-packages/numpy/_core/include/numpy/npy_math.h won't be automatically included in the manifest: the path must be relative\n      dependency /tmp/pip-build-env-__08je3f/overlay/local/lib/python3.10/dist-packages/numpy/_core/include/numpy/ufuncobject.h won't be automatically included in the manifest: the path must be relative\n      dependency /tmp/pip-build-env-__08je3f/overlay/local/lib/python3.10/dist-packages/numpy/_core/include/numpy/arrayobject.h won't be automatically included in the manifest: the path must be relative\n      dependency /tmp/pip-build-env-__08je3f/overlay/local/lib/python3.10/dist-packages/numpy/_core/include/numpy/arrayscalars.h won't be automatically included in the manifest: the path must be relative\n      dependency /tmp/pip-build-env-__08je3f/overlay/local/lib/python3.10/dist-packages/numpy/_core/include/numpy/ndarrayobject.h won't be automatically included in the manifest: the path must be relative\n      dependency /tmp/pip-build-env-__08je3f/overlay/local/lib/python3.10/dist-packages/numpy/_core/include/numpy/ndarraytypes.h won't be automatically included in the manifest: the path must be relative\n      dependency /tmp/pip-build-env-__08je3f/overlay/local/lib/python3.10/dist-packages/numpy/_core/include/numpy/npy_math.h won't be automatically included in the manifest: the path must be relative\n      dependency /tmp/pip-build-env-__08je3f/overlay/local/lib/python3.10/dist-packages/numpy/_core/include/numpy/ufuncobject.h won't be automatically included in the manifest: the path must be relative\n      dependency /tmp/pip-build-env-__08je3f/overlay/local/lib/python3.10/dist-packages/numpy/_core/include/numpy/arrayobject.h won't be automatically included in the manifest: the path must be relative\n      dependency /tmp/pip-build-env-__08je3f/overlay/local/lib/python3.10/dist-packages/numpy/_core/include/numpy/arrayscalars.h won't be automatically included in the manifest: the path must be relative\n      dependency /tmp/pip-build-env-__08je3f/overlay/local/lib/python3.10/dist-packages/numpy/_core/include/numpy/ndarrayobject.h won't be automatically included in the manifest: the path must be relative\n      dependency /tmp/pip-build-env-__08je3f/overlay/local/lib/python3.10/dist-packages/numpy/_core/include/numpy/ndarraytypes.h won't be automatically included in the manifest: the path must be relative\n      dependency /tmp/pip-build-env-__08je3f/overlay/local/lib/python3.10/dist-packages/numpy/_core/include/numpy/npy_math.h won't be automatically included in the manifest: the path must be relative\n      dependency /tmp/pip-build-env-__08je3f/overlay/local/lib/python3.10/dist-packages/numpy/_core/include/numpy/ufuncobject.h won't be automatically included in the manifest: the path must be relative\n      dependency /tmp/pip-build-env-__08je3f/overlay/local/lib/python3.10/dist-packages/numpy/_core/include/numpy/arrayobject.h won't be automatically included in the manifest: the path must be relative\n      dependency /tmp/pip-build-env-__08je3f/overlay/local/lib/python3.10/dist-packages/numpy/_core/include/numpy/arrayscalars.h won't be automatically included in the manifest: the path must be relative\n      dependency /tmp/pip-build-env-__08je3f/overlay/local/lib/python3.10/dist-packages/numpy/_core/include/numpy/ndarrayobject.h won't be automatically included in the manifest: the path must be relative\n      dependency /tmp/pip-build-env-__08je3f/overlay/local/lib/python3.10/dist-packages/numpy/_core/include/numpy/ndarraytypes.h won't be automatically included in the manifest: the path must be relative\n      dependency /tmp/pip-build-env-__08je3f/overlay/local/lib/python3.10/dist-packages/numpy/_core/include/numpy/ufuncobject.h won't be automatically included in the manifest: the path must be relative\n      dependency /tmp/pip-build-env-__08je3f/overlay/local/lib/python3.10/dist-packages/numpy/_core/include/numpy/arrayobject.h won't be automatically included in the manifest: the path must be relative\n      dependency /tmp/pip-build-env-__08je3f/overlay/local/lib/python3.10/dist-packages/numpy/_core/include/numpy/arrayscalars.h won't be automatically included in the manifest: the path must be relative\n      dependency /tmp/pip-build-env-__08je3f/overlay/local/lib/python3.10/dist-packages/numpy/_core/include/numpy/ndarrayobject.h won't be automatically included in the manifest: the path must be relative\n      dependency /tmp/pip-build-env-__08je3f/overlay/local/lib/python3.10/dist-packages/numpy/_core/include/numpy/ndarraytypes.h won't be automatically included in the manifest: the path must be relative\n      dependency /tmp/pip-build-env-__08je3f/overlay/local/lib/python3.10/dist-packages/numpy/_core/include/numpy/ufuncobject.h won't be automatically included in the manifest: the path must be relative\n      dependency /tmp/pip-build-env-__08je3f/overlay/local/lib/python3.10/dist-packages/numpy/_core/include/numpy/arrayobject.h won't be automatically included in the manifest: the path must be relative\n      dependency /tmp/pip-build-env-__08je3f/overlay/local/lib/python3.10/dist-packages/numpy/_core/include/numpy/arrayscalars.h won't be automatically included in the manifest: the path must be relative\n      dependency /tmp/pip-build-env-__08je3f/overlay/local/lib/python3.10/dist-packages/numpy/_core/include/numpy/ndarrayobject.h won't be automatically included in the manifest: the path must be relative\n      dependency /tmp/pip-build-env-__08je3f/overlay/local/lib/python3.10/dist-packages/numpy/_core/include/numpy/ndarraytypes.h won't be automatically included in the manifest: the path must be relative\n      dependency /tmp/pip-build-env-__08je3f/overlay/local/lib/python3.10/dist-packages/numpy/_core/include/numpy/npy_math.h won't be automatically included in the manifest: the path must be relative\n      dependency /tmp/pip-build-env-__08je3f/overlay/local/lib/python3.10/dist-packages/numpy/_core/include/numpy/ufuncobject.h won't be automatically included in the manifest: the path must be relative\n      dependency /tmp/pip-build-env-__08je3f/overlay/local/lib/python3.10/dist-packages/numpy/_core/include/numpy/arrayobject.h won't be automatically included in the manifest: the path must be relative\n      dependency /tmp/pip-build-env-__08je3f/overlay/local/lib/python3.10/dist-packages/numpy/_core/include/numpy/arrayscalars.h won't be automatically included in the manifest: the path must be relative\n      dependency /tmp/pip-build-env-__08je3f/overlay/local/lib/python3.10/dist-packages/numpy/_core/include/numpy/ndarrayobject.h won't be automatically included in the manifest: the path must be relative\n      dependency /tmp/pip-build-env-__08je3f/overlay/local/lib/python3.10/dist-packages/numpy/_core/include/numpy/ndarraytypes.h won't be automatically included in the manifest: the path must be relative\n      dependency /tmp/pip-build-env-__08je3f/overlay/local/lib/python3.10/dist-packages/numpy/_core/include/numpy/npy_math.h won't be automatically included in the manifest: the path must be relative\n      dependency /tmp/pip-build-env-__08je3f/overlay/local/lib/python3.10/dist-packages/numpy/_core/include/numpy/ufuncobject.h won't be automatically included in the manifest: the path must be relative\n      dependency /tmp/pip-build-env-__08je3f/overlay/local/lib/python3.10/dist-packages/numpy/_core/include/numpy/arrayobject.h won't be automatically included in the manifest: the path must be relative\n      dependency /tmp/pip-build-env-__08je3f/overlay/local/lib/python3.10/dist-packages/numpy/_core/include/numpy/arrayscalars.h won't be automatically included in the manifest: the path must be relative\n      dependency /tmp/pip-build-env-__08je3f/overlay/local/lib/python3.10/dist-packages/numpy/_core/include/numpy/ndarrayobject.h won't be automatically included in the manifest: the path must be relative\n      dependency /tmp/pip-build-env-__08je3f/overlay/local/lib/python3.10/dist-packages/numpy/_core/include/numpy/ndarraytypes.h won't be automatically included in the manifest: the path must be relative\n      dependency /tmp/pip-build-env-__08je3f/overlay/local/lib/python3.10/dist-packages/numpy/_core/include/numpy/npy_math.h won't be automatically included in the manifest: the path must be relative\n      dependency /tmp/pip-build-env-__08je3f/overlay/local/lib/python3.10/dist-packages/numpy/_core/include/numpy/ufuncobject.h won't be automatically included in the manifest: the path must be relative\n      dependency /tmp/pip-build-env-__08je3f/overlay/local/lib/python3.10/dist-packages/numpy/_core/include/numpy/arrayobject.h won't be automatically included in the manifest: the path must be relative\n      dependency /tmp/pip-build-env-__08je3f/overlay/local/lib/python3.10/dist-packages/numpy/_core/include/numpy/arrayscalars.h won't be automatically included in the manifest: the path must be relative\n      dependency /tmp/pip-build-env-__08je3f/overlay/local/lib/python3.10/dist-packages/numpy/_core/include/numpy/ndarrayobject.h won't be automatically included in the manifest: the path must be relative\n      dependency /tmp/pip-build-env-__08je3f/overlay/local/lib/python3.10/dist-packages/numpy/_core/include/numpy/ndarraytypes.h won't be automatically included in the manifest: the path must be relative\n      dependency /tmp/pip-build-env-__08je3f/overlay/local/lib/python3.10/dist-packages/numpy/_core/include/numpy/npy_math.h won't be automatically included in the manifest: the path must be relative\n      dependency /tmp/pip-build-env-__08je3f/overlay/local/lib/python3.10/dist-packages/numpy/_core/include/numpy/ufuncobject.h won't be automatically included in the manifest: the path must be relative\n      dependency /tmp/pip-build-env-__08je3f/overlay/local/lib/python3.10/dist-packages/numpy/_core/include/numpy/arrayobject.h won't be automatically included in the manifest: the path must be relative\n      dependency /tmp/pip-build-env-__08je3f/overlay/local/lib/python3.10/dist-packages/numpy/_core/include/numpy/arrayscalars.h won't be automatically included in the manifest: the path must be relative\n      dependency /tmp/pip-build-env-__08je3f/overlay/local/lib/python3.10/dist-packages/numpy/_core/include/numpy/ndarrayobject.h won't be automatically included in the manifest: the path must be relative\n      dependency /tmp/pip-build-env-__08je3f/overlay/local/lib/python3.10/dist-packages/numpy/_core/include/numpy/ndarraytypes.h won't be automatically included in the manifest: the path must be relative\n      dependency /tmp/pip-build-env-__08je3f/overlay/local/lib/python3.10/dist-packages/numpy/_core/include/numpy/npy_math.h won't be automatically included in the manifest: the path must be relative\n      dependency /tmp/pip-build-env-__08je3f/overlay/local/lib/python3.10/dist-packages/numpy/_core/include/numpy/ufuncobject.h won't be automatically included in the manifest: the path must be relative\n      dependency /tmp/pip-build-env-__08je3f/overlay/local/lib/python3.10/dist-packages/numpy/_core/include/numpy/arrayobject.h won't be automatically included in the manifest: the path must be relative\n      dependency /tmp/pip-build-env-__08je3f/overlay/local/lib/python3.10/dist-packages/numpy/_core/include/numpy/arrayscalars.h won't be automatically included in the manifest: the path must be relative\n      dependency /tmp/pip-build-env-__08je3f/overlay/local/lib/python3.10/dist-packages/numpy/_core/include/numpy/ndarrayobject.h won't be automatically included in the manifest: the path must be relative\n      dependency /tmp/pip-build-env-__08je3f/overlay/local/lib/python3.10/dist-packages/numpy/_core/include/numpy/ndarraytypes.h won't be automatically included in the manifest: the path must be relative\n      dependency /tmp/pip-build-env-__08je3f/overlay/local/lib/python3.10/dist-packages/numpy/_core/include/numpy/npy_math.h won't be automatically included in the manifest: the path must be relative\n      dependency /tmp/pip-build-env-__08je3f/overlay/local/lib/python3.10/dist-packages/numpy/_core/include/numpy/ufuncobject.h won't be automatically included in the manifest: the path must be relative\n      dependency /tmp/pip-build-env-__08je3f/overlay/local/lib/python3.10/dist-packages/numpy/_core/include/numpy/arrayobject.h won't be automatically included in the manifest: the path must be relative\n      dependency /tmp/pip-build-env-__08je3f/overlay/local/lib/python3.10/dist-packages/numpy/_core/include/numpy/arrayscalars.h won't be automatically included in the manifest: the path must be relative\n      dependency /tmp/pip-build-env-__08je3f/overlay/local/lib/python3.10/dist-packages/numpy/_core/include/numpy/ndarrayobject.h won't be automatically included in the manifest: the path must be relative\n      dependency /tmp/pip-build-env-__08je3f/overlay/local/lib/python3.10/dist-packages/numpy/_core/include/numpy/ndarraytypes.h won't be automatically included in the manifest: the path must be relative\n      dependency /tmp/pip-build-env-__08je3f/overlay/local/lib/python3.10/dist-packages/numpy/_core/include/numpy/npy_math.h won't be automatically included in the manifest: the path must be relative\n      dependency /tmp/pip-build-env-__08je3f/overlay/local/lib/python3.10/dist-packages/numpy/_core/include/numpy/ufuncobject.h won't be automatically included in the manifest: the path must be relative\n      dependency /tmp/pip-build-env-__08je3f/overlay/local/lib/python3.10/dist-packages/numpy/_core/include/numpy/arrayobject.h won't be automatically included in the manifest: the path must be relative\n      dependency /tmp/pip-build-env-__08je3f/overlay/local/lib/python3.10/dist-packages/numpy/_core/include/numpy/arrayscalars.h won't be automatically included in the manifest: the path must be relative\n      dependency /tmp/pip-build-env-__08je3f/overlay/local/lib/python3.10/dist-packages/numpy/_core/include/numpy/ndarrayobject.h won't be automatically included in the manifest: the path must be relative\n      dependency /tmp/pip-build-env-__08je3f/overlay/local/lib/python3.10/dist-packages/numpy/_core/include/numpy/ndarraytypes.h won't be automatically included in the manifest: the path must be relative\n      dependency /tmp/pip-build-env-__08je3f/overlay/local/lib/python3.10/dist-packages/numpy/_core/include/numpy/ufuncobject.h won't be automatically included in the manifest: the path must be relative\n      dependency /tmp/pip-build-env-__08je3f/overlay/local/lib/python3.10/dist-packages/numpy/_core/include/numpy/arrayobject.h won't be automatically included in the manifest: the path must be relative\n      dependency /tmp/pip-build-env-__08je3f/overlay/local/lib/python3.10/dist-packages/numpy/_core/include/numpy/arrayscalars.h won't be automatically included in the manifest: the path must be relative\n      dependency /tmp/pip-build-env-__08je3f/overlay/local/lib/python3.10/dist-packages/numpy/_core/include/numpy/ndarrayobject.h won't be automatically included in the manifest: the path must be relative\n      dependency /tmp/pip-build-env-__08je3f/overlay/local/lib/python3.10/dist-packages/numpy/_core/include/numpy/ndarraytypes.h won't be automatically included in the manifest: the path must be relative\n      dependency /tmp/pip-build-env-__08je3f/overlay/local/lib/python3.10/dist-packages/numpy/_core/include/numpy/npy_math.h won't be automatically included in the manifest: the path must be relative\n      dependency /tmp/pip-build-env-__08je3f/overlay/local/lib/python3.10/dist-packages/numpy/_core/include/numpy/ufuncobject.h won't be automatically included in the manifest: the path must be relative\n      dependency /tmp/pip-build-env-__08je3f/overlay/local/lib/python3.10/dist-packages/numpy/_core/include/numpy/arrayobject.h won't be automatically included in the manifest: the path must be relative\n      dependency /tmp/pip-build-env-__08je3f/overlay/local/lib/python3.10/dist-packages/numpy/_core/include/numpy/arrayscalars.h won't be automatically included in the manifest: the path must be relative\n      dependency /tmp/pip-build-env-__08je3f/overlay/local/lib/python3.10/dist-packages/numpy/_core/include/numpy/ndarrayobject.h won't be automatically included in the manifest: the path must be relative\n      dependency /tmp/pip-build-env-__08je3f/overlay/local/lib/python3.10/dist-packages/numpy/_core/include/numpy/ndarraytypes.h won't be automatically included in the manifest: the path must be relative\n      dependency /tmp/pip-build-env-__08je3f/overlay/local/lib/python3.10/dist-packages/numpy/_core/include/numpy/npy_math.h won't be automatically included in the manifest: the path must be relative\n      dependency /tmp/pip-build-env-__08je3f/overlay/local/lib/python3.10/dist-packages/numpy/_core/include/numpy/ufuncobject.h won't be automatically included in the manifest: the path must be relative\n      dependency /tmp/pip-build-env-__08je3f/overlay/local/lib/python3.10/dist-packages/numpy/_core/include/numpy/arrayobject.h won't be automatically included in the manifest: the path must be relative\n      dependency /tmp/pip-build-env-__08je3f/overlay/local/lib/python3.10/dist-packages/numpy/_core/include/numpy/arrayscalars.h won't be automatically included in the manifest: the path must be relative\n      dependency /tmp/pip-build-env-__08je3f/overlay/local/lib/python3.10/dist-packages/numpy/_core/include/numpy/ndarrayobject.h won't be automatically included in the manifest: the path must be relative\n      dependency /tmp/pip-build-env-__08je3f/overlay/local/lib/python3.10/dist-packages/numpy/_core/include/numpy/ndarraytypes.h won't be automatically included in the manifest: the path must be relative\n      dependency /tmp/pip-build-env-__08je3f/overlay/local/lib/python3.10/dist-packages/numpy/_core/include/numpy/npy_math.h won't be automatically included in the manifest: the path must be relative\n      dependency /tmp/pip-build-env-__08je3f/overlay/local/lib/python3.10/dist-packages/numpy/_core/include/numpy/ufuncobject.h won't be automatically included in the manifest: the path must be relative\n      dependency /tmp/pip-build-env-__08je3f/overlay/local/lib/python3.10/dist-packages/numpy/_core/include/numpy/arrayobject.h won't be automatically included in the manifest: the path must be relative\n      dependency /tmp/pip-build-env-__08je3f/overlay/local/lib/python3.10/dist-packages/numpy/_core/include/numpy/arrayscalars.h won't be automatically included in the manifest: the path must be relative\n      dependency /tmp/pip-build-env-__08je3f/overlay/local/lib/python3.10/dist-packages/numpy/_core/include/numpy/ndarrayobject.h won't be automatically included in the manifest: the path must be relative\n      dependency /tmp/pip-build-env-__08je3f/overlay/local/lib/python3.10/dist-packages/numpy/_core/include/numpy/ndarraytypes.h won't be automatically included in the manifest: the path must be relative\n      dependency /tmp/pip-build-env-__08je3f/overlay/local/lib/python3.10/dist-packages/numpy/_core/include/numpy/npy_math.h won't be automatically included in the manifest: the path must be relative\n      dependency /tmp/pip-build-env-__08je3f/overlay/local/lib/python3.10/dist-packages/numpy/_core/include/numpy/ufuncobject.h won't be automatically included in the manifest: the path must be relative\n      dependency /tmp/pip-build-env-__08je3f/overlay/local/lib/python3.10/dist-packages/numpy/_core/include/numpy/arrayobject.h won't be automatically included in the manifest: the path must be relative\n      dependency /tmp/pip-build-env-__08je3f/overlay/local/lib/python3.10/dist-packages/numpy/_core/include/numpy/arrayscalars.h won't be automatically included in the manifest: the path must be relative\n      dependency /tmp/pip-build-env-__08je3f/overlay/local/lib/python3.10/dist-packages/numpy/_core/include/numpy/ndarrayobject.h won't be automatically included in the manifest: the path must be relative\n      dependency /tmp/pip-build-env-__08je3f/overlay/local/lib/python3.10/dist-packages/numpy/_core/include/numpy/ndarraytypes.h won't be automatically included in the manifest: the path must be relative\n      dependency /tmp/pip-build-env-__08je3f/overlay/local/lib/python3.10/dist-packages/numpy/_core/include/numpy/npy_math.h won't be automatically included in the manifest: the path must be relative\n      dependency /tmp/pip-build-env-__08je3f/overlay/local/lib/python3.10/dist-packages/numpy/_core/include/numpy/ufuncobject.h won't be automatically included in the manifest: the path must be relative\n      dependency /tmp/pip-build-env-__08je3f/overlay/local/lib/python3.10/dist-packages/numpy/_core/include/numpy/arrayobject.h won't be automatically included in the manifest: the path must be relative\n      dependency /tmp/pip-build-env-__08je3f/overlay/local/lib/python3.10/dist-packages/numpy/_core/include/numpy/arrayscalars.h won't be automatically included in the manifest: the path must be relative\n      dependency /tmp/pip-build-env-__08je3f/overlay/local/lib/python3.10/dist-packages/numpy/_core/include/numpy/ndarrayobject.h won't be automatically included in the manifest: the path must be relative\n      dependency /tmp/pip-build-env-__08je3f/overlay/local/lib/python3.10/dist-packages/numpy/_core/include/numpy/ndarraytypes.h won't be automatically included in the manifest: the path must be relative\n      dependency /tmp/pip-build-env-__08je3f/overlay/local/lib/python3.10/dist-packages/numpy/_core/include/numpy/ufuncobject.h won't be automatically included in the manifest: the path must be relative\n      dependency /tmp/pip-build-env-__08je3f/overlay/local/lib/python3.10/dist-packages/numpy/_core/include/numpy/arrayobject.h won't be automatically included in the manifest: the path must be relative\n      dependency /tmp/pip-build-env-__08je3f/overlay/local/lib/python3.10/dist-packages/numpy/_core/include/numpy/arrayscalars.h won't be automatically included in the manifest: the path must be relative\n      dependency /tmp/pip-build-env-__08je3f/overlay/local/lib/python3.10/dist-packages/numpy/_core/include/numpy/ndarrayobject.h won't be automatically included in the manifest: the path must be relative\n      dependency /tmp/pip-build-env-__08je3f/overlay/local/lib/python3.10/dist-packages/numpy/_core/include/numpy/ndarraytypes.h won't be automatically included in the manifest: the path must be relative\n      dependency /tmp/pip-build-env-__08je3f/overlay/local/lib/python3.10/dist-packages/numpy/_core/include/numpy/ufuncobject.h won't be automatically included in the manifest: the path must be relative\n      dependency /tmp/pip-build-env-__08je3f/overlay/local/lib/python3.10/dist-packages/numpy/_core/include/numpy/arrayobject.h won't be automatically included in the manifest: the path must be relative\n      dependency /tmp/pip-build-env-__08je3f/overlay/local/lib/python3.10/dist-packages/numpy/_core/include/numpy/arrayscalars.h won't be automatically included in the manifest: the path must be relative\n      dependency /tmp/pip-build-env-__08je3f/overlay/local/lib/python3.10/dist-packages/numpy/_core/include/numpy/ndarrayobject.h won't be automatically included in the manifest: the path must be relative\n      dependency /tmp/pip-build-env-__08je3f/overlay/local/lib/python3.10/dist-packages/numpy/_core/include/numpy/ndarraytypes.h won't be automatically included in the manifest: the path must be relative\n      dependency /tmp/pip-build-env-__08je3f/overlay/local/lib/python3.10/dist-packages/numpy/_core/include/numpy/npy_math.h won't be automatically included in the manifest: the path must be relative\n      dependency /tmp/pip-build-env-__08je3f/overlay/local/lib/python3.10/dist-packages/numpy/_core/include/numpy/ufuncobject.h won't be automatically included in the manifest: the path must be relative\n      reading manifest template 'MANIFEST.in'\n      warning: no files found matching '*.pxi' anywhere in distribution\n      warning: no previously-included files matching '*' found under directory 'build'\n      warning: no previously-included files matching '*' found under directory 'dist'\n      warning: no previously-included files found matching 'docs/source/generated/*'\n      warning: no files found matching '*' under directory 'docs/sphinxext'\n      warning: no files found matching '*' under directory 'docs/themes'\n      warning: no previously-included files matching '*' found under directory 'docs/build'\n      warning: no previously-included files matching '*' found under directory 'docs/build/htmlhelp'\n      warning: no files found matching 'statsmodels/statsmodelsdoc.chm'\n      no previously-included directories found matching '*/__pycache__'\n      warning: no previously-included files matching '*~' found anywhere in distribution\n      warning: no previously-included files matching '*.swp' found anywhere in distribution\n      warning: no previously-included files matching '*.pyc' found anywhere in distribution\n      warning: no previously-included files matching '*.pyo' found anywhere in distribution\n      warning: no previously-included files matching '*.bak' found anywhere in distribution\n      adding license file 'LICENSE.txt'\n      writing manifest file '/tmp/pip-wheel-28guvbyo/.tmp-xq1ify6n/statsmodels.egg-info/SOURCES.txt'\n      creating '/tmp/pip-wheel-28guvbyo/.tmp-xq1ify6n/statsmodels-0.15.0.dev697+g53dc966d7.dist-info'\n      creating /tmp/pip-wheel-28guvbyo/.tmp-xq1ify6n/statsmodels-0.15.0.dev697+g53dc966d7.dist-info/WHEEL\n      running build_py\n      running build_ext\n      building 'statsmodels.tsa.stl._stl' extension\n      creating /tmp/tmpvlt_jlv3.build-temp/statsmodels/tsa/stl\n      x86_64-linux-gnu-gcc -Wno-unused-result -Wsign-compare -DNDEBUG -g -fwrapv -O2 -Wall -g -fstack-protector-strong -Wformat -Werror=format-security -g -fwrapv -O2 -fPIC -DCYTHON_TRACE_NOGIL=0 -DNPY_NO_DEPRECATED_API=NPY_1_7_API_VERSION -I/tmp/pip-build-env-__08je3f/overlay/local/lib/python3.10/dist-packages/numpy/_core/include -I/usr/include/python3.10 -c statsmodels/tsa/stl/_stl.c -o /tmp/tmpvlt_jlv3.build-temp/statsmodels/tsa/stl/_stl.o\n      statsmodels/tsa/stl/_stl.c:43:10: fatal error: Python.h: No such file or directory\n         43 | #include \"Python.h\"\n            |          ^~~~~~~~~~\n      compilation terminated.\n      error: command '/usr/bin/x86_64-linux-gnu-gcc' failed with exit code 1\n      [end of output]\n  \n  note: This error originates from a subprocess, and is likely not a problem with pip.\n  ERROR: Failed building editable for statsmodels\nerror: failed-wheel-build-for-install\n\n× Failed to build installable wheels for some pyproject.toml based projects\n╰─> statsmodels\n",
    "execution_time": 61.66751170158386
  },
  {
    "command": "pytest",
    "success": false,
    "stdout": "",
    "stderr": "/usr/local/lib/python3.10/dist-packages/_pytest/config/__init__.py:331: PluggyTeardownRaisedWarning: A plugin raised an exception during an old-style hookwrapper teardown.\nPlugin: helpconfig, Hook: pytest_cmdline_parse\nUsageError: while parsing the following warning configuration:\n\n  error::statsmodels.tools.sm_exceptions.HypothesisTestWarning\n\nThis error occurred:\n\nTraceback (most recent call last):\n  File \"/usr/local/lib/python3.10/dist-packages/_pytest/config/__init__.py\", line 1761, in parse_warning_filter\n    category: Type[Warning] = _resolve_warning_category(category_)\n  File \"/usr/local/lib/python3.10/dist-packages/_pytest/config/__init__.py\", line 1799, in _resolve_warning_category\n    m = __import__(module, None, None, [klass])\nModuleNotFoundError: No module named 'statsmodels'\n\nFor more information see https://pluggy.readthedocs.io/en/stable/api_reference.html#pluggy.PluggyTeardownRaisedWarning\n  config = pluginmanager.hook.pytest_cmdline_parse(\nERROR: while parsing the following warning configuration:\n\n  error::statsmodels.tools.sm_exceptions.HypothesisTestWarning\n\nThis error occurred:\n\nTraceback (most recent call last):\n  File \"/usr/local/lib/python3.10/dist-packages/_pytest/config/__init__.py\", line 1761, in parse_warning_filter\n    category: Type[Warning] = _resolve_warning_category(category_)\n  File \"/usr/local/lib/python3.10/dist-packages/_pytest/config/__init__.py\", line 1799, in _resolve_warning_category\n    m = __import__(module, None, None, [klass])\nModuleNotFoundError: No module named 'statsmodels'\n\n\n",
    "execution_time": 0.289217472076416
  }
]