[
  {
    "command": "apt-get update",
    "success": true,
    "stdout": "Get:1 http://archive.ubuntu.com/ubuntu jammy InRelease [270 kB]\nGet:2 http://security.ubuntu.com/ubuntu jammy-security InRelease [129 kB]\nGet:3 http://archive.ubuntu.com/ubuntu jammy-updates InRelease [128 kB]\nGet:4 http://security.ubuntu.com/ubuntu jammy-security/main amd64 Packages [3207 kB]\nGet:5 http://archive.ubuntu.com/ubuntu jammy-backports InRelease [127 kB]\nGet:6 http://security.ubuntu.com/ubuntu jammy-security/restricted amd64 Packages [5103 kB]\nGet:7 http://archive.ubuntu.com/ubuntu jammy/multiverse amd64 Packages [266 kB]\nGet:8 http://security.ubuntu.com/ubuntu jammy-security/multiverse amd64 Packages [48.5 kB]\nGet:9 http://archive.ubuntu.com/ubuntu jammy/restricted amd64 Packages [164 kB]\nGet:10 http://security.ubuntu.com/ubuntu jammy-security/universe amd64 Packages [1270 kB]\nGet:11 http://archive.ubuntu.com/ubuntu jammy/universe amd64 Packages [17.5 MB]\nGet:12 http://archive.ubuntu.com/ubuntu jammy/main amd64 Packages [1792 kB]\nGet:13 http://archive.ubuntu.com/ubuntu jammy-updates/main amd64 Packages [3518 kB]\nGet:14 http://archive.ubuntu.com/ubuntu jammy-updates/multiverse amd64 Packages [75.9 kB]\nGet:15 http://archive.ubuntu.com/ubuntu jammy-updates/universe amd64 Packages [1575 kB]\nGet:16 http://archive.ubuntu.com/ubuntu jammy-updates/restricted amd64 Packages [5290 kB]\nGet:17 http://archive.ubuntu.com/ubuntu jammy-backports/main amd64 Packages [83.2 kB]\nGet:18 http://archive.ubuntu.com/ubuntu jammy-backports/universe amd64 Packages [35.2 kB]\nFetched 40.6 MB in 29s (1415 kB/s)\nReading package lists...\n",
    "stderr": "",
    "execution_time": 29.576748609542847
  },
  {
    "command": "apt-get install -y libfftw3-dev",
    "success": true,
    "stdout": "Reading package lists...\nBuilding dependency tree...\nReading state information...\nThe following additional packages will be installed:\n  libfftw3-bin libfftw3-double3 libfftw3-long3 libfftw3-quad3 libfftw3-single3\nSuggested packages:\n  libfftw3-doc\nThe following NEW packages will be installed:\n  libfftw3-bin libfftw3-dev libfftw3-double3 libfftw3-long3 libfftw3-quad3\n  libfftw3-single3\n0 upgraded, 6 newly installed, 0 to remove and 8 not upgraded.\nNeed to get 4654 kB of archives.\nAfter this operation, 24.7 MB of additional disk space will be used.\nGet:1 http://archive.ubuntu.com/ubuntu jammy/main amd64 libfftw3-double3 amd64 3.3.8-2ubuntu8 [770 kB]\nGet:2 http://archive.ubuntu.com/ubuntu jammy/main amd64 libfftw3-long3 amd64 3.3.8-2ubuntu8 [335 kB]\nGet:3 http://archive.ubuntu.com/ubuntu jammy/main amd64 libfftw3-quad3 amd64 3.3.8-2ubuntu8 [614 kB]\nGet:4 http://archive.ubuntu.com/ubuntu jammy/main amd64 libfftw3-single3 amd64 3.3.8-2ubuntu8 [800 kB]\nGet:5 http://archive.ubuntu.com/ubuntu jammy/main amd64 libfftw3-bin amd64 3.3.8-2ubuntu8 [35.5 kB]\nGet:6 http://archive.ubuntu.com/ubuntu jammy/main amd64 libfftw3-dev amd64 3.3.8-2ubuntu8 [2101 kB]\nFetched 4654 kB in 10s (448 kB/s)\nSelecting previously unselected package libfftw3-double3:amd64.\n(Reading database ... \n(Reading database ... 5%\n(Reading database ... 10%\n(Reading database ... 15%\n(Reading database ... 20%\n(Reading database ... 25%\n(Reading database ... 30%\n(Reading database ... 35%\n(Reading database ... 40%\n(Reading database ... 45%\n(Reading database ... 50%\n(Reading database ... 55%\n(Reading database ... 60%\n(Reading database ... 65%\n(Reading database ... 70%\n(Reading database ... 75%\n(Reading database ... 80%\n(Reading database ... 85%\n(Reading database ... 90%\n(Reading database ... 95%\n(Reading database ... 100%\n(Reading database ... 13507 files and directories currently installed.)\nPreparing to unpack .../0-libfftw3-double3_3.3.8-2ubuntu8_amd64.deb ...\nUnpacking libfftw3-double3:amd64 (3.3.8-2ubuntu8) ...\nSelecting previously unselected package libfftw3-long3:amd64.\nPreparing to unpack .../1-libfftw3-long3_3.3.8-2ubuntu8_amd64.deb ...\nUnpacking libfftw3-long3:amd64 (3.3.8-2ubuntu8) ...\nSelecting previously unselected package libfftw3-quad3:amd64.\nPreparing to unpack .../2-libfftw3-quad3_3.3.8-2ubuntu8_amd64.deb ...\nUnpacking libfftw3-quad3:amd64 (3.3.8-2ubuntu8) ...\nSelecting previously unselected package libfftw3-single3:amd64.\nPreparing to unpack .../3-libfftw3-single3_3.3.8-2ubuntu8_amd64.deb ...\nUnpacking libfftw3-single3:amd64 (3.3.8-2ubuntu8) ...\nSelecting previously unselected package libfftw3-bin.\nPreparing to unpack .../4-libfftw3-bin_3.3.8-2ubuntu8_amd64.deb ...\nUnpacking libfftw3-bin (3.3.8-2ubuntu8) ...\nSelecting previously unselected package libfftw3-dev:amd64.\nPreparing to unpack .../5-libfftw3-dev_3.3.8-2ubuntu8_amd64.deb ...\nUnpacking libfftw3-dev:amd64 (3.3.8-2ubuntu8) ...\nSetting up libfftw3-single3:amd64 (3.3.8-2ubuntu8) ...\nSetting up libfftw3-long3:amd64 (3.3.8-2ubuntu8) ...\nSetting up libfftw3-quad3:amd64 (3.3.8-2ubuntu8) ...\nSetting up libfftw3-double3:amd64 (3.3.8-2ubuntu8) ...\nSetting up libfftw3-bin (3.3.8-2ubuntu8) ...\nSetting up libfftw3-dev:amd64 (3.3.8-2ubuntu8) ...\nProcessing triggers for libc-bin (2.35-0ubuntu3.10) ...\n",
    "stderr": "debconf: delaying package configuration, since apt-utils is not installed\n",
    "execution_time": 12.750890970230103
  },
  {
    "command": "pip install -e .",
    "success": false,
    "stdout": "Looking in indexes: https://repo.huaweicloud.com/repository/pypi/simple/\nObtaining file:///app/repo_to_process\n  Installing build dependencies: started\n  Installing build dependencies: finished with status 'done'\n  Checking if build backend supports build_editable: started\n  Checking if build backend supports build_editable: finished with status 'done'\n  Getting requirements to build editable: started\n  Getting requirements to build editable: finished with status 'done'\n  Preparing editable metadata (pyproject.toml): started\n  Preparing editable metadata (pyproject.toml): finished with status 'done'\nRequirement already satisfied: numpy>=1.20 in /usr/local/lib/python3.10/dist-packages (from pyFFTW==0.15.0+2.g9bbc6da.dirty) (2.2.6)\nBuilding wheels for collected packages: pyFFTW\n  Building editable for pyFFTW (pyproject.toml): started\n  Building editable for pyFFTW (pyproject.toml): finished with status 'error'\nFailed to build pyFFTW\n",
    "stderr": "  error: subprocess-exited-with-error\n  \n  × Building editable for pyFFTW (pyproject.toml) did not run successfully.\n  │ exit code: 1\n  ╰─> [163 lines of output]\n      /tmp/pip-build-env-wlixcsiu/overlay/local/lib/python3.10/dist-packages/setuptools/config/_apply_pyprojecttoml.py:82: SetuptoolsDeprecationWarning: `project.license` as a TOML table is deprecated\n      !!\n      \n              ********************************************************************************\n              Please use a simple string containing a SPDX expression for `project.license`. You can also use `project.license-files`. (Both options available on setuptools>=77.0.0).\n      \n              By 2026-Feb-18, you need to update your project and remove deprecated calls\n              or your builds will no longer be supported.\n      \n              See https://packaging.python.org/en/latest/guides/writing-pyproject-toml/#license for details.\n              ********************************************************************************\n      \n      !!\n        corresp(dist, value, root_dir)\n      /tmp/pip-build-env-wlixcsiu/overlay/local/lib/python3.10/dist-packages/setuptools/config/_apply_pyprojecttoml.py:61: SetuptoolsDeprecationWarning: License classifiers are deprecated.\n      !!\n      \n              ********************************************************************************\n              Please consider removing the following classifiers in favor of a SPDX license expression:\n      \n              License :: OSI Approved :: BSD License\n      \n              See https://packaging.python.org/en/latest/guides/writing-pyproject-toml/#license for details.\n              ********************************************************************************\n      \n      !!\n        dist._finalize_license_expression()\n      /tmp/pip-build-env-wlixcsiu/overlay/local/lib/python3.10/dist-packages/setuptools/dist.py:759: SetuptoolsDeprecationWarning: License classifiers are deprecated.\n      !!\n      \n              ********************************************************************************\n              Please consider removing the following classifiers in favor of a SPDX license expression:\n      \n              License :: OSI Approved :: BSD License\n      \n              See https://packaging.python.org/en/latest/guides/writing-pyproject-toml/#license for details.\n              ********************************************************************************\n      \n      !!\n        self._finalize_license_expression()\n      INFO:root:running editable_wheel\n      INFO:root:creating /tmp/pip-wheel-iqexjtpy/.tmp-3uo72ec8/pyFFTW.egg-info\n      INFO:root:writing /tmp/pip-wheel-iqexjtpy/.tmp-3uo72ec8/pyFFTW.egg-info/PKG-INFO\n      INFO:root:writing dependency_links to /tmp/pip-wheel-iqexjtpy/.tmp-3uo72ec8/pyFFTW.egg-info/dependency_links.txt\n      INFO:root:writing requirements to /tmp/pip-wheel-iqexjtpy/.tmp-3uo72ec8/pyFFTW.egg-info/requires.txt\n      INFO:root:writing top-level names to /tmp/pip-wheel-iqexjtpy/.tmp-3uo72ec8/pyFFTW.egg-info/top_level.txt\n      INFO:root:writing manifest file '/tmp/pip-wheel-iqexjtpy/.tmp-3uo72ec8/pyFFTW.egg-info/SOURCES.txt'\n      WARNING:root:file pyfftw.py (for module pyfftw) not found\n      INFO:root:reading manifest file '/tmp/pip-wheel-iqexjtpy/.tmp-3uo72ec8/pyFFTW.egg-info/SOURCES.txt'\n      INFO:root:reading manifest template 'MANIFEST.in'\n      WARNING:root:warning: no files found matching 'CHANGELOG.md'\n      WARNING:root:warning: no files found matching 'requirements.txt'\n      WARNING:root:warning: no files found matching 'README.rst'\n      WARNING:root:warning: no files found matching 'test/*.py'\n      WARNING:root:no previously-included directories found matching 'docs/_build'\n      WARNING:root:no previously-included directories found matching 'build'\n      WARNING:root:no previously-included directories found matching '*/__pycache__'\n      WARNING:root:warning: no previously-included files matching '*.py[cod]' found anywhere in distribution\n      WARNING:root:warning: no previously-included files matching '*.so' found anywhere in distribution\n      WARNING:root:warning: no previously-included files matching '*.dll' found anywhere in distribution\n      WARNING:root:warning: no previously-included files matching '*.dylib' found anywhere in distribution\n      WARNING:root:warning: no previously-included files matching '*~' found anywhere in distribution\n      WARNING:root:warning: no previously-included files matching '*.bak' found anywhere in distribution\n      WARNING:root:warning: no previously-included files matching '*.swp' found anywhere in distribution\n      INFO:root:adding license file 'LICENSE.txt'\n      INFO:root:writing manifest file '/tmp/pip-wheel-iqexjtpy/.tmp-3uo72ec8/pyFFTW.egg-info/SOURCES.txt'\n      INFO:root:creating '/tmp/pip-wheel-iqexjtpy/.tmp-3uo72ec8/pyfftw-0.15.0+2.g9bbc6da.dirty.dist-info'\n      INFO:root:creating /tmp/pip-wheel-iqexjtpy/.tmp-3uo72ec8/pyfftw-0.15.0+2.g9bbc6da.dirty.dist-info/WHEEL\n      INFO:root:running build_py\n      /tmp/pip-build-env-wlixcsiu/overlay/local/lib/python3.10/dist-packages/setuptools/command/editable_wheel.py:297: SetuptoolsDeprecationWarning: Customization incompatible with editable install\n      !!\n      \n              ********************************************************************************\n                              Traceback (most recent call last):\n                File \"/tmp/pip-build-env-wlixcsiu/overlay/local/lib/python3.10/dist-packages/setuptools/command/editable_wheel.py\", line 303, in _safely_run\n                  return self.run_command(cmd_name)\n                File \"/tmp/pip-build-env-wlixcsiu/overlay/local/lib/python3.10/dist-packages/setuptools/_distutils/cmd.py\", line 357, in run_command\n                  self.distribution.run_command(command)\n                File \"/tmp/pip-build-env-wlixcsiu/overlay/local/lib/python3.10/dist-packages/setuptools/dist.py\", line 1102, in run_command\n                  super().run_command(command)\n                File \"/tmp/pip-build-env-wlixcsiu/overlay/local/lib/python3.10/dist-packages/setuptools/_distutils/dist.py\", line 1021, in run_command\n                  cmd_obj.run()\n                File \"/app/repo_to_process/versioneer.py\", line 1559, in run\n                  write_to_version_file(target_versionfile, versions)\n                File \"/app/repo_to_process/versioneer.py\", line 1220, in write_to_version_file\n                  os.unlink(filename)\n              FileNotFoundError: [Errno 2] No such file or directory: '/tmp/tmppbnys_g2.build-lib/pyfftw/_version.py'\n      \n      \n                              If you are seeing this warning it is very likely that a setuptools\n                              plugin or customization overrides the `build_py` command, without\n                              taking into consideration how editable installs run build steps\n                              starting from setuptools v64.0.0.\n      \n                              Plugin authors and developers relying on custom build steps are\n                              encouraged to update their `build_py` implementation considering the\n                              information about editable installs in\n                              https://setuptools.pypa.io/en/latest/userguide/extension.html.\n      \n                              For the time being `setuptools` will silence this error and ignore\n                              the faulty command, but this behavior will change in future versions.\n      \n              ********************************************************************************\n      \n      !!\n        self._safely_run(name)\n      INFO:root:running build_ext\n      INFO:root:x86_64-linux-gnu-gcc -Wno-unused-result -Wsign-compare -DNDEBUG -g -fwrapv -O2 -Wall -g -fstack-protector-strong -Wformat -Werror=format-security -g -fwrapv -O2 -fPIC -I/app/repo_to_process/include -I/app/repo_to_process/pyfftw -I/tmp/pip-build-env-wlixcsiu/overlay/local/lib/python3.10/dist-packages/numpy/_core/include -I/usr/include -I/usr/include -I/usr/include/python3.10 -c /tmp/pyfftw-ayp84gj_/None.c -o /tmp/pyfftw-ayp84gj_/None.o\n      INFO:root:x86_64-linux-gnu-gcc /tmp/pyfftw-ayp84gj_/None.o -L/usr/lib -L/usr/lib/x86_64-linux-gnu -lm -o /tmp/pyfftw-ayp84gj_/a.out\n      INFO:root:x86_64-linux-gnu-gcc -Wno-unused-result -Wsign-compare -DNDEBUG -g -fwrapv -O2 -Wall -g -fstack-protector-strong -Wformat -Werror=format-security -g -fwrapv -O2 -fPIC -I/app/repo_to_process/include -I/app/repo_to_process/pyfftw -I/tmp/pip-build-env-wlixcsiu/overlay/local/lib/python3.10/dist-packages/numpy/_core/include -I/usr/include -I/usr/include -I/usr/include/python3.10 -c /tmp/pyfftw-3b4ycv_h/fftw_plan_dft.c -o /tmp/pyfftw-3b4ycv_h/fftw_plan_dft.o\n      INFO:root:x86_64-linux-gnu-gcc /tmp/pyfftw-3b4ycv_h/fftw_plan_dft.o -L/usr/lib -L/usr/lib/x86_64-linux-gnu -lfftw3 -lm -o /tmp/pyfftw-3b4ycv_h/a.out\n      INFO:root:x86_64-linux-gnu-gcc -Wno-unused-result -Wsign-compare -DNDEBUG -g -fwrapv -O2 -Wall -g -fstack-protector-strong -Wformat -Werror=format-security -g -fwrapv -O2 -fPIC -I/app/repo_to_process/include -I/app/repo_to_process/pyfftw -I/tmp/pip-build-env-wlixcsiu/overlay/local/lib/python3.10/dist-packages/numpy/_core/include -I/usr/include -I/usr/include -I/usr/include/python3.10 -c /tmp/pyfftw-qkb7a399/fftw_init_threads.c -o /tmp/pyfftw-qkb7a399/fftw_init_threads.o\n      INFO:root:x86_64-linux-gnu-gcc -fopenmp /tmp/pyfftw-qkb7a399/fftw_init_threads.o -L/usr/lib -L/usr/lib/x86_64-linux-gnu -lfftw3_omp -lfftw3 -lm -o /tmp/pyfftw-qkb7a399/a.out\n      INFO:root:x86_64-linux-gnu-gcc -Wno-unused-result -Wsign-compare -DNDEBUG -g -fwrapv -O2 -Wall -g -fstack-protector-strong -Wformat -Werror=format-security -g -fwrapv -O2 -fPIC -I/app/repo_to_process/include -I/app/repo_to_process/pyfftw -I/tmp/pip-build-env-wlixcsiu/overlay/local/lib/python3.10/dist-packages/numpy/_core/include -I/usr/include -I/usr/include -I/usr/include/python3.10 -c /tmp/pyfftw-o339mrrs/fftwf_plan_dft.c -o /tmp/pyfftw-o339mrrs/fftwf_plan_dft.o\n      INFO:root:x86_64-linux-gnu-gcc -fopenmp /tmp/pyfftw-o339mrrs/fftwf_plan_dft.o -L/usr/lib -L/usr/lib/x86_64-linux-gnu -lfftw3f -lfftw3_omp -lfftw3 -lm -o /tmp/pyfftw-o339mrrs/a.out\n      INFO:root:x86_64-linux-gnu-gcc -Wno-unused-result -Wsign-compare -DNDEBUG -g -fwrapv -O2 -Wall -g -fstack-protector-strong -Wformat -Werror=format-security -g -fwrapv -O2 -fPIC -I/app/repo_to_process/include -I/app/repo_to_process/pyfftw -I/tmp/pip-build-env-wlixcsiu/overlay/local/lib/python3.10/dist-packages/numpy/_core/include -I/usr/include -I/usr/include -I/usr/include/python3.10 -c /tmp/pyfftw-is78l0t5/fftwf_init_threads.c -o /tmp/pyfftw-is78l0t5/fftwf_init_threads.o\n      INFO:root:x86_64-linux-gnu-gcc -fopenmp -fopenmp /tmp/pyfftw-is78l0t5/fftwf_init_threads.o -L/usr/lib -L/usr/lib/x86_64-linux-gnu -lfftw3f_omp -lfftw3f -lfftw3_omp -lfftw3 -lm -o /tmp/pyfftw-is78l0t5/a.out\n      INFO:root:x86_64-linux-gnu-gcc -Wno-unused-result -Wsign-compare -DNDEBUG -g -fwrapv -O2 -Wall -g -fstack-protector-strong -Wformat -Werror=format-security -g -fwrapv -O2 -fPIC -I/app/repo_to_process/include -I/app/repo_to_process/pyfftw -I/tmp/pip-build-env-wlixcsiu/overlay/local/lib/python3.10/dist-packages/numpy/_core/include -I/usr/include -I/usr/include -I/usr/include/python3.10 -c /tmp/pyfftw-r11u93q5/fftwl_plan_dft.c -o /tmp/pyfftw-r11u93q5/fftwl_plan_dft.o\n      INFO:root:x86_64-linux-gnu-gcc -fopenmp -fopenmp /tmp/pyfftw-r11u93q5/fftwl_plan_dft.o -L/usr/lib -L/usr/lib/x86_64-linux-gnu -lfftw3l -lfftw3f_omp -lfftw3f -lfftw3_omp -lfftw3 -lm -o /tmp/pyfftw-r11u93q5/a.out\n      INFO:root:x86_64-linux-gnu-gcc -Wno-unused-result -Wsign-compare -DNDEBUG -g -fwrapv -O2 -Wall -g -fstack-protector-strong -Wformat -Werror=format-security -g -fwrapv -O2 -fPIC -I/app/repo_to_process/include -I/app/repo_to_process/pyfftw -I/tmp/pip-build-env-wlixcsiu/overlay/local/lib/python3.10/dist-packages/numpy/_core/include -I/usr/include -I/usr/include -I/usr/include/python3.10 -c /tmp/pyfftw-r7jf5wjw/fftwl_init_threads.c -o /tmp/pyfftw-r7jf5wjw/fftwl_init_threads.o\n      INFO:root:x86_64-linux-gnu-gcc -fopenmp -fopenmp -fopenmp /tmp/pyfftw-r7jf5wjw/fftwl_init_threads.o -L/usr/lib -L/usr/lib/x86_64-linux-gnu -lfftw3l_omp -lfftw3l -lfftw3f_omp -lfftw3f -lfftw3_omp -lfftw3 -lm -o /tmp/pyfftw-r7jf5wjw/a.out\n      INFO:__main__:Build pyFFTW with support for FFTW with\n      INFO:__main__:double precision + openMP\n      INFO:__main__:single precision + openMP\n      INFO:__main__:long precision + openMP\n      warning: pyfftw/pyfftw.pxd:431:8: 'FFTW_R2HC' redeclared\n      warning: pyfftw/pyfftw.pxd:432:8: 'FFTW_HC2R' redeclared\n      warning: pyfftw/pyfftw.pxd:433:8: 'FFTW_DHT' redeclared\n      warning: pyfftw/pyfftw.pxd:435:8: 'FFTW_REDFT00' redeclared\n      warning: pyfftw/pyfftw.pxd:436:8: 'FFTW_REDFT01' redeclared\n      warning: pyfftw/pyfftw.pxd:437:8: 'FFTW_REDFT10' redeclared\n      warning: pyfftw/pyfftw.pxd:438:8: 'FFTW_REDFT11' redeclared\n      warning: pyfftw/pyfftw.pxd:439:8: 'FFTW_RODFT00' redeclared\n      warning: pyfftw/pyfftw.pxd:440:8: 'FFTW_RODFT01' redeclared\n      warning: pyfftw/pyfftw.pxd:441:8: 'FFTW_RODFT10' redeclared\n      warning: pyfftw/pyfftw.pxd:442:8: 'FFTW_RODFT11' redeclared\n      warning: pyfftw/pyfftw.pxd:445:8: 'FFTW_R2HC' redeclared\n      warning: pyfftw/pyfftw.pxd:446:8: 'FFTW_HC2R' redeclared\n      warning: pyfftw/pyfftw.pxd:447:8: 'FFTW_DHT' redeclared\n      warning: pyfftw/pyfftw.pxd:449:8: 'FFTW_REDFT00' redeclared\n      warning: pyfftw/pyfftw.pxd:450:8: 'FFTW_REDFT01' redeclared\n      warning: pyfftw/pyfftw.pxd:451:8: 'FFTW_REDFT10' redeclared\n      warning: pyfftw/pyfftw.pxd:452:8: 'FFTW_REDFT11' redeclared\n      warning: pyfftw/pyfftw.pxd:453:8: 'FFTW_RODFT00' redeclared\n      warning: pyfftw/pyfftw.pxd:454:8: 'FFTW_RODFT01' redeclared\n      warning: pyfftw/pyfftw.pxd:455:8: 'FFTW_RODFT10' redeclared\n      warning: pyfftw/pyfftw.pxd:456:8: 'FFTW_RODFT11' redeclared\n      performance hint: pyfftw/pyfftw.pyx:334:0: Exception check on '_fftw_execute_null' will always require the GIL to be acquired.\n      Possible solutions:\n          1. Declare '_fftw_execute_null' as 'noexcept' if you control the definition and you're sure you don't want the function to raise exceptions.\n          2. Use an 'int' return type on '_fftw_execute_null' to allow an error code to be returned.\n      performance hint: pyfftw/pyfftw.pyx:1425:31: Exception check after calling 'fftw_planner' will always require the GIL to be acquired. Declare 'fftw_planner' as 'noexcept' if you control the definition and you're sure you don't want the function to raise exceptions.\n      UPDATING /tmp/tmppbnys_g2.build-lib/pyfftw/_version.py\n      Compiling pyfftw/pyfftw.pyx because it changed.\n      [1/1] Cythonizing pyfftw/pyfftw.pyx\n      INFO:root:building 'pyfftw.pyfftw' extension\n      INFO:root:creating /tmp/tmpb315jp2m.build-temp/pyfftw\n      INFO:root:x86_64-linux-gnu-gcc -Wno-unused-result -Wsign-compare -DNDEBUG -g -fwrapv -O2 -Wall -g -fstack-protector-strong -Wformat -Werror=format-security -g -fwrapv -O2 -fPIC -DPYFFTW_HAVE_DOUBLE=1 -DPYFFTW_HAVE_DOUBLE_OMP=1 -DPYFFTW_HAVE_DOUBLE_THREADS=0 -DPYFFTW_HAVE_DOUBLE_MULTITHREADING=1 -DPYFFTW_HAVE_DOUBLE_MPI=0 -DPYFFTW_HAVE_SINGLE=1 -DPYFFTW_HAVE_SINGLE_OMP=1 -DPYFFTW_HAVE_SINGLE_THREADS=0 -DPYFFTW_HAVE_SINGLE_MULTITHREADING=1 -DPYFFTW_HAVE_SINGLE_MPI=0 -DPYFFTW_HAVE_LONG=1 -DPYFFTW_HAVE_LONG_OMP=1 -DPYFFTW_HAVE_LONG_THREADS=0 -DPYFFTW_HAVE_LONG_MULTITHREADING=1 -DPYFFTW_HAVE_LONG_MPI=0 -DPYFFTW_HAVE_MPI=0 -DNPY_NO_DEPRECATED_API=NPY_1_7_API_VERSION -DFFTW_NO_Complex=1 -I/app/repo_to_process/include -I/app/repo_to_process/pyfftw -I/tmp/pip-build-env-wlixcsiu/overlay/local/lib/python3.10/dist-packages/numpy/_core/include -I/usr/include -I/usr/include -I/usr/include/python3.10 -I/usr/include/python3.10 -c pyfftw/pyfftw.c -o /tmp/tmpb315jp2m.build-temp/pyfftw/pyfftw.o\n      pyfftw/pyfftw.c:98:10: fatal error: Python.h: No such file or directory\n         98 | #include \"Python.h\"\n            |          ^~~~~~~~~~\n      compilation terminated.\n      error: command '/usr/bin/x86_64-linux-gnu-gcc' failed with exit code 1\n      [end of output]\n  \n  note: This error originates from a subprocess, and is likely not a problem with pip.\n  ERROR: Failed building editable for pyFFTW\nerror: failed-wheel-build-for-install\n\n× Failed to build installable wheels for some pyproject.toml based projects\n╰─> pyFFTW\n",
    "execution_time": 6.953518390655518
  },
  {
    "command": "pytest",
    "success": false,
    "stdout": "============================= test session starts ==============================\nplatform linux -- Python 3.10.12, pytest-8.4.1, pluggy-1.6.0\nrootdir: /app/repo_to_process\nconfigfile: pyproject.toml\ncollected 0 items / 20 errors\n\n==================================== ERRORS ====================================\n__________________ ERROR collecting tests/test_pyfftw_base.py __________________\nImportError while importing test module '/app/repo_to_process/tests/test_pyfftw_base.py'.\nHint: make sure your test modules/packages have valid Python names.\nTraceback:\n/usr/lib/python3.10/importlib/__init__.py:126: in import_module\n    return _bootstrap._gcd_import(name[level:], package, level)\ntests/test_pyfftw_base.py:35: in <module>\n    from pyfftw import FFTW, _supported_types, _all_types_human_readable\npyfftw/__init__.py:19: in <module>\n    from .pyfftw import (\nE   ModuleNotFoundError: No module named 'pyfftw.pyfftw'\n________________ ERROR collecting tests/test_pyfftw_builders.py ________________\nImportError while importing test module '/app/repo_to_process/tests/test_pyfftw_builders.py'.\nHint: make sure your test modules/packages have valid Python names.\nTraceback:\n/usr/lib/python3.10/importlib/__init__.py:126: in import_module\n    return _bootstrap._gcd_import(name[level:], package, level)\ntests/test_pyfftw_builders.py:35: in <module>\n    from pyfftw import builders, empty_aligned, byte_align, FFTW\npyfftw/__init__.py:19: in <module>\n    from .pyfftw import (\nE   ModuleNotFoundError: No module named 'pyfftw.pyfftw'\n__________________ ERROR collecting tests/test_pyfftw_call.py __________________\nImportError while importing test module '/app/repo_to_process/tests/test_pyfftw_call.py'.\nHint: make sure your test modules/packages have valid Python names.\nTraceback:\n/usr/lib/python3.10/importlib/__init__.py:126: in import_module\n    return _bootstrap._gcd_import(name[level:], package, level)\ntests/test_pyfftw_call.py:36: in <module>\n    from pyfftw import (\npyfftw/__init__.py:19: in <module>\n    from .pyfftw import (\nE   ModuleNotFoundError: No module named 'pyfftw.pyfftw'\n_______________ ERROR collecting tests/test_pyfftw_class_misc.py _______________\nImportError while importing test module '/app/repo_to_process/tests/test_pyfftw_class_misc.py'.\nHint: make sure your test modules/packages have valid Python names.\nTraceback:\n/usr/lib/python3.10/importlib/__init__.py:126: in import_module\n    return _bootstrap._gcd_import(name[level:], package, level)\ntests/test_pyfftw_class_misc.py:35: in <module>\n    from pyfftw import (\npyfftw/__init__.py:19: in <module>\n    from .pyfftw import (\nE   ModuleNotFoundError: No module named 'pyfftw.pyfftw'\n________________ ERROR collecting tests/test_pyfftw_complex.py _________________\nImportError while importing test module '/app/repo_to_process/tests/test_pyfftw_complex.py'.\nHint: make sure your test modules/packages have valid Python names.\nTraceback:\n/usr/lib/python3.10/importlib/__init__.py:126: in import_module\n    return _bootstrap._gcd_import(name[level:], package, level)\ntests/test_pyfftw_complex.py:36: in <module>\n    from pyfftw import FFTW, byte_align, empty_aligned, forget_wisdom\npyfftw/__init__.py:19: in <module>\n    from .pyfftw import (\nE   ModuleNotFoundError: No module named 'pyfftw.pyfftw'\n_________________ ERROR collecting tests/test_pyfftw_config.py _________________\nImportError while importing test module '/app/repo_to_process/tests/test_pyfftw_config.py'.\nHint: make sure your test modules/packages have valid Python names.\nTraceback:\n/usr/lib/python3.10/importlib/__init__.py:126: in import_module\n    return _bootstrap._gcd_import(name[level:], package, level)\ntests/test_pyfftw_config.py:2: in <module>\n    from pyfftw import config, _threading_type\npyfftw/__init__.py:19: in <module>\n    from .pyfftw import (\nE   ModuleNotFoundError: No module named 'pyfftw.pyfftw'\n_____________ ERROR collecting tests/test_pyfftw_dask_interface.py _____________\nImportError while importing test module '/app/repo_to_process/tests/test_pyfftw_dask_interface.py'.\nHint: make sure your test modules/packages have valid Python names.\nTraceback:\n/usr/lib/python3.10/importlib/__init__.py:126: in import_module\n    return _bootstrap._gcd_import(name[level:], package, level)\ntests/test_pyfftw_dask_interface.py:35: in <module>\n    from pyfftw import interfaces\npyfftw/__init__.py:19: in <module>\n    from .pyfftw import (\nE   ModuleNotFoundError: No module named 'pyfftw.pyfftw'\n____________ ERROR collecting tests/test_pyfftw_interfaces_cache.py ____________\nImportError while importing test module '/app/repo_to_process/tests/test_pyfftw_interfaces_cache.py'.\nHint: make sure your test modules/packages have valid Python names.\nTraceback:\n/usr/lib/python3.10/importlib/__init__.py:126: in import_module\n    return _bootstrap._gcd_import(name[level:], package, level)\ntests/test_pyfftw_interfaces_cache.py:39: in <module>\n    from pyfftw import interfaces, builders\npyfftw/__init__.py:19: in <module>\n    from .pyfftw import (\nE   ModuleNotFoundError: No module named 'pyfftw.pyfftw'\n_____________ ERROR collecting tests/test_pyfftw_multithreaded.py ______________\nImportError while importing test module '/app/repo_to_process/tests/test_pyfftw_multithreaded.py'.\nHint: make sure your test modules/packages have valid Python names.\nTraceback:\n/usr/lib/python3.10/importlib/__init__.py:126: in import_module\n    return _bootstrap._gcd_import(name[level:], package, level)\ntests/test_pyfftw_multithreaded.py:35: in <module>\n    from pyfftw import FFTW\npyfftw/__init__.py:19: in <module>\n    from .pyfftw import (\nE   ModuleNotFoundError: No module named 'pyfftw.pyfftw'\n______________ ERROR collecting tests/test_pyfftw_nbyte_align.py _______________\nImportError while importing test module '/app/repo_to_process/tests/test_pyfftw_nbyte_align.py'.\nHint: make sure your test modules/packages have valid Python names.\nTraceback:\n/usr/lib/python3.10/importlib/__init__.py:126: in import_module\n    return _bootstrap._gcd_import(name[level:], package, level)\ntests/test_pyfftw_nbyte_align.py:38: in <module>\n    from pyfftw import (byte_align, is_byte_aligned, ones_aligned,\npyfftw/__init__.py:19: in <module>\n    from .pyfftw import (\nE   ModuleNotFoundError: No module named 'pyfftw.pyfftw'\n____________ ERROR collecting tests/test_pyfftw_numpy_interface.py _____________\nImportError while importing test module '/app/repo_to_process/tests/test_pyfftw_numpy_interface.py'.\nHint: make sure your test modules/packages have valid Python names.\nTraceback:\n/usr/lib/python3.10/importlib/__init__.py:126: in import_module\n    return _bootstrap._gcd_import(name[level:], package, level)\ntests/test_pyfftw_numpy_interface.py:35: in <module>\n    from pyfftw import interfaces, _supported_types, _all_types_np\npyfftw/__init__.py:19: in <module>\n    from .pyfftw import (\nE   ModuleNotFoundError: No module named 'pyfftw.pyfftw'\n________________ ERROR collecting tests/test_pyfftw_partial.py _________________\nImportError while importing test module '/app/repo_to_process/tests/test_pyfftw_partial.py'.\nHint: make sure your test modules/packages have valid Python names.\nTraceback:\n/usr/lib/python3.10/importlib/__init__.py:126: in import_module\n    return _bootstrap._gcd_import(name[level:], package, level)\ntests/test_pyfftw_partial.py:37: in <module>\n    from pyfftw import (\npyfftw/__init__.py:19: in <module>\n    from .pyfftw import (\nE   ModuleNotFoundError: No module named 'pyfftw.pyfftw'\n_____________ ERROR collecting tests/test_pyfftw_real_backward.py ______________\nImportError while importing test module '/app/repo_to_process/tests/test_pyfftw_real_backward.py'.\nHint: make sure your test modules/packages have valid Python names.\nTraceback:\n/usr/lib/python3.10/importlib/__init__.py:126: in import_module\n    return _bootstrap._gcd_import(name[level:], package, level)\ntests/test_pyfftw_real_backward.py:36: in <module>\n    from pyfftw import FFTW, forget_wisdom\npyfftw/__init__.py:19: in <module>\n    from .pyfftw import (\nE   ModuleNotFoundError: No module named 'pyfftw.pyfftw'\n______________ ERROR collecting tests/test_pyfftw_real_forward.py ______________\nImportError while importing test module '/app/repo_to_process/tests/test_pyfftw_real_forward.py'.\nHint: make sure your test modules/packages have valid Python names.\nTraceback:\n/usr/lib/python3.10/importlib/__init__.py:126: in import_module\n    return _bootstrap._gcd_import(name[level:], package, level)\ntests/test_pyfftw_real_forward.py:35: in <module>\n    from pyfftw import FFTW\npyfftw/__init__.py:19: in <module>\n    from .pyfftw import (\nE   ModuleNotFoundError: No module named 'pyfftw.pyfftw'\n_______________ ERROR collecting tests/test_pyfftw_scipy_fft.py ________________\nImportError while importing test module '/app/repo_to_process/tests/test_pyfftw_scipy_fft.py'.\nHint: make sure your test modules/packages have valid Python names.\nTraceback:\n/usr/lib/python3.10/importlib/__init__.py:126: in import_module\n    return _bootstrap._gcd_import(name[level:], package, level)\ntests/test_pyfftw_scipy_fft.py:32: in <module>\n    import pyfftw\npyfftw/__init__.py:19: in <module>\n    from .pyfftw import (\nE   ModuleNotFoundError: No module named 'pyfftw.pyfftw'\n____________ ERROR collecting tests/test_pyfftw_scipy_interface.py _____________\nImportError while importing test module '/app/repo_to_process/tests/test_pyfftw_scipy_interface.py'.\nHint: make sure your test modules/packages have valid Python names.\nTraceback:\n/usr/lib/python3.10/importlib/__init__.py:126: in import_module\n    return _bootstrap._gcd_import(name[level:], package, level)\ntests/test_pyfftw_scipy_interface.py:36: in <module>\n    from pyfftw.interfaces import scipy_fftpack\npyfftw/__init__.py:19: in <module>\n    from .pyfftw import (\nE   ModuleNotFoundError: No module named 'pyfftw.pyfftw'\n_________________ ERROR collecting tests/test_pyfftw_utils.py __________________\nImportError while importing test module '/app/repo_to_process/tests/test_pyfftw_utils.py'.\nHint: make sure your test modules/packages have valid Python names.\nTraceback:\n/usr/lib/python3.10/importlib/__init__.py:126: in import_module\n    return _bootstrap._gcd_import(name[level:], package, level)\ntests/test_pyfftw_utils.py:36: in <module>\n    from .test_pyfftw_base import run_test_suites\ntests/test_pyfftw_base.py:35: in <module>\n    from pyfftw import FFTW, _supported_types, _all_types_human_readable\npyfftw/__init__.py:19: in <module>\n    from .pyfftw import (\nE   ModuleNotFoundError: No module named 'pyfftw.pyfftw'\n________________ ERROR collecting tests/test_pyfftw_version.py _________________\nImportError while importing test module '/app/repo_to_process/tests/test_pyfftw_version.py'.\nHint: make sure your test modules/packages have valid Python names.\nTraceback:\n/usr/lib/python3.10/importlib/__init__.py:126: in import_module\n    return _bootstrap._gcd_import(name[level:], package, level)\ntests/test_pyfftw_version.py:3: in <module>\n    import pyfftw\npyfftw/__init__.py:19: in <module>\n    from .pyfftw import (\nE   ModuleNotFoundError: No module named 'pyfftw.pyfftw'\n_________________ ERROR collecting tests/test_pyfftw_wisdom.py _________________\nImportError while importing test module '/app/repo_to_process/tests/test_pyfftw_wisdom.py'.\nHint: make sure your test modules/packages have valid Python names.\nTraceback:\n/usr/lib/python3.10/importlib/__init__.py:126: in import_module\n    return _bootstrap._gcd_import(name[level:], package, level)\ntests/test_pyfftw_wisdom.py:35: in <module>\n    from pyfftw import (\npyfftw/__init__.py:19: in <module>\n    from .pyfftw import (\nE   ModuleNotFoundError: No module named 'pyfftw.pyfftw'\n______________________ ERROR collecting tests/test_r2r.py ______________________\nImportError while importing test module '/app/repo_to_process/tests/test_r2r.py'.\nHint: make sure your test modules/packages have valid Python names.\nTraceback:\n/usr/lib/python3.10/importlib/__init__.py:126: in import_module\n    return _bootstrap._gcd_import(name[level:], package, level)\ntests/test_r2r.py:44: in <module>\n    import pyfftw\npyfftw/__init__.py:19: in <module>\n    from .pyfftw import (\nE   ModuleNotFoundError: No module named 'pyfftw.pyfftw'\n=========================== short test summary info ============================\nERROR tests/test_pyfftw_base.py\nERROR tests/test_pyfftw_builders.py\nERROR tests/test_pyfftw_call.py\nERROR tests/test_pyfftw_class_misc.py\nERROR tests/test_pyfftw_complex.py\nERROR tests/test_pyfftw_config.py\nERROR tests/test_pyfftw_dask_interface.py\nERROR tests/test_pyfftw_interfaces_cache.py\nERROR tests/test_pyfftw_multithreaded.py\nERROR tests/test_pyfftw_nbyte_align.py\nERROR tests/test_pyfftw_numpy_interface.py\nERROR tests/test_pyfftw_partial.py\nERROR tests/test_pyfftw_real_backward.py\nERROR tests/test_pyfftw_real_forward.py\nERROR tests/test_pyfftw_scipy_fft.py\nERROR tests/test_pyfftw_scipy_interface.py\nERROR tests/test_pyfftw_utils.py\nERROR tests/test_pyfftw_version.py\nERROR tests/test_pyfftw_wisdom.py\nERROR tests/test_r2r.py\n!!!!!!!!!!!!!!!!!!! Interrupted: 20 errors during collection !!!!!!!!!!!!!!!!!!!\n============================== 20 errors in 0.42s ==============================\n",
    "stderr": "",
    "execution_time": 0.6345570087432861
  }
]