[
  {
    "command": "python setup.py build_ext --inplace",
    "success": false,
    "stdout": "running build_ext\nCompiling yt/geometry/fake_octree.pyx because it depends on /usr/local/lib/python3.10/dist-packages/Cython/Includes/libc/string.pxd.\nCompiling yt/geometry/grid_container.pyx because it depends on /usr/local/lib/python3.10/dist-packages/Cython/Includes/libc/string.pxd.\nCompiling yt/geometry/grid_visitors.pyx because it depends on /usr/local/lib/python3.10/dist-packages/Cython/Includes/libc/string.pxd.\nCompiling yt/geometry/oct_container.pyx because it depends on /usr/local/lib/python3.10/dist-packages/Cython/Includes/libc/string.pxd.\nCompiling yt/geometry/oct_visitors.pyx because it depends on /usr/local/lib/python3.10/dist-packages/Cython/Includes/libc/string.pxd.\nCompiling yt/geometry/particle_deposit.pyx because it depends on /usr/local/lib/python3.10/dist-packages/Cython/Includes/libc/string.pxd.\nCompiling yt/geometry/particle_oct_container.pyx because it depends on /usr/local/lib/python3.10/dist-packages/Cython/Includes/libc/string.pxd.\nCompiling yt/geometry/particle_smooth.pyx because it depends on /usr/local/lib/python3.10/dist-packages/Cython/Includes/libc/string.pxd.\nCompiling yt/geometry/selection_routines.pyx because it depends on /usr/local/lib/python3.10/dist-packages/Cython/Includes/libc/string.pxd.\nCompiling yt/utilities/cython_fortran_utils.pyx because it depends on /usr/local/lib/python3.10/dist-packages/Cython/Includes/libc/string.pxd.\nCompiling yt/frontends/ramses/io_utils.pyx because it depends on /usr/local/lib/python3.10/dist-packages/Cython/Includes/libc/string.pxd.\nCompiling yt/frontends/gamer/cfields.pyx because it depends on /usr/local/lib/python3.10/dist-packages/Cython/Includes/libc/string.pxd.\nCompiling yt/utilities/lib/cykdtree/kdtree.pyx because it depends on /usr/local/lib/python3.10/dist-packages/Cython/Includes/libc/string.pxd.\nCompiling yt/utilities/lib/cykdtree/utils.pyx because it depends on /usr/local/lib/python3.10/dist-packages/Cython/Includes/libc/string.pxd.\nCompiling yt/frontends/artio/_artio_caller.pyx because it depends on /usr/local/lib/python3.10/dist-packages/Cython/Includes/libc/string.pxd.\nCompiling yt/utilities/lib/_octree_raytracing.pyx because it depends on /usr/local/lib/python3.10/dist-packages/Cython/Includes/libc/string.pxd.\nCompiling yt/utilities/lib/allocation_container.pyx because it depends on /usr/local/lib/python3.10/dist-packages/Cython/Includes/libc/string.pxd.\nCompiling yt/utilities/lib/alt_ray_tracers.pyx because it depends on /usr/local/lib/python3.10/dist-packages/Cython/Includes/libc/string.pxd.\nCompiling yt/utilities/lib/amr_kdtools.pyx because it depends on /usr/local/lib/python3.10/dist-packages/Cython/Includes/libc/string.pxd.\nCompiling yt/utilities/lib/autogenerated_element_samplers.pyx because it depends on /usr/local/lib/python3.10/dist-packages/Cython/Includes/libc/math.pxd.\nCompiling yt/utilities/lib/basic_octree.pyx because it depends on /usr/local/lib/python3.10/dist-packages/Cython/Includes/libc/string.pxd.\nCompiling yt/utilities/lib/bitarray.pyx because it depends on /usr/local/lib/python3.10/dist-packages/Cython/Includes/libc/string.pxd.\nCompiling yt/utilities/lib/bounded_priority_queue.pyx because it depends on /usr/local/lib/python3.10/dist-packages/Cython/Includes/libc/string.pxd.\nCompiling yt/utilities/lib/bounding_volume_hierarchy.pyx because it depends on /usr/local/lib/python3.10/dist-packages/Cython/Includes/libc/string.pxd.\nCompiling yt/utilities/lib/contour_finding.pyx because it depends on /usr/local/lib/python3.10/dist-packages/Cython/Includes/libc/string.pxd.\nCompiling yt/utilities/lib/cosmology_time.pyx because it depends on /usr/local/lib/python3.10/dist-packages/Cython/Includes/libc/string.pxd.\nCompiling yt/utilities/lib/cyoctree.pyx because it depends on /usr/local/lib/python3.10/dist-packages/Cython/Includes/libc/string.pxd.\nCompiling yt/utilities/lib/depth_first_octree.pyx because it depends on /usr/local/lib/python3.10/dist-packages/Cython/Includes/libc/string.pxd.\nCompiling yt/utilities/lib/distance_queue.pyx because it depends on /usr/local/lib/python3.10/dist-packages/Cython/Includes/libc/string.pxd.\nCompiling yt/utilities/lib/element_mappings.pyx because it depends on /usr/local/lib/python3.10/dist-packages/Cython/Includes/libc/string.pxd.\nCompiling yt/utilities/lib/fnv_hash.pyx because it depends on /usr/local/lib/python3.10/dist-packages/Cython/Includes/libc/string.pxd.\nCompiling yt/utilities/lib/fortran_reader.pyx because it depends on /usr/local/lib/python3.10/dist-packages/Cython/Includes/libc/string.pxd.\nCompiling yt/utilities/lib/geometry_utils.pyx because it depends on /usr/local/lib/python3.10/dist-packages/Cython/Includes/libc/string.pxd.\nCompiling yt/utilities/lib/grid_traversal.pyx because it depends on /usr/local/lib/python3.10/dist-packages/Cython/Includes/libc/string.pxd.\nCompiling yt/utilities/lib/image_samplers.pyx because it depends on /usr/local/lib/python3.10/dist-packages/Cython/Includes/libc/string.pxd.\nCompiling yt/utilities/lib/image_utilities.pyx because it depends on /usr/local/lib/python3.10/dist-packages/Cython/Includes/libc/string.pxd.\nCompiling yt/utilities/lib/interpolators.pyx because it depends on /usr/local/lib/python3.10/dist-packages/Cython/Includes/libc/string.pxd.\nCompiling yt/utilities/lib/lenses.pyx because it depends on /usr/local/lib/python3.10/dist-packages/Cython/Includes/libc/string.pxd.\nCompiling yt/utilities/lib/marching_cubes.pyx because it depends on /usr/local/lib/python3.10/dist-packages/Cython/Includes/libc/string.pxd.\nCompiling yt/utilities/lib/mesh_triangulation.pyx because it depends on /usr/local/lib/python3.10/dist-packages/Cython/Includes/libc/string.pxd.\nCompiling yt/utilities/lib/mesh_utilities.pyx because it depends on /usr/local/lib/python3.10/dist-packages/Cython/Includes/libc/string.pxd.\nCompiling yt/utilities/lib/misc_utilities.pyx because it depends on /usr/local/lib/python3.10/dist-packages/Cython/Includes/libc/string.pxd.\nCompiling yt/utilities/lib/origami.pyx because it depends on /usr/local/lib/python3.10/dist-packages/Cython/Includes/libc/string.pxd.\nCompiling yt/utilities/lib/particle_kdtree_tools.pyx because it depends on /usr/local/lib/python3.10/dist-packages/Cython/Includes/libc/string.pxd.\nCompiling yt/utilities/lib/particle_mesh_operations.pyx because it depends on /usr/local/lib/python3.10/dist-packages/Cython/Includes/libc/string.pxd.\nCompiling yt/utilities/lib/partitioned_grid.pyx because it depends on /usr/local/lib/python3.10/dist-packages/Cython/Includes/libc/string.pxd.\nCompiling yt/utilities/lib/pixelization_routines.pyx because it depends on /usr/local/lib/python3.10/dist-packages/Cython/Includes/libc/string.pxd.\nCompiling yt/utilities/lib/points_in_volume.pyx because it depends on /usr/local/lib/python3.10/dist-packages/Cython/Includes/libc/string.pxd.\nCompiling yt/utilities/lib/primitives.pyx because it depends on /usr/local/lib/python3.10/dist-packages/Cython/Includes/libc/string.pxd.\nCompiling yt/utilities/lib/quad_tree.pyx because it depends on /usr/local/lib/python3.10/dist-packages/Cython/Includes/libc/string.pxd.\nCompiling yt/utilities/lib/ragged_arrays.pyx because it depends on /usr/local/lib/python3.10/dist-packages/Cython/Includes/libc/string.pxd.\nCompiling yt/utilities/lib/write_array.pyx because it depends on /usr/local/lib/python3.10/dist-packages/Cython/Includes/libc/string.pxd.\n[ 4/52] Cythonizing yt/frontends/gamer/cfields.pyx\n[15/52] Cythonizing yt/utilities/cython_fortran_utils.pyx\n[18/52] Cythonizing yt/utilities/lib/alt_ray_tracers.pyx\n[21/52] Cythonizing yt/utilities/lib/bitarray.pyx\n[25/52] Cythonizing yt/utilities/lib/cosmology_time.pyx\n[31/52] Cythonizing yt/utilities/lib/element_mappings.pyx\n[43/52] Cythonizing yt/utilities/lib/origami.pyx\n[48/52] Cythonizing yt/utilities/lib/points_in_volume.pyx\n[ 5/52] Cythonizing yt/frontends/ramses/io_utils.pyx\n[16/52] Cythonizing yt/utilities/lib/_octree_raytracing.pyx\n[26/52] Cythonizing yt/utilities/lib/cykdtree/kdtree.pyx\n[42/52] Cythonizing yt/utilities/lib/mesh_utilities.pyx\n[ 3/52] Cythonizing yt/utilities/lib/misc_utilities.pyx\n[30/52] Cythonizing yt/utilities/lib/distance_queue.pyx\n[41/52] Cythonizing yt/utilities/lib/mesh_triangulation.pyx\n[10/52] Cythonizing yt/geometry/oct_visitors.pyx\n[23/52] Cythonizing yt/utilities/lib/bounding_volume_hierarchy.pyx\n[36/52] Cythonizing yt/utilities/lib/image_samplers.pyx\n[ 8/52] Cythonizing yt/geometry/grid_visitors.pyx\n[14/52] Cythonizing yt/geometry/selection_routines.pyx\n[39/52] Cythonizing yt/utilities/lib/lenses.pyx\n[52/52] Cythonizing yt/utilities/lib/write_array.pyx\n[ 9/52] Cythonizing yt/geometry/oct_container.pyx\n[24/52] Cythonizing yt/utilities/lib/contour_finding.pyx\n[49/52] Cythonizing yt/utilities/lib/primitives.pyx\n[11/52] Cythonizing yt/geometry/particle_deposit.pyx\n[19/52] Cythonizing yt/utilities/lib/amr_kdtools.pyx\n[32/52] Cythonizing yt/utilities/lib/fnv_hash.pyx\n[40/52] Cythonizing yt/utilities/lib/marching_cubes.pyx\n[45/52] Cythonizing yt/utilities/lib/particle_mesh_operations.pyx\n[ 6/52] Cythonizing yt/geometry/fake_octree.pyx\n[17/52] Cythonizing yt/utilities/lib/allocation_container.pyx\n[27/52] Cythonizing yt/utilities/lib/cykdtree/utils.pyx\n[37/52] Cythonizing yt/utilities/lib/image_utilities.pyx\n[50/52] Cythonizing yt/utilities/lib/quad_tree.pyx\n[ 2/52] Cythonizing yt/utilities/lib/autogenerated_element_samplers.pyx\n[13/52] Cythonizing yt/geometry/particle_smooth.pyx\n[22/52] Cythonizing yt/utilities/lib/bounded_priority_queue.pyx\n[34/52] Cythonizing yt/utilities/lib/geometry_utils.pyx\n[12/52] Cythonizing yt/geometry/particle_oct_container.pyx\n[35/52] Cythonizing yt/utilities/lib/grid_traversal.pyx\n[46/52] Cythonizing yt/utilities/lib/partitioned_grid.pyx\n[51/52] Cythonizing yt/utilities/lib/ragged_arrays.pyx\n[ 1/52] Cythonizing yt/frontends/artio/_artio_caller.pyx\n[29/52] Cythonizing yt/utilities/lib/depth_first_octree.pyx\n[33/52] Cythonizing yt/utilities/lib/fortran_reader.pyx\n[38/52] Cythonizing yt/utilities/lib/interpolators.pyx\n[44/52] Cythonizing yt/utilities/lib/particle_kdtree_tools.pyx\n[ 7/52] Cythonizing yt/geometry/grid_container.pyx\n[20/52] Cythonizing yt/utilities/lib/basic_octree.pyx\n[28/52] Cythonizing yt/utilities/lib/cyoctree.pyx\n[47/52] Cythonizing yt/utilities/lib/pixelization_routines.pyx\nbuilding 'yt.geometry.fake_octree' extension\ncreating build\nbuilding 'yt.geometry.grid_container' extension\ncreating build/temp.linux-x86_64-3.10\nbuilding 'yt.geometry.grid_visitors' extension\nbuilding 'yt.geometry.oct_visitors' extension\ncreating build/temp.linux-x86_64-3.10/yt\ncreating build/temp.linux-x86_64-3.10\nbuilding 'yt.geometry.particle_deposit' extension\ncreating build/temp.linux-x86_64-3.10/yt\ncreating build/temp.linux-x86_64-3.10/yt\nbuilding 'yt.frontends.ramses.io_utils' extension\nbuilding 'yt.geometry.particle_oct_container' extension\ncreating build/temp.linux-x86_64-3.10/yt/geometry\nbuilding 'yt.geometry.oct_container' extension\ncreating build/temp.linux-x86_64-3.10/yt/geometry\nbuilding 'yt.utilities.cython_fortran_utils' extension\ncreating build/temp.linux-x86_64-3.10/yt/geometry\ncreating build/temp.linux-x86_64-3.10/yt/frontends\nbuilding 'yt.geometry.particle_smooth' extension\nbuilding 'yt.geometry.selection_routines' extension\ncreating build/temp.linux-x86_64-3.10/yt/utilities\nx86_64-linux-gnu-gcc -Wno-unused-result -Wsign-compare -DNDEBUG -g -fwrapv -O2 -Wall -g -fstack-protector-strong -Wformat -Werror=format-security -g -fwrapv -O2 -g -fstack-protector-strong -Wformat -Werror=format-security -Wdate-time -D_FORTIFY_SOURCE=2 -fPIC -DNPY_NO_DEPRECATED_API=NPY_1_7_API_VERSION -DNPY_TARGET_VERSION=NPY_1_21_API_VERSION -Iyt/utilities/lib/ -I/usr/include/python3.10 -I/usr/local/lib/python3.10/dist-packages/numpy/core/include -I/usr/local/lib/python3.10/dist-packages/ewah_bool_utils/cpp -c yt/geometry/oct_visitors.c -o build/temp.linux-x86_64-3.10/yt/geometry/oct_visitors.o\ncreating build/temp.linux-x86_64-3.10/yt\ncreating build/temp.linux-x86_64-3.10/yt/geometry\nx86_64-linux-gnu-gcc -Wno-unused-result -Wsign-compare -DNDEBUG -g -fwrapv -O2 -Wall -g -fstack-protector-strong -Wformat -Werror=format-security -g -fwrapv -O2 -g -fstack-protector-strong -Wformat -Werror=format-security -Wdate-time -D_FORTIFY_SOURCE=2 -fPIC -DNPY_NO_DEPRECATED_API=NPY_1_7_API_VERSION -DNPY_TARGET_VERSION=NPY_1_21_API_VERSION -Iyt/utilities/lib/ -I/usr/include/python3.10 -I/usr/local/lib/python3.10/dist-packages/numpy/core/include -I/usr/local/lib/python3.10/dist-packages/ewah_bool_utils/cpp -c yt/geometry/grid_container.c -o build/temp.linux-x86_64-3.10/yt/geometry/grid_container.o\ncreating build/temp.linux-x86_64-3.10/yt/frontends/ramses\nbuilding 'yt.frontends.gamer.cfields' extension\nx86_64-linux-gnu-gcc -Wno-unused-result -Wsign-compare -DNDEBUG -g -fwrapv -O2 -Wall -g -fstack-protector-strong -Wformat -Werror=format-security -g -fwrapv -O2 -g -fstack-protector-strong -Wformat -Werror=format-security -Wdate-time -D_FORTIFY_SOURCE=2 -fPIC -DNPY_NO_DEPRECATED_API=NPY_1_7_API_VERSION -DNPY_TARGET_VERSION=NPY_1_21_API_VERSION -Iyt/utilities/lib/ -I/usr/include/python3.10 -I/usr/local/lib/python3.10/dist-packages/numpy/core/include -I/usr/local/lib/python3.10/dist-packages/ewah_bool_utils/cpp -c yt/geometry/fake_octree.c -o build/temp.linux-x86_64-3.10/yt/geometry/fake_octree.o\nx86_64-linux-gnu-gcc -Wno-unused-result -Wsign-compare -DNDEBUG -g -fwrapv -O2 -Wall -g -fstack-protector-strong -Wformat -Werror=format-security -g -fwrapv -O2 -g -fstack-protector-strong -Wformat -Werror=format-security -Wdate-time -D_FORTIFY_SOURCE=2 -fPIC -DNPY_NO_DEPRECATED_API=NPY_1_7_API_VERSION -DNPY_TARGET_VERSION=NPY_1_21_API_VERSION -Iyt/utilities/lib/ -I/usr/include/python3.10 -I/usr/local/lib/python3.10/dist-packages/numpy/core/include -I/usr/local/lib/python3.10/dist-packages/ewah_bool_utils/cpp -c yt/geometry/grid_visitors.c -o build/temp.linux-x86_64-3.10/yt/geometry/grid_visitors.o\ncreating build/temp.linux-x86_64-3.10/yt/geometry\nx86_64-linux-gnu-gcc -Wno-unused-result -Wsign-compare -DNDEBUG -g -fwrapv -O2 -Wall -g -fstack-protector-strong -Wformat -Werror=format-security -g -fwrapv -O2 -g -fstack-protector-strong -Wformat -Werror=format-security -Wdate-time -D_FORTIFY_SOURCE=2 -fPIC -DNPY_NO_DEPRECATED_API=NPY_1_7_API_VERSION -DNPY_TARGET_VERSION=NPY_1_21_API_VERSION -Iyt/utilities/lib/ -I/usr/include/python3.10 -I/usr/local/lib/python3.10/dist-packages/numpy/core/include -I/usr/local/lib/python3.10/dist-packages/ewah_bool_utils/cpp -c yt/geometry/selection_routines.c -o build/temp.linux-x86_64-3.10/yt/geometry/selection_routines.o\ncreating build/temp.linux-x86_64-3.10/yt/utilities/lib\ncreating build/temp.linux-x86_64-3.10/yt/frontends/gamer\nx86_64-linux-gnu-gcc -Wno-unused-result -Wsign-compare -DNDEBUG -g -fwrapv -O2 -Wall -g -fstack-protector-strong -Wformat -Werror=format-security -g -fwrapv -O2 -g -fstack-protector-strong -Wformat -Werror=format-security -Wdate-time -D_FORTIFY_SOURCE=2 -fPIC -DNPY_NO_DEPRECATED_API=NPY_1_7_API_VERSION -DNPY_TARGET_VERSION=NPY_1_21_API_VERSION -Iyt/utilities/lib/ -I/usr/include/python3.10 -I/usr/local/lib/python3.10/dist-packages/numpy/core/include -I/usr/local/lib/python3.10/dist-packages/ewah_bool_utils/cpp -c yt/geometry/particle_smooth.c -o build/temp.linux-x86_64-3.10/yt/geometry/particle_smooth.o\ncreating build/temp.linux-x86_64-3.10/yt/utilities\nx86_64-linux-gnu-gcc -Wno-unused-result -Wsign-compare -DNDEBUG -g -fwrapv -O2 -Wall -g -fstack-protector-strong -Wformat -Werror=format-security -g -fwrapv -O2 -g -fstack-protector-strong -Wformat -Werror=format-security -Wdate-time -D_FORTIFY_SOURCE=2 -fPIC -DNPY_NO_DEPRECATED_API=NPY_1_7_API_VERSION -DNPY_TARGET_VERSION=NPY_1_21_API_VERSION -Iyt/utilities/lib/ -I/usr/include/python3.10 -I/usr/local/lib/python3.10/dist-packages/numpy/core/include -I/usr/local/lib/python3.10/dist-packages/ewah_bool_utils/cpp -c yt/frontends/ramses/io_utils.c -o build/temp.linux-x86_64-3.10/yt/frontends/ramses/io_utils.o\nx86_64-linux-gnu-gcc -Wno-unused-result -Wsign-compare -DNDEBUG -g -fwrapv -O2 -Wall -g -fstack-protector-strong -Wformat -Werror=format-security -g -fwrapv -O2 -g -fstack-protector-strong -Wformat -Werror=format-security -Wdate-time -D_FORTIFY_SOURCE=2 -fPIC -DNPY_NO_DEPRECATED_API=NPY_1_7_API_VERSION -DNPY_TARGET_VERSION=NPY_1_21_API_VERSION -Iyt/utilities/lib/ -I/usr/include/python3.10 -I/usr/local/lib/python3.10/dist-packages/numpy/core/include -I/usr/local/lib/python3.10/dist-packages/ewah_bool_utils/cpp -c yt/geometry/particle_oct_container.cpp -o build/temp.linux-x86_64-3.10/yt/geometry/particle_oct_container.o -std=c++14\nx86_64-linux-gnu-gcc -Wno-unused-result -Wsign-compare -DNDEBUG -g -fwrapv -O2 -Wall -g -fstack-protector-strong -Wformat -Werror=format-security -g -fwrapv -O2 -g -fstack-protector-strong -Wformat -Werror=format-security -Wdate-time -D_FORTIFY_SOURCE=2 -fPIC -DNPY_NO_DEPRECATED_API=NPY_1_7_API_VERSION -DNPY_TARGET_VERSION=NPY_1_21_API_VERSION -Iyt/utilities/lib/ -I/usr/include/python3.10 -I/usr/local/lib/python3.10/dist-packages/numpy/core/include -I/usr/local/lib/python3.10/dist-packages/ewah_bool_utils/cpp -c yt/geometry/oct_container.c -o build/temp.linux-x86_64-3.10/yt/geometry/oct_container.o\nx86_64-linux-gnu-gcc -Wno-unused-result -Wsign-compare -DNDEBUG -g -fwrapv -O2 -Wall -g -fstack-protector-strong -Wformat -Werror=format-security -g -fwrapv -O2 -g -fstack-protector-strong -Wformat -Werror=format-security -Wdate-time -D_FORTIFY_SOURCE=2 -fPIC -DNPY_NO_DEPRECATED_API=NPY_1_7_API_VERSION -DNPY_TARGET_VERSION=NPY_1_21_API_VERSION -I/usr/include/python3.10 -I/usr/local/lib/python3.10/dist-packages/numpy/core/include -I/usr/local/lib/python3.10/dist-packages/ewah_bool_utils/cpp -c yt/utilities/cython_fortran_utils.c -o build/temp.linux-x86_64-3.10/yt/utilities/cython_fortran_utils.o\nx86_64-linux-gnu-gcc -Wno-unused-result -Wsign-compare -DNDEBUG -g -fwrapv -O2 -Wall -g -fstack-protector-strong -Wformat -Werror=format-security -g -fwrapv -O2 -g -fstack-protector-strong -Wformat -Werror=format-security -Wdate-time -D_FORTIFY_SOURCE=2 -fPIC -DNPY_NO_DEPRECATED_API=NPY_1_7_API_VERSION -DNPY_TARGET_VERSION=NPY_1_21_API_VERSION -Iyt/utilities/lib/ -I/usr/include/python3.10 -I/usr/local/lib/python3.10/dist-packages/numpy/core/include -I/usr/local/lib/python3.10/dist-packages/ewah_bool_utils/cpp -c yt/geometry/particle_deposit.c -o build/temp.linux-x86_64-3.10/yt/geometry/particle_deposit.o\nx86_64-linux-gnu-gcc -Wno-unused-result -Wsign-compare -DNDEBUG -g -fwrapv -O2 -Wall -g -fstack-protector-strong -Wformat -Werror=format-security -g -fwrapv -O2 -g -fstack-protector-strong -Wformat -Werror=format-security -Wdate-time -D_FORTIFY_SOURCE=2 -fPIC -DNPY_NO_DEPRECATED_API=NPY_1_7_API_VERSION -DNPY_TARGET_VERSION=NPY_1_21_API_VERSION -Iyt/utilities/lib/ -I/usr/include/python3.10 -I/usr/local/lib/python3.10/dist-packages/numpy/core/include -I/usr/local/lib/python3.10/dist-packages/ewah_bool_utils/cpp -c yt/frontends/gamer/cfields.c -o build/temp.linux-x86_64-3.10/yt/frontends/gamer/cfields.o\nWhile building 'yt.geometry.grid_visitors' following error was raised:\n command '/usr/bin/x86_64-linux-gnu-gcc' failed with exit code 1\nbuilding 'yt.utilities.lib.cykdtree.kdtree' extension\ncreating build/temp.linux-x86_64-3.10/yt/utilities/lib/cykdtree\nWhile building 'yt.geometry.fake_octree' following error was raised:\n command '/usr/bin/x86_64-linux-gnu-gcc' failed with exit code 1\nWhile building 'yt.geometry.grid_container' following error was raised:\n command '/usr/bin/x86_64-linux-gnu-gcc' failed with exit code 1\nx86_64-linux-gnu-gcc -Wno-unused-result -Wsign-compare -DNDEBUG -g -fwrapv -O2 -Wall -g -fstack-protector-strong -Wformat -Werror=format-security -g -fwrapv -O2 -g -fstack-protector-strong -Wformat -Werror=format-security -Wdate-time -D_FORTIFY_SOURCE=2 -fPIC -DNPY_NO_DEPRECATED_API=NPY_1_7_API_VERSION -DNPY_TARGET_VERSION=NPY_1_21_API_VERSION -Iyt/utilities/lib/cykdtree -I/usr/include/python3.10 -I/usr/local/lib/python3.10/dist-packages/numpy/core/include -I/usr/local/lib/python3.10/dist-packages/ewah_bool_utils/cpp -c yt/utilities/lib/cykdtree/c_utils.cpp -o build/temp.linux-x86_64-3.10/yt/utilities/lib/cykdtree/c_utils.o -std=c++11\nWhile building 'yt.geometry.oct_visitors' following error was raised:\n command '/usr/bin/x86_64-linux-gnu-gcc' failed with exit code 1\nbuilding 'yt.frontends.artio._artio_caller' extension\nbuilding 'yt.utilities.lib.cykdtree.utils' extension\nWhile building 'yt.frontends.ramses.io_utils' following error was raised:\n command '/usr/bin/x86_64-linux-gnu-gcc' failed with exit code 1\nbuilding 'yt.utilities.lib._octree_raytracing' extension\nWhile building 'yt.utilities.cython_fortran_utils' following error was raised:\n command '/usr/bin/x86_64-linux-gnu-gcc' failed with exit code 1\nx86_64-linux-gnu-gcc -Wno-unused-result -Wsign-compare -DNDEBUG -g -fwrapv -O2 -Wall -g -fstack-protector-strong -Wformat -Werror=format-security -g -fwrapv -O2 -g -fstack-protector-strong -Wformat -Werror=format-security -Wdate-time -D_FORTIFY_SOURCE=2 -fPIC -DNPY_NO_DEPRECATED_API=NPY_1_7_API_VERSION -DNPY_TARGET_VERSION=NPY_1_21_API_VERSION -Iyt/utilities/lib -I/usr/include/python3.10 -I/usr/local/lib/python3.10/dist-packages/numpy/core/include -I/usr/local/lib/python3.10/dist-packages/ewah_bool_utils/cpp -c yt/utilities/lib/_octree_raytracing.cpp -o build/temp.linux-x86_64-3.10/yt/utilities/lib/_octree_raytracing.o -std=c++14 -fopenmp\nWhile building 'yt.geometry.particle_smooth' following error was raised:\n command '/usr/bin/x86_64-linux-gnu-gcc' failed with exit code 1\ncreating build/temp.linux-x86_64-3.10/yt/frontends/artio\nWhile building 'yt.frontends.gamer.cfields' following error was raised:\n command '/usr/bin/x86_64-linux-gnu-gcc' failed with exit code 1\nx86_64-linux-gnu-gcc -Wno-unused-result -Wsign-compare -DNDEBUG -g -fwrapv -O2 -Wall -g -fstack-protector-strong -Wformat -Werror=format-security -g -fwrapv -O2 -g -fstack-protector-strong -Wformat -Werror=format-security -Wdate-time -D_FORTIFY_SOURCE=2 -fPIC -DNPY_NO_DEPRECATED_API=NPY_1_7_API_VERSION -DNPY_TARGET_VERSION=NPY_1_21_API_VERSION -Iyt/utilities/lib/cykdtree -I/usr/include/python3.10 -I/usr/local/lib/python3.10/dist-packages/numpy/core/include -I/usr/local/lib/python3.10/dist-packages/ewah_bool_utils/cpp -c yt/utilities/lib/cykdtree/c_utils.cpp -o build/temp.linux-x86_64-3.10/yt/utilities/lib/cykdtree/c_utils.o -std=c++11\nWhile building 'yt.geometry.oct_container' following error was raised:\n command '/usr/bin/x86_64-linux-gnu-gcc' failed with exit code 1\nbuilding 'yt.utilities.lib.alt_ray_tracers' extension\nbuilding 'yt.utilities.lib.amr_kdtools' extension\nbuilding 'yt.utilities.lib.basic_octree' extension\nWhile building 'yt.geometry.particle_deposit' following error was raised:\n command '/usr/bin/x86_64-linux-gnu-gcc' failed with exit code 1\nbuilding 'yt.utilities.lib.bounding_volume_hierarchy' extension\nx86_64-linux-gnu-gcc -Wno-unused-result -Wsign-compare -DNDEBUG -g -fwrapv -O2 -Wall -g -fstack-protector-strong -Wformat -Werror=format-security -g -fwrapv -O2 -g -fstack-protector-strong -Wformat -Werror=format-security -Wdate-time -D_FORTIFY_SOURCE=2 -fPIC -DNPY_NO_DEPRECATED_API=NPY_1_7_API_VERSION -DNPY_TARGET_VERSION=NPY_1_21_API_VERSION -I/usr/include/python3.10 -I/usr/local/lib/python3.10/dist-packages/numpy/core/include -I/usr/local/lib/python3.10/dist-packages/ewah_bool_utils/cpp -c yt/utilities/lib/alt_ray_tracers.c -o build/temp.linux-x86_64-3.10/yt/utilities/lib/alt_ray_tracers.o\nx86_64-linux-gnu-gcc -Wno-unused-result -Wsign-compare -DNDEBUG -g -fwrapv -O2 -Wall -g -fstack-protector-strong -Wformat -Werror=format-security -g -fwrapv -O2 -g -fstack-protector-strong -Wformat -Werror=format-security -Wdate-time -D_FORTIFY_SOURCE=2 -fPIC -DNPY_NO_DEPRECATED_API=NPY_1_7_API_VERSION -DNPY_TARGET_VERSION=NPY_1_21_API_VERSION -I/usr/include/python3.10 -I/usr/local/lib/python3.10/dist-packages/numpy/core/include -I/usr/local/lib/python3.10/dist-packages/ewah_bool_utils/cpp -c yt/utilities/lib/amr_kdtools.c -o build/temp.linux-x86_64-3.10/yt/utilities/lib/amr_kdtools.o\nx86_64-linux-gnu-gcc -Wno-unused-result -Wsign-compare -DNDEBUG -g -fwrapv -O2 -Wall -g -fstack-protector-strong -Wformat -Werror=format-security -g -fwrapv -O2 -g -fstack-protector-strong -Wformat -Werror=format-security -Wdate-time -D_FORTIFY_SOURCE=2 -fPIC -DNPY_NO_DEPRECATED_API=NPY_1_7_API_VERSION -DNPY_TARGET_VERSION=NPY_1_21_API_VERSION -Iyt/utilities/lib -I/usr/include/python3.10 -I/usr/local/lib/python3.10/dist-packages/numpy/core/include -I/usr/local/lib/python3.10/dist-packages/ewah_bool_utils/cpp -c yt/utilities/lib/basic_octree.c -o build/temp.linux-x86_64-3.10/yt/utilities/lib/basic_octree.o\nbuilding 'yt.utilities.lib.bounded_priority_queue' extension\nx86_64-linux-gnu-gcc -Wno-unused-result -Wsign-compare -DNDEBUG -g -fwrapv -O2 -Wall -g -fstack-protector-strong -Wformat -Werror=format-security -g -fwrapv -O2 -g -fstack-protector-strong -Wformat -Werror=format-security -Wdate-time -D_FORTIFY_SOURCE=2 -fPIC -DNPY_NO_DEPRECATED_API=NPY_1_7_API_VERSION -DNPY_TARGET_VERSION=NPY_1_21_API_VERSION -Iyt/utilities/lib/ -Iyt/utilities/lib -I/usr/include/python3.10 -I/usr/local/lib/python3.10/dist-packages/numpy/core/include -I/usr/local/lib/python3.10/dist-packages/ewah_bool_utils/cpp -c yt/utilities/lib/bounding_volume_hierarchy.cpp -o build/temp.linux-x86_64-3.10/yt/utilities/lib/bounding_volume_hierarchy.o -std=c++14 -fopenmp\ncreating build/temp.linux-x86_64-3.10/yt/frontends/artio/artio_headers\nWhile building 'yt.geometry.selection_routines' following error was raised:\n command '/usr/bin/x86_64-linux-gnu-gcc' failed with exit code 1\nWhile building 'yt.geometry.particle_oct_container' following error was raised:\n command '/usr/bin/x86_64-linux-gnu-gcc' failed with exit code 1\nx86_64-linux-gnu-gcc -Wno-unused-result -Wsign-compare -DNDEBUG -g -fwrapv -O2 -Wall -g -fstack-protector-strong -Wformat -Werror=format-security -g -fwrapv -O2 -g -fstack-protector-strong -Wformat -Werror=format-security -Wdate-time -D_FORTIFY_SOURCE=2 -fPIC -DNPY_NO_DEPRECATED_API=NPY_1_7_API_VERSION -DNPY_TARGET_VERSION=NPY_1_21_API_VERSION -I/usr/include/python3.10 -I/usr/local/lib/python3.10/dist-packages/numpy/core/include -I/usr/local/lib/python3.10/dist-packages/ewah_bool_utils/cpp -c yt/utilities/lib/bounded_priority_queue.c -o build/temp.linux-x86_64-3.10/yt/utilities/lib/bounded_priority_queue.o\nbuilding 'yt.utilities.lib.allocation_container' extension\nbuilding 'yt.utilities.lib.autogenerated_element_samplers' extension\nbuilding 'yt.utilities.lib.bitarray' extension\nx86_64-linux-gnu-gcc -Wno-unused-result -Wsign-compare -DNDEBUG -g -fwrapv -O2 -Wall -g -fstack-protector-strong -Wformat -Werror=format-security -g -fwrapv -O2 -g -fstack-protector-strong -Wformat -Werror=format-security -Wdate-time -D_FORTIFY_SOURCE=2 -fPIC -DNPY_NO_DEPRECATED_API=NPY_1_7_API_VERSION -DNPY_TARGET_VERSION=NPY_1_21_API_VERSION -Iyt/utilities/lib/ -Iyt/geometry/ -Iyt/frontends/artio/artio_headers/ -I/usr/include/python3.10 -I/usr/local/lib/python3.10/dist-packages/numpy/core/include -I/usr/local/lib/python3.10/dist-packages/ewah_bool_utils/cpp -c yt/frontends/artio/_artio_caller.c -o build/temp.linux-x86_64-3.10/yt/frontends/artio/_artio_caller.o\nx86_64-linux-gnu-gcc -Wno-unused-result -Wsign-compare -DNDEBUG -g -fwrapv -O2 -Wall -g -fstack-protector-strong -Wformat -Werror=format-security -g -fwrapv -O2 -g -fstack-protector-strong -Wformat -Werror=format-security -Wdate-time -D_FORTIFY_SOURCE=2 -fPIC -DNPY_NO_DEPRECATED_API=NPY_1_7_API_VERSION -DNPY_TARGET_VERSION=NPY_1_21_API_VERSION -I/usr/include/python3.10 -I/usr/local/lib/python3.10/dist-packages/numpy/core/include -I/usr/local/lib/python3.10/dist-packages/ewah_bool_utils/cpp -c yt/utilities/lib/allocation_container.c -o build/temp.linux-x86_64-3.10/yt/utilities/lib/allocation_container.o\nx86_64-linux-gnu-gcc -Wno-unused-result -Wsign-compare -DNDEBUG -g -fwrapv -O2 -Wall -g -fstack-protector-strong -Wformat -Werror=format-security -g -fwrapv -O2 -g -fstack-protector-strong -Wformat -Werror=format-security -Wdate-time -D_FORTIFY_SOURCE=2 -fPIC -DNPY_NO_DEPRECATED_API=NPY_1_7_API_VERSION -DNPY_TARGET_VERSION=NPY_1_21_API_VERSION -I/usr/include/python3.10 -I/usr/local/lib/python3.10/dist-packages/numpy/core/include -I/usr/local/lib/python3.10/dist-packages/ewah_bool_utils/cpp -c yt/utilities/lib/autogenerated_element_samplers.c -o build/temp.linux-x86_64-3.10/yt/utilities/lib/autogenerated_element_samplers.o\nx86_64-linux-gnu-gcc -Wno-unused-result -Wsign-compare -DNDEBUG -g -fwrapv -O2 -Wall -g -fstack-protector-strong -Wformat -Werror=format-security -g -fwrapv -O2 -g -fstack-protector-strong -Wformat -Werror=format-security -Wdate-time -D_FORTIFY_SOURCE=2 -fPIC -DNPY_NO_DEPRECATED_API=NPY_1_7_API_VERSION -DNPY_TARGET_VERSION=NPY_1_21_API_VERSION -I/usr/include/python3.10 -I/usr/local/lib/python3.10/dist-packages/numpy/core/include -I/usr/local/lib/python3.10/dist-packages/ewah_bool_utils/cpp -c yt/utilities/lib/bitarray.c -o build/temp.linux-x86_64-3.10/yt/utilities/lib/bitarray.o\nWhile building 'yt.utilities.lib.alt_ray_tracers' following error was raised:\n command '/usr/bin/x86_64-linux-gnu-gcc' failed with exit code 1\nWhile building 'yt.utilities.lib.amr_kdtools' following error was raised:\n command '/usr/bin/x86_64-linux-gnu-gcc' failed with exit code 1\nWhile building 'yt.utilities.lib.bounding_volume_hierarchy' following error was raised:\n command '/usr/bin/x86_64-linux-gnu-gcc' failed with exit code 1\nWhile building 'yt.utilities.lib.basic_octree' following error was raised:\n command '/usr/bin/x86_64-linux-gnu-gcc' failed with exit code 1\nWhile building 'yt.utilities.lib._octree_raytracing' following error was raised:\n command '/usr/bin/x86_64-linux-gnu-gcc' failed with exit code 1\nbuilding 'yt.utilities.lib.cosmology_time' extension\nWhile building 'yt.utilities.lib.bounded_priority_queue' following error was raised:\n command '/usr/bin/x86_64-linux-gnu-gcc' failed with exit code 1\nbuilding 'yt.utilities.lib.depth_first_octree' extension\nbuilding 'yt.utilities.lib.distance_queue' extension\nx86_64-linux-gnu-gcc -Wno-unused-result -Wsign-compare -DNDEBUG -g -fwrapv -O2 -Wall -g -fstack-protector-strong -Wformat -Werror=format-security -g -fwrapv -O2 -g -fstack-protector-strong -Wformat -Werror=format-security -Wdate-time -D_FORTIFY_SOURCE=2 -fPIC -DNPY_NO_DEPRECATED_API=NPY_1_7_API_VERSION -DNPY_TARGET_VERSION=NPY_1_21_API_VERSION -I/usr/include/python3.10 -I/usr/local/lib/python3.10/dist-packages/numpy/core/include -I/usr/local/lib/python3.10/dist-packages/ewah_bool_utils/cpp -c yt/utilities/lib/cosmology_time.cpp -o build/temp.linux-x86_64-3.10/yt/utilities/lib/cosmology_time.o\nbuilding 'yt.utilities.lib.element_mappings' extension\nx86_64-linux-gnu-gcc -Wno-unused-result -Wsign-compare -DNDEBUG -g -fwrapv -O2 -Wall -g -fstack-protector-strong -Wformat -Werror=format-security -g -fwrapv -O2 -g -fstack-protector-strong -Wformat -Werror=format-security -Wdate-time -D_FORTIFY_SOURCE=2 -fPIC -DNPY_NO_DEPRECATED_API=NPY_1_7_API_VERSION -DNPY_TARGET_VERSION=NPY_1_21_API_VERSION -I/usr/include/python3.10 -I/usr/local/lib/python3.10/dist-packages/numpy/core/include -I/usr/local/lib/python3.10/dist-packages/ewah_bool_utils/cpp -c yt/utilities/lib/depth_first_octree.c -o build/temp.linux-x86_64-3.10/yt/utilities/lib/depth_first_octree.o\nx86_64-linux-gnu-gcc -Wno-unused-result -Wsign-compare -DNDEBUG -g -fwrapv -O2 -Wall -g -fstack-protector-strong -Wformat -Werror=format-security -g -fwrapv -O2 -g -fstack-protector-strong -Wformat -Werror=format-security -Wdate-time -D_FORTIFY_SOURCE=2 -fPIC -DNPY_NO_DEPRECATED_API=NPY_1_7_API_VERSION -DNPY_TARGET_VERSION=NPY_1_21_API_VERSION -I/usr/include/python3.10 -I/usr/local/lib/python3.10/dist-packages/numpy/core/include -I/usr/local/lib/python3.10/dist-packages/ewah_bool_utils/cpp -c yt/utilities/lib/distance_queue.c -o build/temp.linux-x86_64-3.10/yt/utilities/lib/distance_queue.o\nbuilding 'yt.utilities.lib.contour_finding' extension\nWhile building 'yt.utilities.lib.allocation_container' following error was raised:\n command '/usr/bin/x86_64-linux-gnu-gcc' failed with exit code 1\nWhile building 'yt.utilities.lib.autogenerated_element_samplers' following error was raised:\n command '/usr/bin/x86_64-linux-gnu-gcc' failed with exit code 1\nx86_64-linux-gnu-gcc -Wno-unused-result -Wsign-compare -DNDEBUG -g -fwrapv -O2 -Wall -g -fstack-protector-strong -Wformat -Werror=format-security -g -fwrapv -O2 -g -fstack-protector-strong -Wformat -Werror=format-security -Wdate-time -D_FORTIFY_SOURCE=2 -fPIC -DNPY_NO_DEPRECATED_API=NPY_1_7_API_VERSION -DNPY_TARGET_VERSION=NPY_1_21_API_VERSION -Iyt/utilities/lib -I/usr/include/python3.10 -I/usr/local/lib/python3.10/dist-packages/numpy/core/include -I/usr/local/lib/python3.10/dist-packages/ewah_bool_utils/cpp -c yt/utilities/lib/element_mappings.c -o build/temp.linux-x86_64-3.10/yt/utilities/lib/element_mappings.o\nx86_64-linux-gnu-gcc -Wno-unused-result -Wsign-compare -DNDEBUG -g -fwrapv -O2 -Wall -g -fstack-protector-strong -Wformat -Werror=format-security -g -fwrapv -O2 -g -fstack-protector-strong -Wformat -Werror=format-security -Wdate-time -D_FORTIFY_SOURCE=2 -fPIC -DNPY_NO_DEPRECATED_API=NPY_1_7_API_VERSION -DNPY_TARGET_VERSION=NPY_1_21_API_VERSION -Iyt/utilities/lib/ -Iyt/geometry/ -I/usr/include/python3.10 -I/usr/local/lib/python3.10/dist-packages/numpy/core/include -I/usr/local/lib/python3.10/dist-packages/ewah_bool_utils/cpp -c yt/utilities/lib/contour_finding.c -o build/temp.linux-x86_64-3.10/yt/utilities/lib/contour_finding.o\nWhile building 'yt.frontends.artio._artio_caller' following error was raised:\n command '/usr/bin/x86_64-linux-gnu-gcc' failed with exit code 1\nbuilding 'yt.utilities.lib.cyoctree' extension\nbuilding 'yt.utilities.lib.fortran_reader' extension\nbuilding 'yt.utilities.lib.geometry_utils' extension\nx86_64-linux-gnu-gcc -Wno-unused-result -Wsign-compare -DNDEBUG -g -fwrapv -O2 -Wall -g -fstack-protector-strong -Wformat -Werror=format-security -g -fwrapv -O2 -g -fstack-protector-strong -Wformat -Werror=format-security -Wdate-time -D_FORTIFY_SOURCE=2 -fPIC -DNPY_NO_DEPRECATED_API=NPY_1_7_API_VERSION -DNPY_TARGET_VERSION=NPY_1_21_API_VERSION -I/usr/include/python3.10 -I/usr/local/lib/python3.10/dist-packages/numpy/core/include -I/usr/local/lib/python3.10/dist-packages/ewah_bool_utils/cpp -c yt/utilities/lib/cyoctree.c -o build/temp.linux-x86_64-3.10/yt/utilities/lib/cyoctree.o\nx86_64-linux-gnu-gcc -Wno-unused-result -Wsign-compare -DNDEBUG -g -fwrapv -O2 -Wall -g -fstack-protector-strong -Wformat -Werror=format-security -g -fwrapv -O2 -g -fstack-protector-strong -Wformat -Werror=format-security -Wdate-time -D_FORTIFY_SOURCE=2 -fPIC -DNPY_NO_DEPRECATED_API=NPY_1_7_API_VERSION -DNPY_TARGET_VERSION=NPY_1_21_API_VERSION -Iyt/utilities/lib -I/usr/include/python3.10 -I/usr/local/lib/python3.10/dist-packages/numpy/core/include -I/usr/local/lib/python3.10/dist-packages/ewah_bool_utils/cpp -c yt/utilities/lib/fortran_reader.c -o build/temp.linux-x86_64-3.10/yt/utilities/lib/fortran_reader.o\nx86_64-linux-gnu-gcc -Wno-unused-result -Wsign-compare -DNDEBUG -g -fwrapv -O2 -Wall -g -fstack-protector-strong -Wformat -Werror=format-security -g -fwrapv -O2 -g -fstack-protector-strong -Wformat -Werror=format-security -Wdate-time -D_FORTIFY_SOURCE=2 -fPIC -DNPY_NO_DEPRECATED_API=NPY_1_7_API_VERSION -DNPY_TARGET_VERSION=NPY_1_21_API_VERSION -Iyt/utilities/lib -I/usr/include/python3.10 -I/usr/local/lib/python3.10/dist-packages/numpy/core/include -I/usr/local/lib/python3.10/dist-packages/ewah_bool_utils/cpp -c yt/utilities/lib/geometry_utils.cpp -o build/temp.linux-x86_64-3.10/yt/utilities/lib/geometry_utils.o -std=c++14 -fopenmp\nbuilding 'yt.utilities.lib.fnv_hash' extension\nx86_64-linux-gnu-gcc -Wno-unused-result -Wsign-compare -DNDEBUG -g -fwrapv -O2 -Wall -g -fstack-protector-strong -Wformat -Werror=format-security -g -fwrapv -O2 -g -fstack-protector-strong -Wformat -Werror=format-security -Wdate-time -D_FORTIFY_SOURCE=2 -fPIC -DNPY_NO_DEPRECATED_API=NPY_1_7_API_VERSION -DNPY_TARGET_VERSION=NPY_1_21_API_VERSION -Iyt/utilities/lib/ -I/usr/include/python3.10 -I/usr/local/lib/python3.10/dist-packages/numpy/core/include -I/usr/local/lib/python3.10/dist-packages/ewah_bool_utils/cpp -c yt/utilities/lib/fnv_hash.c -o build/temp.linux-x86_64-3.10/yt/utilities/lib/fnv_hash.o\nWhile building 'yt.utilities.lib.bitarray' following error was raised:\n command '/usr/bin/x86_64-linux-gnu-gcc' failed with exit code 1\nWhile building 'yt.utilities.lib.cosmology_time' following error was raised:\n command '/usr/bin/x86_64-linux-gnu-gcc' failed with exit code 1\nWhile building 'yt.utilities.lib.depth_first_octree' following error was raised:\n command '/usr/bin/x86_64-linux-gnu-gcc' failed with exit code 1\nbuilding 'yt.utilities.lib.image_utilities' extension\nbuilding 'yt.utilities.lib.grid_traversal' extension\nbuilding 'yt.utilities.lib.image_samplers' extension\nx86_64-linux-gnu-gcc -Wno-unused-result -Wsign-compare -DNDEBUG -g -fwrapv -O2 -Wall -g -fstack-protector-strong -Wformat -Werror=format-security -g -fwrapv -O2 -g -fstack-protector-strong -Wformat -Werror=format-security -Wdate-time -D_FORTIFY_SOURCE=2 -fPIC -DNPY_NO_DEPRECATED_API=NPY_1_7_API_VERSION -DNPY_TARGET_VERSION=NPY_1_21_API_VERSION -I/usr/include/python3.10 -I/usr/local/lib/python3.10/dist-packages/numpy/core/include -I/usr/local/lib/python3.10/dist-packages/ewah_bool_utils/cpp -c yt/utilities/lib/image_utilities.c -o build/temp.linux-x86_64-3.10/yt/utilities/lib/image_utilities.o -fopenmp\nx86_64-linux-gnu-gcc -Wno-unused-result -Wsign-compare -DNDEBUG -g -fwrapv -O2 -Wall -g -fstack-protector-strong -Wformat -Werror=format-security -g -fwrapv -O2 -g -fstack-protector-strong -Wformat -Werror=format-security -Wdate-time -D_FORTIFY_SOURCE=2 -fPIC -DNPY_NO_DEPRECATED_API=NPY_1_7_API_VERSION -DNPY_TARGET_VERSION=NPY_1_21_API_VERSION -Iyt/utilities/lib/ -Iyt/utilities/lib -I/usr/include/python3.10 -I/usr/local/lib/python3.10/dist-packages/numpy/core/include -I/usr/local/lib/python3.10/dist-packages/ewah_bool_utils/cpp -c yt/utilities/lib/image_samplers.cpp -o build/temp.linux-x86_64-3.10/yt/utilities/lib/image_samplers.o -std=c++14 -fopenmp\nWhile building 'yt.utilities.lib.distance_queue' following error was raised:\n command '/usr/bin/x86_64-linux-gnu-gcc' failed with exit code 1\nx86_64-linux-gnu-gcc -Wno-unused-result -Wsign-compare -DNDEBUG -g -fwrapv -O2 -Wall -g -fstack-protector-strong -Wformat -Werror=format-security -g -fwrapv -O2 -g -fstack-protector-strong -Wformat -Werror=format-security -Wdate-time -D_FORTIFY_SOURCE=2 -fPIC -DNPY_NO_DEPRECATED_API=NPY_1_7_API_VERSION -DNPY_TARGET_VERSION=NPY_1_21_API_VERSION -Iyt/utilities/lib/ -I/usr/include/python3.10 -I/usr/local/lib/python3.10/dist-packages/numpy/core/include -I/usr/local/lib/python3.10/dist-packages/ewah_bool_utils/cpp -c yt/utilities/lib/grid_traversal.cpp -o build/temp.linux-x86_64-3.10/yt/utilities/lib/grid_traversal.o -std=c++14\nWhile building 'yt.utilities.lib.element_mappings' following error was raised:\n command '/usr/bin/x86_64-linux-gnu-gcc' failed with exit code 1\nbuilding 'yt.utilities.lib.interpolators' extension\nbuilding 'yt.utilities.lib.lenses' extension\nWhile building 'yt.utilities.lib.fortran_reader' following error was raised:\n command '/usr/bin/x86_64-linux-gnu-gcc' failed with exit code 1\nWhile building 'yt.utilities.lib.contour_finding' following error was raised:\n command '/usr/bin/x86_64-linux-gnu-gcc' failed with exit code 1\nx86_64-linux-gnu-gcc -Wno-unused-result -Wsign-compare -DNDEBUG -g -fwrapv -O2 -Wall -g -fstack-protector-strong -Wformat -Werror=format-security -g -fwrapv -O2 -g -fstack-protector-strong -Wformat -Werror=format-security -Wdate-time -D_FORTIFY_SOURCE=2 -fPIC -DNPY_NO_DEPRECATED_API=NPY_1_7_API_VERSION -DNPY_TARGET_VERSION=NPY_1_21_API_VERSION -I/usr/include/python3.10 -I/usr/local/lib/python3.10/dist-packages/numpy/core/include -I/usr/local/lib/python3.10/dist-packages/ewah_bool_utils/cpp -c yt/utilities/lib/interpolators.c -o build/temp.linux-x86_64-3.10/yt/utilities/lib/interpolators.o\nbuilding 'yt.utilities.lib.mesh_triangulation' extension\nbuilding 'yt.utilities.lib.marching_cubes' extension\nx86_64-linux-gnu-gcc -Wno-unused-result -Wsign-compare -DNDEBUG -g -fwrapv -O2 -Wall -g -fstack-protector-strong -Wformat -Werror=format-security -g -fwrapv -O2 -g -fstack-protector-strong -Wformat -Werror=format-security -Wdate-time -D_FORTIFY_SOURCE=2 -fPIC -DNPY_NO_DEPRECATED_API=NPY_1_7_API_VERSION -DNPY_TARGET_VERSION=NPY_1_21_API_VERSION -Iyt/utilities/lib -I/usr/include/python3.10 -I/usr/local/lib/python3.10/dist-packages/numpy/core/include -I/usr/local/lib/python3.10/dist-packages/ewah_bool_utils/cpp -c yt/utilities/lib/lenses.c -o build/temp.linux-x86_64-3.10/yt/utilities/lib/lenses.o\nWhile building 'yt.utilities.lib.cyoctree' following error was raised:\n command '/usr/bin/x86_64-linux-gnu-gcc' failed with exit code 1\nx86_64-linux-gnu-gcc -Wno-unused-result -Wsign-compare -DNDEBUG -g -fwrapv -O2 -Wall -g -fstack-protector-strong -Wformat -Werror=format-security -g -fwrapv -O2 -g -fstack-protector-strong -Wformat -Werror=format-security -Wdate-time -D_FORTIFY_SOURCE=2 -fPIC -DNPY_NO_DEPRECATED_API=NPY_1_7_API_VERSION -DNPY_TARGET_VERSION=NPY_1_21_API_VERSION -Iyt/utilities/lib/ -Iyt/utilities/lib -I/usr/include/python3.10 -I/usr/local/lib/python3.10/dist-packages/numpy/core/include -I/usr/local/lib/python3.10/dist-packages/ewah_bool_utils/cpp -c yt/utilities/lib/marching_cubes.cpp -o build/temp.linux-x86_64-3.10/yt/utilities/lib/marching_cubes.o\nx86_64-linux-gnu-gcc -Wno-unused-result -Wsign-compare -DNDEBUG -g -fwrapv -O2 -Wall -g -fstack-protector-strong -Wformat -Werror=format-security -g -fwrapv -O2 -g -fstack-protector-strong -Wformat -Werror=format-security -Wdate-time -D_FORTIFY_SOURCE=2 -fPIC -DNPY_NO_DEPRECATED_API=NPY_1_7_API_VERSION -DNPY_TARGET_VERSION=NPY_1_21_API_VERSION -Iyt/utilities/lib -I/usr/include/python3.10 -I/usr/local/lib/python3.10/dist-packages/numpy/core/include -I/usr/local/lib/python3.10/dist-packages/ewah_bool_utils/cpp -c yt/utilities/lib/mesh_triangulation.c -o build/temp.linux-x86_64-3.10/yt/utilities/lib/mesh_triangulation.o\nWhile building 'yt.utilities.lib.fnv_hash' following error was raised:\n command '/usr/bin/x86_64-linux-gnu-gcc' failed with exit code 1\nWhile building 'yt.utilities.lib.geometry_utils' following error was raised:\n command '/usr/bin/x86_64-linux-gnu-gcc' failed with exit code 1\nbuilding 'yt.utilities.lib.mesh_utilities' extension\nWhile building 'yt.utilities.lib.image_utilities' following error was raised:\n command '/usr/bin/x86_64-linux-gnu-gcc' failed with exit code 1\nbuilding 'yt.utilities.lib.misc_utilities' extension\nbuilding 'yt.utilities.lib.origami' extension\nbuilding 'yt.utilities.lib.particle_kdtree_tools' extension\nx86_64-linux-gnu-gcc -Wno-unused-result -Wsign-compare -DNDEBUG -g -fwrapv -O2 -Wall -g -fstack-protector-strong -Wformat -Werror=format-security -g -fwrapv -O2 -g -fstack-protector-strong -Wformat -Werror=format-security -Wdate-time -D_FORTIFY_SOURCE=2 -fPIC -DNPY_NO_DEPRECATED_API=NPY_1_7_API_VERSION -DNPY_TARGET_VERSION=NPY_1_21_API_VERSION -Iyt/utilities/lib/ -Iyt/utilities/lib -I/usr/include/python3.10 -I/usr/local/lib/python3.10/dist-packages/numpy/core/include -I/usr/local/lib/python3.10/dist-packages/ewah_bool_utils/cpp -c yt/utilities/lib/origami.c -o build/temp.linux-x86_64-3.10/yt/utilities/lib/origami.o\nx86_64-linux-gnu-gcc -Wno-unused-result -Wsign-compare -DNDEBUG -g -fwrapv -O2 -Wall -g -fstack-protector-strong -Wformat -Werror=format-security -g -fwrapv -O2 -g -fstack-protector-strong -Wformat -Werror=format-security -Wdate-time -D_FORTIFY_SOURCE=2 -fPIC -DNPY_NO_DEPRECATED_API=NPY_1_7_API_VERSION -DNPY_TARGET_VERSION=NPY_1_21_API_VERSION -Iyt/utilities/lib -I/usr/include/python3.10 -I/usr/local/lib/python3.10/dist-packages/numpy/core/include -I/usr/local/lib/python3.10/dist-packages/ewah_bool_utils/cpp -c yt/utilities/lib/misc_utilities.cpp -o build/temp.linux-x86_64-3.10/yt/utilities/lib/misc_utilities.o -std=c++14 -fopenmp\nx86_64-linux-gnu-gcc -Wno-unused-result -Wsign-compare -DNDEBUG -g -fwrapv -O2 -Wall -g -fstack-protector-strong -Wformat -Werror=format-security -g -fwrapv -O2 -g -fstack-protector-strong -Wformat -Werror=format-security -Wdate-time -D_FORTIFY_SOURCE=2 -fPIC -DNPY_NO_DEPRECATED_API=NPY_1_7_API_VERSION -DNPY_TARGET_VERSION=NPY_1_21_API_VERSION -Iyt/utilities/lib -I/usr/include/python3.10 -I/usr/local/lib/python3.10/dist-packages/numpy/core/include -I/usr/local/lib/python3.10/dist-packages/ewah_bool_utils/cpp -c yt/utilities/lib/mesh_utilities.c -o build/temp.linux-x86_64-3.10/yt/utilities/lib/mesh_utilities.o\nx86_64-linux-gnu-gcc -Wno-unused-result -Wsign-compare -DNDEBUG -g -fwrapv -O2 -Wall -g -fstack-protector-strong -Wformat -Werror=format-security -g -fwrapv -O2 -g -fstack-protector-strong -Wformat -Werror=format-security -Wdate-time -D_FORTIFY_SOURCE=2 -fPIC -DNPY_NO_DEPRECATED_API=NPY_1_7_API_VERSION -DNPY_TARGET_VERSION=NPY_1_21_API_VERSION -Iyt/utilities/lib/cykdtree -I/usr/include/python3.10 -I/usr/local/lib/python3.10/dist-packages/numpy/core/include -I/usr/local/lib/python3.10/dist-packages/ewah_bool_utils/cpp -c yt/utilities/lib/particle_kdtree_tools.cpp -o build/temp.linux-x86_64-3.10/yt/utilities/lib/particle_kdtree_tools.o\nWhile building 'yt.utilities.lib.grid_traversal' following error was raised:\n command '/usr/bin/x86_64-linux-gnu-gcc' failed with exit code 1\nWhile building 'yt.utilities.lib.image_samplers' following error was raised:\n command '/usr/bin/x86_64-linux-gnu-gcc' failed with exit code 1\nbuilding 'yt.utilities.lib.particle_mesh_operations' extension\nWhile building 'yt.utilities.lib.interpolators' following error was raised:\n command '/usr/bin/x86_64-linux-gnu-gcc' failed with exit code 1\nWhile building 'yt.utilities.lib.lenses' following error was raised:\n command '/usr/bin/x86_64-linux-gnu-gcc' failed with exit code 1\nbuilding 'yt.utilities.lib.partitioned_grid' extension\nWhile building 'yt.utilities.lib.marching_cubes' following error was raised:\n command '/usr/bin/x86_64-linux-gnu-gcc' failed with exit code 1\nbuilding 'yt.utilities.lib.primitives' extension\nx86_64-linux-gnu-gcc -Wno-unused-result -Wsign-compare -DNDEBUG -g -fwrapv -O2 -Wall -g -fstack-protector-strong -Wformat -Werror=format-security -g -fwrapv -O2 -g -fstack-protector-strong -Wformat -Werror=format-security -Wdate-time -D_FORTIFY_SOURCE=2 -fPIC -DNPY_NO_DEPRECATED_API=NPY_1_7_API_VERSION -DNPY_TARGET_VERSION=NPY_1_21_API_VERSION -Iyt/utilities/lib/ -Iyt/utilities/lib -I/usr/include/python3.10 -I/usr/local/lib/python3.10/dist-packages/numpy/core/include -I/usr/local/lib/python3.10/dist-packages/ewah_bool_utils/cpp -c yt/utilities/lib/partitioned_grid.cpp -o build/temp.linux-x86_64-3.10/yt/utilities/lib/partitioned_grid.o -std=c++14\nbuilding 'yt.utilities.lib.points_in_volume' extension\nx86_64-linux-gnu-gcc -Wno-unused-result -Wsign-compare -DNDEBUG -g -fwrapv -O2 -Wall -g -fstack-protector-strong -Wformat -Werror=format-security -g -fwrapv -O2 -g -fstack-protector-strong -Wformat -Werror=format-security -Wdate-time -D_FORTIFY_SOURCE=2 -fPIC -DNPY_NO_DEPRECATED_API=NPY_1_7_API_VERSION -DNPY_TARGET_VERSION=NPY_1_21_API_VERSION -Iyt/utilities/lib -I/usr/include/python3.10 -I/usr/local/lib/python3.10/dist-packages/numpy/core/include -I/usr/local/lib/python3.10/dist-packages/ewah_bool_utils/cpp -c yt/utilities/lib/primitives.c -o build/temp.linux-x86_64-3.10/yt/utilities/lib/primitives.o\nx86_64-linux-gnu-gcc -Wno-unused-result -Wsign-compare -DNDEBUG -g -fwrapv -O2 -Wall -g -fstack-protector-strong -Wformat -Werror=format-security -g -fwrapv -O2 -g -fstack-protector-strong -Wformat -Werror=format-security -Wdate-time -D_FORTIFY_SOURCE=2 -fPIC -DNPY_NO_DEPRECATED_API=NPY_1_7_API_VERSION -DNPY_TARGET_VERSION=NPY_1_21_API_VERSION -I/usr/include/python3.10 -I/usr/local/lib/python3.10/dist-packages/numpy/core/include -I/usr/local/lib/python3.10/dist-packages/ewah_bool_utils/cpp -c yt/utilities/lib/particle_mesh_operations.c -o build/temp.linux-x86_64-3.10/yt/utilities/lib/particle_mesh_operations.o\nx86_64-linux-gnu-gcc -Wno-unused-result -Wsign-compare -DNDEBUG -g -fwrapv -O2 -Wall -g -fstack-protector-strong -Wformat -Werror=format-security -g -fwrapv -O2 -g -fstack-protector-strong -Wformat -Werror=format-security -Wdate-time -D_FORTIFY_SOURCE=2 -fPIC -DNPY_NO_DEPRECATED_API=NPY_1_7_API_VERSION -DNPY_TARGET_VERSION=NPY_1_21_API_VERSION -I/usr/include/python3.10 -I/usr/local/lib/python3.10/dist-packages/numpy/core/include -I/usr/local/lib/python3.10/dist-packages/ewah_bool_utils/cpp -c yt/utilities/lib/points_in_volume.c -o build/temp.linux-x86_64-3.10/yt/utilities/lib/points_in_volume.o\nbuilding 'yt.utilities.lib.pixelization_routines' extension\nWhile building 'yt.utilities.lib.origami' following error was raised:\n command '/usr/bin/x86_64-linux-gnu-gcc' failed with exit code 1\nx86_64-linux-gnu-gcc -Wno-unused-result -Wsign-compare -DNDEBUG -g -fwrapv -O2 -Wall -g -fstack-protector-strong -Wformat -Werror=format-security -g -fwrapv -O2 -g -fstack-protector-strong -Wformat -Werror=format-security -Wdate-time -D_FORTIFY_SOURCE=2 -fPIC -DNPY_NO_DEPRECATED_API=NPY_1_7_API_VERSION -DNPY_TARGET_VERSION=NPY_1_21_API_VERSION -Iyt/utilities/lib/ -Iyt/utilities/lib -Iyt/utilities/lib/cykdtree -I/usr/include/python3.10 -I/usr/local/lib/python3.10/dist-packages/numpy/core/include -I/usr/local/lib/python3.10/dist-packages/ewah_bool_utils/cpp -c yt/utilities/lib/pixelization_constants.cpp -o build/temp.linux-x86_64-3.10/yt/utilities/lib/pixelization_constants.o -std=c++14 -fopenmp\nWhile building 'yt.utilities.lib.mesh_triangulation' following error was raised:\n command '/usr/bin/x86_64-linux-gnu-gcc' failed with exit code 1\nbuilding 'yt.utilities.lib.quad_tree' extension\nWhile building 'yt.utilities.lib.misc_utilities' following error was raised:\n command '/usr/bin/x86_64-linux-gnu-gcc' failed with exit code 1\nbuilding 'yt.utilities.lib.ragged_arrays' extension\nWhile building 'yt.utilities.lib.mesh_utilities' following error was raised:\n command '/usr/bin/x86_64-linux-gnu-gcc' failed with exit code 1\nx86_64-linux-gnu-gcc -Wno-unused-result -Wsign-compare -DNDEBUG -g -fwrapv -O2 -Wall -g -fstack-protector-strong -Wformat -Werror=format-security -g -fwrapv -O2 -g -fstack-protector-strong -Wformat -Werror=format-security -Wdate-time -D_FORTIFY_SOURCE=2 -fPIC -DNPY_NO_DEPRECATED_API=NPY_1_7_API_VERSION -DNPY_TARGET_VERSION=NPY_1_21_API_VERSION -I/usr/include/python3.10 -I/usr/local/lib/python3.10/dist-packages/numpy/core/include -I/usr/local/lib/python3.10/dist-packages/ewah_bool_utils/cpp -c yt/utilities/lib/ragged_arrays.c -o build/temp.linux-x86_64-3.10/yt/utilities/lib/ragged_arrays.o\nWhile building 'yt.utilities.lib.particle_kdtree_tools' following error was raised:\n command '/usr/bin/x86_64-linux-gnu-gcc' failed with exit code 1\nbuilding 'yt.utilities.lib.write_array' extension\nx86_64-linux-gnu-gcc -Wno-unused-result -Wsign-compare -DNDEBUG -g -fwrapv -O2 -Wall -g -fstack-protector-strong -Wformat -Werror=format-security -g -fwrapv -O2 -g -fstack-protector-strong -Wformat -Werror=format-security -Wdate-time -D_FORTIFY_SOURCE=2 -fPIC -DNPY_NO_DEPRECATED_API=NPY_1_7_API_VERSION -DNPY_TARGET_VERSION=NPY_1_21_API_VERSION -Iyt/utilities/lib -I/usr/include/python3.10 -I/usr/local/lib/python3.10/dist-packages/numpy/core/include -I/usr/local/lib/python3.10/dist-packages/ewah_bool_utils/cpp -c yt/utilities/lib/quad_tree.c -o build/temp.linux-x86_64-3.10/yt/utilities/lib/quad_tree.o\nx86_64-linux-gnu-gcc -Wno-unused-result -Wsign-compare -DNDEBUG -g -fwrapv -O2 -Wall -g -fstack-protector-strong -Wformat -Werror=format-security -g -fwrapv -O2 -g -fstack-protector-strong -Wformat -Werror=format-security -Wdate-time -D_FORTIFY_SOURCE=2 -fPIC -DNPY_NO_DEPRECATED_API=NPY_1_7_API_VERSION -DNPY_TARGET_VERSION=NPY_1_21_API_VERSION -I/usr/include/python3.10 -I/usr/local/lib/python3.10/dist-packages/numpy/core/include -I/usr/local/lib/python3.10/dist-packages/ewah_bool_utils/cpp -c yt/utilities/lib/write_array.c -o build/temp.linux-x86_64-3.10/yt/utilities/lib/write_array.o\nWhile building 'yt.utilities.lib.primitives' following error was raised:\n command '/usr/bin/x86_64-linux-gnu-gcc' failed with exit code 1\nWhile building 'yt.utilities.lib.partitioned_grid' following error was raised:\n command '/usr/bin/x86_64-linux-gnu-gcc' failed with exit code 1\nWhile building 'yt.utilities.lib.particle_mesh_operations' following error was raised:\n command '/usr/bin/x86_64-linux-gnu-gcc' failed with exit code 1\nWhile building 'yt.utilities.lib.points_in_volume' following error was raised:\n command '/usr/bin/x86_64-linux-gnu-gcc' failed with exit code 1\nWhile building 'yt.utilities.lib.pixelization_routines' following error was raised:\n command '/usr/bin/x86_64-linux-gnu-gcc' failed with exit code 1\nWhile building 'yt.utilities.lib.quad_tree' following error was raised:\n command '/usr/bin/x86_64-linux-gnu-gcc' failed with exit code 1\nWhile building 'yt.utilities.lib.write_array' following error was raised:\n command '/usr/bin/x86_64-linux-gnu-gcc' failed with exit code 1\nWhile building 'yt.utilities.lib.ragged_arrays' following error was raised:\n command '/usr/bin/x86_64-linux-gnu-gcc' failed with exit code 1\nx86_64-linux-gnu-gcc -Wno-unused-result -Wsign-compare -DNDEBUG -g -fwrapv -O2 -Wall -g -fstack-protector-strong -Wformat -Werror=format-security -g -fwrapv -O2 -g -fstack-protector-strong -Wformat -Werror=format-security -Wdate-time -D_FORTIFY_SOURCE=2 -fPIC -DNPY_NO_DEPRECATED_API=NPY_1_7_API_VERSION -DNPY_TARGET_VERSION=NPY_1_21_API_VERSION -Iyt/utilities/lib/cykdtree -I/usr/include/python3.10 -I/usr/local/lib/python3.10/dist-packages/numpy/core/include -I/usr/local/lib/python3.10/dist-packages/ewah_bool_utils/cpp -c yt/utilities/lib/cykdtree/kdtree.cpp -o build/temp.linux-x86_64-3.10/yt/utilities/lib/cykdtree/kdtree.o -std=c++11\nx86_64-linux-gnu-gcc -Wno-unused-result -Wsign-compare -DNDEBUG -g -fwrapv -O2 -Wall -g -fstack-protector-strong -Wformat -Werror=format-security -g -fwrapv -O2 -g -fstack-protector-strong -Wformat -Werror=format-security -Wdate-time -D_FORTIFY_SOURCE=2 -fPIC -DNPY_NO_DEPRECATED_API=NPY_1_7_API_VERSION -DNPY_TARGET_VERSION=NPY_1_21_API_VERSION -Iyt/utilities/lib/cykdtree -I/usr/include/python3.10 -I/usr/local/lib/python3.10/dist-packages/numpy/core/include -I/usr/local/lib/python3.10/dist-packages/ewah_bool_utils/cpp -c yt/utilities/lib/cykdtree/utils.cpp -o build/temp.linux-x86_64-3.10/yt/utilities/lib/cykdtree/utils.o -std=c++11\nWhile building 'yt.utilities.lib.cykdtree.utils' following error was raised:\n command '/usr/bin/x86_64-linux-gnu-gcc' failed with exit code 1\nWhile building 'yt.utilities.lib.cykdtree.kdtree' following error was raised:\n command '/usr/bin/x86_64-linux-gnu-gcc' failed with exit code 1\n",
    "stderr": "/app/repo_to_process/setup.py:5: DeprecationWarning: The distutils package is deprecated and slated for removal in Python 3.12. Use setuptools or check PEP 632 for potential alternatives\n  from distutils.ccompiler import get_default_compiler\nUsing OpenMP to compile parallel extensions\nperformance hint: yt/geometry/_selection_routines/selector_object.pxi:553:65: Exception check after calling 'check_child_masked' will always require the GIL to be acquired.\nPossible solutions:\n\t1. Declare 'check_child_masked' as 'noexcept' if you control the definition and you're sure you don't want the function to raise exceptions.\n\t2. Declare any exception value explicitly for functions in pxd files.\nperformance hint: yt/geometry/_selection_routines/selector_object.pxi:558:28: Exception check after calling 'func' will always require the GIL to be acquired.\nPossible solutions:\n\t1. Declare 'func' as 'noexcept' if you control the definition and you're sure you don't want the function to raise exceptions.\n\t2. Use an 'int' return type on 'func' to allow an error code to be returned.\nyt/geometry/grid_visitors.c:30:10: fatal error: Python.h: No such file or directory\n   30 | #include \"Python.h\"\n      |          ^~~~~~~~~~\ncompilation terminated.\nyt/geometry/fake_octree.c:32:10: fatal error: Python.h: No such file or directory\n   32 | #include \"Python.h\"\n      |          ^~~~~~~~~~\ncompilation terminated.\nyt/geometry/grid_container.c:33:10: fatal error: Python.h: No such file or directory\n   33 | #include \"Python.h\"\n      |          ^~~~~~~~~~\nyt/geometry/oct_visitors.c:32:10: fatal error: Python.h: No such file or directory\n   32 | #include \"Python.h\"\n      |          ^~~~~~~~~~\ncompilation terminated.\ncompilation terminated.\nyt/geometry/particle_smooth.c:33:10: fatal error: Python.h: No such file or directory\n   33 | #include \"Python.h\"\n      |          ^~~~~~~~~~\ncompilation terminated.\nyt/frontends/ramses/io_utils.c:32:10: fatal error: Python.h: No such file or directory\n   32 | #include \"Python.h\"\n      |          ^~~~~~~~~~\ncompilation terminated.\nyt/utilities/cython_fortran_utils.c:27:10: fatal error: Python.h: No such file or directory\n   27 | #include \"Python.h\"\n      |          ^~~~~~~~~~\ncompilation terminated.\nyt/geometry/selection_routines.c:32:10: fatal error: Python.h: No such file or directory\n   32 | #include \"Python.h\"\n      |          ^~~~~~~~~~\ncompilation terminated.\nyt/geometry/particle_deposit.c:33:10: fatal error: Python.h: No such file or directory\n   33 | #include \"Python.h\"\n      |          ^~~~~~~~~~\ncompilation terminated.\nyt/geometry/particle_oct_container.cpp:37:10: fatal error: Python.h: No such file or directory\n   37 | #include \"Python.h\"\n      |          ^~~~~~~~~~\ncompilation terminated.\nyt/frontends/gamer/cfields.c:30:10: fatal error: Python.h: No such file or directory\n   30 | #include \"Python.h\"\n      |          ^~~~~~~~~~\ncompilation terminated.\nyt/geometry/oct_container.c:33:10: fatal error: Python.h: No such file or directory\n   33 | #include \"Python.h\"\n      |          ^~~~~~~~~~\ncompilation terminated.\nyt/utilities/lib/_octree_raytracing.cpp:34:10: fatal error: Python.h: No such file or directory\n   34 | #include \"Python.h\"\n      |          ^~~~~~~~~~\ncompilation terminated.\nyt/utilities/lib/alt_ray_tracers.c:27:10: fatal error: Python.h: No such file or directory\n   27 | #include \"Python.h\"\n      |          ^~~~~~~~~~\ncompilation terminated.\nyt/utilities/lib/basic_octree.c:32:10: fatal error: Python.h: No such file or directory\n   32 | #include \"Python.h\"\n      |          ^~~~~~~~~~\ncompilation terminated.\nyt/utilities/lib/amr_kdtools.c:27:10: fatal error: Python.h: No such file or directory\n   27 | #include \"Python.h\"\n      |          ^~~~~~~~~~\ncompilation terminated.\nyt/utilities/lib/bounding_volume_hierarchy.cpp:43:10: fatal error: Python.h: No such file or directory\n   43 | #include \"Python.h\"\n      |          ^~~~~~~~~~\ncompilation terminated.\nyt/utilities/lib/bounded_priority_queue.c:24:10: fatal error: Python.h: No such file or directory\n   24 | #include \"Python.h\"\n      |          ^~~~~~~~~~\ncompilation terminated.\nyt/utilities/lib/allocation_container.c:27:10: fatal error: Python.h: No such file or directory\n   27 | #include \"Python.h\"\n      |          ^~~~~~~~~~\ncompilation terminated.\nyt/frontends/artio/_artio_caller.c:49:10: fatal error: Python.h: No such file or directory\n   49 | #include \"Python.h\"\n      |          ^~~~~~~~~~\ncompilation terminated.\nyt/utilities/lib/autogenerated_element_samplers.c:24:10: fatal error: Python.h: No such file or directory\n   24 | #include \"Python.h\"\n      |          ^~~~~~~~~~\ncompilation terminated.\nyt/utilities/lib/bitarray.c:27:10: fatal error: Python.h: No such file or directory\n   27 | #include \"Python.h\"\n      |          ^~~~~~~~~~\ncompilation terminated.\nyt/utilities/lib/depth_first_octree.c:27:10: fatal error: Python.h: No such file or directory\n   27 | #include \"Python.h\"\n      |          ^~~~~~~~~~\ncompilation terminated.\nyt/utilities/lib/cosmology_time.cpp:28:10: fatal error: Python.h: No such file or directory\n   28 | #include \"Python.h\"\n      |          ^~~~~~~~~~\ncompilation terminated.\nyt/utilities/lib/distance_queue.c:27:10: fatal error: Python.h: No such file or directory\n   27 | #include \"Python.h\"\n      |          ^~~~~~~~~~\ncompilation terminated.\nyt/utilities/lib/element_mappings.c:32:10: fatal error: Python.h: No such file or directory\n   32 | #include \"Python.h\"\n      |          ^~~~~~~~~~\ncompilation terminated.\nyt/utilities/lib/contour_finding.c:33:10: fatal error: Python.h: No such file or directory\n   33 | #include \"Python.h\"\n      |          ^~~~~~~~~~\ncompilation terminated.\nyt/utilities/lib/fortran_reader.c:33:10: fatal error: Python.h: No such file or directory\n   33 | #include \"Python.h\"\n      |          ^~~~~~~~~~\ncompilation terminated.\nyt/utilities/lib/cyoctree.c:27:10: fatal error: Python.h: No such file or directory\n   27 | #include \"Python.h\"\n      |          ^~~~~~~~~~\ncompilation terminated.\nyt/utilities/lib/fnv_hash.c:30:10: fatal error: Python.h: No such file or directory\n   30 | #include \"Python.h\"\n      |          ^~~~~~~~~~\ncompilation terminated.\nyt/utilities/lib/geometry_utils.cpp:41:10: fatal error: Python.h: No such file or directory\n   41 | #include \"Python.h\"\n      |          ^~~~~~~~~~\ncompilation terminated.\nyt/utilities/lib/image_utilities.c:33:10: fatal error: Python.h: No such file or directory\n   33 | #include \"Python.h\"\n      |          ^~~~~~~~~~\ncompilation terminated.\nyt/utilities/lib/grid_traversal.cpp:37:10: fatal error: Python.h: No such file or directory\n   37 | #include \"Python.h\"\n      |          ^~~~~~~~~~\ncompilation terminated.\nyt/utilities/lib/image_samplers.cpp:46:10: fatal error: Python.h: No such file or directory\n   46 | #include \"Python.h\"\n      |          ^~~~~~~~~~\ncompilation terminated.\nyt/utilities/lib/interpolators.c:27:10: fatal error: Python.h: No such file or directory\n   27 | #include \"Python.h\"\n      |          ^~~~~~~~~~\ncompilation terminated.\nyt/utilities/lib/marching_cubes.cpp:36:10: fatal error: Python.h: No such file or directory\n   36 | #include \"Python.h\"\n      |          ^~~~~~~~~~\ncompilation terminated.\nyt/utilities/lib/lenses.c:32:10: fatal error: Python.h: No such file or directory\n   32 | #include \"Python.h\"\n      |          ^~~~~~~~~~\ncompilation terminated.\nyt/utilities/lib/mesh_triangulation.c:29:10: fatal error: Python.h: No such file or directory\n   29 | #include \"Python.h\"\n      |          ^~~~~~~~~~\ncompilation terminated.\nyt/utilities/lib/origami.c:34:10: fatal error: Python.h: No such file or directory\n   34 | #include \"Python.h\"\n      |          ^~~~~~~~~~\ncompilation terminated.\nyt/utilities/lib/mesh_utilities.c:32:10: fatal error: Python.h: No such file or directory\n   32 | #include \"Python.h\"\n      |          ^~~~~~~~~~\ncompilation terminated.\nyt/utilities/lib/misc_utilities.cpp:42:10: fatal error: Python.h: No such file or directory\n   42 | #include \"Python.h\"\n      |          ^~~~~~~~~~\ncompilation terminated.\nyt/utilities/lib/particle_kdtree_tools.cpp:30:10: fatal error: Python.h: No such file or directory\n   30 | #include \"Python.h\"\n      |          ^~~~~~~~~~\ncompilation terminated.\nyt/utilities/lib/primitives.c:32:10: fatal error: Python.h: No such file or directory\n   32 | #include \"Python.h\"\n      |          ^~~~~~~~~~\ncompilation terminated.\nyt/utilities/lib/partitioned_grid.cpp:41:10: fatal error: Python.h: No such file or directory\n   41 | #include \"Python.h\"\n      |          ^~~~~~~~~~\ncompilation terminated.\nyt/utilities/lib/particle_mesh_operations.c:27:10: fatal error: Python.h: No such file or directory\n   27 | #include \"Python.h\"\n      |          ^~~~~~~~~~\ncompilation terminated.\nyt/utilities/lib/points_in_volume.c:27:10: fatal error: Python.h: No such file or directory\n   27 | #include \"Python.h\"\n      |          ^~~~~~~~~~\ncompilation terminated.\nIn file included from yt/utilities/lib/pixelization_constants.cpp:8:\nyt/utilities/lib/pixelization_constants.hpp:8:10: fatal error: Python.h: No such file or directory\n    8 | #include \"Python.h\"\n      |          ^~~~~~~~~~\ncompilation terminated.\nyt/utilities/lib/quad_tree.c:32:10: fatal error: Python.h: No such file or directory\n   32 | #include \"Python.h\"\n      |          ^~~~~~~~~~\ncompilation terminated.\nyt/utilities/lib/write_array.c:24:10: fatal error: Python.h: No such file or directory\n   24 | #include \"Python.h\"\n      |          ^~~~~~~~~~\ncompilation terminated.\nyt/utilities/lib/ragged_arrays.c:24:10: fatal error: Python.h: No such file or directory\n   24 | #include \"Python.h\"\n      |          ^~~~~~~~~~\ncompilation terminated.\nyt/utilities/lib/cykdtree/utils.cpp:37:10: fatal error: Python.h: No such file or directory\n   37 | #include \"Python.h\"\n      |          ^~~~~~~~~~\nyt/utilities/lib/cykdtree/kdtree.cpp:38:10: fatal error: Python.h: No such file or directory\n   38 | #include \"Python.h\"\n      |          ^~~~~~~~~~\ncompilation terminated.\ncompilation terminated.\nerror: command '/usr/bin/x86_64-linux-gnu-gcc' failed with exit code 1\n",
    "execution_time": 12.752652168273926
  }
]