[
  {
    "command": "pip install cupy",
    "success": false,
    "stdout": "Looking in indexes: https://repo.huaweicloud.com/repository/pypi/simple/\nCollecting cupy\n  Downloading https://repo.huaweicloud.com/repository/pypi/packages/b1/2f/f07c3d5952c2abcc256d9a77f26f51a6e8f2e924cf52612f89b6e91de457/cupy-13.5.1.tar.gz (3.5 MB)\n     ━━━━━━━━━━━━━━━━━━━━━━━━━━━━━━━━━━━━━━━━ 3.5/3.5 MB 11.8 MB/s  0:00:00\n  Installing build dependencies: started\n  Installing build dependencies: finished with status 'done'\n  Getting requirements to build wheel: started\n  Getting requirements to build wheel: finished with status 'done'\n  Preparing metadata (pyproject.toml): started\n  Preparing metadata (pyproject.toml): finished with status 'done'\nRequirement already satisfied: numpy<2.6,>=1.22 in /usr/local/lib/python3.10/dist-packages (from cupy) (2.2.6)\nCollecting fastrlock>=0.5 (from cupy)\n  Using cached https://repo.huaweicloud.com/repository/pypi/packages/15/a1/439962ed439ff6f00b7dce14927e7830e02618f26f4653424220a646cd1c/fastrlock-0.8.3-cp310-cp310-manylinux_2_5_x86_64.manylinux1_x86_64.manylinux_2_28_x86_64.whl (53 kB)\nBuilding wheels for collected packages: cupy\n  Building wheel for cupy (pyproject.toml): started\n  Building wheel for cupy (pyproject.toml): finished with status 'error'\nFailed to build cupy\n",
    "stderr": "  error: subprocess-exited-with-error\n  \n  × Building wheel for cupy (pyproject.toml) did not run successfully.\n  │ exit code: 1\n  ╰─> [74 lines of output]\n      Clearing directory: /tmp/pip-install-xvn43pqb/cupy_e96edca39d954529a5fbf284d31fb1eb/cupy/.data\n      Generating CUPY_CACHE_KEY from header files...\n      CUPY_CACHE_KEY (1729 files matching /tmp/pip-install-xvn43pqb/cupy_e96edca39d954529a5fbf284d31fb1eb/cupy/_core/include/**): 689d0ce84be1f21385336456dfa877e7e48b2366\n      \n      -------- Configuring Module: cuda --------\n      /tmp/tmps80f2f72/a.cpp:1:10: fatal error: cublas_v2.h: No such file or directory\n          1 | #include <cublas_v2.h>\n            |          ^~~~~~~~~~~~~\n      compilation terminated.\n      command '/usr/bin/x86_64-linux-gnu-g++' failed with exit code 1\n      /tmp/tmpi_nsbj_n/a.cpp:2:18: fatal error: cuda_runtime_api.h: No such file or directory\n          2 |         #include <cuda_runtime_api.h>\n            |                  ^~~~~~~~~~~~~~~~~~~~\n      compilation terminated.\n      **************************************************\n      *** WARNING: Cannot check compute capability\n      command '/usr/bin/x86_64-linux-gnu-g++' failed with exit code 1\n      **************************************************\n      \n      ************************************************************\n      * CuPy Configuration Summary                               *\n      ************************************************************\n      \n      Build Environment:\n        Include directories: ['/tmp/pip-install-xvn43pqb/cupy_e96edca39d954529a5fbf284d31fb1eb/cupy/_core/include/cupy/_cccl/libcudacxx', '/tmp/pip-install-xvn43pqb/cupy_e96edca39d954529a5fbf284d31fb1eb/cupy/_core/include/cupy/_cccl/thrust', '/tmp/pip-install-xvn43pqb/cupy_e96edca39d954529a5fbf284d31fb1eb/cupy/_core/include/cupy/_cccl/cub', '/tmp/pip-install-xvn43pqb/cupy_e96edca39d954529a5fbf284d31fb1eb/cupy/_core/include']\n        Library directories: []\n        nvcc command       : (not found)\n        hipcc command      : (not found)\n      \n      Environment Variables:\n        CFLAGS          : (none)\n        LDFLAGS         : (none)\n        LIBRARY_PATH    : (none)\n        CUDA_PATH       : (none)\n        NVCC            : (none)\n        HIPCC           : (none)\n        ROCM_HOME       : (none)\n      \n      Modules:\n        cuda      : No\n          -> Include files not found: ['cublas_v2.h', 'cuda.h', 'cuda_profiler_api.h', 'cuda_runtime.h', 'cufft.h', 'curand.h', 'cusparse.h']\n          -> Check your CFLAGS environment variable.\n      \n      ERROR: CUDA could not be found on your system.\n      \n      HINT: You are trying to build CuPy from source, which is NOT recommended for general use.\n            Please consider using binary packages instead.\n      \n      Please refer to the Installation Guide for details:\n      https://docs.cupy.dev/en/stable/install.html\n      \n      ************************************************************\n      \n      Traceback (most recent call last):\n        File \"/usr/local/lib/python3.10/dist-packages/pip/_vendor/pyproject_hooks/_in_process/_in_process.py\", line 389, in <module>\n          main()\n        File \"/usr/local/lib/python3.10/dist-packages/pip/_vendor/pyproject_hooks/_in_process/_in_process.py\", line 373, in main\n          json_out[\"return_val\"] = hook(**hook_input[\"kwargs\"])\n        File \"/usr/local/lib/python3.10/dist-packages/pip/_vendor/pyproject_hooks/_in_process/_in_process.py\", line 280, in build_wheel\n          return _build_backend().build_wheel(\n        File \"/tmp/pip-build-env-nlf8vvex/overlay/local/lib/python3.10/dist-packages/setuptools/build_meta.py\", line 435, in build_wheel\n          return _build(['bdist_wheel', '--dist-info-dir', str(metadata_directory)])\n        File \"/tmp/pip-build-env-nlf8vvex/overlay/local/lib/python3.10/dist-packages/setuptools/build_meta.py\", line 423, in _build\n          return self._build_with_temp_dir(\n        File \"/tmp/pip-build-env-nlf8vvex/overlay/local/lib/python3.10/dist-packages/setuptools/build_meta.py\", line 404, in _build_with_temp_dir\n          self.run_setup()\n        File \"/tmp/pip-build-env-nlf8vvex/overlay/local/lib/python3.10/dist-packages/setuptools/build_meta.py\", line 317, in run_setup\n          exec(code, locals())\n        File \"<string>\", line 59, in <module>\n        File \"/tmp/pip-install-xvn43pqb/cupy_e96edca39d954529a5fbf284d31fb1eb/install/cupy_builder/cupy_setup_build.py\", line 562, in get_ext_modules\n          extensions = make_extensions(ctx, compiler, use_cython)\n        File \"/tmp/pip-install-xvn43pqb/cupy_e96edca39d954529a5fbf284d31fb1eb/install/cupy_builder/cupy_setup_build.py\", line 403, in make_extensions\n          raise Exception('Your CUDA environment is invalid. '\n      Exception: Your CUDA environment is invalid. Please check above error log.\n      [end of output]\n  \n  note: This error originates from a subprocess, and is likely not a problem with pip.\n  ERROR: Failed building wheel for cupy\nerror: failed-wheel-build-for-install\n\n× Failed to build installable wheels for some pyproject.toml based projects\n╰─> cupy\n",
    "execution_time": 6.971195459365845
  },
  {
    "command": "pytest",
    "success": false,
    "stdout": "",
    "stderr": "ERROR: while parsing the following warning configuration:\n\n  error::cupy.exceptions.VisibleDeprecationWarning\n\nThis error occurred:\n\nTraceback (most recent call last):\n  File \"/usr/local/lib/python3.10/dist-packages/_pytest/config/__init__.py\", line 1967, in parse_warning_filter\n    category: type[Warning] = _resolve_warning_category(category_)\n  File \"/usr/local/lib/python3.10/dist-packages/_pytest/config/__init__.py\", line 2012, in _resolve_warning_category\n    m = __import__(module, None, None, [klass])\nModuleNotFoundError: No module named 'cupy'\n\n\n",
    "execution_time": 0.16742253303527832
  }
]