[
  {
    "command": "pip install .",
    "success": false,
    "stdout": "Looking in indexes: https://repo.huaweicloud.com/repository/pypi/simple/\nProcessing /app/repo_to_process\n  Installing build dependencies: started\n  Installing build dependencies: finished with status 'done'\n  Getting requirements to build wheel: started\n  Getting requirements to build wheel: finished with status 'done'\n  Preparing metadata (pyproject.toml): started\n  Preparing metadata (pyproject.toml): finished with status 'done'\nRequirement already satisfied: numpy in /usr/local/lib/python3.10/dist-packages (from mahotas==1.4.18) (2.2.6)\nBuilding wheels for collected packages: mahotas\n  Building wheel for mahotas (pyproject.toml): started\n  Building wheel for mahotas (pyproject.toml): finished with status 'error'\nFailed to build mahotas\n",
    "stderr": "  error: subprocess-exited-with-error\n  \n  × Building wheel for mahotas (pyproject.toml) did not run successfully.\n  │ exit code: 1\n  ╰─> [144 lines of output]\n      /tmp/pip-build-env-dpbfuzpk/overlay/local/lib/python3.10/dist-packages/setuptools/_distutils/dist.py:289: UserWarning: Unknown distribution option: 'tests_require'\n        warnings.warn(msg)\n      /tmp/pip-build-env-dpbfuzpk/overlay/local/lib/python3.10/dist-packages/setuptools/dist.py:759: SetuptoolsDeprecationWarning: License classifiers are deprecated.\n      !!\n      \n              ********************************************************************************\n              Please consider removing the following classifiers in favor of a SPDX license expression:\n      \n              License :: OSI Approved :: MIT License\n      \n              See https://packaging.python.org/en/latest/guides/writing-pyproject-toml/#license for details.\n              ********************************************************************************\n      \n      !!\n        self._finalize_license_expression()\n      running bdist_wheel\n      running build\n      running build_py\n      creating build/lib.linux-x86_64-cpython-310/mahotas\n      copying mahotas/center_of_mass.py -> build/lib.linux-x86_64-cpython-310/mahotas\n      copying mahotas/bwperim.py -> build/lib.linux-x86_64-cpython-310/mahotas\n      copying mahotas/polygon.py -> build/lib.linux-x86_64-cpython-310/mahotas\n      copying mahotas/histogram.py -> build/lib.linux-x86_64-cpython-310/mahotas\n      copying mahotas/mahotas_version.py -> build/lib.linux-x86_64-cpython-310/mahotas\n      copying mahotas/stretch.py -> build/lib.linux-x86_64-cpython-310/mahotas\n      copying mahotas/labeled.py -> build/lib.linux-x86_64-cpython-310/mahotas\n      copying mahotas/tas.py -> build/lib.linux-x86_64-cpython-310/mahotas\n      copying mahotas/features_cli.py -> build/lib.linux-x86_64-cpython-310/mahotas\n      copying mahotas/__init__.py -> build/lib.linux-x86_64-cpython-310/mahotas\n      copying mahotas/freeimage.py -> build/lib.linux-x86_64-cpython-310/mahotas\n      copying mahotas/thin.py -> build/lib.linux-x86_64-cpython-310/mahotas\n      copying mahotas/distance.py -> build/lib.linux-x86_64-cpython-310/mahotas\n      copying mahotas/_filters.py -> build/lib.linux-x86_64-cpython-310/mahotas\n      copying mahotas/convolve.py -> build/lib.linux-x86_64-cpython-310/mahotas\n      copying mahotas/thresholding.py -> build/lib.linux-x86_64-cpython-310/mahotas\n      copying mahotas/edge.py -> build/lib.linux-x86_64-cpython-310/mahotas\n      copying mahotas/segmentation.py -> build/lib.linux-x86_64-cpython-310/mahotas\n      copying mahotas/resize.py -> build/lib.linux-x86_64-cpython-310/mahotas\n      copying mahotas/colors.py -> build/lib.linux-x86_64-cpython-310/mahotas\n      copying mahotas/interpolate.py -> build/lib.linux-x86_64-cpython-310/mahotas\n      copying mahotas/euler.py -> build/lib.linux-x86_64-cpython-310/mahotas\n      copying mahotas/texture.py -> build/lib.linux-x86_64-cpython-310/mahotas\n      copying mahotas/moments.py -> build/lib.linux-x86_64-cpython-310/mahotas\n      copying mahotas/lbp.py -> build/lib.linux-x86_64-cpython-310/mahotas\n      copying mahotas/surf.py -> build/lib.linux-x86_64-cpython-310/mahotas\n      copying mahotas/morph.py -> build/lib.linux-x86_64-cpython-310/mahotas\n      copying mahotas/internal.py -> build/lib.linux-x86_64-cpython-310/mahotas\n      copying mahotas/bbox.py -> build/lib.linux-x86_64-cpython-310/mahotas\n      copying mahotas/zernike.py -> build/lib.linux-x86_64-cpython-310/mahotas\n      creating build/lib.linux-x86_64-cpython-310/mahotas/features\n      copying mahotas/features/tas.py -> build/lib.linux-x86_64-cpython-310/mahotas/features\n      copying mahotas/features/__init__.py -> build/lib.linux-x86_64-cpython-310/mahotas/features\n      copying mahotas/features/texture.py -> build/lib.linux-x86_64-cpython-310/mahotas/features\n      copying mahotas/features/moments.py -> build/lib.linux-x86_64-cpython-310/mahotas/features\n      copying mahotas/features/lbp.py -> build/lib.linux-x86_64-cpython-310/mahotas/features\n      copying mahotas/features/surf.py -> build/lib.linux-x86_64-cpython-310/mahotas/features\n      copying mahotas/features/shape.py -> build/lib.linux-x86_64-cpython-310/mahotas/features\n      copying mahotas/features/zernike.py -> build/lib.linux-x86_64-cpython-310/mahotas/features\n      creating build/lib.linux-x86_64-cpython-310/mahotas/tests\n      copying mahotas/tests/test_features_shape.py -> build/lib.linux-x86_64-cpython-310/mahotas/tests\n      copying mahotas/tests/test_freeimage.py -> build/lib.linux-x86_64-cpython-310/mahotas/tests\n      copying mahotas/tests/test_median_filter.py -> build/lib.linux-x86_64-cpython-310/mahotas/tests\n      copying mahotas/tests/test_lbp.py -> build/lib.linux-x86_64-cpython-310/mahotas/tests\n      copying mahotas/tests/test_colors.py -> build/lib.linux-x86_64-cpython-310/mahotas/tests\n      copying mahotas/tests/test_moments.py -> build/lib.linux-x86_64-cpython-310/mahotas/tests\n      copying mahotas/tests/test_thin.py -> build/lib.linux-x86_64-cpython-310/mahotas/tests\n      copying mahotas/tests/test_texture.py -> build/lib.linux-x86_64-cpython-310/mahotas/tests\n      copying mahotas/tests/test_internal.py -> build/lib.linux-x86_64-cpython-310/mahotas/tests\n      copying mahotas/tests/__init__.py -> build/lib.linux-x86_64-cpython-310/mahotas/tests\n      copying mahotas/tests/test_gvoronoi.py -> build/lib.linux-x86_64-cpython-310/mahotas/tests\n      copying mahotas/tests/test_citation.py -> build/lib.linux-x86_64-cpython-310/mahotas/tests\n      copying mahotas/tests/test_surf.py -> build/lib.linux-x86_64-cpython-310/mahotas/tests\n      copying mahotas/tests/test_stretch.py -> build/lib.linux-x86_64-cpython-310/mahotas/tests\n      copying mahotas/tests/test_histogram.py -> build/lib.linux-x86_64-cpython-310/mahotas/tests\n      copying mahotas/tests/test_tas.py -> build/lib.linux-x86_64-cpython-310/mahotas/tests\n      copying mahotas/tests/test_find.py -> build/lib.linux-x86_64-cpython-310/mahotas/tests\n      copying mahotas/tests/test_majority.py -> build/lib.linux-x86_64-cpython-310/mahotas/tests\n      copying mahotas/tests/test_hitmiss.py -> build/lib.linux-x86_64-cpython-310/mahotas/tests\n      copying mahotas/tests/test_dilate_erode.py -> build/lib.linux-x86_64-cpython-310/mahotas/tests\n      copying mahotas/tests/test_demos.py -> build/lib.linux-x86_64-cpython-310/mahotas/tests\n      copying mahotas/tests/test_thresholding.py -> build/lib.linux-x86_64-cpython-310/mahotas/tests\n      copying mahotas/tests/test_segmentation.py -> build/lib.linux-x86_64-cpython-310/mahotas/tests\n      copying mahotas/tests/test_bbox.py -> build/lib.linux-x86_64-cpython-310/mahotas/tests\n      copying mahotas/tests/test_euler.py -> build/lib.linux-x86_64-cpython-310/mahotas/tests\n      copying mahotas/tests/test_imresize.py -> build/lib.linux-x86_64-cpython-310/mahotas/tests\n      copying mahotas/tests/test_convolve.py -> build/lib.linux-x86_64-cpython-310/mahotas/tests\n      copying mahotas/tests/test_distance.py -> build/lib.linux-x86_64-cpython-310/mahotas/tests\n      copying mahotas/tests/pymorph_copy.py -> build/lib.linux-x86_64-cpython-310/mahotas/tests\n      copying mahotas/tests/test_label.py -> build/lib.linux-x86_64-cpython-310/mahotas/tests\n      copying mahotas/tests/test_close_holes.py -> build/lib.linux-x86_64-cpython-310/mahotas/tests\n      copying mahotas/tests/test_bwperim.py -> build/lib.linux-x86_64-cpython-310/mahotas/tests\n      copying mahotas/tests/test_io.py -> build/lib.linux-x86_64-cpython-310/mahotas/tests\n      copying mahotas/tests/test_edge.py -> build/lib.linux-x86_64-cpython-310/mahotas/tests\n      copying mahotas/tests/test_morph.py -> build/lib.linux-x86_64-cpython-310/mahotas/tests\n      copying mahotas/tests/test_center_of_mass.py -> build/lib.linux-x86_64-cpython-310/mahotas/tests\n      copying mahotas/tests/test_mahotas.py -> build/lib.linux-x86_64-cpython-310/mahotas/tests\n      copying mahotas/tests/test_polygon.py -> build/lib.linux-x86_64-cpython-310/mahotas/tests\n      copying mahotas/tests/test_filters.py -> build/lib.linux-x86_64-cpython-310/mahotas/tests\n      copying mahotas/tests/utils.py -> build/lib.linux-x86_64-cpython-310/mahotas/tests\n      copying mahotas/tests/test_watershed.py -> build/lib.linux-x86_64-cpython-310/mahotas/tests\n      copying mahotas/tests/test_zernike.py -> build/lib.linux-x86_64-cpython-310/mahotas/tests\n      copying mahotas/tests/test_labeled.py -> build/lib.linux-x86_64-cpython-310/mahotas/tests\n      copying mahotas/tests/test_interpolate.py -> build/lib.linux-x86_64-cpython-310/mahotas/tests\n      copying mahotas/tests/test_surf_regression.py -> build/lib.linux-x86_64-cpython-310/mahotas/tests\n      copying mahotas/tests/test_mean_filter.py -> build/lib.linux-x86_64-cpython-310/mahotas/tests\n      copying mahotas/tests/test_template_match.py -> build/lib.linux-x86_64-cpython-310/mahotas/tests\n      creating build/lib.linux-x86_64-cpython-310/mahotas/io\n      copying mahotas/io/__init__.py -> build/lib.linux-x86_64-cpython-310/mahotas/io\n      copying mahotas/io/freeimage.py -> build/lib.linux-x86_64-cpython-310/mahotas/io\n      copying mahotas/io/pil.py -> build/lib.linux-x86_64-cpython-310/mahotas/io\n      creating build/lib.linux-x86_64-cpython-310/mahotas/demos\n      copying mahotas/demos/wavelet_compress.py -> build/lib.linux-x86_64-cpython-310/mahotas/demos\n      copying mahotas/demos/surf_luispedro.py -> build/lib.linux-x86_64-cpython-310/mahotas/demos\n      copying mahotas/demos/__init__.py -> build/lib.linux-x86_64-cpython-310/mahotas/demos\n      copying mahotas/demos/nuclear_distance_watershed.py -> build/lib.linux-x86_64-cpython-310/mahotas/demos\n      copying mahotas/demos/distance.py -> build/lib.linux-x86_64-cpython-310/mahotas/demos\n      copying mahotas/demos/surf_gaussians.py -> build/lib.linux-x86_64-cpython-310/mahotas/demos\n      copying mahotas/demos/thresholding.py -> build/lib.linux-x86_64-cpython-310/mahotas/demos\n      copying mahotas/demos/wally.py -> build/lib.linux-x86_64-cpython-310/mahotas/demos\n      copying mahotas/demos/edge_demo.py -> build/lib.linux-x86_64-cpython-310/mahotas/demos\n      copying mahotas/demos/superpixels.py -> build/lib.linux-x86_64-cpython-310/mahotas/demos\n      copying mahotas/demos/morphology.py -> build/lib.linux-x86_64-cpython-310/mahotas/demos\n      copying mahotas/demos/nuclear.py -> build/lib.linux-x86_64-cpython-310/mahotas/demos\n      creating build/lib.linux-x86_64-cpython-310/mahotas/tests/data\n      copying mahotas/tests/data/luispedro.npy -> build/lib.linux-x86_64-cpython-310/mahotas/tests/data\n      copying mahotas/tests/data/rgba.png -> build/lib.linux-x86_64-cpython-310/mahotas/tests/data\n      copying mahotas/tests/data/1bpp.bmp -> build/lib.linux-x86_64-cpython-310/mahotas/tests/data\n      copying mahotas/tests/data/determinant_zero.png -> build/lib.linux-x86_64-cpython-310/mahotas/tests/data\n      creating build/lib.linux-x86_64-cpython-310/mahotas/demos/data\n      copying mahotas/demos/data/DepartmentStore.jpg -> build/lib.linux-x86_64-cpython-310/mahotas/demos/data\n      copying mahotas/demos/data/luispedro.jpg -> build/lib.linux-x86_64-cpython-310/mahotas/demos/data\n      copying mahotas/demos/data/lena.jpg -> build/lib.linux-x86_64-cpython-310/mahotas/demos/data\n      copying mahotas/demos/data/nuclear.png -> build/lib.linux-x86_64-cpython-310/mahotas/demos/data\n      running build_ext\n      building 'mahotas._bbox' extension\n      creating build/temp.linux-x86_64-cpython-310/mahotas\n      x86_64-linux-gnu-g++ -Wno-unused-result -Wsign-compare -DNDEBUG -g -fwrapv -O2 -Wall -g -fstack-protector-strong -Wformat -Werror=format-security -g -fwrapv -O2 -fPIC -DNPY_NO_DEPRECATED_API=NPY_1_7_API_VERSION -DPY_ARRAY_UNIQUE_SYMBOL=Mahotas_PyArray_API_Symbol -I/tmp/pip-build-env-dpbfuzpk/overlay/local/lib/python3.10/dist-packages/numpy/_core/include -I/usr/include/python3.10 -c mahotas/_bbox.cpp -o build/temp.linux-x86_64-cpython-310/mahotas/_bbox.o\n      In file included from mahotas/numpypp/array.hpp:17,\n                       from mahotas/_bbox.cpp:11:\n      mahotas/numpypp/numpy.hpp:10:10: fatal error: Python.h: No such file or directory\n         10 | #include <Python.h>\n            |          ^~~~~~~~~~\n      compilation terminated.\n      error: command '/usr/bin/x86_64-linux-gnu-g++' failed with exit code 1\n      [end of output]\n  \n  note: This error originates from a subprocess, and is likely not a problem with pip.\n  ERROR: Failed building wheel for mahotas\nerror: failed-wheel-build-for-install\n\n× Failed to build installable wheels for some pyproject.toml based projects\n╰─> mahotas\n",
    "execution_time": 4.868522644042969
  },
  {
    "command": "pip install -e .",
    "success": false,
    "stdout": "Looking in indexes: https://repo.huaweicloud.com/repository/pypi/simple/\nObtaining file:///app/repo_to_process\n  Installing build dependencies: started\n  Installing build dependencies: finished with status 'done'\n  Checking if build backend supports build_editable: started\n  Checking if build backend supports build_editable: finished with status 'done'\n  Getting requirements to build editable: started\n  Getting requirements to build editable: finished with status 'done'\n  Preparing editable metadata (pyproject.toml): started\n  Preparing editable metadata (pyproject.toml): finished with status 'done'\nRequirement already satisfied: numpy in /usr/local/lib/python3.10/dist-packages (from mahotas==1.4.18) (2.2.6)\nBuilding wheels for collected packages: mahotas\n  Building editable for mahotas (pyproject.toml): started\n  Building editable for mahotas (pyproject.toml): finished with status 'error'\nFailed to build mahotas\n",
    "stderr": "  error: subprocess-exited-with-error\n  \n  × Building editable for mahotas (pyproject.toml) did not run successfully.\n  │ exit code: 1\n  ╰─> [42 lines of output]\n      /tmp/pip-build-env-5_0exlvz/overlay/local/lib/python3.10/dist-packages/setuptools/_distutils/dist.py:289: UserWarning: Unknown distribution option: 'tests_require'\n        warnings.warn(msg)\n      /tmp/pip-build-env-5_0exlvz/overlay/local/lib/python3.10/dist-packages/setuptools/dist.py:759: SetuptoolsDeprecationWarning: License classifiers are deprecated.\n      !!\n      \n              ********************************************************************************\n              Please consider removing the following classifiers in favor of a SPDX license expression:\n      \n              License :: OSI Approved :: MIT License\n      \n              See https://packaging.python.org/en/latest/guides/writing-pyproject-toml/#license for details.\n              ********************************************************************************\n      \n      !!\n        self._finalize_license_expression()\n      running editable_wheel\n      creating /tmp/pip-wheel-s9pch5ls/.tmp-_t4ief8k/mahotas.egg-info\n      writing /tmp/pip-wheel-s9pch5ls/.tmp-_t4ief8k/mahotas.egg-info/PKG-INFO\n      writing dependency_links to /tmp/pip-wheel-s9pch5ls/.tmp-_t4ief8k/mahotas.egg-info/dependency_links.txt\n      writing entry points to /tmp/pip-wheel-s9pch5ls/.tmp-_t4ief8k/mahotas.egg-info/entry_points.txt\n      writing requirements to /tmp/pip-wheel-s9pch5ls/.tmp-_t4ief8k/mahotas.egg-info/requires.txt\n      writing top-level names to /tmp/pip-wheel-s9pch5ls/.tmp-_t4ief8k/mahotas.egg-info/top_level.txt\n      writing manifest file '/tmp/pip-wheel-s9pch5ls/.tmp-_t4ief8k/mahotas.egg-info/SOURCES.txt'\n      reading manifest file '/tmp/pip-wheel-s9pch5ls/.tmp-_t4ief8k/mahotas.egg-info/SOURCES.txt'\n      reading manifest template 'MANIFEST.in'\n      adding license file 'COPYING'\n      adding license file 'AUTHORS'\n      writing manifest file '/tmp/pip-wheel-s9pch5ls/.tmp-_t4ief8k/mahotas.egg-info/SOURCES.txt'\n      creating '/tmp/pip-wheel-s9pch5ls/.tmp-_t4ief8k/mahotas-1.4.18.dist-info'\n      creating /tmp/pip-wheel-s9pch5ls/.tmp-_t4ief8k/mahotas-1.4.18.dist-info/WHEEL\n      running build_py\n      running build_ext\n      building 'mahotas._bbox' extension\n      creating /tmp/tmpostxmmvb.build-temp/mahotas\n      x86_64-linux-gnu-g++ -Wno-unused-result -Wsign-compare -DNDEBUG -g -fwrapv -O2 -Wall -g -fstack-protector-strong -Wformat -Werror=format-security -g -fwrapv -O2 -fPIC -DNPY_NO_DEPRECATED_API=NPY_1_7_API_VERSION -DPY_ARRAY_UNIQUE_SYMBOL=Mahotas_PyArray_API_Symbol -I/tmp/pip-build-env-5_0exlvz/overlay/local/lib/python3.10/dist-packages/numpy/_core/include -I/usr/include/python3.10 -c mahotas/_bbox.cpp -o /tmp/tmpostxmmvb.build-temp/mahotas/_bbox.o\n      In file included from mahotas/numpypp/array.hpp:17,\n                       from mahotas/_bbox.cpp:11:\n      mahotas/numpypp/numpy.hpp:10:10: fatal error: Python.h: No such file or directory\n         10 | #include <Python.h>\n            |          ^~~~~~~~~~\n      compilation terminated.\n      error: command '/usr/bin/x86_64-linux-gnu-g++' failed with exit code 1\n      [end of output]\n  \n  note: This error originates from a subprocess, and is likely not a problem with pip.\n  ERROR: Failed building editable for mahotas\nerror: failed-wheel-build-for-install\n\n× Failed to build installable wheels for some pyproject.toml based projects\n╰─> mahotas\n",
    "execution_time": 3.4841079711914062
  },
  {
    "command": "pip install .",
    "success": false,
    "stdout": "Looking in indexes: https://repo.huaweicloud.com/repository/pypi/simple/\nProcessing /app/repo_to_process\n  Installing build dependencies: started\n  Installing build dependencies: finished with status 'done'\n  Getting requirements to build wheel: started\n  Getting requirements to build wheel: finished with status 'done'\n  Preparing metadata (pyproject.toml): started\n  Preparing metadata (pyproject.toml): finished with status 'done'\nRequirement already satisfied: numpy in /usr/local/lib/python3.10/dist-packages (from mahotas==1.4.18) (2.2.6)\nBuilding wheels for collected packages: mahotas\n  Building wheel for mahotas (pyproject.toml): started\n  Building wheel for mahotas (pyproject.toml): finished with status 'error'\nFailed to build mahotas\n",
    "stderr": "  error: subprocess-exited-with-error\n  \n  × Building wheel for mahotas (pyproject.toml) did not run successfully.\n  │ exit code: 1\n  ╰─> [28 lines of output]\n      /tmp/pip-build-env-_1nrc5dk/overlay/local/lib/python3.10/dist-packages/setuptools/_distutils/dist.py:289: UserWarning: Unknown distribution option: 'tests_require'\n        warnings.warn(msg)\n      /tmp/pip-build-env-_1nrc5dk/overlay/local/lib/python3.10/dist-packages/setuptools/dist.py:759: SetuptoolsDeprecationWarning: License classifiers are deprecated.\n      !!\n      \n              ********************************************************************************\n              Please consider removing the following classifiers in favor of a SPDX license expression:\n      \n              License :: OSI Approved :: MIT License\n      \n              See https://packaging.python.org/en/latest/guides/writing-pyproject-toml/#license for details.\n              ********************************************************************************\n      \n      !!\n        self._finalize_license_expression()\n      running bdist_wheel\n      running build\n      running build_py\n      running build_ext\n      building 'mahotas._bbox' extension\n      x86_64-linux-gnu-g++ -Wno-unused-result -Wsign-compare -DNDEBUG -g -fwrapv -O2 -Wall -g -fstack-protector-strong -Wformat -Werror=format-security -g -fwrapv -O2 -fPIC -DNPY_NO_DEPRECATED_API=NPY_1_7_API_VERSION -DPY_ARRAY_UNIQUE_SYMBOL=Mahotas_PyArray_API_Symbol -I/tmp/pip-build-env-_1nrc5dk/overlay/local/lib/python3.10/dist-packages/numpy/_core/include -I/usr/include/python3.10 -c mahotas/_bbox.cpp -o build/temp.linux-x86_64-cpython-310/mahotas/_bbox.o\n      In file included from mahotas/numpypp/array.hpp:17,\n                       from mahotas/_bbox.cpp:11:\n      mahotas/numpypp/numpy.hpp:10:10: fatal error: Python.h: No such file or directory\n         10 | #include <Python.h>\n            |          ^~~~~~~~~~\n      compilation terminated.\n      error: command '/usr/bin/x86_64-linux-gnu-g++' failed with exit code 1\n      [end of output]\n  \n  note: This error originates from a subprocess, and is likely not a problem with pip.\n  ERROR: Failed building wheel for mahotas\nerror: failed-wheel-build-for-install\n\n× Failed to build installable wheels for some pyproject.toml based projects\n╰─> mahotas\n",
    "execution_time": 3.4010190963745117
  },
  {
    "command": "pytest",
    "success": false,
    "stdout": "============================= test session starts ==============================\nplatform linux -- Python 3.10.12, pytest-8.1.1, pluggy-1.6.0\nrootdir: /app/repo_to_process\nconfigfile: pyproject.toml\ncollected 98 items / 29 errors\n\n==================================== ERRORS ====================================\n_________________ ERROR collecting mahotas/tests/test_bbox.py __________________\nImportError while importing test module '/app/repo_to_process/mahotas/tests/test_bbox.py'.\nHint: make sure your test modules/packages have valid Python names.\nTraceback:\n/usr/lib/python3.10/importlib/__init__.py:126: in import_module\n    return _bootstrap._gcd_import(name[level:], package, level)\nmahotas/tests/test_bbox.py:4: in <module>\n    from mahotas import bbox\nmahotas/bbox.py:8: in <module>\n    from . import _bbox\nE   ImportError: cannot import name '_bbox' from 'mahotas' (/app/repo_to_process/mahotas/__init__.py)\n------------------------------- Captured stderr --------------------------------\nCould not import submodules (exact error was: cannot import name '_bbox' from partially initialized module 'mahotas' (most likely due to a circular import) (/app/repo_to_process/mahotas/__init__.py)).\n\nThere are many reasons for this error the most common one is that you have\neither not built the packages or have built (using `python setup.py build`) or\ninstalled them (using `python setup.py install`) and then proceeded to test\nmahotas **without changing the current directory**.\n\nTry installing and then changing to another directory before importing mahotas.\n________________ ERROR collecting mahotas/tests/test_bwperim.py ________________\nImportError while importing test module '/app/repo_to_process/mahotas/tests/test_bwperim.py'.\nHint: make sure your test modules/packages have valid Python names.\nTraceback:\n/usr/lib/python3.10/importlib/__init__.py:126: in import_module\n    return _bootstrap._gcd_import(name[level:], package, level)\nmahotas/tests/test_bwperim.py:1: in <module>\n    from mahotas import bwperim\nmahotas/bwperim.py:14: in <module>\n    from .labeled import bwperim\nmahotas/labeled.py:8: in <module>\n    from .morph import get_structuring_elem\nmahotas/morph.py:10: in <module>\n    from . import _morph\nE   ImportError: cannot import name '_morph' from 'mahotas' (/app/repo_to_process/mahotas/__init__.py)\n____________ ERROR collecting mahotas/tests/test_center_of_mass.py _____________\nImportError while importing test module '/app/repo_to_process/mahotas/tests/test_center_of_mass.py'.\nHint: make sure your test modules/packages have valid Python names.\nTraceback:\n/usr/lib/python3.10/importlib/__init__.py:126: in import_module\n    return _bootstrap._gcd_import(name[level:], package, level)\nmahotas/tests/test_center_of_mass.py:3: in <module>\n    import mahotas.center_of_mass\nmahotas/center_of_mass.py:7: in <module>\n    from . import _center_of_mass\nE   ImportError: cannot import name '_center_of_mass' from 'mahotas' (/app/repo_to_process/mahotas/__init__.py)\n_______________ ERROR collecting mahotas/tests/test_convolve.py ________________\nImportError while importing test module '/app/repo_to_process/mahotas/tests/test_convolve.py'.\nHint: make sure your test modules/packages have valid Python names.\nTraceback:\n/usr/lib/python3.10/importlib/__init__.py:126: in import_module\n    return _bootstrap._gcd_import(name[level:], package, level)\nmahotas/tests/test_convolve.py:3: in <module>\n    import mahotas.convolve\nmahotas/convolve.py:8: in <module>\n    from . import _convolve\nE   ImportError: cannot import name '_convolve' from 'mahotas' (/app/repo_to_process/mahotas/__init__.py)\n_______________ ERROR collecting mahotas/tests/test_distance.py ________________\nImportError while importing test module '/app/repo_to_process/mahotas/tests/test_distance.py'.\nHint: make sure your test modules/packages have valid Python names.\nTraceback:\n/usr/lib/python3.10/importlib/__init__.py:126: in import_module\n    return _bootstrap._gcd_import(name[level:], package, level)\nmahotas/tests/test_distance.py:1: in <module>\n    from mahotas import distance\nmahotas/distance.py:6: in <module>\n    from . import _distance\nE   ImportError: cannot import name '_distance' from 'mahotas' (/app/repo_to_process/mahotas/__init__.py)\n_________________ ERROR collecting mahotas/tests/test_edge.py __________________\nImportError while importing test module '/app/repo_to_process/mahotas/tests/test_edge.py'.\nHint: make sure your test modules/packages have valid Python names.\nTraceback:\n/usr/lib/python3.10/importlib/__init__.py:126: in import_module\n    return _bootstrap._gcd_import(name[level:], package, level)\nmahotas/tests/test_edge.py:1: in <module>\n    from mahotas.edge import sobel\nmahotas/edge.py:9: in <module>\n    from . import convolve, gaussian_filter\nmahotas/convolve.py:8: in <module>\n    from . import _convolve\nE   ImportError: cannot import name '_convolve' from 'mahotas' (/app/repo_to_process/mahotas/__init__.py)\n_________________ ERROR collecting mahotas/tests/test_euler.py _________________\nImportError while importing test module '/app/repo_to_process/mahotas/tests/test_euler.py'.\nHint: make sure your test modules/packages have valid Python names.\nTraceback:\n/usr/lib/python3.10/importlib/__init__.py:126: in import_module\n    return _bootstrap._gcd_import(name[level:], package, level)\nmahotas/tests/test_euler.py:2: in <module>\n    from mahotas.euler import euler, _euler_lookup4, _euler_lookup8\nmahotas/euler.py:6: in <module>\n    from .convolve import convolve\nmahotas/convolve.py:8: in <module>\n    from . import _convolve\nE   ImportError: cannot import name '_convolve' from 'mahotas' (/app/repo_to_process/mahotas/__init__.py)\n____________ ERROR collecting mahotas/tests/test_features_shape.py _____________\nImportError while importing test module '/app/repo_to_process/mahotas/tests/test_features_shape.py'.\nHint: make sure your test modules/packages have valid Python names.\nTraceback:\n/usr/lib/python3.10/importlib/__init__.py:126: in import_module\n    return _bootstrap._gcd_import(name[level:], package, level)\nmahotas/tests/test_features_shape.py:1: in <module>\n    import mahotas.features.shape\nmahotas/features/__init__.py:6: in <module>\n    from .texture import haralick\nmahotas/features/texture.py:8: in <module>\n    from . import _texture\nE   ImportError: cannot import name '_texture' from partially initialized module 'mahotas.features' (most likely due to a circular import) (/app/repo_to_process/mahotas/features/__init__.py)\n_______________ ERROR collecting mahotas/tests/test_gvoronoi.py ________________\nImportError while importing test module '/app/repo_to_process/mahotas/tests/test_gvoronoi.py'.\nHint: make sure your test modules/packages have valid Python names.\nTraceback:\n/usr/lib/python3.10/importlib/__init__.py:126: in import_module\n    return _bootstrap._gcd_import(name[level:], package, level)\nmahotas/tests/test_gvoronoi.py:2: in <module>\n    from mahotas.segmentation import gvoronoi\nmahotas/segmentation.py:12: in <module>\n    from . import _distance\nE   ImportError: cannot import name '_distance' from 'mahotas' (/app/repo_to_process/mahotas/__init__.py)\n_______________ ERROR collecting mahotas/tests/test_histogram.py _______________\nImportError while importing test module '/app/repo_to_process/mahotas/tests/test_histogram.py'.\nHint: make sure your test modules/packages have valid Python names.\nTraceback:\n/usr/lib/python3.10/importlib/__init__.py:126: in import_module\n    return _bootstrap._gcd_import(name[level:], package, level)\nmahotas/tests/test_histogram.py:2: in <module>\n    from mahotas.histogram import fullhistogram\nmahotas/histogram.py:34: in <module>\n    from . import _histogram\nE   ImportError: cannot import name '_histogram' from 'mahotas' (/app/repo_to_process/mahotas/__init__.py)\n_______________ ERROR collecting mahotas/tests/test_imresize.py ________________\nImportError while importing test module '/app/repo_to_process/mahotas/tests/test_imresize.py'.\nHint: make sure your test modules/packages have valid Python names.\nTraceback:\n/usr/lib/python3.10/importlib/__init__.py:126: in import_module\n    return _bootstrap._gcd_import(name[level:], package, level)\nmahotas/tests/test_imresize.py:2: in <module>\n    from mahotas import imresize\nE   ImportError: cannot import name 'imresize' from 'mahotas' (/app/repo_to_process/mahotas/__init__.py)\n______________ ERROR collecting mahotas/tests/test_interpolate.py ______________\nImportError while importing test module '/app/repo_to_process/mahotas/tests/test_interpolate.py'.\nHint: make sure your test modules/packages have valid Python names.\nTraceback:\n/usr/lib/python3.10/importlib/__init__.py:126: in import_module\n    return _bootstrap._gcd_import(name[level:], package, level)\nmahotas/tests/test_interpolate.py:1: in <module>\n    from mahotas import interpolate\nmahotas/interpolate.py:41: in <module>\n    from . import _interpolate\nE   ImportError: cannot import name '_interpolate' from 'mahotas' (/app/repo_to_process/mahotas/__init__.py)\n_________________ ERROR collecting mahotas/tests/test_label.py _________________\nImportError while importing test module '/app/repo_to_process/mahotas/tests/test_label.py'.\nHint: make sure your test modules/packages have valid Python names.\nTraceback:\n/usr/lib/python3.10/importlib/__init__.py:126: in import_module\n    return _bootstrap._gcd_import(name[level:], package, level)\nmahotas/tests/test_label.py:1: in <module>\n    from mahotas import label\nE   ImportError: cannot import name 'label' from 'mahotas' (/app/repo_to_process/mahotas/__init__.py)\n________________ ERROR collecting mahotas/tests/test_labeled.py ________________\nImportError while importing test module '/app/repo_to_process/mahotas/tests/test_labeled.py'.\nHint: make sure your test modules/packages have valid Python names.\nTraceback:\n/usr/lib/python3.10/importlib/__init__.py:126: in import_module\n    return _bootstrap._gcd_import(name[level:], package, level)\nmahotas/tests/test_labeled.py:3: in <module>\n    import mahotas.labeled\nmahotas/labeled.py:8: in <module>\n    from .morph import get_structuring_elem\nmahotas/morph.py:10: in <module>\n    from . import _morph\nE   ImportError: cannot import name '_morph' from 'mahotas' (/app/repo_to_process/mahotas/__init__.py)\n__________________ ERROR collecting mahotas/tests/test_lbp.py __________________\nImportError while importing test module '/app/repo_to_process/mahotas/tests/test_lbp.py'.\nHint: make sure your test modules/packages have valid Python names.\nTraceback:\n/usr/lib/python3.10/importlib/__init__.py:126: in import_module\n    return _bootstrap._gcd_import(name[level:], package, level)\nmahotas/tests/test_lbp.py:2: in <module>\n    from mahotas.features import _lbp\nmahotas/features/__init__.py:6: in <module>\n    from .texture import haralick\nmahotas/features/texture.py:8: in <module>\n    from . import _texture\nE   ImportError: cannot import name '_texture' from partially initialized module 'mahotas.features' (most likely due to a circular import) (/app/repo_to_process/mahotas/features/__init__.py)\n_______________ ERROR collecting mahotas/tests/test_majority.py ________________\nImportError while importing test module '/app/repo_to_process/mahotas/tests/test_majority.py'.\nHint: make sure your test modules/packages have valid Python names.\nTraceback:\n/usr/lib/python3.10/importlib/__init__.py:126: in import_module\n    return _bootstrap._gcd_import(name[level:], package, level)\nmahotas/tests/test_majority.py:2: in <module>\n    import mahotas.morph\nmahotas/morph.py:10: in <module>\n    from . import _morph\nE   ImportError: cannot import name '_morph' from 'mahotas' (/app/repo_to_process/mahotas/__init__.py)\n______________ ERROR collecting mahotas/tests/test_mean_filter.py ______________\nImportError while importing test module '/app/repo_to_process/mahotas/tests/test_mean_filter.py'.\nHint: make sure your test modules/packages have valid Python names.\nTraceback:\n/usr/lib/python3.10/importlib/__init__.py:126: in import_module\n    return _bootstrap._gcd_import(name[level:], package, level)\nmahotas/tests/test_mean_filter.py:3: in <module>\n    from mahotas.convolve import mean_filter\nmahotas/convolve.py:8: in <module>\n    from . import _convolve\nE   ImportError: cannot import name '_convolve' from 'mahotas' (/app/repo_to_process/mahotas/__init__.py)\n_____________ ERROR collecting mahotas/tests/test_median_filter.py _____________\nImportError while importing test module '/app/repo_to_process/mahotas/tests/test_median_filter.py'.\nHint: make sure your test modules/packages have valid Python names.\nTraceback:\n/usr/lib/python3.10/importlib/__init__.py:126: in import_module\n    return _bootstrap._gcd_import(name[level:], package, level)\nmahotas/tests/test_median_filter.py:2: in <module>\n    from mahotas.convolve import median_filter, rank_filter\nmahotas/convolve.py:8: in <module>\n    from . import _convolve\nE   ImportError: cannot import name '_convolve' from 'mahotas' (/app/repo_to_process/mahotas/__init__.py)\n________________ ERROR collecting mahotas/tests/test_moments.py ________________\nImportError while importing test module '/app/repo_to_process/mahotas/tests/test_moments.py'.\nHint: make sure your test modules/packages have valid Python names.\nTraceback:\n/usr/lib/python3.10/importlib/__init__.py:126: in import_module\n    return _bootstrap._gcd_import(name[level:], package, level)\nmahotas/tests/test_moments.py:3: in <module>\n    from mahotas.features.moments import moments\nmahotas/features/__init__.py:6: in <module>\n    from .texture import haralick\nmahotas/features/texture.py:8: in <module>\n    from . import _texture\nE   ImportError: cannot import name '_texture' from partially initialized module 'mahotas.features' (most likely due to a circular import) (/app/repo_to_process/mahotas/features/__init__.py)\n_________________ ERROR collecting mahotas/tests/test_morph.py _________________\nImportError while importing test module '/app/repo_to_process/mahotas/tests/test_morph.py'.\nHint: make sure your test modules/packages have valid Python names.\nTraceback:\n/usr/lib/python3.10/importlib/__init__.py:126: in import_module\n    return _bootstrap._gcd_import(name[level:], package, level)\nmahotas/tests/test_morph.py:3: in <module>\n    from mahotas.morph import get_structuring_elem, subm, tophat_open, tophat_close\nmahotas/morph.py:10: in <module>\n    from . import _morph\nE   ImportError: cannot import name '_morph' from 'mahotas' (/app/repo_to_process/mahotas/__init__.py)\n________________ ERROR collecting mahotas/tests/test_polygon.py ________________\nImportError while importing test module '/app/repo_to_process/mahotas/tests/test_polygon.py'.\nHint: make sure your test modules/packages have valid Python names.\nTraceback:\n/usr/lib/python3.10/importlib/__init__.py:126: in import_module\n    return _bootstrap._gcd_import(name[level:], package, level)\nmahotas/tests/test_polygon.py:3: in <module>\n    import mahotas.polygon\nmahotas/polygon.py:8: in <module>\n    from . import _convex\nE   ImportError: cannot import name '_convex' from 'mahotas' (/app/repo_to_process/mahotas/__init__.py)\n_____________ ERROR collecting mahotas/tests/test_segmentation.py ______________\nImportError while importing test module '/app/repo_to_process/mahotas/tests/test_segmentation.py'.\nHint: make sure your test modules/packages have valid Python names.\nTraceback:\n/usr/lib/python3.10/importlib/__init__.py:126: in import_module\n    return _bootstrap._gcd_import(name[level:], package, level)\nmahotas/tests/test_segmentation.py:1: in <module>\n    import mahotas.segmentation\nmahotas/segmentation.py:12: in <module>\n    from . import _distance\nE   ImportError: cannot import name '_distance' from 'mahotas' (/app/repo_to_process/mahotas/__init__.py)\n_________________ ERROR collecting mahotas/tests/test_surf.py __________________\nImportError while importing test module '/app/repo_to_process/mahotas/tests/test_surf.py'.\nHint: make sure your test modules/packages have valid Python names.\nTraceback:\n/usr/lib/python3.10/importlib/__init__.py:126: in import_module\n    return _bootstrap._gcd_import(name[level:], package, level)\nmahotas/tests/test_surf.py:3: in <module>\n    import mahotas.features.surf as surf\nmahotas/features/__init__.py:6: in <module>\n    from .texture import haralick\nmahotas/features/texture.py:8: in <module>\n    from . import _texture\nE   ImportError: cannot import name '_texture' from partially initialized module 'mahotas.features' (most likely due to a circular import) (/app/repo_to_process/mahotas/features/__init__.py)\n____________ ERROR collecting mahotas/tests/test_surf_regression.py ____________\nImportError while importing test module '/app/repo_to_process/mahotas/tests/test_surf_regression.py'.\nHint: make sure your test modules/packages have valid Python names.\nTraceback:\n/usr/lib/python3.10/importlib/__init__.py:126: in import_module\n    return _bootstrap._gcd_import(name[level:], package, level)\nmahotas/tests/test_surf_regression.py:3: in <module>\n    from mahotas.features.surf import surf\nmahotas/features/__init__.py:6: in <module>\n    from .texture import haralick\nmahotas/features/texture.py:8: in <module>\n    from . import _texture\nE   ImportError: cannot import name '_texture' from partially initialized module 'mahotas.features' (most likely due to a circular import) (/app/repo_to_process/mahotas/features/__init__.py)\n__________________ ERROR collecting mahotas/tests/test_tas.py __________________\nImportError while importing test module '/app/repo_to_process/mahotas/tests/test_tas.py'.\nHint: make sure your test modules/packages have valid Python names.\nTraceback:\n/usr/lib/python3.10/importlib/__init__.py:126: in import_module\n    return _bootstrap._gcd_import(name[level:], package, level)\nmahotas/tests/test_tas.py:2: in <module>\n    from mahotas.features import tas, pftas\nmahotas/features/__init__.py:6: in <module>\n    from .texture import haralick\nmahotas/features/texture.py:8: in <module>\n    from . import _texture\nE   ImportError: cannot import name '_texture' from partially initialized module 'mahotas.features' (most likely due to a circular import) (/app/repo_to_process/mahotas/features/__init__.py)\n____________ ERROR collecting mahotas/tests/test_template_match.py _____________\nImportError while importing test module '/app/repo_to_process/mahotas/tests/test_template_match.py'.\nHint: make sure your test modules/packages have valid Python names.\nTraceback:\n/usr/lib/python3.10/importlib/__init__.py:126: in import_module\n    return _bootstrap._gcd_import(name[level:], package, level)\nmahotas/tests/test_template_match.py:2: in <module>\n    import mahotas.convolve\nmahotas/convolve.py:8: in <module>\n    from . import _convolve\nE   ImportError: cannot import name '_convolve' from 'mahotas' (/app/repo_to_process/mahotas/__init__.py)\n________________ ERROR collecting mahotas/tests/test_texture.py ________________\nImportError while importing test module '/app/repo_to_process/mahotas/tests/test_texture.py'.\nHint: make sure your test modules/packages have valid Python names.\nTraceback:\n/usr/lib/python3.10/importlib/__init__.py:126: in import_module\n    return _bootstrap._gcd_import(name[level:], package, level)\nmahotas/tests/test_texture.py:2: in <module>\n    from mahotas.features import texture\nmahotas/features/__init__.py:6: in <module>\n    from .texture import haralick\nmahotas/features/texture.py:8: in <module>\n    from . import _texture\nE   ImportError: cannot import name '_texture' from partially initialized module 'mahotas.features' (most likely due to a circular import) (/app/repo_to_process/mahotas/features/__init__.py)\n_____________ ERROR collecting mahotas/tests/test_thresholding.py ______________\nImportError while importing test module '/app/repo_to_process/mahotas/tests/test_thresholding.py'.\nHint: make sure your test modules/packages have valid Python names.\nTraceback:\n/usr/lib/python3.10/importlib/__init__.py:126: in import_module\n    return _bootstrap._gcd_import(name[level:], package, level)\nmahotas/tests/test_thresholding.py:5: in <module>\n    from mahotas.thresholding import otsu, rc, bernsen, gbernsen\nmahotas/thresholding.py:46: in <module>\n    from .histogram import fullhistogram\nmahotas/histogram.py:34: in <module>\n    from . import _histogram\nE   ImportError: cannot import name '_histogram' from 'mahotas' (/app/repo_to_process/mahotas/__init__.py)\n________________ ERROR collecting mahotas/tests/test_zernike.py ________________\nImportError while importing test module '/app/repo_to_process/mahotas/tests/test_zernike.py'.\nHint: make sure your test modules/packages have valid Python names.\nTraceback:\n/usr/lib/python3.10/importlib/__init__.py:126: in import_module\n    return _bootstrap._gcd_import(name[level:], package, level)\nmahotas/tests/test_zernike.py:2: in <module>\n    from mahotas.features import zernike_moments\nmahotas/features/__init__.py:6: in <module>\n    from .texture import haralick\nmahotas/features/texture.py:8: in <module>\n    from . import _texture\nE   ImportError: cannot import name '_texture' from partially initialized module 'mahotas.features' (most likely due to a circular import) (/app/repo_to_process/mahotas/features/__init__.py)\n=============================== warnings summary ===============================\nmahotas/bwperim.py:7\n  /app/repo_to_process/mahotas/bwperim.py:7: DeprecationWarning: Use\n  \n  from mahotas.labeled import bwperim\n  \n    warnings.warn(\n\n-- Docs: https://docs.pytest.org/en/stable/how-to/capture-warnings.html\n=========================== short test summary info ============================\nERROR mahotas/tests/test_bbox.py\nERROR mahotas/tests/test_bwperim.py\nERROR mahotas/tests/test_center_of_mass.py\nERROR mahotas/tests/test_convolve.py\nERROR mahotas/tests/test_distance.py\nERROR mahotas/tests/test_edge.py\nERROR mahotas/tests/test_euler.py\nERROR mahotas/tests/test_features_shape.py\nERROR mahotas/tests/test_gvoronoi.py\nERROR mahotas/tests/test_histogram.py\nERROR mahotas/tests/test_imresize.py\nERROR mahotas/tests/test_interpolate.py\nERROR mahotas/tests/test_label.py\nERROR mahotas/tests/test_labeled.py\nERROR mahotas/tests/test_lbp.py\nERROR mahotas/tests/test_majority.py\nERROR mahotas/tests/test_mean_filter.py\nERROR mahotas/tests/test_median_filter.py\nERROR mahotas/tests/test_moments.py\nERROR mahotas/tests/test_morph.py\nERROR mahotas/tests/test_polygon.py\nERROR mahotas/tests/test_segmentation.py\nERROR mahotas/tests/test_surf.py\nERROR mahotas/tests/test_surf_regression.py\nERROR mahotas/tests/test_tas.py\nERROR mahotas/tests/test_template_match.py\nERROR mahotas/tests/test_texture.py\nERROR mahotas/tests/test_thresholding.py\nERROR mahotas/tests/test_zernike.py\n!!!!!!!!!!!!!!!!!!! Interrupted: 29 errors during collection !!!!!!!!!!!!!!!!!!!\n======================== 1 warning, 29 errors in 0.66s =========================\n",
    "stderr": "",
    "execution_time": 0.8622243404388428
  }
]